<?xml version="1.0" encoding="UTF-8"?>
<testsuites name="T08-Pendaftaran" time="368.636" tests="15" failures="4" errors="0">
   <testsuite name="T08-Pendaftaran" tests="15" failures="4" errors="0" time="368.636" skipped="0" timestamp="2023-09-05 17:12:07" hostname="USER - DESKTOP-22KTP91" id="Test Suites/T08-Pendaftaran">
      <properties>
         <property name="deviceName" value=""/>
         <property name="devicePlatform" value=""/>
         <property name="logFolder" value="F:\\bootcamp\\Miniproject\\Tajalapak\\Reports\\20230905_171153\\T08-Pendaftaran\\20230905_171154"/>
         <property name="logFiles" value="F:\\bootcamp\\Miniproject\\Tajalapak\\Reports\\20230905_171153\\T08-Pendaftaran\\20230905_171154\\execution0.log"/>
         <property name="attachments" value="F:\\bootcamp\\Miniproject\\Tajalapak\\Reports\\20230905_171153\\T08-Pendaftaran\\20230905_171154\\1693908942013.png, F:\\bootcamp\\Miniproject\\Tajalapak\\Reports\\20230905_171153\\T08-Pendaftaran\\20230905_171154\\1693908972999.png, F:\\bootcamp\\Miniproject\\Tajalapak\\Reports\\20230905_171153\\T08-Pendaftaran\\20230905_171154\\1693909013286.png"/>
         <property name="hostName" value="USER - DESKTOP-22KTP91"/>
         <property name="os" value="Windows 10 64bit"/>
         <property name="katalonVersion" value="8.6.5.208"/>
         <property name="browser" value="Edge Chromium 116"/>
         <property name="hostAddress" value="10.9.2.27"/>
         <property name="sessionId" value="54561d8eb33f69533deee6274c2877b0"/>
         <property name="seleniumVersion" value="3.141.59"/>
         <property name="proxyInformation" value="ProxyInformation { proxyOption=NO_PROXY, proxyServerType=HTTP, username=, password=********, proxyServerAddress=, proxyServerPort=0, executionList=&quot;&quot;, isApplyToDesiredCapabilities=true }"/>
         <property name="platform" value="Windows 10"/>
      </properties>
      <testcase name="Test Cases/T08 - Pendaftaran/TC-Pendaftaran-Success-001" time="31.181" classname="Test Cases/T08 - Pendaftaran/TC-Pendaftaran-Success-001" status="PASSED">
         <system-out><![CDATA[2023-09-05 17:12:08 - [TEST_CASE][PASSED] - Test Cases/T08 - Pendaftaran/TC-Pendaftaran-Success-001: Test Cases/T08 - Pendaftaran/TC-Pendaftaran-Success-001

2023-09-05 17:12:09 - [TEST_STEP][PASSED] - openBrowser(urlWeb): Browser is opened with url: 'https://10.9.2.63/ecommerce/'

2023-09-05 17:12:10 - [MESSAGE][INFO] - Starting 'Edge Chromium' driver

2023-09-05 17:12:10 - [MESSAGE][INFO] - User set preference: ['acceptInsecureCerts', 'true']

2023-09-05 17:12:12 - [MESSAGE][INFO] - Action delay is set to 0 milliseconds

2023-09-05 17:12:21 - [MESSAGE][PASSED] - Browser is opened with url: 'https://10.9.2.63/ecommerce/'

2023-09-05 17:12:21 - [TEST_STEP][PASSED] - maximizeWindow(): Current window maximized

2023-09-05 17:12:22 - [MESSAGE][PASSED] - Current window maximized

2023-09-05 17:12:22 - [TEST_STEP][PASSED] - verifyElementPresent(findTestObject("verifikasi halaman tajalapak sebelum daftar"), 0): Object 'Object Repository/verifikasi halaman tajalapak sebelum daftar' is present

2023-09-05 17:12:23 - [MESSAGE][WARNING] - Timeout '0' is invalid. Using default page load timeout: '30'

2023-09-05 17:12:23 - [MESSAGE][PASSED] - Object 'Object Repository/verifikasi halaman tajalapak sebelum daftar' is present

2023-09-05 17:12:23 - [TEST_STEP][PASSED] - click(findTestObject("Pendaftaran/button Register")): Object: 'Object Repository/Pendaftaran/button Register' is clicked on

2023-09-05 17:12:25 - [MESSAGE][PASSED] - Object: 'Object Repository/Pendaftaran/button Register' is clicked on

2023-09-05 17:12:25 - [TEST_STEP][PASSED] - verifyElementPresent(findTestObject("Pendaftaran/verifikasi masuk helamaan daftar"), 0): Object 'Object Repository/Pendaftaran/verifikasi masuk helamaan daftar' is present

2023-09-05 17:12:25 - [MESSAGE][WARNING] - Timeout '0' is invalid. Using default page load timeout: '30'

2023-09-05 17:12:25 - [MESSAGE][PASSED] - Object 'Object Repository/Pendaftaran/verifikasi masuk helamaan daftar' is present

2023-09-05 17:12:25 - [TEST_STEP][PASSED] - setText(findTestObject("Pendaftaran/input username"), username): Text 'ikana' is set on object 'Object Repository/Pendaftaran/input username'

2023-09-05 17:12:27 - [MESSAGE][PASSED] - Text 'ikana' is set on object 'Object Repository/Pendaftaran/input username'

2023-09-05 17:12:27 - [TEST_STEP][PASSED] - setText(findTestObject("Pendaftaran/input email"), email): Text 'ikana71@gmail.com' is set on object 'Object Repository/Pendaftaran/input email'

2023-09-05 17:12:28 - [MESSAGE][PASSED] - Text 'ikana71@gmail.com' is set on object 'Object Repository/Pendaftaran/input email'

2023-09-05 17:12:28 - [TEST_STEP][PASSED] - setText(findTestObject("Pendaftaran/input Nomor Telephon"), noHP): Text '085643955432' is set on object 'Object Repository/Pendaftaran/input Nomor Telephon'

2023-09-05 17:12:29 - [MESSAGE][PASSED] - Text '085643955432' is set on object 'Object Repository/Pendaftaran/input Nomor Telephon'

2023-09-05 17:12:29 - [TEST_STEP][PASSED] - if (toString().equalsIgnoreCase("Perempuan")): Object 'Object Repository/Pendaftaran/pilihan Wanita_jenis_kelamin' is checked

2023-09-05 17:12:29 - [TEST_STEP][PASSED] - check(findTestObject("Pendaftaran/pilihan Wanita_jenis_kelamin")): Object 'Object Repository/Pendaftaran/pilihan Wanita_jenis_kelamin' is checked

2023-09-05 17:12:30 - [MESSAGE][PASSED] - Object 'Object Repository/Pendaftaran/pilihan Wanita_jenis_kelamin' is checked

2023-09-05 17:12:30 - [TEST_STEP][PASSED] - setEncryptedText(findTestObject("Pendaftaran/input password"), "8MbLm3cRDkc/jsWL6sX6LA=="): Text ****** has been set on object 'Object Repository/Pendaftaran/input password'

2023-09-05 17:12:31 - [MESSAGE][PASSED] - Text ****** has been set on object 'Object Repository/Pendaftaran/input password'

2023-09-05 17:12:31 - [TEST_STEP][PASSED] - setEncryptedText(findTestObject("Pendaftaran/input konfirmasi password"), "8MbLm3cRDkc/jsWL6sX6LA=="): Text ****** has been set on object 'Object Repository/Pendaftaran/input konfirmasi password'

2023-09-05 17:12:32 - [MESSAGE][PASSED] - Text ****** has been set on object 'Object Repository/Pendaftaran/input konfirmasi password'

2023-09-05 17:12:32 - [TEST_STEP][PASSED] - click(findTestObject("Pendaftaran/button_Daftar")): Object: 'Object Repository/Pendaftaran/button_Daftar' is clicked on

2023-09-05 17:12:36 - [MESSAGE][PASSED] - Object: 'Object Repository/Pendaftaran/button_Daftar' is clicked on

2023-09-05 17:12:36 - [TEST_STEP][PASSED] - verifyElementPresent(findTestObject("Pendaftaran/verifikasi berhasil daftar"), 0): Object 'Object Repository/Pendaftaran/verifikasi berhasil daftar' is present

2023-09-05 17:12:36 - [MESSAGE][WARNING] - Timeout '0' is invalid. Using default page load timeout: '30'

2023-09-05 17:12:37 - [MESSAGE][PASSED] - Object 'Object Repository/Pendaftaran/verifikasi berhasil daftar' is present

2023-09-05 17:12:37 - [TEST_STEP][PASSED] - usn = getAttribute(findTestObject("Object Repository/Pendaftaran/hasil username NEW"), "value"): Attribute 'value' of object 'Object Repository/Pendaftaran/hasil username NEW' is: 'ikana'

2023-09-05 17:12:37 - [MESSAGE][PASSED] - Attribute 'value' of object 'Object Repository/Pendaftaran/hasil username NEW' is: 'ikana'

2023-09-05 17:12:37 - [TEST_STEP][PASSED] - Email = getAttribute(findTestObject("Object Repository/Pendaftaran/hasil email"), "value"): Attribute 'value' of object 'Object Repository/Pendaftaran/hasil email' is: 'ikana71@gmail.com'

2023-09-05 17:12:38 - [MESSAGE][PASSED] - Attribute 'value' of object 'Object Repository/Pendaftaran/hasil email' is: 'ikana71@gmail.com'

2023-09-05 17:12:38 - [TEST_STEP][PASSED] - nomorHp = getAttribute(findTestObject("Object Repository/Pendaftaran/hasil nomor hp"), "value"): Attribute 'value' of object 'Object Repository/Pendaftaran/hasil nomor hp' is: '085643955432'

2023-09-05 17:12:39 - [MESSAGE][PASSED] - Attribute 'value' of object 'Object Repository/Pendaftaran/hasil nomor hp' is: '085643955432'

2023-09-05 17:12:39 - [TEST_STEP][PASSED] - if (toString().equalsIgnoreCase("Perempuan")): Object 'Object Repository/Pendaftaran/input Perempuan' is checked

2023-09-05 17:12:39 - [TEST_STEP][PASSED] - verifyElementChecked(findTestObject("Object Repository/Pendaftaran/input Perempuan"), 2): Object 'Object Repository/Pendaftaran/input Perempuan' is checked

2023-09-05 17:12:39 - [MESSAGE][PASSED] - Object 'Object Repository/Pendaftaran/input Perempuan' is checked

2023-09-05 17:12:39 - [TEST_STEP][PASSED] - assert trim().equalsIgnoreCase(usn.trim()): null

2023-09-05 17:12:39 - [TEST_STEP][PASSED] - assert trim().equalsIgnoreCase(Email.trim()): null

2023-09-05 17:12:39 - [TEST_STEP][PASSED] - assert trim().equalsIgnoreCase(nomorHp.trim()): null]]></system-out>
         <system-err><![CDATA[]]></system-err>
      </testcase>
      <testcase name="Test Cases/T08 - Pendaftaran/TC-Pendaftaran-Success-002" time="27.6" classname="Test Cases/T08 - Pendaftaran/TC-Pendaftaran-Success-002" status="PASSED">
         <system-out><![CDATA[2023-09-05 17:12:39 - [TEST_CASE][PASSED] - Test Cases/T08 - Pendaftaran/TC-Pendaftaran-Success-002: Test Cases/T08 - Pendaftaran/TC-Pendaftaran-Success-002

2023-09-05 17:12:40 - [TEST_STEP][PASSED] - openBrowser(urlWeb): Browser is opened with url: 'https://10.9.2.63/ecommerce/'

2023-09-05 17:12:40 - [MESSAGE][WARNING] - A browser is already opened. Closing browser and opening a new one

2023-09-05 17:12:41 - [MESSAGE][INFO] - Starting 'Edge Chromium' driver

2023-09-05 17:12:41 - [MESSAGE][INFO] - User set preference: ['acceptInsecureCerts', 'true']

2023-09-05 17:12:44 - [MESSAGE][INFO] - Action delay is set to 0 milliseconds

2023-09-05 17:12:49 - [MESSAGE][PASSED] - Browser is opened with url: 'https://10.9.2.63/ecommerce/'

2023-09-05 17:12:49 - [TEST_STEP][PASSED] - maximizeWindow(): Current window maximized

2023-09-05 17:12:49 - [MESSAGE][PASSED] - Current window maximized

2023-09-05 17:12:49 - [TEST_STEP][PASSED] - click(findTestObject("Pendaftaran/a_Login")): Object: 'Object Repository/Pendaftaran/a_Login' is clicked on

2023-09-05 17:12:50 - [MESSAGE][PASSED] - Object: 'Object Repository/Pendaftaran/a_Login' is clicked on

2023-09-05 17:12:50 - [TEST_STEP][PASSED] - verifyElementPresent(findTestObject("Pendaftaran/verifikasi MASUK di halaman Login"), 0): Object 'Object Repository/Pendaftaran/verifikasi MASUK di halaman Login' is present

2023-09-05 17:12:50 - [MESSAGE][WARNING] - Timeout '0' is invalid. Using default page load timeout: '30'

2023-09-05 17:12:50 - [MESSAGE][PASSED] - Object 'Object Repository/Pendaftaran/verifikasi MASUK di halaman Login' is present

2023-09-05 17:12:50 - [TEST_STEP][PASSED] - click(findTestObject("Pendaftaran/a_Daftar sekarang")): Object: 'Object Repository/Pendaftaran/a_Daftar sekarang' is clicked on

2023-09-05 17:12:52 - [MESSAGE][PASSED] - Object: 'Object Repository/Pendaftaran/a_Daftar sekarang' is clicked on

2023-09-05 17:12:52 - [TEST_STEP][PASSED] - verifyElementPresent(findTestObject("Pendaftaran/verifikasi masuk helamaan daftar"), 0): Object 'Object Repository/Pendaftaran/verifikasi masuk helamaan daftar' is present

2023-09-05 17:12:52 - [MESSAGE][WARNING] - Timeout '0' is invalid. Using default page load timeout: '30'

2023-09-05 17:12:52 - [MESSAGE][PASSED] - Object 'Object Repository/Pendaftaran/verifikasi masuk helamaan daftar' is present

2023-09-05 17:12:52 - [TEST_STEP][PASSED] - setText(findTestObject("Pendaftaran/input username"), username): Text 'nanaokta' is set on object 'Object Repository/Pendaftaran/input username'

2023-09-05 17:12:53 - [MESSAGE][PASSED] - Text 'nanaokta' is set on object 'Object Repository/Pendaftaran/input username'

2023-09-05 17:12:53 - [TEST_STEP][PASSED] - setText(findTestObject("Pendaftaran/input email"), email): Text 'nanaokta71@gmail.com' is set on object 'Object Repository/Pendaftaran/input email'

2023-09-05 17:12:55 - [MESSAGE][PASSED] - Text 'nanaokta71@gmail.com' is set on object 'Object Repository/Pendaftaran/input email'

2023-09-05 17:12:55 - [TEST_STEP][PASSED] - setText(findTestObject("Pendaftaran/input Nomor Telephon"), noHP): Text '085643217856' is set on object 'Object Repository/Pendaftaran/input Nomor Telephon'

2023-09-05 17:12:56 - [MESSAGE][PASSED] - Text '085643217856' is set on object 'Object Repository/Pendaftaran/input Nomor Telephon'

2023-09-05 17:12:56 - [TEST_STEP][PASSED] - if (toString().equalsIgnoreCase("Perempuan")): Object 'Object Repository/Pendaftaran/pilihan Wanita_jenis_kelamin' is checked

2023-09-05 17:12:56 - [TEST_STEP][PASSED] - check(findTestObject("Pendaftaran/pilihan Wanita_jenis_kelamin")): Object 'Object Repository/Pendaftaran/pilihan Wanita_jenis_kelamin' is checked

2023-09-05 17:12:57 - [MESSAGE][PASSED] - Object 'Object Repository/Pendaftaran/pilihan Wanita_jenis_kelamin' is checked

2023-09-05 17:12:57 - [TEST_STEP][PASSED] - check(findTestObject("Pendaftaran/pilihan Wanita_jenis_kelamin")): Object 'Object Repository/Pendaftaran/pilihan Wanita_jenis_kelamin' is checked

2023-09-05 17:12:58 - [MESSAGE][PASSED] - Object 'Object Repository/Pendaftaran/pilihan Wanita_jenis_kelamin' is checked

2023-09-05 17:12:58 - [TEST_STEP][PASSED] - setEncryptedText(findTestObject("Pendaftaran/input password"), "qbkrdMwyWE4="): Text ****** has been set on object 'Object Repository/Pendaftaran/input password'

2023-09-05 17:12:58 - [MESSAGE][PASSED] - Text ****** has been set on object 'Object Repository/Pendaftaran/input password'

2023-09-05 17:12:58 - [TEST_STEP][PASSED] - setEncryptedText(findTestObject("Pendaftaran/input konfirmasi password"), "qbkrdMwyWE4="): Text ****** has been set on object 'Object Repository/Pendaftaran/input konfirmasi password'

2023-09-05 17:12:59 - [MESSAGE][PASSED] - Text ****** has been set on object 'Object Repository/Pendaftaran/input konfirmasi password'

2023-09-05 17:12:59 - [TEST_STEP][PASSED] - click(findTestObject("Pendaftaran/button_Daftar")): Object: 'Object Repository/Pendaftaran/button_Daftar' is clicked on

2023-09-05 17:13:04 - [MESSAGE][PASSED] - Object: 'Object Repository/Pendaftaran/button_Daftar' is clicked on

2023-09-05 17:13:04 - [TEST_STEP][PASSED] - verifyElementPresent(findTestObject("Pendaftaran/verifikasi berhasil daftar NEW"), 0): Object 'Object Repository/Pendaftaran/verifikasi berhasil daftar NEW' is present

2023-09-05 17:13:04 - [MESSAGE][WARNING] - Timeout '0' is invalid. Using default page load timeout: '30'

2023-09-05 17:13:04 - [MESSAGE][PASSED] - Object 'Object Repository/Pendaftaran/verifikasi berhasil daftar NEW' is present

2023-09-05 17:13:04 - [TEST_STEP][PASSED] - usn = getAttribute(findTestObject("Object Repository/Pendaftaran/hasil username NEW"), "value"): Attribute 'value' of object 'Object Repository/Pendaftaran/hasil username NEW' is: 'nanaokta'

2023-09-05 17:13:05 - [MESSAGE][PASSED] - Attribute 'value' of object 'Object Repository/Pendaftaran/hasil username NEW' is: 'nanaokta'

2023-09-05 17:13:05 - [TEST_STEP][PASSED] - Email = getAttribute(findTestObject("Object Repository/Pendaftaran/hasil email"), "value"): Attribute 'value' of object 'Object Repository/Pendaftaran/hasil email' is: 'nanaokta71@gmail.com'

2023-09-05 17:13:06 - [MESSAGE][PASSED] - Attribute 'value' of object 'Object Repository/Pendaftaran/hasil email' is: 'nanaokta71@gmail.com'

2023-09-05 17:13:06 - [TEST_STEP][PASSED] - nomorHP = getAttribute(findTestObject("Object Repository/Pendaftaran/hasil nomor hp"), "value"): Attribute 'value' of object 'Object Repository/Pendaftaran/hasil nomor hp' is: '085643217856'

2023-09-05 17:13:06 - [MESSAGE][PASSED] - Attribute 'value' of object 'Object Repository/Pendaftaran/hasil nomor hp' is: '085643217856'

2023-09-05 17:13:06 - [TEST_STEP][PASSED] - if (toString().equalsIgnoreCase("Perempuan")): Object 'Object Repository/Pendaftaran/input Perempuan' is checked

2023-09-05 17:13:06 - [TEST_STEP][PASSED] - verifyElementChecked(findTestObject("Object Repository/Pendaftaran/input Perempuan"), 2): Object 'Object Repository/Pendaftaran/input Perempuan' is checked

2023-09-05 17:13:07 - [MESSAGE][PASSED] - Object 'Object Repository/Pendaftaran/input Perempuan' is checked

2023-09-05 17:13:07 - [TEST_STEP][PASSED] - assert trim().equalsIgnoreCase(username.trim()): null

2023-09-05 17:13:07 - [TEST_STEP][PASSED] - assert trim().equalsIgnoreCase(email.trim()): null

2023-09-05 17:13:07 - [TEST_STEP][PASSED] - assert trim().equalsIgnoreCase(noHP.trim()): null]]></system-out>
         <system-err><![CDATA[]]></system-err>
      </testcase>
      <testcase name="Test Cases/T08 - Pendaftaran/TC-Pendaftaran-error-001" time="13.041" classname="Test Cases/T08 - Pendaftaran/TC-Pendaftaran-error-001" status="PASSED">
         <system-out><![CDATA[2023-09-05 17:13:07 - [TEST_CASE][PASSED] - Test Cases/T08 - Pendaftaran/TC-Pendaftaran-error-001: Test Cases/T08 - Pendaftaran/TC-Pendaftaran-error-001

2023-09-05 17:13:08 - [TEST_STEP][PASSED] - openBrowser(urlWeb): Browser is opened with url: 'https://10.9.2.63/ecommerce/'

2023-09-05 17:13:08 - [MESSAGE][WARNING] - A browser is already opened. Closing browser and opening a new one

2023-09-05 17:13:09 - [MESSAGE][INFO] - Starting 'Edge Chromium' driver

2023-09-05 17:13:09 - [MESSAGE][INFO] - User set preference: ['acceptInsecureCerts', 'true']

2023-09-05 17:13:11 - [MESSAGE][INFO] - Action delay is set to 0 milliseconds

2023-09-05 17:13:16 - [MESSAGE][PASSED] - Browser is opened with url: 'https://10.9.2.63/ecommerce/'

2023-09-05 17:13:16 - [TEST_STEP][PASSED] - maximizeWindow(): Current window maximized

2023-09-05 17:13:16 - [MESSAGE][PASSED] - Current window maximized

2023-09-05 17:13:16 - [TEST_STEP][PASSED] - verifyElementPresent(findTestObject("verifikasi halaman tajalapak sebelum daftar"), 0): Object 'Object Repository/verifikasi halaman tajalapak sebelum daftar' is present

2023-09-05 17:13:16 - [MESSAGE][WARNING] - Timeout '0' is invalid. Using default page load timeout: '30'

2023-09-05 17:13:17 - [MESSAGE][PASSED] - Object 'Object Repository/verifikasi halaman tajalapak sebelum daftar' is present

2023-09-05 17:13:17 - [TEST_STEP][PASSED] - click(findTestObject("Pendaftaran/button Register")): Object: 'Object Repository/Pendaftaran/button Register' is clicked on

2023-09-05 17:13:18 - [MESSAGE][PASSED] - Object: 'Object Repository/Pendaftaran/button Register' is clicked on

2023-09-05 17:13:18 - [TEST_STEP][PASSED] - verifyElementPresent(findTestObject("Pendaftaran/verifikasi masuk helamaan daftar"), 0): Object 'Object Repository/Pendaftaran/verifikasi masuk helamaan daftar' is present

2023-09-05 17:13:19 - [MESSAGE][WARNING] - Timeout '0' is invalid. Using default page load timeout: '30'

2023-09-05 17:13:19 - [MESSAGE][PASSED] - Object 'Object Repository/Pendaftaran/verifikasi masuk helamaan daftar' is present

2023-09-05 17:13:19 - [TEST_STEP][PASSED] - setText(findTestObject("Pendaftaran/input username"), "anata 71"): Text 'anata 71' is set on object 'Object Repository/Pendaftaran/input username'

2023-09-05 17:13:20 - [MESSAGE][PASSED] - Text 'anata 71' is set on object 'Object Repository/Pendaftaran/input username'

2023-09-05 17:13:20 - [TEST_STEP][PASSED] - alertText = getAlertText(): Get alert text successfully: 'Maaf, Tidak Boleh Menggunakan Spasi,..'

2023-09-05 17:13:20 - [MESSAGE][PASSED] - Get alert text successfully: 'Maaf, Tidak Boleh Menggunakan Spasi,..'

2023-09-05 17:13:20 - [TEST_STEP][PASSED] - verifyMatch(alertText, "Maaf, Tidak Boleh Menggunakan Spasi,..", false): Actual text 'Maaf, Tidak Boleh Menggunakan Spasi,..' and expected text 'Maaf, Tidak Boleh Menggunakan Spasi,..' are matched 

2023-09-05 17:13:20 - [MESSAGE][PASSED] - Actual text 'Maaf, Tidak Boleh Menggunakan Spasi,..' and expected text 'Maaf, Tidak Boleh Menggunakan Spasi,..' are matched]]></system-out>
         <system-err><![CDATA[]]></system-err>
      </testcase>
      <testcase name="Test Cases/T08 - Pendaftaran/TC-Pendaftaran-error-002" time="18.308" classname="Test Cases/T08 - Pendaftaran/TC-Pendaftaran-error-002" status="PASSED">
         <system-out><![CDATA[2023-09-05 17:13:20 - [TEST_CASE][PASSED] - Test Cases/T08 - Pendaftaran/TC-Pendaftaran-error-002: Test Cases/T08 - Pendaftaran/TC-Pendaftaran-error-002

2023-09-05 17:13:21 - [TEST_STEP][PASSED] - openBrowser(urlWeb): Browser is opened with url: 'https://10.9.2.63/ecommerce/'

2023-09-05 17:13:21 - [MESSAGE][WARNING] - A browser is already opened. Closing browser and opening a new one

2023-09-05 17:13:22 - [MESSAGE][INFO] - Starting 'Edge Chromium' driver

2023-09-05 17:13:22 - [MESSAGE][INFO] - User set preference: ['acceptInsecureCerts', 'true']

2023-09-05 17:13:24 - [MESSAGE][INFO] - Action delay is set to 0 milliseconds

2023-09-05 17:13:30 - [MESSAGE][PASSED] - Browser is opened with url: 'https://10.9.2.63/ecommerce/'

2023-09-05 17:13:30 - [TEST_STEP][PASSED] - maximizeWindow(): Current window maximized

2023-09-05 17:13:30 - [MESSAGE][PASSED] - Current window maximized

2023-09-05 17:13:30 - [TEST_STEP][PASSED] - verifyElementPresent(findTestObject("verifikasi halaman tajalapak sebelum daftar"), 0): Object 'Object Repository/verifikasi halaman tajalapak sebelum daftar' is present

2023-09-05 17:13:31 - [MESSAGE][WARNING] - Timeout '0' is invalid. Using default page load timeout: '30'

2023-09-05 17:13:31 - [MESSAGE][PASSED] - Object 'Object Repository/verifikasi halaman tajalapak sebelum daftar' is present

2023-09-05 17:13:31 - [TEST_STEP][PASSED] - click(findTestObject("Pendaftaran/a_Login")): Object: 'Object Repository/Pendaftaran/a_Login' is clicked on

2023-09-05 17:13:32 - [MESSAGE][PASSED] - Object: 'Object Repository/Pendaftaran/a_Login' is clicked on

2023-09-05 17:13:32 - [TEST_STEP][PASSED] - verifyElementPresent(findTestObject("Pendaftaran/verifikasi MASUK di halaman Login"), 0): Object 'Object Repository/Pendaftaran/verifikasi MASUK di halaman Login' is present

2023-09-05 17:13:32 - [MESSAGE][WARNING] - Timeout '0' is invalid. Using default page load timeout: '30'

2023-09-05 17:13:33 - [MESSAGE][PASSED] - Object 'Object Repository/Pendaftaran/verifikasi MASUK di halaman Login' is present

2023-09-05 17:13:33 - [TEST_STEP][PASSED] - setText(findTestObject("Login/input_Username, Email atau No. Handphone_a"), "anata61"): Text 'anata61' is set on object 'Object Repository/Login/input_Username, Email atau No. Handphone_a'

2023-09-05 17:13:34 - [MESSAGE][PASSED] - Text 'anata61' is set on object 'Object Repository/Login/input_Username, Email atau No. Handphone_a'

2023-09-05 17:13:34 - [TEST_STEP][PASSED] - setEncryptedText(findTestObject("Login/input_Password di Login(Masuk)"), "qbkrdMwyWE4="): Text ****** has been set on object 'Object Repository/Login/input_Password di Login(Masuk)'

2023-09-05 17:13:36 - [MESSAGE][PASSED] - Text ****** has been set on object 'Object Repository/Login/input_Password di Login(Masuk)'

2023-09-05 17:13:36 - [TEST_STEP][PASSED] - click(findTestObject("Login/button_Masuk di halaman login")): Object: 'Object Repository/Login/button_Masuk di halaman login' is clicked on

2023-09-05 17:13:38 - [MESSAGE][PASSED] - Object: 'Object Repository/Login/button_Masuk di halaman login' is clicked on

2023-09-05 17:13:38 - [TEST_STEP][PASSED] - verifyElementPresent(findTestObject("Pendaftaran/verifikasi masuk helamaan daftar"), 0): Object 'Object Repository/Pendaftaran/verifikasi masuk helamaan daftar' is present

2023-09-05 17:13:38 - [MESSAGE][WARNING] - Timeout '0' is invalid. Using default page load timeout: '30'

2023-09-05 17:13:38 - [MESSAGE][PASSED] - Object 'Object Repository/Pendaftaran/verifikasi masuk helamaan daftar' is present]]></system-out>
         <system-err><![CDATA[]]></system-err>
      </testcase>
      <testcase name="Test Cases/T08 - Pendaftaran/TC-Pendaftaran-Error-003" time="13.828" classname="Test Cases/T08 - Pendaftaran/TC-Pendaftaran-Error-003" status="PASSED">
         <system-out><![CDATA[2023-09-05 17:13:38 - [TEST_CASE][PASSED] - Test Cases/T08 - Pendaftaran/TC-Pendaftaran-Error-003: Test Cases/T08 - Pendaftaran/TC-Pendaftaran-Error-003

2023-09-05 17:13:39 - [TEST_STEP][PASSED] - openBrowser(urlWeb): Browser is opened with url: 'https://10.9.2.63/ecommerce/'

2023-09-05 17:13:39 - [MESSAGE][WARNING] - A browser is already opened. Closing browser and opening a new one

2023-09-05 17:13:40 - [MESSAGE][INFO] - Starting 'Edge Chromium' driver

2023-09-05 17:13:40 - [MESSAGE][INFO] - User set preference: ['acceptInsecureCerts', 'true']

2023-09-05 17:13:42 - [MESSAGE][INFO] - Action delay is set to 0 milliseconds

2023-09-05 17:13:47 - [MESSAGE][PASSED] - Browser is opened with url: 'https://10.9.2.63/ecommerce/'

2023-09-05 17:13:47 - [TEST_STEP][PASSED] - maximizeWindow(): Current window maximized

2023-09-05 17:13:47 - [MESSAGE][PASSED] - Current window maximized

2023-09-05 17:13:47 - [TEST_STEP][PASSED] - verifyElementPresent(findTestObject("verifikasi halaman tajalapak sebelum daftar"), 0): Object 'Object Repository/verifikasi halaman tajalapak sebelum daftar' is present

2023-09-05 17:13:47 - [MESSAGE][WARNING] - Timeout '0' is invalid. Using default page load timeout: '30'

2023-09-05 17:13:48 - [MESSAGE][PASSED] - Object 'Object Repository/verifikasi halaman tajalapak sebelum daftar' is present

2023-09-05 17:13:48 - [TEST_STEP][PASSED] - click(findTestObject("Pendaftaran/button Register")): Object: 'Object Repository/Pendaftaran/button Register' is clicked on

2023-09-05 17:13:49 - [MESSAGE][PASSED] - Object: 'Object Repository/Pendaftaran/button Register' is clicked on

2023-09-05 17:13:49 - [TEST_STEP][PASSED] - verifyElementPresent(findTestObject("Pendaftaran/verifikasi masuk helamaan daftar"), 0): Object 'Object Repository/Pendaftaran/verifikasi masuk helamaan daftar' is present

2023-09-05 17:13:50 - [MESSAGE][WARNING] - Timeout '0' is invalid. Using default page load timeout: '30'

2023-09-05 17:13:51 - [MESSAGE][PASSED] - Object 'Object Repository/Pendaftaran/verifikasi masuk helamaan daftar' is present

2023-09-05 17:13:51 - [TEST_STEP][PASSED] - click(findTestObject("Pendaftaran/button_Daftar")): Object: 'Object Repository/Pendaftaran/button_Daftar' is clicked on

2023-09-05 17:13:51 - [MESSAGE][PASSED] - Object: 'Object Repository/Pendaftaran/button_Daftar' is clicked on

2023-09-05 17:13:51 - [TEST_STEP][PASSED] - webDriver = getWebDriver(): null

2023-09-05 17:13:51 - [TEST_STEP][PASSED] - field_username = webDriver.findElement(By.xpath("//input[@name="username"]")): null

2023-09-05 17:13:52 - [TEST_STEP][PASSED] - error_message = webDriver.executeScript("return arguments[0].validationMessage", field_username): null

2023-09-05 17:13:52 - [TEST_STEP][PASSED] - println(error_message): null

2023-09-05 17:13:52 - [TEST_STEP][PASSED] - assert error_message == "Please fill out this field.": null]]></system-out>
         <system-err><![CDATA[]]></system-err>
      </testcase>
      <testcase name="Test Cases/T08 - Pendaftaran/TC-Pendaftaran-Failed-001" time="17.835" classname="Test Cases/T08 - Pendaftaran/TC-Pendaftaran-Failed-001" status="FAILED">
         <failure type="FAILED" message="Test Cases/T08 - Pendaftaran/TC-Pendaftaran-Failed-001 FAILED.
Reason:
Assertion failed: 

assert error_message == &quot;please enter a valid email addres.&quot;
       |             |
       null          false

	at TC-Pendaftaran-Failed-001.run(TC-Pendaftaran-Failed-001:66)
	at com.kms.katalon.core.main.ScriptEngine.run(ScriptEngine.java:194)
	at com.kms.katalon.core.main.ScriptEngine.runScriptAsRawText(ScriptEngine.java:119)
	at com.kms.katalon.core.main.TestCaseExecutor.runScript(TestCaseExecutor.java:448)
	at com.kms.katalon.core.main.TestCaseExecutor.doExecute(TestCaseExecutor.java:439)
	at com.kms.katalon.core.main.TestCaseExecutor.processExecutionPhase(TestCaseExecutor.java:418)
	at com.kms.katalon.core.main.TestCaseExecutor.accessMainPhase(TestCaseExecutor.java:410)
	at com.kms.katalon.core.main.TestCaseExecutor.execute(TestCaseExecutor.java:285)
	at com.kms.katalon.core.common.CommonExecutor.accessTestCaseMainPhase(CommonExecutor.java:65)
	at com.kms.katalon.core.main.TestSuiteExecutor.accessTestSuiteMainPhase(TestSuiteExecutor.java:148)
	at com.kms.katalon.core.main.TestSuiteExecutor.execute(TestSuiteExecutor.java:106)
	at com.kms.katalon.core.main.TestCaseMain.startTestSuite(TestCaseMain.java:187)
	at com.kms.katalon.core.main.TestCaseMain$startTestSuite$0.call(Unknown Source)
	at TempTestSuite1693908714118.run(TempTestSuite1693908714118.groovy:36)
"/>
         <system-out><![CDATA[2023-09-05 17:13:52 - [TEST_CASE][FAILED] - Test Cases/T08 - Pendaftaran/TC-Pendaftaran-Failed-001: Test Cases/T08 - Pendaftaran/TC-Pendaftaran-Failed-001 FAILED.
Reason:
Assertion failed: 

assert error_message == "please enter a valid email addres."
       |             |
       null          false

	at TC-Pendaftaran-Failed-001.run(TC-Pendaftaran-Failed-001:66)
	at com.kms.katalon.core.main.ScriptEngine.run(ScriptEngine.java:194)
	at com.kms.katalon.core.main.ScriptEngine.runScriptAsRawText(ScriptEngine.java:119)
	at com.kms.katalon.core.main.TestCaseExecutor.runScript(TestCaseExecutor.java:448)
	at com.kms.katalon.core.main.TestCaseExecutor.doExecute(TestCaseExecutor.java:439)
	at com.kms.katalon.core.main.TestCaseExecutor.processExecutionPhase(TestCaseExecutor.java:418)
	at com.kms.katalon.core.main.TestCaseExecutor.accessMainPhase(TestCaseExecutor.java:410)
	at com.kms.katalon.core.main.TestCaseExecutor.execute(TestCaseExecutor.java:285)
	at com.kms.katalon.core.common.CommonExecutor.accessTestCaseMainPhase(CommonExecutor.java:65)
	at com.kms.katalon.core.main.TestSuiteExecutor.accessTestSuiteMainPhase(TestSuiteExecutor.java:148)
	at com.kms.katalon.core.main.TestSuiteExecutor.execute(TestSuiteExecutor.java:106)
	at com.kms.katalon.core.main.TestCaseMain.startTestSuite(TestCaseMain.java:187)
	at com.kms.katalon.core.main.TestCaseMain$startTestSuite$0.call(Unknown Source)
	at TempTestSuite1693908714118.run(TempTestSuite1693908714118.groovy:36)


2023-09-05 17:13:54 - [TEST_STEP][PASSED] - openBrowser(urlWeb): Browser is opened with url: 'https://10.9.2.63/ecommerce/'

2023-09-05 17:13:54 - [MESSAGE][WARNING] - A browser is already opened. Closing browser and opening a new one

2023-09-05 17:13:55 - [MESSAGE][INFO] - Starting 'Edge Chromium' driver

2023-09-05 17:13:55 - [MESSAGE][INFO] - User set preference: ['acceptInsecureCerts', 'true']

2023-09-05 17:13:57 - [MESSAGE][INFO] - Action delay is set to 0 milliseconds

2023-09-05 17:14:01 - [MESSAGE][PASSED] - Browser is opened with url: 'https://10.9.2.63/ecommerce/'

2023-09-05 17:14:01 - [TEST_STEP][PASSED] - maximizeWindow(): Current window maximized

2023-09-05 17:14:01 - [MESSAGE][PASSED] - Current window maximized

2023-09-05 17:14:01 - [TEST_STEP][PASSED] - verifyElementPresent(findTestObject("verifikasi halaman tajalapak sebelum daftar"), 0): Object 'Object Repository/verifikasi halaman tajalapak sebelum daftar' is present

2023-09-05 17:14:01 - [MESSAGE][WARNING] - Timeout '0' is invalid. Using default page load timeout: '30'

2023-09-05 17:14:02 - [MESSAGE][PASSED] - Object 'Object Repository/verifikasi halaman tajalapak sebelum daftar' is present

2023-09-05 17:14:02 - [TEST_STEP][PASSED] - click(findTestObject("Pendaftaran/button Register")): Object: 'Object Repository/Pendaftaran/button Register' is clicked on

2023-09-05 17:14:03 - [MESSAGE][PASSED] - Object: 'Object Repository/Pendaftaran/button Register' is clicked on

2023-09-05 17:14:03 - [TEST_STEP][PASSED] - verifyElementPresent(findTestObject("Pendaftaran/verifikasi masuk helamaan daftar"), 0): Object 'Object Repository/Pendaftaran/verifikasi masuk helamaan daftar' is present

2023-09-05 17:14:03 - [MESSAGE][WARNING] - Timeout '0' is invalid. Using default page load timeout: '30'

2023-09-05 17:14:04 - [MESSAGE][PASSED] - Object 'Object Repository/Pendaftaran/verifikasi masuk helamaan daftar' is present

2023-09-05 17:14:04 - [TEST_STEP][PASSED] - setText(findTestObject("Pendaftaran/input username"), usn): Text 'ikana61' is set on object 'Object Repository/Pendaftaran/input username'

2023-09-05 17:14:05 - [MESSAGE][PASSED] - Text 'ikana61' is set on object 'Object Repository/Pendaftaran/input username'

2023-09-05 17:14:05 - [TEST_STEP][PASSED] - setText(findTestObject("Pendaftaran/input email"), email): Text 'ikana61' is set on object 'Object Repository/Pendaftaran/input email'

2023-09-05 17:14:06 - [MESSAGE][PASSED] - Text 'ikana61' is set on object 'Object Repository/Pendaftaran/input email'

2023-09-05 17:14:06 - [TEST_STEP][PASSED] - setText(findTestObject("Pendaftaran/input Nomor Telephon"), noHp): Text '085643219653' is set on object 'Object Repository/Pendaftaran/input Nomor Telephon'

2023-09-05 17:14:07 - [MESSAGE][PASSED] - Text '085643219653' is set on object 'Object Repository/Pendaftaran/input Nomor Telephon'

2023-09-05 17:14:07 - [TEST_STEP][PASSED] - if (toString().equalsIgnoreCase("Perempuan")): null

2023-09-05 17:14:07 - [TEST_STEP][PASSED] - setEncryptedText(findTestObject("Pendaftaran/input password"), "qbkrdMwyWE4="): Text ****** has been set on object 'Object Repository/Pendaftaran/input password'

2023-09-05 17:14:08 - [MESSAGE][PASSED] - Text ****** has been set on object 'Object Repository/Pendaftaran/input password'

2023-09-05 17:14:08 - [TEST_STEP][PASSED] - setEncryptedText(findTestObject("Pendaftaran/input konfirmasi password"), "qbkrdMwyWE4="): Text ****** has been set on object 'Object Repository/Pendaftaran/input konfirmasi password'

2023-09-05 17:14:09 - [MESSAGE][PASSED] - Text ****** has been set on object 'Object Repository/Pendaftaran/input konfirmasi password'

2023-09-05 17:14:09 - [TEST_STEP][PASSED] - click(findTestObject("Pendaftaran/button_Daftar")): Object: 'Object Repository/Pendaftaran/button_Daftar' is clicked on

2023-09-05 17:14:10 - [MESSAGE][PASSED] - Object: 'Object Repository/Pendaftaran/button_Daftar' is clicked on

2023-09-05 17:14:10 - [TEST_STEP][PASSED] - webDriver = getWebDriver(): null

2023-09-05 17:14:10 - [TEST_STEP][PASSED] - field_email = webDriver.findElement(By.xpath("(//input[@name="a"])[4]")): null

2023-09-05 17:14:10 - [TEST_STEP][PASSED] - error_message = webDriver.executeScript("return arguments[0].validationMessasge", field_email): null

2023-09-05 17:14:10 - [TEST_STEP][PASSED] - println(error_message): null

2023-09-05 17:14:10 - [TEST_STEP][FAILED] - assert error_message == "please enter a valid email addres.": Test Cases/T08 - Pendaftaran/TC-Pendaftaran-Failed-001 FAILED.
Reason:
Assertion failed: 

assert error_message == "please enter a valid email addres."
       |             |
       null          false

	at TC-Pendaftaran-Failed-001.run(TC-Pendaftaran-Failed-001:66)
	at com.kms.katalon.core.main.ScriptEngine.run(ScriptEngine.java:194)
	at com.kms.katalon.core.main.ScriptEngine.runScriptAsRawText(ScriptEngine.java:119)
	at com.kms.katalon.core.main.TestCaseExecutor.runScript(TestCaseExecutor.java:448)
	at com.kms.katalon.core.main.TestCaseExecutor.doExecute(TestCaseExecutor.java:439)
	at com.kms.katalon.core.main.TestCaseExecutor.processExecutionPhase(TestCaseExecutor.java:418)
	at com.kms.katalon.core.main.TestCaseExecutor.accessMainPhase(TestCaseExecutor.java:410)
	at com.kms.katalon.core.main.TestCaseExecutor.execute(TestCaseExecutor.java:285)
	at com.kms.katalon.core.common.CommonExecutor.accessTestCaseMainPhase(CommonExecutor.java:65)
	at com.kms.katalon.core.main.TestSuiteExecutor.accessTestSuiteMainPhase(TestSuiteExecutor.java:148)
	at com.kms.katalon.core.main.TestSuiteExecutor.execute(TestSuiteExecutor.java:106)
	at com.kms.katalon.core.main.TestCaseMain.startTestSuite(TestCaseMain.java:187)
	at com.kms.katalon.core.main.TestCaseMain$startTestSuite$0.call(Unknown Source)
	at TempTestSuite1693908714118.run(TempTestSuite1693908714118.groovy:36)


2023-09-05 17:14:10 - [MESSAGE][FAILED] - Test Cases/T08 - Pendaftaran/TC-Pendaftaran-Failed-001 FAILED.
Reason:
Assertion failed: 

assert error_message == "please enter a valid email addres."
       |             |
       null          false

	at TC-Pendaftaran-Failed-001.run(TC-Pendaftaran-Failed-001:66)
	at com.kms.katalon.core.main.ScriptEngine.run(ScriptEngine.java:194)
	at com.kms.katalon.core.main.ScriptEngine.runScriptAsRawText(ScriptEngine.java:119)
	at com.kms.katalon.core.main.TestCaseExecutor.runScript(TestCaseExecutor.java:448)
	at com.kms.katalon.core.main.TestCaseExecutor.doExecute(TestCaseExecutor.java:439)
	at com.kms.katalon.core.main.TestCaseExecutor.processExecutionPhase(TestCaseExecutor.java:418)
	at com.kms.katalon.core.main.TestCaseExecutor.accessMainPhase(TestCaseExecutor.java:410)
	at com.kms.katalon.core.main.TestCaseExecutor.execute(TestCaseExecutor.java:285)
	at com.kms.katalon.core.common.CommonExecutor.accessTestCaseMainPhase(CommonExecutor.java:65)
	at com.kms.katalon.core.main.TestSuiteExecutor.accessTestSuiteMainPhase(TestSuiteExecutor.java:148)
	at com.kms.katalon.core.main.TestSuiteExecutor.execute(TestSuiteExecutor.java:106)
	at com.kms.katalon.core.main.TestCaseMain.startTestSuite(TestCaseMain.java:187)
	at com.kms.katalon.core.main.TestCaseMain$startTestSuite$0.call(Unknown Source)
	at TempTestSuite1693908714118.run(TempTestSuite1693908714118.groovy:36)]]></system-out>
         <system-err><![CDATA[2023-09-05 17:13:52 - [TEST_CASE][FAILED] - Test Cases/T08 - Pendaftaran/TC-Pendaftaran-Failed-001: Test Cases/T08 - Pendaftaran/TC-Pendaftaran-Failed-001 FAILED.
Reason:
Assertion failed: 

assert error_message == "please enter a valid email addres."
       |             |
       null          false

	at TC-Pendaftaran-Failed-001.run(TC-Pendaftaran-Failed-001:66)
	at com.kms.katalon.core.main.ScriptEngine.run(ScriptEngine.java:194)
	at com.kms.katalon.core.main.ScriptEngine.runScriptAsRawText(ScriptEngine.java:119)
	at com.kms.katalon.core.main.TestCaseExecutor.runScript(TestCaseExecutor.java:448)
	at com.kms.katalon.core.main.TestCaseExecutor.doExecute(TestCaseExecutor.java:439)
	at com.kms.katalon.core.main.TestCaseExecutor.processExecutionPhase(TestCaseExecutor.java:418)
	at com.kms.katalon.core.main.TestCaseExecutor.accessMainPhase(TestCaseExecutor.java:410)
	at com.kms.katalon.core.main.TestCaseExecutor.execute(TestCaseExecutor.java:285)
	at com.kms.katalon.core.common.CommonExecutor.accessTestCaseMainPhase(CommonExecutor.java:65)
	at com.kms.katalon.core.main.TestSuiteExecutor.accessTestSuiteMainPhase(TestSuiteExecutor.java:148)
	at com.kms.katalon.core.main.TestSuiteExecutor.execute(TestSuiteExecutor.java:106)
	at com.kms.katalon.core.main.TestCaseMain.startTestSuite(TestCaseMain.java:187)
	at com.kms.katalon.core.main.TestCaseMain$startTestSuite$0.call(Unknown Source)
	at TempTestSuite1693908714118.run(TempTestSuite1693908714118.groovy:36)]]></system-err>
      </testcase>
      <testcase name="Test Cases/T08 - Pendaftaran/TC-Pendaftaran-Failed-002" time="20.996" classname="Test Cases/T08 - Pendaftaran/TC-Pendaftaran-Failed-002" status="PASSED">
         <system-out><![CDATA[2023-09-05 17:14:10 - [TEST_CASE][PASSED] - Test Cases/T08 - Pendaftaran/TC-Pendaftaran-Failed-002: Test Cases/T08 - Pendaftaran/TC-Pendaftaran-Failed-002

2023-09-05 17:14:11 - [TEST_STEP][PASSED] - openBrowser(urlWeb): Browser is opened with url: 'https://10.9.2.63/ecommerce/'

2023-09-05 17:14:11 - [MESSAGE][WARNING] - A browser is already opened. Closing browser and opening a new one

2023-09-05 17:14:12 - [MESSAGE][INFO] - Starting 'Edge Chromium' driver

2023-09-05 17:14:12 - [MESSAGE][INFO] - User set preference: ['acceptInsecureCerts', 'true']

2023-09-05 17:14:15 - [MESSAGE][INFO] - Action delay is set to 0 milliseconds

2023-09-05 17:14:19 - [MESSAGE][PASSED] - Browser is opened with url: 'https://10.9.2.63/ecommerce/'

2023-09-05 17:14:19 - [TEST_STEP][PASSED] - maximizeWindow(): Current window maximized

2023-09-05 17:14:19 - [MESSAGE][PASSED] - Current window maximized

2023-09-05 17:14:19 - [TEST_STEP][PASSED] - verifyElementPresent(findTestObject("verifikasi halaman tajalapak sebelum daftar"), 0): Object 'Object Repository/verifikasi halaman tajalapak sebelum daftar' is present

2023-09-05 17:14:20 - [MESSAGE][WARNING] - Timeout '0' is invalid. Using default page load timeout: '30'

2023-09-05 17:14:20 - [MESSAGE][PASSED] - Object 'Object Repository/verifikasi halaman tajalapak sebelum daftar' is present

2023-09-05 17:14:20 - [TEST_STEP][PASSED] - click(findTestObject("Pendaftaran/button Register")): Object: 'Object Repository/Pendaftaran/button Register' is clicked on

2023-09-05 17:14:22 - [MESSAGE][PASSED] - Object: 'Object Repository/Pendaftaran/button Register' is clicked on

2023-09-05 17:14:22 - [TEST_STEP][PASSED] - verifyElementPresent(findTestObject("Pendaftaran/verifikasi masuk helamaan daftar"), 0): Object 'Object Repository/Pendaftaran/verifikasi masuk helamaan daftar' is present

2023-09-05 17:14:22 - [MESSAGE][WARNING] - Timeout '0' is invalid. Using default page load timeout: '30'

2023-09-05 17:14:22 - [MESSAGE][PASSED] - Object 'Object Repository/Pendaftaran/verifikasi masuk helamaan daftar' is present

2023-09-05 17:14:22 - [TEST_STEP][PASSED] - setText(findTestObject("Pendaftaran/input username"), usn): Text 'ikana81' is set on object 'Object Repository/Pendaftaran/input username'

2023-09-05 17:14:23 - [MESSAGE][PASSED] - Text 'ikana81' is set on object 'Object Repository/Pendaftaran/input username'

2023-09-05 17:14:23 - [TEST_STEP][PASSED] - setText(findTestObject("Pendaftaran/input email"), email): Text 'ikana81@gmail.com' is set on object 'Object Repository/Pendaftaran/input email'

2023-09-05 17:14:25 - [MESSAGE][PASSED] - Text 'ikana81@gmail.com' is set on object 'Object Repository/Pendaftaran/input email'

2023-09-05 17:14:25 - [TEST_STEP][PASSED] - setText(findTestObject("Pendaftaran/input Nomor Telephon"), noHp): Text '085643219065' is set on object 'Object Repository/Pendaftaran/input Nomor Telephon'

2023-09-05 17:14:26 - [MESSAGE][PASSED] - Text '085643219065' is set on object 'Object Repository/Pendaftaran/input Nomor Telephon'

2023-09-05 17:14:26 - [TEST_STEP][PASSED] - if (toString().equalsIgnoreCase("Perempuan")): Object 'Object Repository/Pendaftaran/pilihan Wanita_jenis_kelamin' is checked

2023-09-05 17:14:26 - [TEST_STEP][PASSED] - check(findTestObject("Pendaftaran/pilihan Wanita_jenis_kelamin")): Object 'Object Repository/Pendaftaran/pilihan Wanita_jenis_kelamin' is checked

2023-09-05 17:14:27 - [MESSAGE][PASSED] - Object 'Object Repository/Pendaftaran/pilihan Wanita_jenis_kelamin' is checked

2023-09-05 17:14:27 - [TEST_STEP][PASSED] - setEncryptedText(findTestObject("Pendaftaran/input password"), "qbkrdMwyWE4="): Text ****** has been set on object 'Object Repository/Pendaftaran/input password'

2023-09-05 17:14:28 - [MESSAGE][PASSED] - Text ****** has been set on object 'Object Repository/Pendaftaran/input password'

2023-09-05 17:14:28 - [TEST_STEP][PASSED] - setEncryptedText(findTestObject("Pendaftaran/input konfirmasi password"), "cEZ5BwTAfeQ="): Text ****** has been set on object 'Object Repository/Pendaftaran/input konfirmasi password'

2023-09-05 17:14:29 - [MESSAGE][PASSED] - Text ****** has been set on object 'Object Repository/Pendaftaran/input konfirmasi password'

2023-09-05 17:14:29 - [TEST_STEP][PASSED] - click(findTestObject("Pendaftaran/button_Daftar")): Object: 'Object Repository/Pendaftaran/button_Daftar' is clicked on

2023-09-05 17:14:30 - [MESSAGE][PASSED] - Object: 'Object Repository/Pendaftaran/button_Daftar' is clicked on

2023-09-05 17:14:30 - [TEST_STEP][PASSED] - verifyElementText(findTestObject("Pendaftaran/verifikasi error untuk password dan konfirmasi password berbeda"), "Password anda tidak Valid!"): Actual text and expected text of test object 'Object Repository/Pendaftaran/verifikasi error untuk password dan konfirmasi password berbeda' are matched.

2023-09-05 17:14:31 - [MESSAGE][PASSED] - Actual text and expected text of test object 'Object Repository/Pendaftaran/verifikasi error untuk password dan konfirmasi password berbeda' are matched.]]></system-out>
         <system-err><![CDATA[]]></system-err>
      </testcase>
      <testcase name="Test Cases/T08 - Pendaftaran/TC-Pendaftaran-Failed-003" time="18.507" classname="Test Cases/T08 - Pendaftaran/TC-Pendaftaran-Failed-003" status="PASSED">
         <system-out><![CDATA[2023-09-05 17:14:31 - [TEST_CASE][PASSED] - Test Cases/T08 - Pendaftaran/TC-Pendaftaran-Failed-003: Test Cases/T08 - Pendaftaran/TC-Pendaftaran-Failed-003

2023-09-05 17:14:32 - [TEST_STEP][PASSED] - openBrowser(urlWeb): Browser is opened with url: 'https://10.9.2.63/ecommerce/'

2023-09-05 17:14:32 - [MESSAGE][WARNING] - A browser is already opened. Closing browser and opening a new one

2023-09-05 17:14:33 - [MESSAGE][INFO] - Starting 'Edge Chromium' driver

2023-09-05 17:14:33 - [MESSAGE][INFO] - User set preference: ['acceptInsecureCerts', 'true']

2023-09-05 17:14:36 - [MESSAGE][INFO] - Action delay is set to 0 milliseconds

2023-09-05 17:14:40 - [MESSAGE][PASSED] - Browser is opened with url: 'https://10.9.2.63/ecommerce/'

2023-09-05 17:14:40 - [TEST_STEP][PASSED] - maximizeWindow(): Current window maximized

2023-09-05 17:14:40 - [MESSAGE][PASSED] - Current window maximized

2023-09-05 17:14:40 - [TEST_STEP][PASSED] - verifyElementPresent(findTestObject("verifikasi halaman tajalapak sebelum daftar"), 0): Object 'Object Repository/verifikasi halaman tajalapak sebelum daftar' is present

2023-09-05 17:14:41 - [MESSAGE][WARNING] - Timeout '0' is invalid. Using default page load timeout: '30'

2023-09-05 17:14:41 - [MESSAGE][PASSED] - Object 'Object Repository/verifikasi halaman tajalapak sebelum daftar' is present

2023-09-05 17:14:41 - [TEST_STEP][PASSED] - click(findTestObject("Pendaftaran/button Register")): Object: 'Object Repository/Pendaftaran/button Register' is clicked on

2023-09-05 17:14:43 - [MESSAGE][PASSED] - Object: 'Object Repository/Pendaftaran/button Register' is clicked on

2023-09-05 17:14:43 - [TEST_STEP][PASSED] - verifyElementPresent(findTestObject("Pendaftaran/verifikasi masuk helamaan daftar"), 0): Object 'Object Repository/Pendaftaran/verifikasi masuk helamaan daftar' is present

2023-09-05 17:14:43 - [MESSAGE][WARNING] - Timeout '0' is invalid. Using default page load timeout: '30'

2023-09-05 17:14:43 - [MESSAGE][PASSED] - Object 'Object Repository/Pendaftaran/verifikasi masuk helamaan daftar' is present

2023-09-05 17:14:43 - [TEST_STEP][PASSED] - setText(findTestObject("Pendaftaran/input username"), usn): Text 'ikana80' is set on object 'Object Repository/Pendaftaran/input username'

2023-09-05 17:14:45 - [MESSAGE][PASSED] - Text 'ikana80' is set on object 'Object Repository/Pendaftaran/input username'

2023-09-05 17:14:45 - [TEST_STEP][PASSED] - setText(findTestObject("Pendaftaran/input email"), email): Text 'ikana80@gmail.com' is set on object 'Object Repository/Pendaftaran/input email'

2023-09-05 17:14:46 - [MESSAGE][PASSED] - Text 'ikana80@gmail.com' is set on object 'Object Repository/Pendaftaran/input email'

2023-09-05 17:14:46 - [TEST_STEP][PASSED] - setText(findTestObject("Pendaftaran/input Nomor Telephon"), noHp): Text '085643219653' is set on object 'Object Repository/Pendaftaran/input Nomor Telephon'

2023-09-05 17:14:47 - [MESSAGE][PASSED] - Text '085643219653' is set on object 'Object Repository/Pendaftaran/input Nomor Telephon'

2023-09-05 17:14:47 - [TEST_STEP][PASSED] - if (toString().equalsIgnoreCase("Perempuan")): Object 'Object Repository/Pendaftaran/pilihan Wanita_jenis_kelamin' is checked

2023-09-05 17:14:47 - [TEST_STEP][PASSED] - check(findTestObject("Pendaftaran/pilihan Wanita_jenis_kelamin")): Object 'Object Repository/Pendaftaran/pilihan Wanita_jenis_kelamin' is checked

2023-09-05 17:14:48 - [MESSAGE][PASSED] - Object 'Object Repository/Pendaftaran/pilihan Wanita_jenis_kelamin' is checked

2023-09-05 17:14:48 - [TEST_STEP][PASSED] - setEncryptedText(findTestObject("Pendaftaran/input password"), "qbkrdMwyWE4="): Text ****** has been set on object 'Object Repository/Pendaftaran/input password'

2023-09-05 17:14:49 - [MESSAGE][PASSED] - Text ****** has been set on object 'Object Repository/Pendaftaran/input password'

2023-09-05 17:14:49 - [TEST_STEP][PASSED] - click(findTestObject("Pendaftaran/button_Daftar")): Object: 'Object Repository/Pendaftaran/button_Daftar' is clicked on

2023-09-05 17:14:50 - [MESSAGE][PASSED] - Object: 'Object Repository/Pendaftaran/button_Daftar' is clicked on

2023-09-05 17:14:50 - [TEST_STEP][PASSED] - webDriver = getWebDriver(): null

2023-09-05 17:14:50 - [TEST_STEP][PASSED] - field_konfrim_password = webDriver.findElement(By.xpath("//input[@name="repassword"]")): null

2023-09-05 17:14:50 - [TEST_STEP][PASSED] - error_message = webDriver.executeScript("return arguments[0].validationMessage", field_konfrim_password): null

2023-09-05 17:14:50 - [TEST_STEP][PASSED] - println(error_message): null

2023-09-05 17:14:50 - [TEST_STEP][PASSED] - assert error_message == "Please fill out this field.": null]]></system-out>
         <system-err><![CDATA[]]></system-err>
      </testcase>
      <testcase name="Test Cases/T08 - Pendaftaran/TC-Pendaftaran-Failed-004" time="21.072" classname="Test Cases/T08 - Pendaftaran/TC-Pendaftaran-Failed-004" status="PASSED">
         <system-out><![CDATA[2023-09-05 17:14:50 - [TEST_CASE][PASSED] - Test Cases/T08 - Pendaftaran/TC-Pendaftaran-Failed-004: Test Cases/T08 - Pendaftaran/TC-Pendaftaran-Failed-004

2023-09-05 17:14:51 - [TEST_STEP][PASSED] - openBrowser(urlWeb): Browser is opened with url: 'https://10.9.2.63/ecommerce/'

2023-09-05 17:14:51 - [MESSAGE][WARNING] - A browser is already opened. Closing browser and opening a new one

2023-09-05 17:14:52 - [MESSAGE][INFO] - Starting 'Edge Chromium' driver

2023-09-05 17:14:52 - [MESSAGE][INFO] - User set preference: ['acceptInsecureCerts', 'true']

2023-09-05 17:14:54 - [MESSAGE][INFO] - Action delay is set to 0 milliseconds

2023-09-05 17:15:00 - [MESSAGE][PASSED] - Browser is opened with url: 'https://10.9.2.63/ecommerce/'

2023-09-05 17:15:00 - [TEST_STEP][PASSED] - maximizeWindow(): Current window maximized

2023-09-05 17:15:00 - [MESSAGE][PASSED] - Current window maximized

2023-09-05 17:15:00 - [TEST_STEP][PASSED] - verifyElementPresent(findTestObject("verifikasi halaman tajalapak sebelum daftar"), 0): Object 'Object Repository/verifikasi halaman tajalapak sebelum daftar' is present

2023-09-05 17:15:00 - [MESSAGE][WARNING] - Timeout '0' is invalid. Using default page load timeout: '30'

2023-09-05 17:15:01 - [MESSAGE][PASSED] - Object 'Object Repository/verifikasi halaman tajalapak sebelum daftar' is present

2023-09-05 17:15:01 - [TEST_STEP][PASSED] - click(findTestObject("Pendaftaran/button Register")): Object: 'Object Repository/Pendaftaran/button Register' is clicked on

2023-09-05 17:15:02 - [MESSAGE][PASSED] - Object: 'Object Repository/Pendaftaran/button Register' is clicked on

2023-09-05 17:15:02 - [TEST_STEP][PASSED] - verifyElementPresent(findTestObject("Pendaftaran/verifikasi masuk helamaan daftar"), 0): Object 'Object Repository/Pendaftaran/verifikasi masuk helamaan daftar' is present

2023-09-05 17:15:02 - [MESSAGE][WARNING] - Timeout '0' is invalid. Using default page load timeout: '30'

2023-09-05 17:15:03 - [MESSAGE][PASSED] - Object 'Object Repository/Pendaftaran/verifikasi masuk helamaan daftar' is present

2023-09-05 17:15:03 - [TEST_STEP][PASSED] - setText(findTestObject("Pendaftaran/input username"), usn): Text 'anata100' is set on object 'Object Repository/Pendaftaran/input username'

2023-09-05 17:15:04 - [MESSAGE][PASSED] - Text 'anata100' is set on object 'Object Repository/Pendaftaran/input username'

2023-09-05 17:15:04 - [TEST_STEP][PASSED] - setText(findTestObject("Pendaftaran/input email"), email): Text 'ikana100@gmail.com' is set on object 'Object Repository/Pendaftaran/input email'

2023-09-05 17:15:05 - [MESSAGE][PASSED] - Text 'ikana100@gmail.com' is set on object 'Object Repository/Pendaftaran/input email'

2023-09-05 17:15:05 - [TEST_STEP][PASSED] - setText(findTestObject("Pendaftaran/input Nomor Telephon"), noHp): Text '08564' is set on object 'Object Repository/Pendaftaran/input Nomor Telephon'

2023-09-05 17:15:07 - [MESSAGE][PASSED] - Text '08564' is set on object 'Object Repository/Pendaftaran/input Nomor Telephon'

2023-09-05 17:15:07 - [TEST_STEP][PASSED] - if (toString().equalsIgnoreCase("Perempuan")): Object 'Object Repository/Pendaftaran/pilihan Wanita_jenis_kelamin' is checked

2023-09-05 17:15:07 - [TEST_STEP][PASSED] - check(findTestObject("Pendaftaran/pilihan Wanita_jenis_kelamin")): Object 'Object Repository/Pendaftaran/pilihan Wanita_jenis_kelamin' is checked

2023-09-05 17:15:07 - [MESSAGE][PASSED] - Object 'Object Repository/Pendaftaran/pilihan Wanita_jenis_kelamin' is checked

2023-09-05 17:15:07 - [TEST_STEP][PASSED] - setEncryptedText(findTestObject("Pendaftaran/input password"), "qbkrdMwyWE4="): Text ****** has been set on object 'Object Repository/Pendaftaran/input password'

2023-09-05 17:15:08 - [MESSAGE][PASSED] - Text ****** has been set on object 'Object Repository/Pendaftaran/input password'

2023-09-05 17:15:08 - [TEST_STEP][PASSED] - setEncryptedText(findTestObject("Pendaftaran/input konfirmasi password"), "qbkrdMwyWE4="): Text ****** has been set on object 'Object Repository/Pendaftaran/input konfirmasi password'

2023-09-05 17:15:09 - [MESSAGE][PASSED] - Text ****** has been set on object 'Object Repository/Pendaftaran/input konfirmasi password'

2023-09-05 17:15:09 - [TEST_STEP][PASSED] - click(findTestObject("Pendaftaran/button_Daftar")): Object: 'Object Repository/Pendaftaran/button_Daftar' is clicked on

2023-09-05 17:15:10 - [MESSAGE][PASSED] - Object: 'Object Repository/Pendaftaran/button_Daftar' is clicked on

2023-09-05 17:15:10 - [TEST_STEP][PASSED] - verifyElementText(findTestObject("Pendaftaran/GAGAL - No telpon anda tidak valid(kurang dari 11)"), "GAGAL - No telpon anda tidak valid.."): Actual text and expected text of test object 'Object Repository/Pendaftaran/GAGAL - No telpon anda tidak valid(kurang dari 11)' are matched.

2023-09-05 17:15:11 - [MESSAGE][PASSED] - Actual text and expected text of test object 'Object Repository/Pendaftaran/GAGAL - No telpon anda tidak valid(kurang dari 11)' are matched.]]></system-out>
         <system-err><![CDATA[]]></system-err>
      </testcase>
      <testcase name="Test Cases/T08 - Pendaftaran/TC-Pendaftaran-Failed-005" time="30.826" classname="Test Cases/T08 - Pendaftaran/TC-Pendaftaran-Failed-005" status="FAILED">
         <failure type="FAILED" message="Test Cases/T08 - Pendaftaran/TC-Pendaftaran-Failed-005 FAILED.
Reason:
com.kms.katalon.core.exception.StepFailedException: Unable to verify text 'please enter valid phone number' is present 
	at com.kms.katalon.core.webui.keyword.internal.WebUIKeywordMain.stepFailed(WebUIKeywordMain.groovy:64)
	at com.kms.katalon.core.webui.keyword.internal.WebUIKeywordMain.runKeyword(WebUIKeywordMain.groovy:26)
	at com.kms.katalon.core.webui.keyword.builtin.VerifyTextPresentKeyword.verifyTextPresent(VerifyTextPresentKeyword.groovy:83)
	at com.kms.katalon.core.webui.keyword.builtin.VerifyTextPresentKeyword.execute(VerifyTextPresentKeyword.groovy:68)
	at com.kms.katalon.core.keyword.internal.KeywordExecutor.executeKeywordForPlatform(KeywordExecutor.groovy:74)
	at com.kms.katalon.core.webui.keyword.WebUiBuiltInKeywords.verifyTextPresent(WebUiBuiltInKeywords.groovy:1723)
	at com.kms.katalon.core.webui.keyword.WebUiBuiltInKeywords$verifyTextPresent$10.call(Unknown Source)
	at TC-Pendaftaran-Failed-005.run(TC-Pendaftaran-Failed-005:49)
	at com.kms.katalon.core.main.ScriptEngine.run(ScriptEngine.java:194)
	at com.kms.katalon.core.main.ScriptEngine.runScriptAsRawText(ScriptEngine.java:119)
	at com.kms.katalon.core.main.TestCaseExecutor.runScript(TestCaseExecutor.java:448)
	at com.kms.katalon.core.main.TestCaseExecutor.doExecute(TestCaseExecutor.java:439)
	at com.kms.katalon.core.main.TestCaseExecutor.processExecutionPhase(TestCaseExecutor.java:418)
	at com.kms.katalon.core.main.TestCaseExecutor.accessMainPhase(TestCaseExecutor.java:410)
	at com.kms.katalon.core.main.TestCaseExecutor.execute(TestCaseExecutor.java:285)
	at com.kms.katalon.core.common.CommonExecutor.accessTestCaseMainPhase(CommonExecutor.java:65)
	at com.kms.katalon.core.main.TestSuiteExecutor.accessTestSuiteMainPhase(TestSuiteExecutor.java:148)
	at com.kms.katalon.core.main.TestSuiteExecutor.execute(TestSuiteExecutor.java:106)
	at com.kms.katalon.core.main.TestCaseMain.startTestSuite(TestCaseMain.java:187)
	at com.kms.katalon.core.main.TestCaseMain$startTestSuite$0.call(Unknown Source)
	at TempTestSuite1693908714118.run(TempTestSuite1693908714118.groovy:36)
Caused by: com.kms.katalon.core.exception.StepFailedException: Text 'please enter valid phone number' is not present on page 
	at com.kms.katalon.core.webui.keyword.internal.WebUIKeywordMain.stepFailed(WebUIKeywordMain.groovy:64)
	at com.kms.katalon.core.webui.keyword.builtin.VerifyTextPresentKeyword$_verifyTextPresent_closure1.doCall(VerifyTextPresentKeyword.groovy:79)
	at com.kms.katalon.core.webui.keyword.builtin.VerifyTextPresentKeyword$_verifyTextPresent_closure1.call(VerifyTextPresentKeyword.groovy)
	at com.kms.katalon.core.webui.keyword.internal.WebUIKeywordMain.runKeyword(WebUIKeywordMain.groovy:20)
	... 19 more
"/>
         <system-out><![CDATA[2023-09-05 17:15:11 - [TEST_CASE][FAILED] - Test Cases/T08 - Pendaftaran/TC-Pendaftaran-Failed-005: Test Cases/T08 - Pendaftaran/TC-Pendaftaran-Failed-005 FAILED.
Reason:
com.kms.katalon.core.exception.StepFailedException: Unable to verify text 'please enter valid phone number' is present 
	at com.kms.katalon.core.webui.keyword.internal.WebUIKeywordMain.stepFailed(WebUIKeywordMain.groovy:64)
	at com.kms.katalon.core.webui.keyword.internal.WebUIKeywordMain.runKeyword(WebUIKeywordMain.groovy:26)
	at com.kms.katalon.core.webui.keyword.builtin.VerifyTextPresentKeyword.verifyTextPresent(VerifyTextPresentKeyword.groovy:83)
	at com.kms.katalon.core.webui.keyword.builtin.VerifyTextPresentKeyword.execute(VerifyTextPresentKeyword.groovy:68)
	at com.kms.katalon.core.keyword.internal.KeywordExecutor.executeKeywordForPlatform(KeywordExecutor.groovy:74)
	at com.kms.katalon.core.webui.keyword.WebUiBuiltInKeywords.verifyTextPresent(WebUiBuiltInKeywords.groovy:1723)
	at com.kms.katalon.core.webui.keyword.WebUiBuiltInKeywords$verifyTextPresent$10.call(Unknown Source)
	at TC-Pendaftaran-Failed-005.run(TC-Pendaftaran-Failed-005:49)
	at com.kms.katalon.core.main.ScriptEngine.run(ScriptEngine.java:194)
	at com.kms.katalon.core.main.ScriptEngine.runScriptAsRawText(ScriptEngine.java:119)
	at com.kms.katalon.core.main.TestCaseExecutor.runScript(TestCaseExecutor.java:448)
	at com.kms.katalon.core.main.TestCaseExecutor.doExecute(TestCaseExecutor.java:439)
	at com.kms.katalon.core.main.TestCaseExecutor.processExecutionPhase(TestCaseExecutor.java:418)
	at com.kms.katalon.core.main.TestCaseExecutor.accessMainPhase(TestCaseExecutor.java:410)
	at com.kms.katalon.core.main.TestCaseExecutor.execute(TestCaseExecutor.java:285)
	at com.kms.katalon.core.common.CommonExecutor.accessTestCaseMainPhase(CommonExecutor.java:65)
	at com.kms.katalon.core.main.TestSuiteExecutor.accessTestSuiteMainPhase(TestSuiteExecutor.java:148)
	at com.kms.katalon.core.main.TestSuiteExecutor.execute(TestSuiteExecutor.java:106)
	at com.kms.katalon.core.main.TestCaseMain.startTestSuite(TestCaseMain.java:187)
	at com.kms.katalon.core.main.TestCaseMain$startTestSuite$0.call(Unknown Source)
	at TempTestSuite1693908714118.run(TempTestSuite1693908714118.groovy:36)
Caused by: com.kms.katalon.core.exception.StepFailedException: Text 'please enter valid phone number' is not present on page 
	at com.kms.katalon.core.webui.keyword.internal.WebUIKeywordMain.stepFailed(WebUIKeywordMain.groovy:64)
	at com.kms.katalon.core.webui.keyword.builtin.VerifyTextPresentKeyword$_verifyTextPresent_closure1.doCall(VerifyTextPresentKeyword.groovy:79)
	at com.kms.katalon.core.webui.keyword.builtin.VerifyTextPresentKeyword$_verifyTextPresent_closure1.call(VerifyTextPresentKeyword.groovy)
	at com.kms.katalon.core.webui.keyword.internal.WebUIKeywordMain.runKeyword(WebUIKeywordMain.groovy:20)
	... 19 more


2023-09-05 17:15:13 - [TEST_STEP][PASSED] - openBrowser(urlWeb): Browser is opened with url: 'https://10.9.2.63/ecommerce/'

2023-09-05 17:15:13 - [MESSAGE][WARNING] - A browser is already opened. Closing browser and opening a new one

2023-09-05 17:15:14 - [MESSAGE][INFO] - Starting 'Edge Chromium' driver

2023-09-05 17:15:14 - [MESSAGE][INFO] - User set preference: ['acceptInsecureCerts', 'true']

2023-09-05 17:15:16 - [MESSAGE][INFO] - Action delay is set to 0 milliseconds

2023-09-05 17:15:21 - [MESSAGE][PASSED] - Browser is opened with url: 'https://10.9.2.63/ecommerce/'

2023-09-05 17:15:21 - [TEST_STEP][PASSED] - maximizeWindow(): Current window maximized

2023-09-05 17:15:21 - [MESSAGE][PASSED] - Current window maximized

2023-09-05 17:15:21 - [TEST_STEP][PASSED] - verifyElementPresent(findTestObject("verifikasi halaman tajalapak sebelum daftar"), 0): Object 'Object Repository/verifikasi halaman tajalapak sebelum daftar' is present

2023-09-05 17:15:22 - [MESSAGE][WARNING] - Timeout '0' is invalid. Using default page load timeout: '30'

2023-09-05 17:15:22 - [MESSAGE][PASSED] - Object 'Object Repository/verifikasi halaman tajalapak sebelum daftar' is present

2023-09-05 17:15:22 - [TEST_STEP][PASSED] - click(findTestObject("Pendaftaran/button Register")): Object: 'Object Repository/Pendaftaran/button Register' is clicked on

2023-09-05 17:15:23 - [MESSAGE][PASSED] - Object: 'Object Repository/Pendaftaran/button Register' is clicked on

2023-09-05 17:15:23 - [TEST_STEP][PASSED] - verifyElementPresent(findTestObject("Pendaftaran/verifikasi masuk helamaan daftar"), 0): Object 'Object Repository/Pendaftaran/verifikasi masuk helamaan daftar' is present

2023-09-05 17:15:24 - [MESSAGE][WARNING] - Timeout '0' is invalid. Using default page load timeout: '30'

2023-09-05 17:15:24 - [MESSAGE][PASSED] - Object 'Object Repository/Pendaftaran/verifikasi masuk helamaan daftar' is present

2023-09-05 17:15:24 - [TEST_STEP][PASSED] - setText(findTestObject("Pendaftaran/input username"), usn): Text 'anata90' is set on object 'Object Repository/Pendaftaran/input username'

2023-09-05 17:15:25 - [MESSAGE][PASSED] - Text 'anata90' is set on object 'Object Repository/Pendaftaran/input username'

2023-09-05 17:15:25 - [TEST_STEP][PASSED] - setText(findTestObject("Pendaftaran/input email"), email): Text 'anata90@gmail.com' is set on object 'Object Repository/Pendaftaran/input email'

2023-09-05 17:15:26 - [MESSAGE][PASSED] - Text 'anata90@gmail.com' is set on object 'Object Repository/Pendaftaran/input email'

2023-09-05 17:15:26 - [TEST_STEP][PASSED] - setText(findTestObject("Pendaftaran/input Nomor Telephon"), noHp): Text '0856432187654321' is set on object 'Object Repository/Pendaftaran/input Nomor Telephon'

2023-09-05 17:15:28 - [MESSAGE][PASSED] - Text '0856432187654321' is set on object 'Object Repository/Pendaftaran/input Nomor Telephon'

2023-09-05 17:15:28 - [TEST_STEP][PASSED] - if (toString().equalsIgnoreCase("Perempuan")): Object 'Object Repository/Pendaftaran/pilihan Wanita_jenis_kelamin' is checked

2023-09-05 17:15:28 - [TEST_STEP][PASSED] - check(findTestObject("Pendaftaran/pilihan Wanita_jenis_kelamin")): Object 'Object Repository/Pendaftaran/pilihan Wanita_jenis_kelamin' is checked

2023-09-05 17:15:28 - [MESSAGE][PASSED] - Object 'Object Repository/Pendaftaran/pilihan Wanita_jenis_kelamin' is checked

2023-09-05 17:15:28 - [TEST_STEP][PASSED] - setEncryptedText(findTestObject("Pendaftaran/input password"), "qbkrdMwyWE4="): Text ****** has been set on object 'Object Repository/Pendaftaran/input password'

2023-09-05 17:15:29 - [MESSAGE][PASSED] - Text ****** has been set on object 'Object Repository/Pendaftaran/input password'

2023-09-05 17:15:29 - [TEST_STEP][PASSED] - setEncryptedText(findTestObject("Pendaftaran/input konfirmasi password"), "qbkrdMwyWE4="): Text ****** has been set on object 'Object Repository/Pendaftaran/input konfirmasi password'

2023-09-05 17:15:30 - [MESSAGE][PASSED] - Text ****** has been set on object 'Object Repository/Pendaftaran/input konfirmasi password'

2023-09-05 17:15:30 - [TEST_STEP][PASSED] - click(findTestObject("Pendaftaran/button_Daftar")): Object: 'Object Repository/Pendaftaran/button_Daftar' is clicked on

2023-09-05 17:15:40 - [MESSAGE][PASSED] - Object: 'Object Repository/Pendaftaran/button_Daftar' is clicked on

2023-09-05 17:15:40 - [TEST_STEP][FAILED] - verifyTextPresent("please enter valid phone number", false): Unable to verify text 'please enter valid phone number' is present  (Root cause: com.kms.katalon.core.exception.StepFailedException: Unable to verify text 'please enter valid phone number' is present 
	at com.kms.katalon.core.webui.keyword.internal.WebUIKeywordMain.stepFailed(WebUIKeywordMain.groovy:64)
	at com.kms.katalon.core.webui.keyword.internal.WebUIKeywordMain.runKeyword(WebUIKeywordMain.groovy:26)
	at com.kms.katalon.core.webui.keyword.builtin.VerifyTextPresentKeyword.verifyTextPresent(VerifyTextPresentKeyword.groovy:83)
	at com.kms.katalon.core.webui.keyword.builtin.VerifyTextPresentKeyword.execute(VerifyTextPresentKeyword.groovy:68)
	at com.kms.katalon.core.keyword.internal.KeywordExecutor.executeKeywordForPlatform(KeywordExecutor.groovy:74)
	at com.kms.katalon.core.webui.keyword.WebUiBuiltInKeywords.verifyTextPresent(WebUiBuiltInKeywords.groovy:1723)
	at com.kms.katalon.core.webui.keyword.WebUiBuiltInKeywords$verifyTextPresent$10.call(Unknown Source)
	at TC-Pendaftaran-Failed-005.run(TC-Pendaftaran-Failed-005:49)
	at com.kms.katalon.core.main.ScriptEngine.run(ScriptEngine.java:194)
	at com.kms.katalon.core.main.ScriptEngine.runScriptAsRawText(ScriptEngine.java:119)
	at com.kms.katalon.core.main.TestCaseExecutor.runScript(TestCaseExecutor.java:448)
	at com.kms.katalon.core.main.TestCaseExecutor.doExecute(TestCaseExecutor.java:439)
	at com.kms.katalon.core.main.TestCaseExecutor.processExecutionPhase(TestCaseExecutor.java:418)
	at com.kms.katalon.core.main.TestCaseExecutor.accessMainPhase(TestCaseExecutor.java:410)
	at com.kms.katalon.core.main.TestCaseExecutor.execute(TestCaseExecutor.java:285)
	at com.kms.katalon.core.common.CommonExecutor.accessTestCaseMainPhase(CommonExecutor.java:65)
	at com.kms.katalon.core.main.TestSuiteExecutor.accessTestSuiteMainPhase(TestSuiteExecutor.java:148)
	at com.kms.katalon.core.main.TestSuiteExecutor.execute(TestSuiteExecutor.java:106)
	at com.kms.katalon.core.main.TestCaseMain.startTestSuite(TestCaseMain.java:187)
	at com.kms.katalon.core.main.TestCaseMain$startTestSuite$0.call(Unknown Source)
	at TempTestSuite1693908714118.run(TempTestSuite1693908714118.groovy:36)
Caused by: com.kms.katalon.core.exception.StepFailedException: Text 'please enter valid phone number' is not present on page 
	at com.kms.katalon.core.webui.keyword.internal.WebUIKeywordMain.stepFailed(WebUIKeywordMain.groovy:64)
	at com.kms.katalon.core.webui.keyword.builtin.VerifyTextPresentKeyword$_verifyTextPresent_closure1.doCall(VerifyTextPresentKeyword.groovy:79)
	at com.kms.katalon.core.webui.keyword.builtin.VerifyTextPresentKeyword$_verifyTextPresent_closure1.call(VerifyTextPresentKeyword.groovy)
	at com.kms.katalon.core.webui.keyword.internal.WebUIKeywordMain.runKeyword(WebUIKeywordMain.groovy:20)
	... 19 more
)

2023-09-05 17:15:42 - [MESSAGE][FAILED] - Text 'please enter valid phone number' is not present on page  (Root cause: com.kms.katalon.core.exception.StepFailedException: Text 'please enter valid phone number' is not present on page 
	at com.kms.katalon.core.webui.keyword.internal.WebUIKeywordMain.stepFailed(WebUIKeywordMain.groovy:64)
	at com.kms.katalon.core.webui.keyword.builtin.VerifyTextPresentKeyword$_verifyTextPresent_closure1.doCall(VerifyTextPresentKeyword.groovy:79)
	at com.kms.katalon.core.webui.keyword.builtin.VerifyTextPresentKeyword$_verifyTextPresent_closure1.call(VerifyTextPresentKeyword.groovy)
	at com.kms.katalon.core.webui.keyword.internal.WebUIKeywordMain.runKeyword(WebUIKeywordMain.groovy:20)
	at com.kms.katalon.core.webui.keyword.builtin.VerifyTextPresentKeyword.verifyTextPresent(VerifyTextPresentKeyword.groovy:83)
	at com.kms.katalon.core.webui.keyword.builtin.VerifyTextPresentKeyword.execute(VerifyTextPresentKeyword.groovy:68)
	at com.kms.katalon.core.keyword.internal.KeywordExecutor.executeKeywordForPlatform(KeywordExecutor.groovy:74)
	at com.kms.katalon.core.webui.keyword.WebUiBuiltInKeywords.verifyTextPresent(WebUiBuiltInKeywords.groovy:1723)
	at com.kms.katalon.core.webui.keyword.WebUiBuiltInKeywords$verifyTextPresent$10.call(Unknown Source)
	at TC-Pendaftaran-Failed-005.run(TC-Pendaftaran-Failed-005:49)
	at com.kms.katalon.core.main.ScriptEngine.run(ScriptEngine.java:194)
	at com.kms.katalon.core.main.ScriptEngine.runScriptAsRawText(ScriptEngine.java:119)
	at com.kms.katalon.core.main.TestCaseExecutor.runScript(TestCaseExecutor.java:448)
	at com.kms.katalon.core.main.TestCaseExecutor.doExecute(TestCaseExecutor.java:439)
	at com.kms.katalon.core.main.TestCaseExecutor.processExecutionPhase(TestCaseExecutor.java:418)
	at com.kms.katalon.core.main.TestCaseExecutor.accessMainPhase(TestCaseExecutor.java:410)
	at com.kms.katalon.core.main.TestCaseExecutor.execute(TestCaseExecutor.java:285)
	at com.kms.katalon.core.common.CommonExecutor.accessTestCaseMainPhase(CommonExecutor.java:65)
	at com.kms.katalon.core.main.TestSuiteExecutor.accessTestSuiteMainPhase(TestSuiteExecutor.java:148)
	at com.kms.katalon.core.main.TestSuiteExecutor.execute(TestSuiteExecutor.java:106)
	at com.kms.katalon.core.main.TestCaseMain.startTestSuite(TestCaseMain.java:187)
	at com.kms.katalon.core.main.TestCaseMain$startTestSuite$0.call(Unknown Source)
	at TempTestSuite1693908714118.run(TempTestSuite1693908714118.groovy:36)
)

2023-09-05 17:15:42 - [MESSAGE][FAILED] - Unable to verify text 'please enter valid phone number' is present  (Root cause: com.kms.katalon.core.exception.StepFailedException: Unable to verify text 'please enter valid phone number' is present 
	at com.kms.katalon.core.webui.keyword.internal.WebUIKeywordMain.stepFailed(WebUIKeywordMain.groovy:64)
	at com.kms.katalon.core.webui.keyword.internal.WebUIKeywordMain.runKeyword(WebUIKeywordMain.groovy:26)
	at com.kms.katalon.core.webui.keyword.builtin.VerifyTextPresentKeyword.verifyTextPresent(VerifyTextPresentKeyword.groovy:83)
	at com.kms.katalon.core.webui.keyword.builtin.VerifyTextPresentKeyword.execute(VerifyTextPresentKeyword.groovy:68)
	at com.kms.katalon.core.keyword.internal.KeywordExecutor.executeKeywordForPlatform(KeywordExecutor.groovy:74)
	at com.kms.katalon.core.webui.keyword.WebUiBuiltInKeywords.verifyTextPresent(WebUiBuiltInKeywords.groovy:1723)
	at com.kms.katalon.core.webui.keyword.WebUiBuiltInKeywords$verifyTextPresent$10.call(Unknown Source)
	at TC-Pendaftaran-Failed-005.run(TC-Pendaftaran-Failed-005:49)
	at com.kms.katalon.core.main.ScriptEngine.run(ScriptEngine.java:194)
	at com.kms.katalon.core.main.ScriptEngine.runScriptAsRawText(ScriptEngine.java:119)
	at com.kms.katalon.core.main.TestCaseExecutor.runScript(TestCaseExecutor.java:448)
	at com.kms.katalon.core.main.TestCaseExecutor.doExecute(TestCaseExecutor.java:439)
	at com.kms.katalon.core.main.TestCaseExecutor.processExecutionPhase(TestCaseExecutor.java:418)
	at com.kms.katalon.core.main.TestCaseExecutor.accessMainPhase(TestCaseExecutor.java:410)
	at com.kms.katalon.core.main.TestCaseExecutor.execute(TestCaseExecutor.java:285)
	at com.kms.katalon.core.common.CommonExecutor.accessTestCaseMainPhase(CommonExecutor.java:65)
	at com.kms.katalon.core.main.TestSuiteExecutor.accessTestSuiteMainPhase(TestSuiteExecutor.java:148)
	at com.kms.katalon.core.main.TestSuiteExecutor.execute(TestSuiteExecutor.java:106)
	at com.kms.katalon.core.main.TestCaseMain.startTestSuite(TestCaseMain.java:187)
	at com.kms.katalon.core.main.TestCaseMain$startTestSuite$0.call(Unknown Source)
	at TempTestSuite1693908714118.run(TempTestSuite1693908714118.groovy:36)
Caused by: com.kms.katalon.core.exception.StepFailedException: Text 'please enter valid phone number' is not present on page 
	at com.kms.katalon.core.webui.keyword.internal.WebUIKeywordMain.stepFailed(WebUIKeywordMain.groovy:64)
	at com.kms.katalon.core.webui.keyword.builtin.VerifyTextPresentKeyword$_verifyTextPresent_closure1.doCall(VerifyTextPresentKeyword.groovy:79)
	at com.kms.katalon.core.webui.keyword.builtin.VerifyTextPresentKeyword$_verifyTextPresent_closure1.call(VerifyTextPresentKeyword.groovy)
	at com.kms.katalon.core.webui.keyword.internal.WebUIKeywordMain.runKeyword(WebUIKeywordMain.groovy:20)
	... 19 more
)
[[ATTACHMENT|F:\\bootcamp\\Miniproject\\Tajalapak\\Reports\\20230905_171153\\T08-Pendaftaran\\20230905_171154\\1693908942013.png]]]]></system-out>
         <system-err><![CDATA[2023-09-05 17:15:11 - [TEST_CASE][FAILED] - Test Cases/T08 - Pendaftaran/TC-Pendaftaran-Failed-005: Test Cases/T08 - Pendaftaran/TC-Pendaftaran-Failed-005 FAILED.
Reason:
com.kms.katalon.core.exception.StepFailedException: Unable to verify text 'please enter valid phone number' is present 
	at com.kms.katalon.core.webui.keyword.internal.WebUIKeywordMain.stepFailed(WebUIKeywordMain.groovy:64)
	at com.kms.katalon.core.webui.keyword.internal.WebUIKeywordMain.runKeyword(WebUIKeywordMain.groovy:26)
	at com.kms.katalon.core.webui.keyword.builtin.VerifyTextPresentKeyword.verifyTextPresent(VerifyTextPresentKeyword.groovy:83)
	at com.kms.katalon.core.webui.keyword.builtin.VerifyTextPresentKeyword.execute(VerifyTextPresentKeyword.groovy:68)
	at com.kms.katalon.core.keyword.internal.KeywordExecutor.executeKeywordForPlatform(KeywordExecutor.groovy:74)
	at com.kms.katalon.core.webui.keyword.WebUiBuiltInKeywords.verifyTextPresent(WebUiBuiltInKeywords.groovy:1723)
	at com.kms.katalon.core.webui.keyword.WebUiBuiltInKeywords$verifyTextPresent$10.call(Unknown Source)
	at TC-Pendaftaran-Failed-005.run(TC-Pendaftaran-Failed-005:49)
	at com.kms.katalon.core.main.ScriptEngine.run(ScriptEngine.java:194)
	at com.kms.katalon.core.main.ScriptEngine.runScriptAsRawText(ScriptEngine.java:119)
	at com.kms.katalon.core.main.TestCaseExecutor.runScript(TestCaseExecutor.java:448)
	at com.kms.katalon.core.main.TestCaseExecutor.doExecute(TestCaseExecutor.java:439)
	at com.kms.katalon.core.main.TestCaseExecutor.processExecutionPhase(TestCaseExecutor.java:418)
	at com.kms.katalon.core.main.TestCaseExecutor.accessMainPhase(TestCaseExecutor.java:410)
	at com.kms.katalon.core.main.TestCaseExecutor.execute(TestCaseExecutor.java:285)
	at com.kms.katalon.core.common.CommonExecutor.accessTestCaseMainPhase(CommonExecutor.java:65)
	at com.kms.katalon.core.main.TestSuiteExecutor.accessTestSuiteMainPhase(TestSuiteExecutor.java:148)
	at com.kms.katalon.core.main.TestSuiteExecutor.execute(TestSuiteExecutor.java:106)
	at com.kms.katalon.core.main.TestCaseMain.startTestSuite(TestCaseMain.java:187)
	at com.kms.katalon.core.main.TestCaseMain$startTestSuite$0.call(Unknown Source)
	at TempTestSuite1693908714118.run(TempTestSuite1693908714118.groovy:36)
Caused by: com.kms.katalon.core.exception.StepFailedException: Text 'please enter valid phone number' is not present on page 
	at com.kms.katalon.core.webui.keyword.internal.WebUIKeywordMain.stepFailed(WebUIKeywordMain.groovy:64)
	at com.kms.katalon.core.webui.keyword.builtin.VerifyTextPresentKeyword$_verifyTextPresent_closure1.doCall(VerifyTextPresentKeyword.groovy:79)
	at com.kms.katalon.core.webui.keyword.builtin.VerifyTextPresentKeyword$_verifyTextPresent_closure1.call(VerifyTextPresentKeyword.groovy)
	at com.kms.katalon.core.webui.keyword.internal.WebUIKeywordMain.runKeyword(WebUIKeywordMain.groovy:20)
	... 19 more]]></system-err>
      </testcase>
      <testcase name="Test Cases/T08 - Pendaftaran/TC-Pendaftaran-Failed-006" time="30.733" classname="Test Cases/T08 - Pendaftaran/TC-Pendaftaran-Failed-006" status="FAILED">
         <failure type="FAILED" message="Test Cases/T08 - Pendaftaran/TC-Pendaftaran-Failed-006 FAILED.
Reason:
com.kms.katalon.core.exception.StepFailedException: Unable to verify text 'please enter valid phone number' is present 
	at com.kms.katalon.core.webui.keyword.internal.WebUIKeywordMain.stepFailed(WebUIKeywordMain.groovy:64)
	at com.kms.katalon.core.webui.keyword.internal.WebUIKeywordMain.runKeyword(WebUIKeywordMain.groovy:26)
	at com.kms.katalon.core.webui.keyword.builtin.VerifyTextPresentKeyword.verifyTextPresent(VerifyTextPresentKeyword.groovy:83)
	at com.kms.katalon.core.webui.keyword.builtin.VerifyTextPresentKeyword.execute(VerifyTextPresentKeyword.groovy:68)
	at com.kms.katalon.core.keyword.internal.KeywordExecutor.executeKeywordForPlatform(KeywordExecutor.groovy:74)
	at com.kms.katalon.core.webui.keyword.WebUiBuiltInKeywords.verifyTextPresent(WebUiBuiltInKeywords.groovy:1723)
	at com.kms.katalon.core.webui.keyword.WebUiBuiltInKeywords$verifyTextPresent$10.call(Unknown Source)
	at TC-Pendaftaran-Failed-006.run(TC-Pendaftaran-Failed-006:49)
	at com.kms.katalon.core.main.ScriptEngine.run(ScriptEngine.java:194)
	at com.kms.katalon.core.main.ScriptEngine.runScriptAsRawText(ScriptEngine.java:119)
	at com.kms.katalon.core.main.TestCaseExecutor.runScript(TestCaseExecutor.java:448)
	at com.kms.katalon.core.main.TestCaseExecutor.doExecute(TestCaseExecutor.java:439)
	at com.kms.katalon.core.main.TestCaseExecutor.processExecutionPhase(TestCaseExecutor.java:418)
	at com.kms.katalon.core.main.TestCaseExecutor.accessMainPhase(TestCaseExecutor.java:410)
	at com.kms.katalon.core.main.TestCaseExecutor.execute(TestCaseExecutor.java:285)
	at com.kms.katalon.core.common.CommonExecutor.accessTestCaseMainPhase(CommonExecutor.java:65)
	at com.kms.katalon.core.main.TestSuiteExecutor.accessTestSuiteMainPhase(TestSuiteExecutor.java:148)
	at com.kms.katalon.core.main.TestSuiteExecutor.execute(TestSuiteExecutor.java:106)
	at com.kms.katalon.core.main.TestCaseMain.startTestSuite(TestCaseMain.java:187)
	at com.kms.katalon.core.main.TestCaseMain$startTestSuite$0.call(Unknown Source)
	at TempTestSuite1693908714118.run(TempTestSuite1693908714118.groovy:36)
Caused by: com.kms.katalon.core.exception.StepFailedException: Text 'please enter valid phone number' is not present on page 
	at com.kms.katalon.core.webui.keyword.internal.WebUIKeywordMain.stepFailed(WebUIKeywordMain.groovy:64)
	at com.kms.katalon.core.webui.keyword.builtin.VerifyTextPresentKeyword$_verifyTextPresent_closure1.doCall(VerifyTextPresentKeyword.groovy:79)
	at com.kms.katalon.core.webui.keyword.builtin.VerifyTextPresentKeyword$_verifyTextPresent_closure1.call(VerifyTextPresentKeyword.groovy)
	at com.kms.katalon.core.webui.keyword.internal.WebUIKeywordMain.runKeyword(WebUIKeywordMain.groovy:20)
	... 19 more
"/>
         <system-out><![CDATA[2023-09-05 17:15:42 - [TEST_CASE][FAILED] - Test Cases/T08 - Pendaftaran/TC-Pendaftaran-Failed-006: Test Cases/T08 - Pendaftaran/TC-Pendaftaran-Failed-006 FAILED.
Reason:
com.kms.katalon.core.exception.StepFailedException: Unable to verify text 'please enter valid phone number' is present 
	at com.kms.katalon.core.webui.keyword.internal.WebUIKeywordMain.stepFailed(WebUIKeywordMain.groovy:64)
	at com.kms.katalon.core.webui.keyword.internal.WebUIKeywordMain.runKeyword(WebUIKeywordMain.groovy:26)
	at com.kms.katalon.core.webui.keyword.builtin.VerifyTextPresentKeyword.verifyTextPresent(VerifyTextPresentKeyword.groovy:83)
	at com.kms.katalon.core.webui.keyword.builtin.VerifyTextPresentKeyword.execute(VerifyTextPresentKeyword.groovy:68)
	at com.kms.katalon.core.keyword.internal.KeywordExecutor.executeKeywordForPlatform(KeywordExecutor.groovy:74)
	at com.kms.katalon.core.webui.keyword.WebUiBuiltInKeywords.verifyTextPresent(WebUiBuiltInKeywords.groovy:1723)
	at com.kms.katalon.core.webui.keyword.WebUiBuiltInKeywords$verifyTextPresent$10.call(Unknown Source)
	at TC-Pendaftaran-Failed-006.run(TC-Pendaftaran-Failed-006:49)
	at com.kms.katalon.core.main.ScriptEngine.run(ScriptEngine.java:194)
	at com.kms.katalon.core.main.ScriptEngine.runScriptAsRawText(ScriptEngine.java:119)
	at com.kms.katalon.core.main.TestCaseExecutor.runScript(TestCaseExecutor.java:448)
	at com.kms.katalon.core.main.TestCaseExecutor.doExecute(TestCaseExecutor.java:439)
	at com.kms.katalon.core.main.TestCaseExecutor.processExecutionPhase(TestCaseExecutor.java:418)
	at com.kms.katalon.core.main.TestCaseExecutor.accessMainPhase(TestCaseExecutor.java:410)
	at com.kms.katalon.core.main.TestCaseExecutor.execute(TestCaseExecutor.java:285)
	at com.kms.katalon.core.common.CommonExecutor.accessTestCaseMainPhase(CommonExecutor.java:65)
	at com.kms.katalon.core.main.TestSuiteExecutor.accessTestSuiteMainPhase(TestSuiteExecutor.java:148)
	at com.kms.katalon.core.main.TestSuiteExecutor.execute(TestSuiteExecutor.java:106)
	at com.kms.katalon.core.main.TestCaseMain.startTestSuite(TestCaseMain.java:187)
	at com.kms.katalon.core.main.TestCaseMain$startTestSuite$0.call(Unknown Source)
	at TempTestSuite1693908714118.run(TempTestSuite1693908714118.groovy:36)
Caused by: com.kms.katalon.core.exception.StepFailedException: Text 'please enter valid phone number' is not present on page 
	at com.kms.katalon.core.webui.keyword.internal.WebUIKeywordMain.stepFailed(WebUIKeywordMain.groovy:64)
	at com.kms.katalon.core.webui.keyword.builtin.VerifyTextPresentKeyword$_verifyTextPresent_closure1.doCall(VerifyTextPresentKeyword.groovy:79)
	at com.kms.katalon.core.webui.keyword.builtin.VerifyTextPresentKeyword$_verifyTextPresent_closure1.call(VerifyTextPresentKeyword.groovy)
	at com.kms.katalon.core.webui.keyword.internal.WebUIKeywordMain.runKeyword(WebUIKeywordMain.groovy:20)
	... 19 more


2023-09-05 17:15:43 - [TEST_STEP][PASSED] - openBrowser(urlWeb): Browser is opened with url: 'https://10.9.2.63/ecommerce/'

2023-09-05 17:15:43 - [MESSAGE][WARNING] - A browser is already opened. Closing browser and opening a new one

2023-09-05 17:15:44 - [MESSAGE][INFO] - Starting 'Edge Chromium' driver

2023-09-05 17:15:44 - [MESSAGE][INFO] - User set preference: ['acceptInsecureCerts', 'true']

2023-09-05 17:15:46 - [MESSAGE][INFO] - Action delay is set to 0 milliseconds

2023-09-05 17:15:51 - [MESSAGE][PASSED] - Browser is opened with url: 'https://10.9.2.63/ecommerce/'

2023-09-05 17:15:51 - [TEST_STEP][PASSED] - maximizeWindow(): Current window maximized

2023-09-05 17:15:51 - [MESSAGE][PASSED] - Current window maximized

2023-09-05 17:15:51 - [TEST_STEP][PASSED] - verifyElementPresent(findTestObject("verifikasi halaman tajalapak sebelum daftar"), 0): Object 'Object Repository/verifikasi halaman tajalapak sebelum daftar' is present

2023-09-05 17:15:51 - [MESSAGE][WARNING] - Timeout '0' is invalid. Using default page load timeout: '30'

2023-09-05 17:15:52 - [MESSAGE][PASSED] - Object 'Object Repository/verifikasi halaman tajalapak sebelum daftar' is present

2023-09-05 17:15:52 - [TEST_STEP][PASSED] - click(findTestObject("Pendaftaran/button Register")): Object: 'Object Repository/Pendaftaran/button Register' is clicked on

2023-09-05 17:15:53 - [MESSAGE][PASSED] - Object: 'Object Repository/Pendaftaran/button Register' is clicked on

2023-09-05 17:15:53 - [TEST_STEP][PASSED] - verifyElementPresent(findTestObject("Pendaftaran/verifikasi masuk helamaan daftar"), 0): Object 'Object Repository/Pendaftaran/verifikasi masuk helamaan daftar' is present

2023-09-05 17:15:53 - [MESSAGE][WARNING] - Timeout '0' is invalid. Using default page load timeout: '30'

2023-09-05 17:15:54 - [MESSAGE][PASSED] - Object 'Object Repository/Pendaftaran/verifikasi masuk helamaan daftar' is present

2023-09-05 17:15:54 - [TEST_STEP][PASSED] - setText(findTestObject("Pendaftaran/input username"), usn): Text 'anata72' is set on object 'Object Repository/Pendaftaran/input username'

2023-09-05 17:15:55 - [MESSAGE][PASSED] - Text 'anata72' is set on object 'Object Repository/Pendaftaran/input username'

2023-09-05 17:15:55 - [TEST_STEP][PASSED] - setText(findTestObject("Pendaftaran/input email"), email): Text 'anata72@gmail.com' is set on object 'Object Repository/Pendaftaran/input email'

2023-09-05 17:15:57 - [MESSAGE][PASSED] - Text 'anata72@gmail.com' is set on object 'Object Repository/Pendaftaran/input email'

2023-09-05 17:15:57 - [TEST_STEP][PASSED] - setText(findTestObject("Pendaftaran/input Nomor Telephon"), noHp): Text '+6285643218765' is set on object 'Object Repository/Pendaftaran/input Nomor Telephon'

2023-09-05 17:15:58 - [MESSAGE][PASSED] - Text '+6285643218765' is set on object 'Object Repository/Pendaftaran/input Nomor Telephon'

2023-09-05 17:15:58 - [TEST_STEP][PASSED] - if (toString().equalsIgnoreCase("Perempuan")): Object 'Object Repository/Pendaftaran/pilihan Wanita_jenis_kelamin' is checked

2023-09-05 17:15:58 - [TEST_STEP][PASSED] - check(findTestObject("Pendaftaran/pilihan Wanita_jenis_kelamin")): Object 'Object Repository/Pendaftaran/pilihan Wanita_jenis_kelamin' is checked

2023-09-05 17:15:59 - [MESSAGE][PASSED] - Object 'Object Repository/Pendaftaran/pilihan Wanita_jenis_kelamin' is checked

2023-09-05 17:15:59 - [TEST_STEP][PASSED] - setEncryptedText(findTestObject("Pendaftaran/input password"), "qbkrdMwyWE4="): Text ****** has been set on object 'Object Repository/Pendaftaran/input password'

2023-09-05 17:16:00 - [MESSAGE][PASSED] - Text ****** has been set on object 'Object Repository/Pendaftaran/input password'

2023-09-05 17:16:00 - [TEST_STEP][PASSED] - setEncryptedText(findTestObject("Pendaftaran/input konfirmasi password"), "qbkrdMwyWE4="): Text ****** has been set on object 'Object Repository/Pendaftaran/input konfirmasi password'

2023-09-05 17:16:00 - [MESSAGE][PASSED] - Text ****** has been set on object 'Object Repository/Pendaftaran/input konfirmasi password'

2023-09-05 17:16:00 - [TEST_STEP][PASSED] - click(findTestObject("Pendaftaran/button_Daftar")): Object: 'Object Repository/Pendaftaran/button_Daftar' is clicked on

2023-09-05 17:16:12 - [MESSAGE][PASSED] - Object: 'Object Repository/Pendaftaran/button_Daftar' is clicked on

2023-09-05 17:16:12 - [TEST_STEP][FAILED] - verifyTextPresent("please enter valid phone number", false): Unable to verify text 'please enter valid phone number' is present  (Root cause: com.kms.katalon.core.exception.StepFailedException: Unable to verify text 'please enter valid phone number' is present 
	at com.kms.katalon.core.webui.keyword.internal.WebUIKeywordMain.stepFailed(WebUIKeywordMain.groovy:64)
	at com.kms.katalon.core.webui.keyword.internal.WebUIKeywordMain.runKeyword(WebUIKeywordMain.groovy:26)
	at com.kms.katalon.core.webui.keyword.builtin.VerifyTextPresentKeyword.verifyTextPresent(VerifyTextPresentKeyword.groovy:83)
	at com.kms.katalon.core.webui.keyword.builtin.VerifyTextPresentKeyword.execute(VerifyTextPresentKeyword.groovy:68)
	at com.kms.katalon.core.keyword.internal.KeywordExecutor.executeKeywordForPlatform(KeywordExecutor.groovy:74)
	at com.kms.katalon.core.webui.keyword.WebUiBuiltInKeywords.verifyTextPresent(WebUiBuiltInKeywords.groovy:1723)
	at com.kms.katalon.core.webui.keyword.WebUiBuiltInKeywords$verifyTextPresent$10.call(Unknown Source)
	at TC-Pendaftaran-Failed-006.run(TC-Pendaftaran-Failed-006:49)
	at com.kms.katalon.core.main.ScriptEngine.run(ScriptEngine.java:194)
	at com.kms.katalon.core.main.ScriptEngine.runScriptAsRawText(ScriptEngine.java:119)
	at com.kms.katalon.core.main.TestCaseExecutor.runScript(TestCaseExecutor.java:448)
	at com.kms.katalon.core.main.TestCaseExecutor.doExecute(TestCaseExecutor.java:439)
	at com.kms.katalon.core.main.TestCaseExecutor.processExecutionPhase(TestCaseExecutor.java:418)
	at com.kms.katalon.core.main.TestCaseExecutor.accessMainPhase(TestCaseExecutor.java:410)
	at com.kms.katalon.core.main.TestCaseExecutor.execute(TestCaseExecutor.java:285)
	at com.kms.katalon.core.common.CommonExecutor.accessTestCaseMainPhase(CommonExecutor.java:65)
	at com.kms.katalon.core.main.TestSuiteExecutor.accessTestSuiteMainPhase(TestSuiteExecutor.java:148)
	at com.kms.katalon.core.main.TestSuiteExecutor.execute(TestSuiteExecutor.java:106)
	at com.kms.katalon.core.main.TestCaseMain.startTestSuite(TestCaseMain.java:187)
	at com.kms.katalon.core.main.TestCaseMain$startTestSuite$0.call(Unknown Source)
	at TempTestSuite1693908714118.run(TempTestSuite1693908714118.groovy:36)
Caused by: com.kms.katalon.core.exception.StepFailedException: Text 'please enter valid phone number' is not present on page 
	at com.kms.katalon.core.webui.keyword.internal.WebUIKeywordMain.stepFailed(WebUIKeywordMain.groovy:64)
	at com.kms.katalon.core.webui.keyword.builtin.VerifyTextPresentKeyword$_verifyTextPresent_closure1.doCall(VerifyTextPresentKeyword.groovy:79)
	at com.kms.katalon.core.webui.keyword.builtin.VerifyTextPresentKeyword$_verifyTextPresent_closure1.call(VerifyTextPresentKeyword.groovy)
	at com.kms.katalon.core.webui.keyword.internal.WebUIKeywordMain.runKeyword(WebUIKeywordMain.groovy:20)
	... 19 more
)

2023-09-05 17:16:12 - [MESSAGE][FAILED] - Text 'please enter valid phone number' is not present on page  (Root cause: com.kms.katalon.core.exception.StepFailedException: Text 'please enter valid phone number' is not present on page 
	at com.kms.katalon.core.webui.keyword.internal.WebUIKeywordMain.stepFailed(WebUIKeywordMain.groovy:64)
	at com.kms.katalon.core.webui.keyword.builtin.VerifyTextPresentKeyword$_verifyTextPresent_closure1.doCall(VerifyTextPresentKeyword.groovy:79)
	at com.kms.katalon.core.webui.keyword.builtin.VerifyTextPresentKeyword$_verifyTextPresent_closure1.call(VerifyTextPresentKeyword.groovy)
	at com.kms.katalon.core.webui.keyword.internal.WebUIKeywordMain.runKeyword(WebUIKeywordMain.groovy:20)
	at com.kms.katalon.core.webui.keyword.builtin.VerifyTextPresentKeyword.verifyTextPresent(VerifyTextPresentKeyword.groovy:83)
	at com.kms.katalon.core.webui.keyword.builtin.VerifyTextPresentKeyword.execute(VerifyTextPresentKeyword.groovy:68)
	at com.kms.katalon.core.keyword.internal.KeywordExecutor.executeKeywordForPlatform(KeywordExecutor.groovy:74)
	at com.kms.katalon.core.webui.keyword.WebUiBuiltInKeywords.verifyTextPresent(WebUiBuiltInKeywords.groovy:1723)
	at com.kms.katalon.core.webui.keyword.WebUiBuiltInKeywords$verifyTextPresent$10.call(Unknown Source)
	at TC-Pendaftaran-Failed-006.run(TC-Pendaftaran-Failed-006:49)
	at com.kms.katalon.core.main.ScriptEngine.run(ScriptEngine.java:194)
	at com.kms.katalon.core.main.ScriptEngine.runScriptAsRawText(ScriptEngine.java:119)
	at com.kms.katalon.core.main.TestCaseExecutor.runScript(TestCaseExecutor.java:448)
	at com.kms.katalon.core.main.TestCaseExecutor.doExecute(TestCaseExecutor.java:439)
	at com.kms.katalon.core.main.TestCaseExecutor.processExecutionPhase(TestCaseExecutor.java:418)
	at com.kms.katalon.core.main.TestCaseExecutor.accessMainPhase(TestCaseExecutor.java:410)
	at com.kms.katalon.core.main.TestCaseExecutor.execute(TestCaseExecutor.java:285)
	at com.kms.katalon.core.common.CommonExecutor.accessTestCaseMainPhase(CommonExecutor.java:65)
	at com.kms.katalon.core.main.TestSuiteExecutor.accessTestSuiteMainPhase(TestSuiteExecutor.java:148)
	at com.kms.katalon.core.main.TestSuiteExecutor.execute(TestSuiteExecutor.java:106)
	at com.kms.katalon.core.main.TestCaseMain.startTestSuite(TestCaseMain.java:187)
	at com.kms.katalon.core.main.TestCaseMain$startTestSuite$0.call(Unknown Source)
	at TempTestSuite1693908714118.run(TempTestSuite1693908714118.groovy:36)
)

2023-09-05 17:16:13 - [MESSAGE][FAILED] - Unable to verify text 'please enter valid phone number' is present  (Root cause: com.kms.katalon.core.exception.StepFailedException: Unable to verify text 'please enter valid phone number' is present 
	at com.kms.katalon.core.webui.keyword.internal.WebUIKeywordMain.stepFailed(WebUIKeywordMain.groovy:64)
	at com.kms.katalon.core.webui.keyword.internal.WebUIKeywordMain.runKeyword(WebUIKeywordMain.groovy:26)
	at com.kms.katalon.core.webui.keyword.builtin.VerifyTextPresentKeyword.verifyTextPresent(VerifyTextPresentKeyword.groovy:83)
	at com.kms.katalon.core.webui.keyword.builtin.VerifyTextPresentKeyword.execute(VerifyTextPresentKeyword.groovy:68)
	at com.kms.katalon.core.keyword.internal.KeywordExecutor.executeKeywordForPlatform(KeywordExecutor.groovy:74)
	at com.kms.katalon.core.webui.keyword.WebUiBuiltInKeywords.verifyTextPresent(WebUiBuiltInKeywords.groovy:1723)
	at com.kms.katalon.core.webui.keyword.WebUiBuiltInKeywords$verifyTextPresent$10.call(Unknown Source)
	at TC-Pendaftaran-Failed-006.run(TC-Pendaftaran-Failed-006:49)
	at com.kms.katalon.core.main.ScriptEngine.run(ScriptEngine.java:194)
	at com.kms.katalon.core.main.ScriptEngine.runScriptAsRawText(ScriptEngine.java:119)
	at com.kms.katalon.core.main.TestCaseExecutor.runScript(TestCaseExecutor.java:448)
	at com.kms.katalon.core.main.TestCaseExecutor.doExecute(TestCaseExecutor.java:439)
	at com.kms.katalon.core.main.TestCaseExecutor.processExecutionPhase(TestCaseExecutor.java:418)
	at com.kms.katalon.core.main.TestCaseExecutor.accessMainPhase(TestCaseExecutor.java:410)
	at com.kms.katalon.core.main.TestCaseExecutor.execute(TestCaseExecutor.java:285)
	at com.kms.katalon.core.common.CommonExecutor.accessTestCaseMainPhase(CommonExecutor.java:65)
	at com.kms.katalon.core.main.TestSuiteExecutor.accessTestSuiteMainPhase(TestSuiteExecutor.java:148)
	at com.kms.katalon.core.main.TestSuiteExecutor.execute(TestSuiteExecutor.java:106)
	at com.kms.katalon.core.main.TestCaseMain.startTestSuite(TestCaseMain.java:187)
	at com.kms.katalon.core.main.TestCaseMain$startTestSuite$0.call(Unknown Source)
	at TempTestSuite1693908714118.run(TempTestSuite1693908714118.groovy:36)
Caused by: com.kms.katalon.core.exception.StepFailedException: Text 'please enter valid phone number' is not present on page 
	at com.kms.katalon.core.webui.keyword.internal.WebUIKeywordMain.stepFailed(WebUIKeywordMain.groovy:64)
	at com.kms.katalon.core.webui.keyword.builtin.VerifyTextPresentKeyword$_verifyTextPresent_closure1.doCall(VerifyTextPresentKeyword.groovy:79)
	at com.kms.katalon.core.webui.keyword.builtin.VerifyTextPresentKeyword$_verifyTextPresent_closure1.call(VerifyTextPresentKeyword.groovy)
	at com.kms.katalon.core.webui.keyword.internal.WebUIKeywordMain.runKeyword(WebUIKeywordMain.groovy:20)
	... 19 more
)
[[ATTACHMENT|F:\\bootcamp\\Miniproject\\Tajalapak\\Reports\\20230905_171153\\T08-Pendaftaran\\20230905_171154\\1693908972999.png]]]]></system-out>
         <system-err><![CDATA[2023-09-05 17:15:42 - [TEST_CASE][FAILED] - Test Cases/T08 - Pendaftaran/TC-Pendaftaran-Failed-006: Test Cases/T08 - Pendaftaran/TC-Pendaftaran-Failed-006 FAILED.
Reason:
com.kms.katalon.core.exception.StepFailedException: Unable to verify text 'please enter valid phone number' is present 
	at com.kms.katalon.core.webui.keyword.internal.WebUIKeywordMain.stepFailed(WebUIKeywordMain.groovy:64)
	at com.kms.katalon.core.webui.keyword.internal.WebUIKeywordMain.runKeyword(WebUIKeywordMain.groovy:26)
	at com.kms.katalon.core.webui.keyword.builtin.VerifyTextPresentKeyword.verifyTextPresent(VerifyTextPresentKeyword.groovy:83)
	at com.kms.katalon.core.webui.keyword.builtin.VerifyTextPresentKeyword.execute(VerifyTextPresentKeyword.groovy:68)
	at com.kms.katalon.core.keyword.internal.KeywordExecutor.executeKeywordForPlatform(KeywordExecutor.groovy:74)
	at com.kms.katalon.core.webui.keyword.WebUiBuiltInKeywords.verifyTextPresent(WebUiBuiltInKeywords.groovy:1723)
	at com.kms.katalon.core.webui.keyword.WebUiBuiltInKeywords$verifyTextPresent$10.call(Unknown Source)
	at TC-Pendaftaran-Failed-006.run(TC-Pendaftaran-Failed-006:49)
	at com.kms.katalon.core.main.ScriptEngine.run(ScriptEngine.java:194)
	at com.kms.katalon.core.main.ScriptEngine.runScriptAsRawText(ScriptEngine.java:119)
	at com.kms.katalon.core.main.TestCaseExecutor.runScript(TestCaseExecutor.java:448)
	at com.kms.katalon.core.main.TestCaseExecutor.doExecute(TestCaseExecutor.java:439)
	at com.kms.katalon.core.main.TestCaseExecutor.processExecutionPhase(TestCaseExecutor.java:418)
	at com.kms.katalon.core.main.TestCaseExecutor.accessMainPhase(TestCaseExecutor.java:410)
	at com.kms.katalon.core.main.TestCaseExecutor.execute(TestCaseExecutor.java:285)
	at com.kms.katalon.core.common.CommonExecutor.accessTestCaseMainPhase(CommonExecutor.java:65)
	at com.kms.katalon.core.main.TestSuiteExecutor.accessTestSuiteMainPhase(TestSuiteExecutor.java:148)
	at com.kms.katalon.core.main.TestSuiteExecutor.execute(TestSuiteExecutor.java:106)
	at com.kms.katalon.core.main.TestCaseMain.startTestSuite(TestCaseMain.java:187)
	at com.kms.katalon.core.main.TestCaseMain$startTestSuite$0.call(Unknown Source)
	at TempTestSuite1693908714118.run(TempTestSuite1693908714118.groovy:36)
Caused by: com.kms.katalon.core.exception.StepFailedException: Text 'please enter valid phone number' is not present on page 
	at com.kms.katalon.core.webui.keyword.internal.WebUIKeywordMain.stepFailed(WebUIKeywordMain.groovy:64)
	at com.kms.katalon.core.webui.keyword.builtin.VerifyTextPresentKeyword$_verifyTextPresent_closure1.doCall(VerifyTextPresentKeyword.groovy:79)
	at com.kms.katalon.core.webui.keyword.builtin.VerifyTextPresentKeyword$_verifyTextPresent_closure1.call(VerifyTextPresentKeyword.groovy)
	at com.kms.katalon.core.webui.keyword.internal.WebUIKeywordMain.runKeyword(WebUIKeywordMain.groovy:20)
	... 19 more]]></system-err>
      </testcase>
      <testcase name="Test Cases/T08 - Pendaftaran/TC-Pendaftaran-Failed-007" time="40.228" classname="Test Cases/T08 - Pendaftaran/TC-Pendaftaran-Failed-007" status="FAILED">
         <failure type="FAILED" message="Test Cases/T08 - Pendaftaran/TC-Pendaftaran-Failed-007 FAILED.
Reason:
com.kms.katalon.core.exception.StepFailedException: Unable to verify text 'password must include alpanumeric' is present 
	at com.kms.katalon.core.webui.keyword.internal.WebUIKeywordMain.stepFailed(WebUIKeywordMain.groovy:64)
	at com.kms.katalon.core.webui.keyword.internal.WebUIKeywordMain.runKeyword(WebUIKeywordMain.groovy:26)
	at com.kms.katalon.core.webui.keyword.builtin.VerifyTextPresentKeyword.verifyTextPresent(VerifyTextPresentKeyword.groovy:83)
	at com.kms.katalon.core.webui.keyword.builtin.VerifyTextPresentKeyword.execute(VerifyTextPresentKeyword.groovy:68)
	at com.kms.katalon.core.keyword.internal.KeywordExecutor.executeKeywordForPlatform(KeywordExecutor.groovy:74)
	at com.kms.katalon.core.webui.keyword.WebUiBuiltInKeywords.verifyTextPresent(WebUiBuiltInKeywords.groovy:1723)
	at com.kms.katalon.core.webui.keyword.WebUiBuiltInKeywords$verifyTextPresent$10.call(Unknown Source)
	at TC-Pendaftaran-Failed-007.run(TC-Pendaftaran-Failed-007:49)
	at com.kms.katalon.core.main.ScriptEngine.run(ScriptEngine.java:194)
	at com.kms.katalon.core.main.ScriptEngine.runScriptAsRawText(ScriptEngine.java:119)
	at com.kms.katalon.core.main.TestCaseExecutor.runScript(TestCaseExecutor.java:448)
	at com.kms.katalon.core.main.TestCaseExecutor.doExecute(TestCaseExecutor.java:439)
	at com.kms.katalon.core.main.TestCaseExecutor.processExecutionPhase(TestCaseExecutor.java:418)
	at com.kms.katalon.core.main.TestCaseExecutor.accessMainPhase(TestCaseExecutor.java:410)
	at com.kms.katalon.core.main.TestCaseExecutor.execute(TestCaseExecutor.java:285)
	at com.kms.katalon.core.common.CommonExecutor.accessTestCaseMainPhase(CommonExecutor.java:65)
	at com.kms.katalon.core.main.TestSuiteExecutor.accessTestSuiteMainPhase(TestSuiteExecutor.java:148)
	at com.kms.katalon.core.main.TestSuiteExecutor.execute(TestSuiteExecutor.java:106)
	at com.kms.katalon.core.main.TestCaseMain.startTestSuite(TestCaseMain.java:187)
	at com.kms.katalon.core.main.TestCaseMain$startTestSuite$0.call(Unknown Source)
	at TempTestSuite1693908714118.run(TempTestSuite1693908714118.groovy:36)
Caused by: com.kms.katalon.core.exception.StepFailedException: Text 'password must include alpanumeric' is not present on page 
	at com.kms.katalon.core.webui.keyword.internal.WebUIKeywordMain.stepFailed(WebUIKeywordMain.groovy:64)
	at com.kms.katalon.core.webui.keyword.builtin.VerifyTextPresentKeyword$_verifyTextPresent_closure1.doCall(VerifyTextPresentKeyword.groovy:79)
	at com.kms.katalon.core.webui.keyword.builtin.VerifyTextPresentKeyword$_verifyTextPresent_closure1.call(VerifyTextPresentKeyword.groovy)
	at com.kms.katalon.core.webui.keyword.internal.WebUIKeywordMain.runKeyword(WebUIKeywordMain.groovy:20)
	... 19 more
"/>
         <system-out><![CDATA[2023-09-05 17:16:13 - [TEST_CASE][FAILED] - Test Cases/T08 - Pendaftaran/TC-Pendaftaran-Failed-007: Test Cases/T08 - Pendaftaran/TC-Pendaftaran-Failed-007 FAILED.
Reason:
com.kms.katalon.core.exception.StepFailedException: Unable to verify text 'password must include alpanumeric' is present 
	at com.kms.katalon.core.webui.keyword.internal.WebUIKeywordMain.stepFailed(WebUIKeywordMain.groovy:64)
	at com.kms.katalon.core.webui.keyword.internal.WebUIKeywordMain.runKeyword(WebUIKeywordMain.groovy:26)
	at com.kms.katalon.core.webui.keyword.builtin.VerifyTextPresentKeyword.verifyTextPresent(VerifyTextPresentKeyword.groovy:83)
	at com.kms.katalon.core.webui.keyword.builtin.VerifyTextPresentKeyword.execute(VerifyTextPresentKeyword.groovy:68)
	at com.kms.katalon.core.keyword.internal.KeywordExecutor.executeKeywordForPlatform(KeywordExecutor.groovy:74)
	at com.kms.katalon.core.webui.keyword.WebUiBuiltInKeywords.verifyTextPresent(WebUiBuiltInKeywords.groovy:1723)
	at com.kms.katalon.core.webui.keyword.WebUiBuiltInKeywords$verifyTextPresent$10.call(Unknown Source)
	at TC-Pendaftaran-Failed-007.run(TC-Pendaftaran-Failed-007:49)
	at com.kms.katalon.core.main.ScriptEngine.run(ScriptEngine.java:194)
	at com.kms.katalon.core.main.ScriptEngine.runScriptAsRawText(ScriptEngine.java:119)
	at com.kms.katalon.core.main.TestCaseExecutor.runScript(TestCaseExecutor.java:448)
	at com.kms.katalon.core.main.TestCaseExecutor.doExecute(TestCaseExecutor.java:439)
	at com.kms.katalon.core.main.TestCaseExecutor.processExecutionPhase(TestCaseExecutor.java:418)
	at com.kms.katalon.core.main.TestCaseExecutor.accessMainPhase(TestCaseExecutor.java:410)
	at com.kms.katalon.core.main.TestCaseExecutor.execute(TestCaseExecutor.java:285)
	at com.kms.katalon.core.common.CommonExecutor.accessTestCaseMainPhase(CommonExecutor.java:65)
	at com.kms.katalon.core.main.TestSuiteExecutor.accessTestSuiteMainPhase(TestSuiteExecutor.java:148)
	at com.kms.katalon.core.main.TestSuiteExecutor.execute(TestSuiteExecutor.java:106)
	at com.kms.katalon.core.main.TestCaseMain.startTestSuite(TestCaseMain.java:187)
	at com.kms.katalon.core.main.TestCaseMain$startTestSuite$0.call(Unknown Source)
	at TempTestSuite1693908714118.run(TempTestSuite1693908714118.groovy:36)
Caused by: com.kms.katalon.core.exception.StepFailedException: Text 'password must include alpanumeric' is not present on page 
	at com.kms.katalon.core.webui.keyword.internal.WebUIKeywordMain.stepFailed(WebUIKeywordMain.groovy:64)
	at com.kms.katalon.core.webui.keyword.builtin.VerifyTextPresentKeyword$_verifyTextPresent_closure1.doCall(VerifyTextPresentKeyword.groovy:79)
	at com.kms.katalon.core.webui.keyword.builtin.VerifyTextPresentKeyword$_verifyTextPresent_closure1.call(VerifyTextPresentKeyword.groovy)
	at com.kms.katalon.core.webui.keyword.internal.WebUIKeywordMain.runKeyword(WebUIKeywordMain.groovy:20)
	... 19 more


2023-09-05 17:16:14 - [TEST_STEP][PASSED] - openBrowser(urlWeb): Browser is opened with url: 'https://10.9.2.63/ecommerce/'

2023-09-05 17:16:14 - [MESSAGE][WARNING] - A browser is already opened. Closing browser and opening a new one

2023-09-05 17:16:15 - [MESSAGE][INFO] - Starting 'Edge Chromium' driver

2023-09-05 17:16:15 - [MESSAGE][INFO] - User set preference: ['acceptInsecureCerts', 'true']

2023-09-05 17:16:17 - [MESSAGE][INFO] - Action delay is set to 0 milliseconds

2023-09-05 17:16:23 - [MESSAGE][PASSED] - Browser is opened with url: 'https://10.9.2.63/ecommerce/'

2023-09-05 17:16:23 - [TEST_STEP][PASSED] - maximizeWindow(): Current window maximized

2023-09-05 17:16:23 - [MESSAGE][PASSED] - Current window maximized

2023-09-05 17:16:23 - [TEST_STEP][PASSED] - verifyElementPresent(findTestObject("verifikasi halaman tajalapak sebelum daftar"), 0): Object 'Object Repository/verifikasi halaman tajalapak sebelum daftar' is present

2023-09-05 17:16:23 - [MESSAGE][WARNING] - Timeout '0' is invalid. Using default page load timeout: '30'

2023-09-05 17:16:24 - [MESSAGE][PASSED] - Object 'Object Repository/verifikasi halaman tajalapak sebelum daftar' is present

2023-09-05 17:16:24 - [TEST_STEP][PASSED] - click(findTestObject("Pendaftaran/button Register")): Object: 'Object Repository/Pendaftaran/button Register' is clicked on

2023-09-05 17:16:25 - [MESSAGE][PASSED] - Object: 'Object Repository/Pendaftaran/button Register' is clicked on

2023-09-05 17:16:25 - [TEST_STEP][PASSED] - verifyElementPresent(findTestObject("Pendaftaran/verifikasi masuk helamaan daftar"), 0): Object 'Object Repository/Pendaftaran/verifikasi masuk helamaan daftar' is present

2023-09-05 17:16:25 - [MESSAGE][WARNING] - Timeout '0' is invalid. Using default page load timeout: '30'

2023-09-05 17:16:26 - [MESSAGE][PASSED] - Object 'Object Repository/Pendaftaran/verifikasi masuk helamaan daftar' is present

2023-09-05 17:16:26 - [TEST_STEP][PASSED] - setText(findTestObject("Pendaftaran/input username"), usn): Text 'anata73' is set on object 'Object Repository/Pendaftaran/input username'

2023-09-05 17:16:27 - [MESSAGE][PASSED] - Text 'anata73' is set on object 'Object Repository/Pendaftaran/input username'

2023-09-05 17:16:27 - [TEST_STEP][PASSED] - setText(findTestObject("Pendaftaran/input email"), email): Text 'anata73@gmail.com' is set on object 'Object Repository/Pendaftaran/input email'

2023-09-05 17:16:28 - [MESSAGE][PASSED] - Text 'anata73@gmail.com' is set on object 'Object Repository/Pendaftaran/input email'

2023-09-05 17:16:28 - [TEST_STEP][PASSED] - setText(findTestObject("Pendaftaran/input Nomor Telephon"), noHp): Text '085643218765' is set on object 'Object Repository/Pendaftaran/input Nomor Telephon'

2023-09-05 17:16:30 - [MESSAGE][PASSED] - Text '085643218765' is set on object 'Object Repository/Pendaftaran/input Nomor Telephon'

2023-09-05 17:16:30 - [TEST_STEP][PASSED] - if (toString().equalsIgnoreCase("Perempuan")): Object 'Object Repository/Pendaftaran/pilihan Wanita_jenis_kelamin' is checked

2023-09-05 17:16:30 - [TEST_STEP][PASSED] - check(findTestObject("Pendaftaran/pilihan Wanita_jenis_kelamin")): Object 'Object Repository/Pendaftaran/pilihan Wanita_jenis_kelamin' is checked

2023-09-05 17:16:31 - [MESSAGE][PASSED] - Object 'Object Repository/Pendaftaran/pilihan Wanita_jenis_kelamin' is checked

2023-09-05 17:16:31 - [TEST_STEP][PASSED] - setEncryptedText(findTestObject("Pendaftaran/input password"), "cEZ5BwTAfeQ="): Text ****** has been set on object 'Object Repository/Pendaftaran/input password'

2023-09-05 17:16:32 - [MESSAGE][PASSED] - Text ****** has been set on object 'Object Repository/Pendaftaran/input password'

2023-09-05 17:16:32 - [TEST_STEP][PASSED] - setEncryptedText(findTestObject("Pendaftaran/input konfirmasi password"), "cEZ5BwTAfeQ="): Text ****** has been set on object 'Object Repository/Pendaftaran/input konfirmasi password'

2023-09-05 17:16:33 - [MESSAGE][PASSED] - Text ****** has been set on object 'Object Repository/Pendaftaran/input konfirmasi password'

2023-09-05 17:16:33 - [TEST_STEP][PASSED] - click(findTestObject("Pendaftaran/button_Daftar")): Object: 'Object Repository/Pendaftaran/button_Daftar' is clicked on

2023-09-05 17:16:52 - [MESSAGE][PASSED] - Object: 'Object Repository/Pendaftaran/button_Daftar' is clicked on

2023-09-05 17:16:52 - [TEST_STEP][FAILED] - verifyTextPresent("password must include alpanumeric", false): Unable to verify text 'password must include alpanumeric' is present  (Root cause: com.kms.katalon.core.exception.StepFailedException: Unable to verify text 'password must include alpanumeric' is present 
	at com.kms.katalon.core.webui.keyword.internal.WebUIKeywordMain.stepFailed(WebUIKeywordMain.groovy:64)
	at com.kms.katalon.core.webui.keyword.internal.WebUIKeywordMain.runKeyword(WebUIKeywordMain.groovy:26)
	at com.kms.katalon.core.webui.keyword.builtin.VerifyTextPresentKeyword.verifyTextPresent(VerifyTextPresentKeyword.groovy:83)
	at com.kms.katalon.core.webui.keyword.builtin.VerifyTextPresentKeyword.execute(VerifyTextPresentKeyword.groovy:68)
	at com.kms.katalon.core.keyword.internal.KeywordExecutor.executeKeywordForPlatform(KeywordExecutor.groovy:74)
	at com.kms.katalon.core.webui.keyword.WebUiBuiltInKeywords.verifyTextPresent(WebUiBuiltInKeywords.groovy:1723)
	at com.kms.katalon.core.webui.keyword.WebUiBuiltInKeywords$verifyTextPresent$10.call(Unknown Source)
	at TC-Pendaftaran-Failed-007.run(TC-Pendaftaran-Failed-007:49)
	at com.kms.katalon.core.main.ScriptEngine.run(ScriptEngine.java:194)
	at com.kms.katalon.core.main.ScriptEngine.runScriptAsRawText(ScriptEngine.java:119)
	at com.kms.katalon.core.main.TestCaseExecutor.runScript(TestCaseExecutor.java:448)
	at com.kms.katalon.core.main.TestCaseExecutor.doExecute(TestCaseExecutor.java:439)
	at com.kms.katalon.core.main.TestCaseExecutor.processExecutionPhase(TestCaseExecutor.java:418)
	at com.kms.katalon.core.main.TestCaseExecutor.accessMainPhase(TestCaseExecutor.java:410)
	at com.kms.katalon.core.main.TestCaseExecutor.execute(TestCaseExecutor.java:285)
	at com.kms.katalon.core.common.CommonExecutor.accessTestCaseMainPhase(CommonExecutor.java:65)
	at com.kms.katalon.core.main.TestSuiteExecutor.accessTestSuiteMainPhase(TestSuiteExecutor.java:148)
	at com.kms.katalon.core.main.TestSuiteExecutor.execute(TestSuiteExecutor.java:106)
	at com.kms.katalon.core.main.TestCaseMain.startTestSuite(TestCaseMain.java:187)
	at com.kms.katalon.core.main.TestCaseMain$startTestSuite$0.call(Unknown Source)
	at TempTestSuite1693908714118.run(TempTestSuite1693908714118.groovy:36)
Caused by: com.kms.katalon.core.exception.StepFailedException: Text 'password must include alpanumeric' is not present on page 
	at com.kms.katalon.core.webui.keyword.internal.WebUIKeywordMain.stepFailed(WebUIKeywordMain.groovy:64)
	at com.kms.katalon.core.webui.keyword.builtin.VerifyTextPresentKeyword$_verifyTextPresent_closure1.doCall(VerifyTextPresentKeyword.groovy:79)
	at com.kms.katalon.core.webui.keyword.builtin.VerifyTextPresentKeyword$_verifyTextPresent_closure1.call(VerifyTextPresentKeyword.groovy)
	at com.kms.katalon.core.webui.keyword.internal.WebUIKeywordMain.runKeyword(WebUIKeywordMain.groovy:20)
	... 19 more
)

2023-09-05 17:16:53 - [MESSAGE][FAILED] - Text 'password must include alpanumeric' is not present on page  (Root cause: com.kms.katalon.core.exception.StepFailedException: Text 'password must include alpanumeric' is not present on page 
	at com.kms.katalon.core.webui.keyword.internal.WebUIKeywordMain.stepFailed(WebUIKeywordMain.groovy:64)
	at com.kms.katalon.core.webui.keyword.builtin.VerifyTextPresentKeyword$_verifyTextPresent_closure1.doCall(VerifyTextPresentKeyword.groovy:79)
	at com.kms.katalon.core.webui.keyword.builtin.VerifyTextPresentKeyword$_verifyTextPresent_closure1.call(VerifyTextPresentKeyword.groovy)
	at com.kms.katalon.core.webui.keyword.internal.WebUIKeywordMain.runKeyword(WebUIKeywordMain.groovy:20)
	at com.kms.katalon.core.webui.keyword.builtin.VerifyTextPresentKeyword.verifyTextPresent(VerifyTextPresentKeyword.groovy:83)
	at com.kms.katalon.core.webui.keyword.builtin.VerifyTextPresentKeyword.execute(VerifyTextPresentKeyword.groovy:68)
	at com.kms.katalon.core.keyword.internal.KeywordExecutor.executeKeywordForPlatform(KeywordExecutor.groovy:74)
	at com.kms.katalon.core.webui.keyword.WebUiBuiltInKeywords.verifyTextPresent(WebUiBuiltInKeywords.groovy:1723)
	at com.kms.katalon.core.webui.keyword.WebUiBuiltInKeywords$verifyTextPresent$10.call(Unknown Source)
	at TC-Pendaftaran-Failed-007.run(TC-Pendaftaran-Failed-007:49)
	at com.kms.katalon.core.main.ScriptEngine.run(ScriptEngine.java:194)
	at com.kms.katalon.core.main.ScriptEngine.runScriptAsRawText(ScriptEngine.java:119)
	at com.kms.katalon.core.main.TestCaseExecutor.runScript(TestCaseExecutor.java:448)
	at com.kms.katalon.core.main.TestCaseExecutor.doExecute(TestCaseExecutor.java:439)
	at com.kms.katalon.core.main.TestCaseExecutor.processExecutionPhase(TestCaseExecutor.java:418)
	at com.kms.katalon.core.main.TestCaseExecutor.accessMainPhase(TestCaseExecutor.java:410)
	at com.kms.katalon.core.main.TestCaseExecutor.execute(TestCaseExecutor.java:285)
	at com.kms.katalon.core.common.CommonExecutor.accessTestCaseMainPhase(CommonExecutor.java:65)
	at com.kms.katalon.core.main.TestSuiteExecutor.accessTestSuiteMainPhase(TestSuiteExecutor.java:148)
	at com.kms.katalon.core.main.TestSuiteExecutor.execute(TestSuiteExecutor.java:106)
	at com.kms.katalon.core.main.TestCaseMain.startTestSuite(TestCaseMain.java:187)
	at com.kms.katalon.core.main.TestCaseMain$startTestSuite$0.call(Unknown Source)
	at TempTestSuite1693908714118.run(TempTestSuite1693908714118.groovy:36)
)

2023-09-05 17:16:53 - [MESSAGE][FAILED] - Unable to verify text 'password must include alpanumeric' is present  (Root cause: com.kms.katalon.core.exception.StepFailedException: Unable to verify text 'password must include alpanumeric' is present 
	at com.kms.katalon.core.webui.keyword.internal.WebUIKeywordMain.stepFailed(WebUIKeywordMain.groovy:64)
	at com.kms.katalon.core.webui.keyword.internal.WebUIKeywordMain.runKeyword(WebUIKeywordMain.groovy:26)
	at com.kms.katalon.core.webui.keyword.builtin.VerifyTextPresentKeyword.verifyTextPresent(VerifyTextPresentKeyword.groovy:83)
	at com.kms.katalon.core.webui.keyword.builtin.VerifyTextPresentKeyword.execute(VerifyTextPresentKeyword.groovy:68)
	at com.kms.katalon.core.keyword.internal.KeywordExecutor.executeKeywordForPlatform(KeywordExecutor.groovy:74)
	at com.kms.katalon.core.webui.keyword.WebUiBuiltInKeywords.verifyTextPresent(WebUiBuiltInKeywords.groovy:1723)
	at com.kms.katalon.core.webui.keyword.WebUiBuiltInKeywords$verifyTextPresent$10.call(Unknown Source)
	at TC-Pendaftaran-Failed-007.run(TC-Pendaftaran-Failed-007:49)
	at com.kms.katalon.core.main.ScriptEngine.run(ScriptEngine.java:194)
	at com.kms.katalon.core.main.ScriptEngine.runScriptAsRawText(ScriptEngine.java:119)
	at com.kms.katalon.core.main.TestCaseExecutor.runScript(TestCaseExecutor.java:448)
	at com.kms.katalon.core.main.TestCaseExecutor.doExecute(TestCaseExecutor.java:439)
	at com.kms.katalon.core.main.TestCaseExecutor.processExecutionPhase(TestCaseExecutor.java:418)
	at com.kms.katalon.core.main.TestCaseExecutor.accessMainPhase(TestCaseExecutor.java:410)
	at com.kms.katalon.core.main.TestCaseExecutor.execute(TestCaseExecutor.java:285)
	at com.kms.katalon.core.common.CommonExecutor.accessTestCaseMainPhase(CommonExecutor.java:65)
	at com.kms.katalon.core.main.TestSuiteExecutor.accessTestSuiteMainPhase(TestSuiteExecutor.java:148)
	at com.kms.katalon.core.main.TestSuiteExecutor.execute(TestSuiteExecutor.java:106)
	at com.kms.katalon.core.main.TestCaseMain.startTestSuite(TestCaseMain.java:187)
	at com.kms.katalon.core.main.TestCaseMain$startTestSuite$0.call(Unknown Source)
	at TempTestSuite1693908714118.run(TempTestSuite1693908714118.groovy:36)
Caused by: com.kms.katalon.core.exception.StepFailedException: Text 'password must include alpanumeric' is not present on page 
	at com.kms.katalon.core.webui.keyword.internal.WebUIKeywordMain.stepFailed(WebUIKeywordMain.groovy:64)
	at com.kms.katalon.core.webui.keyword.builtin.VerifyTextPresentKeyword$_verifyTextPresent_closure1.doCall(VerifyTextPresentKeyword.groovy:79)
	at com.kms.katalon.core.webui.keyword.builtin.VerifyTextPresentKeyword$_verifyTextPresent_closure1.call(VerifyTextPresentKeyword.groovy)
	at com.kms.katalon.core.webui.keyword.internal.WebUIKeywordMain.runKeyword(WebUIKeywordMain.groovy:20)
	... 19 more
)
[[ATTACHMENT|F:\\bootcamp\\Miniproject\\Tajalapak\\Reports\\20230905_171153\\T08-Pendaftaran\\20230905_171154\\1693909013286.png]]]]></system-out>
         <system-err><![CDATA[2023-09-05 17:16:13 - [TEST_CASE][FAILED] - Test Cases/T08 - Pendaftaran/TC-Pendaftaran-Failed-007: Test Cases/T08 - Pendaftaran/TC-Pendaftaran-Failed-007 FAILED.
Reason:
com.kms.katalon.core.exception.StepFailedException: Unable to verify text 'password must include alpanumeric' is present 
	at com.kms.katalon.core.webui.keyword.internal.WebUIKeywordMain.stepFailed(WebUIKeywordMain.groovy:64)
	at com.kms.katalon.core.webui.keyword.internal.WebUIKeywordMain.runKeyword(WebUIKeywordMain.groovy:26)
	at com.kms.katalon.core.webui.keyword.builtin.VerifyTextPresentKeyword.verifyTextPresent(VerifyTextPresentKeyword.groovy:83)
	at com.kms.katalon.core.webui.keyword.builtin.VerifyTextPresentKeyword.execute(VerifyTextPresentKeyword.groovy:68)
	at com.kms.katalon.core.keyword.internal.KeywordExecutor.executeKeywordForPlatform(KeywordExecutor.groovy:74)
	at com.kms.katalon.core.webui.keyword.WebUiBuiltInKeywords.verifyTextPresent(WebUiBuiltInKeywords.groovy:1723)
	at com.kms.katalon.core.webui.keyword.WebUiBuiltInKeywords$verifyTextPresent$10.call(Unknown Source)
	at TC-Pendaftaran-Failed-007.run(TC-Pendaftaran-Failed-007:49)
	at com.kms.katalon.core.main.ScriptEngine.run(ScriptEngine.java:194)
	at com.kms.katalon.core.main.ScriptEngine.runScriptAsRawText(ScriptEngine.java:119)
	at com.kms.katalon.core.main.TestCaseExecutor.runScript(TestCaseExecutor.java:448)
	at com.kms.katalon.core.main.TestCaseExecutor.doExecute(TestCaseExecutor.java:439)
	at com.kms.katalon.core.main.TestCaseExecutor.processExecutionPhase(TestCaseExecutor.java:418)
	at com.kms.katalon.core.main.TestCaseExecutor.accessMainPhase(TestCaseExecutor.java:410)
	at com.kms.katalon.core.main.TestCaseExecutor.execute(TestCaseExecutor.java:285)
	at com.kms.katalon.core.common.CommonExecutor.accessTestCaseMainPhase(CommonExecutor.java:65)
	at com.kms.katalon.core.main.TestSuiteExecutor.accessTestSuiteMainPhase(TestSuiteExecutor.java:148)
	at com.kms.katalon.core.main.TestSuiteExecutor.execute(TestSuiteExecutor.java:106)
	at com.kms.katalon.core.main.TestCaseMain.startTestSuite(TestCaseMain.java:187)
	at com.kms.katalon.core.main.TestCaseMain$startTestSuite$0.call(Unknown Source)
	at TempTestSuite1693908714118.run(TempTestSuite1693908714118.groovy:36)
Caused by: com.kms.katalon.core.exception.StepFailedException: Text 'password must include alpanumeric' is not present on page 
	at com.kms.katalon.core.webui.keyword.internal.WebUIKeywordMain.stepFailed(WebUIKeywordMain.groovy:64)
	at com.kms.katalon.core.webui.keyword.builtin.VerifyTextPresentKeyword$_verifyTextPresent_closure1.doCall(VerifyTextPresentKeyword.groovy:79)
	at com.kms.katalon.core.webui.keyword.builtin.VerifyTextPresentKeyword$_verifyTextPresent_closure1.call(VerifyTextPresentKeyword.groovy)
	at com.kms.katalon.core.webui.keyword.internal.WebUIKeywordMain.runKeyword(WebUIKeywordMain.groovy:20)
	... 19 more]]></system-err>
      </testcase>
      <testcase name="Test Cases/T08 - Pendaftaran/TC-Pendaftaran-Failed-008" time="21.227" classname="Test Cases/T08 - Pendaftaran/TC-Pendaftaran-Failed-008" status="PASSED">
         <system-out><![CDATA[2023-09-05 17:16:53 - [TEST_CASE][PASSED] - Test Cases/T08 - Pendaftaran/TC-Pendaftaran-Failed-008: Test Cases/T08 - Pendaftaran/TC-Pendaftaran-Failed-008

2023-09-05 17:16:54 - [TEST_STEP][PASSED] - openBrowser(urlWeb): Browser is opened with url: 'https://10.9.2.63/ecommerce/'

2023-09-05 17:16:54 - [MESSAGE][WARNING] - A browser is already opened. Closing browser and opening a new one

2023-09-05 17:16:55 - [MESSAGE][INFO] - Starting 'Edge Chromium' driver

2023-09-05 17:16:55 - [MESSAGE][INFO] - User set preference: ['acceptInsecureCerts', 'true']

2023-09-05 17:16:57 - [MESSAGE][INFO] - Action delay is set to 0 milliseconds

2023-09-05 17:17:01 - [MESSAGE][PASSED] - Browser is opened with url: 'https://10.9.2.63/ecommerce/'

2023-09-05 17:17:01 - [TEST_STEP][PASSED] - maximizeWindow(): Current window maximized

2023-09-05 17:17:02 - [MESSAGE][PASSED] - Current window maximized

2023-09-05 17:17:02 - [TEST_STEP][PASSED] - verifyElementPresent(findTestObject("verifikasi halaman tajalapak sebelum daftar"), 0): Object 'Object Repository/verifikasi halaman tajalapak sebelum daftar' is present

2023-09-05 17:17:02 - [MESSAGE][WARNING] - Timeout '0' is invalid. Using default page load timeout: '30'

2023-09-05 17:17:03 - [MESSAGE][PASSED] - Object 'Object Repository/verifikasi halaman tajalapak sebelum daftar' is present

2023-09-05 17:17:03 - [TEST_STEP][PASSED] - click(findTestObject("Pendaftaran/button Register")): Object: 'Object Repository/Pendaftaran/button Register' is clicked on

2023-09-05 17:17:04 - [MESSAGE][PASSED] - Object: 'Object Repository/Pendaftaran/button Register' is clicked on

2023-09-05 17:17:04 - [TEST_STEP][PASSED] - verifyElementPresent(findTestObject("Pendaftaran/verifikasi masuk helamaan daftar"), 0): Object 'Object Repository/Pendaftaran/verifikasi masuk helamaan daftar' is present

2023-09-05 17:17:04 - [MESSAGE][WARNING] - Timeout '0' is invalid. Using default page load timeout: '30'

2023-09-05 17:17:05 - [MESSAGE][PASSED] - Object 'Object Repository/Pendaftaran/verifikasi masuk helamaan daftar' is present

2023-09-05 17:17:05 - [TEST_STEP][PASSED] - setText(findTestObject("Pendaftaran/input username"), usn): Text 'ikanana' is set on object 'Object Repository/Pendaftaran/input username'

2023-09-05 17:17:06 - [MESSAGE][PASSED] - Text 'ikanana' is set on object 'Object Repository/Pendaftaran/input username'

2023-09-05 17:17:06 - [TEST_STEP][PASSED] - setText(findTestObject("Pendaftaran/input email"), email): Text 'ikana71@gmail.com' is set on object 'Object Repository/Pendaftaran/input email'

2023-09-05 17:17:08 - [MESSAGE][PASSED] - Text 'ikana71@gmail.com' is set on object 'Object Repository/Pendaftaran/input email'

2023-09-05 17:17:08 - [TEST_STEP][PASSED] - setText(findTestObject("Pendaftaran/input Nomor Telephon"), noHp): Text '085643218731' is set on object 'Object Repository/Pendaftaran/input Nomor Telephon'

2023-09-05 17:17:09 - [MESSAGE][PASSED] - Text '085643218731' is set on object 'Object Repository/Pendaftaran/input Nomor Telephon'

2023-09-05 17:17:09 - [TEST_STEP][PASSED] - if (toString().equalsIgnoreCase("Perempuan")): Object 'Object Repository/Pendaftaran/pilihan Wanita_jenis_kelamin' is checked

2023-09-05 17:17:09 - [TEST_STEP][PASSED] - check(findTestObject("Pendaftaran/pilihan Wanita_jenis_kelamin")): Object 'Object Repository/Pendaftaran/pilihan Wanita_jenis_kelamin' is checked

2023-09-05 17:17:10 - [MESSAGE][PASSED] - Object 'Object Repository/Pendaftaran/pilihan Wanita_jenis_kelamin' is checked

2023-09-05 17:17:10 - [TEST_STEP][PASSED] - setEncryptedText(findTestObject("Pendaftaran/input password"), "qbkrdMwyWE4="): Text ****** has been set on object 'Object Repository/Pendaftaran/input password'

2023-09-05 17:17:11 - [MESSAGE][PASSED] - Text ****** has been set on object 'Object Repository/Pendaftaran/input password'

2023-09-05 17:17:11 - [TEST_STEP][PASSED] - setEncryptedText(findTestObject("Pendaftaran/input konfirmasi password"), "qbkrdMwyWE4="): Text ****** has been set on object 'Object Repository/Pendaftaran/input konfirmasi password'

2023-09-05 17:17:12 - [MESSAGE][PASSED] - Text ****** has been set on object 'Object Repository/Pendaftaran/input konfirmasi password'

2023-09-05 17:17:12 - [TEST_STEP][PASSED] - click(findTestObject("Pendaftaran/button_Daftar")): Object: 'Object Repository/Pendaftaran/button_Daftar' is clicked on

2023-09-05 17:17:13 - [MESSAGE][PASSED] - Object: 'Object Repository/Pendaftaran/button_Daftar' is clicked on

2023-09-05 17:17:13 - [TEST_STEP][PASSED] - verifyElementText(findTestObject("Pendaftaran/daftar ulang dengan email username dan no hp yang sama"), "Username/Email/No Telpon Telah Digunakan!"): Actual text and expected text of test object 'Object Repository/Pendaftaran/daftar ulang dengan email username dan no hp yang sama' are matched.

2023-09-05 17:17:14 - [MESSAGE][PASSED] - Actual text and expected text of test object 'Object Repository/Pendaftaran/daftar ulang dengan email username dan no hp yang sama' are matched.]]></system-out>
         <system-err><![CDATA[]]></system-err>
      </testcase>
      <testcase name="Test Cases/delete data/TC-Delete-Suceses-001" time="30.849" classname="Test Cases/delete data/TC-Delete-Suceses-001" status="PASSED">
         <system-out><![CDATA[2023-09-05 17:17:14 - [TEST_CASE][PASSED] - Test Cases/delete data/TC-Delete-Suceses-001: Test Cases/delete data/TC-Delete-Suceses-001

2023-09-05 17:17:16 - [TEST_STEP][PASSED] - openBrowser("https://10.9.2.63/ecommerce/administrator/"): Browser is opened with url: 'https://10.9.2.63/ecommerce/administrator/'

2023-09-05 17:17:16 - [MESSAGE][WARNING] - A browser is already opened. Closing browser and opening a new one

2023-09-05 17:17:17 - [MESSAGE][INFO] - Starting 'Edge Chromium' driver

2023-09-05 17:17:17 - [MESSAGE][INFO] - User set preference: ['acceptInsecureCerts', 'true']

2023-09-05 17:17:19 - [MESSAGE][INFO] - Action delay is set to 0 milliseconds

2023-09-05 17:17:24 - [MESSAGE][PASSED] - Browser is opened with url: 'https://10.9.2.63/ecommerce/administrator/'

2023-09-05 17:17:24 - [TEST_STEP][PASSED] - maximizeWindow(): Current window maximized

2023-09-05 17:17:24 - [MESSAGE][PASSED] - Current window maximized

2023-09-05 17:17:24 - [TEST_STEP][PASSED] - setText(findTestObject("delete akun/input usn admin"), "admin"): Text 'admin' is set on object 'Object Repository/delete akun/input usn admin'

2023-09-05 17:17:26 - [MESSAGE][PASSED] - Text 'admin' is set on object 'Object Repository/delete akun/input usn admin'

2023-09-05 17:17:26 - [TEST_STEP][PASSED] - setEncryptedText(findTestObject("delete akun/input password admin"), "374mkdZ/lqyNS21oH+MJZQ=="): Text ****** has been set on object 'Object Repository/delete akun/input password admin'

2023-09-05 17:17:27 - [MESSAGE][PASSED] - Text ****** has been set on object 'Object Repository/delete akun/input password admin'

2023-09-05 17:17:27 - [TEST_STEP][PASSED] - delay(10): Delayed 10 second(s)

2023-09-05 17:17:37 - [MESSAGE][PASSED] - Delayed 10 second(s)

2023-09-05 17:17:37 - [TEST_STEP][PASSED] - click(findTestObject("delete akun/button signin di web admin")): Object: 'Object Repository/delete akun/button signin di web admin' is clicked on

2023-09-05 17:17:41 - [MESSAGE][PASSED] - Object: 'Object Repository/delete akun/button signin di web admin' is clicked on

2023-09-05 17:17:41 - [TEST_STEP][PASSED] - click(findTestObject("delete akun/a_Konsumen")): Object: 'Object Repository/delete akun/a_Konsumen' is clicked on

2023-09-05 17:17:43 - [MESSAGE][PASSED] - Object: 'Object Repository/delete akun/a_Konsumen' is clicked on

2023-09-05 17:17:43 - [TEST_STEP][PASSED] - setText(findTestObject("delete akun/input search nama konsumen"), noHp): Text '085643955432' is set on object 'Object Repository/delete akun/input search nama konsumen'

2023-09-05 17:17:44 - [MESSAGE][PASSED] - Text '085643955432' is set on object 'Object Repository/delete akun/input search nama konsumen'

2023-09-05 17:17:44 - [TEST_STEP][PASSED] - click(findTestObject("delete akun/untuk delete akun")): Object: 'Object Repository/delete akun/untuk delete akun' is clicked on

2023-09-05 17:17:45 - [MESSAGE][PASSED] - Object: 'Object Repository/delete akun/untuk delete akun' is clicked on

2023-09-05 17:17:45 - [TEST_STEP][PASSED] - acceptAlert(): Alert accepted

2023-09-05 17:17:45 - [MESSAGE][PASSED] - Alert accepted]]></system-out>
         <system-err><![CDATA[]]></system-err>
      </testcase>
      <testcase name="Test Cases/delete data/TC-Delete-Suceses-002" time="30.502" classname="Test Cases/delete data/TC-Delete-Suceses-002" status="PASSED">
         <system-out><![CDATA[2023-09-05 17:17:45 - [TEST_CASE][PASSED] - Test Cases/delete data/TC-Delete-Suceses-002: Test Cases/delete data/TC-Delete-Suceses-002

2023-09-05 17:17:47 - [TEST_STEP][PASSED] - openBrowser("https://10.9.2.63/ecommerce/administrator/"): Browser is opened with url: 'https://10.9.2.63/ecommerce/administrator/'

2023-09-05 17:17:47 - [MESSAGE][WARNING] - A browser is already opened. Closing browser and opening a new one

2023-09-05 17:17:48 - [MESSAGE][INFO] - Starting 'Edge Chromium' driver

2023-09-05 17:17:48 - [MESSAGE][INFO] - User set preference: ['acceptInsecureCerts', 'true']

2023-09-05 17:17:50 - [MESSAGE][INFO] - Action delay is set to 0 milliseconds

2023-09-05 17:17:53 - [MESSAGE][PASSED] - Browser is opened with url: 'https://10.9.2.63/ecommerce/administrator/'

2023-09-05 17:17:53 - [TEST_STEP][PASSED] - maximizeWindow(): Current window maximized

2023-09-05 17:17:54 - [MESSAGE][PASSED] - Current window maximized

2023-09-05 17:17:54 - [TEST_STEP][PASSED] - setText(findTestObject("delete akun/input usn admin"), "admin"): Text 'admin' is set on object 'Object Repository/delete akun/input usn admin'

2023-09-05 17:17:55 - [MESSAGE][PASSED] - Text 'admin' is set on object 'Object Repository/delete akun/input usn admin'

2023-09-05 17:17:55 - [TEST_STEP][PASSED] - setEncryptedText(findTestObject("delete akun/input password admin"), "374mkdZ/lqyNS21oH+MJZQ=="): Text ****** has been set on object 'Object Repository/delete akun/input password admin'

2023-09-05 17:17:56 - [MESSAGE][PASSED] - Text ****** has been set on object 'Object Repository/delete akun/input password admin'

2023-09-05 17:17:56 - [TEST_STEP][PASSED] - delay(10): Delayed 10 second(s)

2023-09-05 17:18:06 - [MESSAGE][PASSED] - Delayed 10 second(s)

2023-09-05 17:18:06 - [TEST_STEP][PASSED] - click(findTestObject("delete akun/button signin di web admin")): Object: 'Object Repository/delete akun/button signin di web admin' is clicked on

2023-09-05 17:18:09 - [MESSAGE][PASSED] - Object: 'Object Repository/delete akun/button signin di web admin' is clicked on

2023-09-05 17:18:09 - [TEST_STEP][PASSED] - click(findTestObject("delete akun/a_Konsumen")): Object: 'Object Repository/delete akun/a_Konsumen' is clicked on

2023-09-05 17:18:13 - [MESSAGE][PASSED] - Object: 'Object Repository/delete akun/a_Konsumen' is clicked on

2023-09-05 17:18:13 - [TEST_STEP][PASSED] - setText(findTestObject("delete akun/input search nama konsumen"), noHp): Text '085643217856' is set on object 'Object Repository/delete akun/input search nama konsumen'

2023-09-05 17:18:15 - [MESSAGE][PASSED] - Text '085643217856' is set on object 'Object Repository/delete akun/input search nama konsumen'

2023-09-05 17:18:15 - [TEST_STEP][PASSED] - click(findTestObject("delete akun/untuk delete akun")): Object: 'Object Repository/delete akun/untuk delete akun' is clicked on

2023-09-05 17:18:16 - [MESSAGE][PASSED] - Object: 'Object Repository/delete akun/untuk delete akun' is clicked on

2023-09-05 17:18:16 - [TEST_STEP][PASSED] - acceptAlert(): Alert accepted

2023-09-05 17:18:16 - [MESSAGE][PASSED] - Alert accepted]]></system-out>
         <system-err><![CDATA[]]></system-err>
      </testcase>
      <system-out><![CDATA[2023-09-05 17:12:07 - [TEST_SUITE][FAILED] - T08-Pendaftaran: Test Cases/T08 - Pendaftaran/TC-Pendaftaran-Failed-001 FAILED.
Reason:
Assertion failed: 

assert error_message == "please enter a valid email addres."
       |             |
       null          false

	at TC-Pendaftaran-Failed-001.run(TC-Pendaftaran-Failed-001:66)
	at com.kms.katalon.core.main.ScriptEngine.run(ScriptEngine.java:194)
	at com.kms.katalon.core.main.ScriptEngine.runScriptAsRawText(ScriptEngine.java:119)
	at com.kms.katalon.core.main.TestCaseExecutor.runScript(TestCaseExecutor.java:448)
	at com.kms.katalon.core.main.TestCaseExecutor.doExecute(TestCaseExecutor.java:439)
	at com.kms.katalon.core.main.TestCaseExecutor.processExecutionPhase(TestCaseExecutor.java:418)
	at com.kms.katalon.core.main.TestCaseExecutor.accessMainPhase(TestCaseExecutor.java:410)
	at com.kms.katalon.core.main.TestCaseExecutor.execute(TestCaseExecutor.java:285)
	at com.kms.katalon.core.common.CommonExecutor.accessTestCaseMainPhase(CommonExecutor.java:65)
	at com.kms.katalon.core.main.TestSuiteExecutor.accessTestSuiteMainPhase(TestSuiteExecutor.java:148)
	at com.kms.katalon.core.main.TestSuiteExecutor.execute(TestSuiteExecutor.java:106)
	at com.kms.katalon.core.main.TestCaseMain.startTestSuite(TestCaseMain.java:187)
	at com.kms.katalon.core.main.TestCaseMain$startTestSuite$0.call(Unknown Source)
	at TempTestSuite1693908714118.run(TempTestSuite1693908714118.groovy:36)]]></system-out>
      <system-err><![CDATA[2023-09-05 17:12:07 - [TEST_SUITE][FAILED] - T08-Pendaftaran: Test Cases/T08 - Pendaftaran/TC-Pendaftaran-Failed-001 FAILED.
Reason:
Assertion failed: 

assert error_message == "please enter a valid email addres."
       |             |
       null          false

	at TC-Pendaftaran-Failed-001.run(TC-Pendaftaran-Failed-001:66)
	at com.kms.katalon.core.main.ScriptEngine.run(ScriptEngine.java:194)
	at com.kms.katalon.core.main.ScriptEngine.runScriptAsRawText(ScriptEngine.java:119)
	at com.kms.katalon.core.main.TestCaseExecutor.runScript(TestCaseExecutor.java:448)
	at com.kms.katalon.core.main.TestCaseExecutor.doExecute(TestCaseExecutor.java:439)
	at com.kms.katalon.core.main.TestCaseExecutor.processExecutionPhase(TestCaseExecutor.java:418)
	at com.kms.katalon.core.main.TestCaseExecutor.accessMainPhase(TestCaseExecutor.java:410)
	at com.kms.katalon.core.main.TestCaseExecutor.execute(TestCaseExecutor.java:285)
	at com.kms.katalon.core.common.CommonExecutor.accessTestCaseMainPhase(CommonExecutor.java:65)
	at com.kms.katalon.core.main.TestSuiteExecutor.accessTestSuiteMainPhase(TestSuiteExecutor.java:148)
	at com.kms.katalon.core.main.TestSuiteExecutor.execute(TestSuiteExecutor.java:106)
	at com.kms.katalon.core.main.TestCaseMain.startTestSuite(TestCaseMain.java:187)
	at com.kms.katalon.core.main.TestCaseMain$startTestSuite$0.call(Unknown Source)
	at TempTestSuite1693908714118.run(TempTestSuite1693908714118.groovy:36)]]></system-err>
   </testsuite>
</testsuites>
