<?xml version="1.0" encoding="UTF-8"?>
<testsuites name="T05 - Sedekah Online" time="663.644" tests="8" failures="4" errors="0">
   <testsuite name="T05 - Sedekah Online" tests="8" failures="4" errors="0" time="663.644" skipped="0" timestamp="2023-09-05 15:37:50" hostname="USER - DESKTOP-22KTP91" id="Test Suites/T05- Sedekah Online/T05 - Sedekah Online">
      <properties>
         <property name="deviceName" value=""/>
         <property name="devicePlatform" value=""/>
         <property name="logFolder" value="F:\\bootcamp\\Miniproject\\Tajalapak\\Reports\\20230905_153738\\T05- Sedekah Online\\T05 - Sedekah Online\\20230905_153738"/>
         <property name="logFiles" value="F:\\bootcamp\\Miniproject\\Tajalapak\\Reports\\20230905_153738\\T05- Sedekah Online\\T05 - Sedekah Online\\20230905_153738\\execution0.log"/>
         <property name="attachments" value="F:\\bootcamp\\Miniproject\\Tajalapak\\Reports\\20230905_153738\\T05- Sedekah Online\\T05 - Sedekah Online\\20230905_153738\\1693903141908.png, F:\\bootcamp\\Miniproject\\Tajalapak\\Reports\\20230905_153738\\T05- Sedekah Online\\T05 - Sedekah Online\\20230905_153738\\1693903142217.png, F:\\bootcamp\\Miniproject\\Tajalapak\\Reports\\20230905_153738\\T05- Sedekah Online\\T05 - Sedekah Online\\20230905_153738\\1693903175971.png, F:\\bootcamp\\Miniproject\\Tajalapak\\Reports\\20230905_153738\\T05- Sedekah Online\\T05 - Sedekah Online\\20230905_153738\\1693903176166.png, F:\\bootcamp\\Miniproject\\Tajalapak\\Reports\\20230905_153738\\T05- Sedekah Online\\T05 - Sedekah Online\\20230905_153738\\1693903205963.png, F:\\bootcamp\\Miniproject\\Tajalapak\\Reports\\20230905_153738\\T05- Sedekah Online\\T05 - Sedekah Online\\20230905_153738\\1693903206213.png, F:\\bootcamp\\Miniproject\\Tajalapak\\Reports\\20230905_153738\\T05- Sedekah Online\\T05 - Sedekah Online\\20230905_153738\\1693903239811.png, F:\\bootcamp\\Miniproject\\Tajalapak\\Reports\\20230905_153738\\T05- Sedekah Online\\T05 - Sedekah Online\\20230905_153738\\1693903240028.png, F:\\bootcamp\\Miniproject\\Tajalapak\\Reports\\20230905_153738\\T05- Sedekah Online\\T05 - Sedekah Online\\20230905_153738\\1693903425885.png, F:\\bootcamp\\Miniproject\\Tajalapak\\Reports\\20230905_153738\\T05- Sedekah Online\\T05 - Sedekah Online\\20230905_153738\\1693903460247.png, F:\\bootcamp\\Miniproject\\Tajalapak\\Reports\\20230905_153738\\T05- Sedekah Online\\T05 - Sedekah Online\\20230905_153738\\1693903492156.png, F:\\bootcamp\\Miniproject\\Tajalapak\\Reports\\20230905_153738\\T05- Sedekah Online\\T05 - Sedekah Online\\20230905_153738\\1693903526969.png, F:\\bootcamp\\Miniproject\\Tajalapak\\Reports\\20230905_153738\\T05- Sedekah Online\\T05 - Sedekah Online\\20230905_153738\\1693903561264.png, F:\\bootcamp\\Miniproject\\Tajalapak\\Reports\\20230905_153738\\T05- Sedekah Online\\T05 - Sedekah Online\\20230905_153738\\1693903596069.png, F:\\bootcamp\\Miniproject\\Tajalapak\\Reports\\20230905_153738\\T05- Sedekah Online\\T05 - Sedekah Online\\20230905_153738\\1693903627093.png, F:\\bootcamp\\Miniproject\\Tajalapak\\Reports\\20230905_153738\\T05- Sedekah Online\\T05 - Sedekah Online\\20230905_153738\\1693903660876.png, F:\\bootcamp\\Miniproject\\Tajalapak\\Reports\\20230905_153738\\T05- Sedekah Online\\T05 - Sedekah Online\\20230905_153738\\1693903673855.png"/>
         <property name="hostName" value="USER - DESKTOP-22KTP91"/>
         <property name="os" value="Windows 10 64bit"/>
         <property name="katalonVersion" value="8.6.5.208"/>
         <property name="browser" value="Edge Chromium 116"/>
         <property name="hostAddress" value="10.9.2.27"/>
         <property name="sessionId" value="e855c2d20bbd91e050257245b564af38"/>
         <property name="seleniumVersion" value="3.141.59"/>
         <property name="proxyInformation" value="ProxyInformation { proxyOption=NO_PROXY, proxyServerType=HTTP, username=, password=********, proxyServerAddress=, proxyServerPort=0, executionList=&quot;&quot;, isApplyToDesiredCapabilities=true }"/>
         <property name="platform" value="Windows 10"/>
      </properties>
      <testcase name="Test Cases/T05 - Sedekah Online/TC-SO-Succes-001" time="36.999" classname="Test Cases/T05 - Sedekah Online/TC-SO-Succes-001" status="PASSED">
         <system-out><![CDATA[2023-09-05 15:37:50 - [TEST_CASE][PASSED] - Test Cases/T05 - Sedekah Online/TC-SO-Succes-001: Test Cases/T05 - Sedekah Online/TC-SO-Succes-001

2023-09-05 15:37:51 - [TEST_STEP][PASSED] - openBrowser(urlWeb): Browser is opened with url: 'https://10.9.2.63/ecommerce/'

2023-09-05 15:37:52 - [MESSAGE][INFO] - Starting 'Edge Chromium' driver

2023-09-05 15:37:52 - [MESSAGE][INFO] - User set preference: ['acceptInsecureCerts', 'true']

2023-09-05 15:37:55 - [MESSAGE][INFO] - Action delay is set to 0 milliseconds

2023-09-05 15:38:04 - [MESSAGE][PASSED] - Browser is opened with url: 'https://10.9.2.63/ecommerce/'

2023-09-05 15:38:04 - [TEST_STEP][PASSED] - maximizeWindow(): Current window maximized

2023-09-05 15:38:04 - [MESSAGE][PASSED] - Current window maximized

2023-09-05 15:38:04 - [TEST_STEP][PASSED] - click(findTestObject("sedekah online/a_Donasi (di halaman utama)")): Object: 'Object Repository/sedekah online/a_Donasi (di halaman utama)' is clicked on

2023-09-05 15:38:05 - [MESSAGE][PASSED] - Object: 'Object Repository/sedekah online/a_Donasi (di halaman utama)' is clicked on

2023-09-05 15:38:05 - [TEST_STEP][PASSED] - verifyElementClickable(findTestObject("sedekah online/a_Sedekah Online"), STOP_ON_FAILURE): Object 'Object Repository/sedekah online/a_Sedekah Online' is clickable

2023-09-05 15:38:06 - [MESSAGE][PASSED] - Object 'Object Repository/sedekah online/a_Sedekah Online' is clickable

2023-09-05 15:38:06 - [TEST_STEP][PASSED] - click(findTestObject("sedekah online/a_Sedekah Online")): Object: 'Object Repository/sedekah online/a_Sedekah Online' is clicked on

2023-09-05 15:38:08 - [MESSAGE][PASSED] - Object: 'Object Repository/sedekah online/a_Sedekah Online' is clicked on

2023-09-05 15:38:08 - [TEST_STEP][PASSED] - verifyElementPresent(findTestObject("sedekah online/verifikasi halaman sedekah Online"), 0): Object 'Object Repository/sedekah online/verifikasi halaman sedekah Online' is present

2023-09-05 15:38:08 - [MESSAGE][WARNING] - Timeout '0' is invalid. Using default page load timeout: '30'

2023-09-05 15:38:08 - [MESSAGE][PASSED] - Object 'Object Repository/sedekah online/verifikasi halaman sedekah Online' is present

2023-09-05 15:38:08 - [TEST_STEP][PASSED] - setText(findTestObject("sedekah online/input_Sedekah"), nominalSedekah): Text '25000' is set on object 'Object Repository/sedekah online/input_Sedekah'

2023-09-05 15:38:10 - [MESSAGE][PASSED] - Text '25000' is set on object 'Object Repository/sedekah online/input_Sedekah'

2023-09-05 15:38:10 - [TEST_STEP][PASSED] - setText(findTestObject("sedekah online/input_Nama lengkap (di sedekah online)"), namaLengkap): Text 'ikana' is set on object 'Object Repository/sedekah online/input_Nama lengkap (di sedekah online)'

2023-09-05 15:38:11 - [MESSAGE][PASSED] - Text 'ikana' is set on object 'Object Repository/sedekah online/input_Nama lengkap (di sedekah online)'

2023-09-05 15:38:11 - [TEST_STEP][PASSED] - setText(findTestObject("sedekah online/input_No Handphone (di sedekah online)"), noHp): Text '086754321234' is set on object 'Object Repository/sedekah online/input_No Handphone (di sedekah online)'

2023-09-05 15:38:12 - [MESSAGE][PASSED] - Text '086754321234' is set on object 'Object Repository/sedekah online/input_No Handphone (di sedekah online)'

2023-09-05 15:38:12 - [TEST_STEP][PASSED] - setText(findTestObject("sedekah online/input_Alamat Email (di sedekah online)"), email): Text 'anata71@gmail.com' is set on object 'Object Repository/sedekah online/input_Alamat Email (di sedekah online)'

2023-09-05 15:38:14 - [MESSAGE][PASSED] - Text 'anata71@gmail.com' is set on object 'Object Repository/sedekah online/input_Alamat Email (di sedekah online)'

2023-09-05 15:38:14 - [TEST_STEP][PASSED] - selectOptionByValue(findTestObject("Object Repository/sedekah online/dropdown metode pembayaraan"), metodePembayaran, false): All options with value '1' are selected in object 'Object Repository/sedekah online/dropdown metode pembayaraan' 

2023-09-05 15:38:16 - [MESSAGE][PASSED] - All options with value '1' are selected in object 'Object Repository/sedekah online/dropdown metode pembayaraan' 

2023-09-05 15:38:16 - [TEST_STEP][PASSED] - selectOptionByValue(findTestObject("Object Repository/sedekah online/sedekah ditunjukan untuk keluarga"), tujuanSedekah, false): All options with value 'Orang Tua' are selected in object 'Object Repository/sedekah online/sedekah ditunjukan untuk keluarga' 

2023-09-05 15:38:20 - [MESSAGE][PASSED] - All options with value 'Orang Tua' are selected in object 'Object Repository/sedekah online/sedekah ditunjukan untuk keluarga' 

2023-09-05 15:38:20 - [TEST_STEP][PASSED] - setText(findTestObject("sedekah online/input isi doa terbaik anda"), doa): Text 'semoga bermanfaat' is set on object 'Object Repository/sedekah online/input isi doa terbaik anda'

2023-09-05 15:38:24 - [MESSAGE][PASSED] - Text 'semoga bermanfaat' is set on object 'Object Repository/sedekah online/input isi doa terbaik anda'

2023-09-05 15:38:24 - [TEST_STEP][PASSED] - setText(findTestObject("sedekah online/input 2 digit terakhir nomor hp"), duaDigitAkhir): Text '34' is set on object 'Object Repository/sedekah online/input 2 digit terakhir nomor hp'

2023-09-05 15:38:25 - [MESSAGE][PASSED] - Text '34' is set on object 'Object Repository/sedekah online/input 2 digit terakhir nomor hp'

2023-09-05 15:38:25 - [TEST_STEP][PASSED] - click(findTestObject("sedekah online/button_Sedekah Sekarang")): Object: 'Object Repository/sedekah online/button_Sedekah Sekarang' is clicked on

2023-09-05 15:38:27 - [MESSAGE][PASSED] - Object: 'Object Repository/sedekah online/button_Sedekah Sekarang' is clicked on

2023-09-05 15:38:27 - [TEST_STEP][PASSED] - verifyElementText(findTestObject("sedekah online/verifikasi sukses berdonasi"), "Sukses Proses Bersedekah, kami akan segera menghubungi anda! Terima kasih"): Actual text and expected text of test object 'Object Repository/sedekah online/verifikasi sukses berdonasi' are matched.

2023-09-05 15:38:27 - [MESSAGE][PASSED] - Actual text and expected text of test object 'Object Repository/sedekah online/verifikasi sukses berdonasi' are matched.]]></system-out>
         <system-err><![CDATA[]]></system-err>
      </testcase>
      <testcase name="Test Cases/T05 - Sedekah Online/TC-SO-Failed-001" time="34.015" classname="Test Cases/T05 - Sedekah Online/TC-SO-Failed-001" status="FAILED">
         <failure type="FAILED" message="Test Cases/T05 - Sedekah Online/TC-SO-Failed-001 FAILED.
Reason:
com.kms.katalon.core.exception.StepFailedException: Verify element text of test object 'Object Repository/sedekah online/verifikasi sukses berdonasi' FAILED.
	at com.kms.katalon.core.webui.keyword.internal.WebUIKeywordMain.stepFailed(WebUIKeywordMain.groovy:64)
	at com.kms.katalon.core.webui.keyword.internal.WebUIKeywordMain.runKeyword(WebUIKeywordMain.groovy:26)
	at com.kms.katalon.core.webui.keyword.builtin.VerifyElementTextKeyword.verifyElementText(VerifyElementTextKeyword.groovy:72)
	at com.kms.katalon.core.webui.keyword.builtin.VerifyElementTextKeyword.execute(VerifyElementTextKeyword.groovy:40)
	at com.kms.katalon.core.keyword.internal.KeywordExecutor.executeKeywordForPlatform(KeywordExecutor.groovy:74)
	at com.kms.katalon.core.webui.keyword.WebUiBuiltInKeywords.verifyElementText(WebUiBuiltInKeywords.groovy:4749)
	at com.kms.katalon.core.webui.keyword.WebUiBuiltInKeywords$verifyElementText$6.call(Unknown Source)
	at TC-SO-Failed-001.run(TC-SO-Failed-001:53)
	at com.kms.katalon.core.main.ScriptEngine.run(ScriptEngine.java:194)
	at com.kms.katalon.core.main.ScriptEngine.runScriptAsRawText(ScriptEngine.java:119)
	at com.kms.katalon.core.main.TestCaseExecutor.runScript(TestCaseExecutor.java:448)
	at com.kms.katalon.core.main.TestCaseExecutor.doExecute(TestCaseExecutor.java:439)
	at com.kms.katalon.core.main.TestCaseExecutor.processExecutionPhase(TestCaseExecutor.java:418)
	at com.kms.katalon.core.main.TestCaseExecutor.accessMainPhase(TestCaseExecutor.java:410)
	at com.kms.katalon.core.main.TestCaseExecutor.execute(TestCaseExecutor.java:285)
	at com.kms.katalon.core.main.TestCaseExecutor.execute(TestCaseExecutor.java:369)
	at com.kms.katalon.core.main.TestCaseExecutor.execute(TestCaseExecutor.java:369)
	at com.kms.katalon.core.main.TestCaseExecutor.execute(TestCaseExecutor.java:369)
	at com.kms.katalon.core.common.CommonExecutor.accessTestCaseMainPhase(CommonExecutor.java:65)
	at com.kms.katalon.core.main.TestSuiteExecutor.accessTestSuiteMainPhase(TestSuiteExecutor.java:148)
	at com.kms.katalon.core.main.TestSuiteExecutor.execute(TestSuiteExecutor.java:106)
	at com.kms.katalon.core.main.TestCaseMain.startTestSuite(TestCaseMain.java:187)
	at com.kms.katalon.core.main.TestCaseMain$startTestSuite$0.call(Unknown Source)
	at TempTestSuite1693903058735.run(TempTestSuite1693903058735.groovy:36)
Caused by: com.kms.katalon.core.exception.StepFailedException: Actual text 'Sukses Proses Bersedekah, kami akan segera menghubungi anda! Terima kasih' and expected text 'Minimal nominal sedekah Online Rp 25.000' of test object 'Object Repository/sedekah online/verifikasi sukses berdonasi' are NOT matched.
	at com.kms.katalon.core.webui.keyword.internal.WebUIKeywordMain.stepFailed(WebUIKeywordMain.groovy:64)
	at com.kms.katalon.core.webui.keyword.builtin.VerifyElementTextKeyword$_verifyElementText_closure1.doCall(VerifyElementTextKeyword.groovy:57)
	at com.kms.katalon.core.webui.keyword.builtin.VerifyElementTextKeyword$_verifyElementText_closure1.call(VerifyElementTextKeyword.groovy)
	at com.kms.katalon.core.webui.keyword.internal.WebUIKeywordMain.runKeyword(WebUIKeywordMain.groovy:20)
	... 22 more
"/>
         <system-out><![CDATA[2023-09-05 15:40:06 - [TEST_CASE][FAILED] - Test Cases/T05 - Sedekah Online/TC-SO-Failed-001: Test Cases/T05 - Sedekah Online/TC-SO-Failed-001 FAILED.
Reason:
com.kms.katalon.core.exception.StepFailedException: Verify element text of test object 'Object Repository/sedekah online/verifikasi sukses berdonasi' FAILED.
	at com.kms.katalon.core.webui.keyword.internal.WebUIKeywordMain.stepFailed(WebUIKeywordMain.groovy:64)
	at com.kms.katalon.core.webui.keyword.internal.WebUIKeywordMain.runKeyword(WebUIKeywordMain.groovy:26)
	at com.kms.katalon.core.webui.keyword.builtin.VerifyElementTextKeyword.verifyElementText(VerifyElementTextKeyword.groovy:72)
	at com.kms.katalon.core.webui.keyword.builtin.VerifyElementTextKeyword.execute(VerifyElementTextKeyword.groovy:40)
	at com.kms.katalon.core.keyword.internal.KeywordExecutor.executeKeywordForPlatform(KeywordExecutor.groovy:74)
	at com.kms.katalon.core.webui.keyword.WebUiBuiltInKeywords.verifyElementText(WebUiBuiltInKeywords.groovy:4749)
	at com.kms.katalon.core.webui.keyword.WebUiBuiltInKeywords$verifyElementText$6.call(Unknown Source)
	at TC-SO-Failed-001.run(TC-SO-Failed-001:53)
	at com.kms.katalon.core.main.ScriptEngine.run(ScriptEngine.java:194)
	at com.kms.katalon.core.main.ScriptEngine.runScriptAsRawText(ScriptEngine.java:119)
	at com.kms.katalon.core.main.TestCaseExecutor.runScript(TestCaseExecutor.java:448)
	at com.kms.katalon.core.main.TestCaseExecutor.doExecute(TestCaseExecutor.java:439)
	at com.kms.katalon.core.main.TestCaseExecutor.processExecutionPhase(TestCaseExecutor.java:418)
	at com.kms.katalon.core.main.TestCaseExecutor.accessMainPhase(TestCaseExecutor.java:410)
	at com.kms.katalon.core.main.TestCaseExecutor.execute(TestCaseExecutor.java:285)
	at com.kms.katalon.core.main.TestCaseExecutor.execute(TestCaseExecutor.java:369)
	at com.kms.katalon.core.main.TestCaseExecutor.execute(TestCaseExecutor.java:369)
	at com.kms.katalon.core.main.TestCaseExecutor.execute(TestCaseExecutor.java:369)
	at com.kms.katalon.core.common.CommonExecutor.accessTestCaseMainPhase(CommonExecutor.java:65)
	at com.kms.katalon.core.main.TestSuiteExecutor.accessTestSuiteMainPhase(TestSuiteExecutor.java:148)
	at com.kms.katalon.core.main.TestSuiteExecutor.execute(TestSuiteExecutor.java:106)
	at com.kms.katalon.core.main.TestCaseMain.startTestSuite(TestCaseMain.java:187)
	at com.kms.katalon.core.main.TestCaseMain$startTestSuite$0.call(Unknown Source)
	at TempTestSuite1693903058735.run(TempTestSuite1693903058735.groovy:36)
Caused by: com.kms.katalon.core.exception.StepFailedException: Actual text 'Sukses Proses Bersedekah, kami akan segera menghubungi anda! Terima kasih' and expected text 'Minimal nominal sedekah Online Rp 25.000' of test object 'Object Repository/sedekah online/verifikasi sukses berdonasi' are NOT matched.
	at com.kms.katalon.core.webui.keyword.internal.WebUIKeywordMain.stepFailed(WebUIKeywordMain.groovy:64)
	at com.kms.katalon.core.webui.keyword.builtin.VerifyElementTextKeyword$_verifyElementText_closure1.doCall(VerifyElementTextKeyword.groovy:57)
	at com.kms.katalon.core.webui.keyword.builtin.VerifyElementTextKeyword$_verifyElementText_closure1.call(VerifyElementTextKeyword.groovy)
	at com.kms.katalon.core.webui.keyword.internal.WebUIKeywordMain.runKeyword(WebUIKeywordMain.groovy:20)
	... 22 more


2023-09-05 15:40:07 - [TEST_STEP][PASSED] - openBrowser(urlWeb): Browser is opened with url: 'https://10.9.2.63/ecommerce/'

2023-09-05 15:40:07 - [MESSAGE][WARNING] - A browser is already opened. Closing browser and opening a new one

2023-09-05 15:40:08 - [MESSAGE][INFO] - Starting 'Edge Chromium' driver

2023-09-05 15:40:08 - [MESSAGE][INFO] - User set preference: ['acceptInsecureCerts', 'true']

2023-09-05 15:40:10 - [MESSAGE][INFO] - Action delay is set to 0 milliseconds

2023-09-05 15:40:16 - [MESSAGE][PASSED] - Browser is opened with url: 'https://10.9.2.63/ecommerce/'

2023-09-05 15:40:16 - [TEST_STEP][PASSED] - maximizeWindow(): Current window maximized

2023-09-05 15:40:16 - [MESSAGE][PASSED] - Current window maximized

2023-09-05 15:40:16 - [TEST_STEP][PASSED] - click(findTestObject("sedekah online/a_Donasi (di halaman utama)")): Object: 'Object Repository/sedekah online/a_Donasi (di halaman utama)' is clicked on

2023-09-05 15:40:17 - [MESSAGE][PASSED] - Object: 'Object Repository/sedekah online/a_Donasi (di halaman utama)' is clicked on

2023-09-05 15:40:17 - [TEST_STEP][PASSED] - click(findTestObject("sedekah online/a_Sedekah Online")): Object: 'Object Repository/sedekah online/a_Sedekah Online' is clicked on

2023-09-05 15:40:19 - [MESSAGE][PASSED] - Object: 'Object Repository/sedekah online/a_Sedekah Online' is clicked on

2023-09-05 15:40:19 - [TEST_STEP][PASSED] - verifyElementPresent(findTestObject("sedekah online/verifikasi halaman sedekah Online"), 0): Object 'Object Repository/sedekah online/verifikasi halaman sedekah Online' is present

2023-09-05 15:40:19 - [MESSAGE][WARNING] - Timeout '0' is invalid. Using default page load timeout: '30'

2023-09-05 15:40:19 - [MESSAGE][PASSED] - Object 'Object Repository/sedekah online/verifikasi halaman sedekah Online' is present

2023-09-05 15:40:19 - [TEST_STEP][PASSED] - setText(findTestObject("sedekah online/input_Sedekah"), "5000"): Text '5000' is set on object 'Object Repository/sedekah online/input_Sedekah'

2023-09-05 15:40:20 - [MESSAGE][PASSED] - Text '5000' is set on object 'Object Repository/sedekah online/input_Sedekah'

2023-09-05 15:40:20 - [TEST_STEP][PASSED] - setText(findTestObject("sedekah online/input_Nama lengkap (di sedekah online)"), namaLengkap): Text 'ikana' is set on object 'Object Repository/sedekah online/input_Nama lengkap (di sedekah online)'

2023-09-05 15:40:22 - [MESSAGE][PASSED] - Text 'ikana' is set on object 'Object Repository/sedekah online/input_Nama lengkap (di sedekah online)'

2023-09-05 15:40:22 - [TEST_STEP][PASSED] - setText(findTestObject("sedekah online/input_No Handphone (di sedekah online)"), noHp): Text '086754321234' is set on object 'Object Repository/sedekah online/input_No Handphone (di sedekah online)'

2023-09-05 15:40:23 - [MESSAGE][PASSED] - Text '086754321234' is set on object 'Object Repository/sedekah online/input_No Handphone (di sedekah online)'

2023-09-05 15:40:23 - [TEST_STEP][PASSED] - setText(findTestObject("sedekah online/input_Alamat Email (di sedekah online)"), email): Text 'anata71@gmail.com' is set on object 'Object Repository/sedekah online/input_Alamat Email (di sedekah online)'

2023-09-05 15:40:25 - [MESSAGE][PASSED] - Text 'anata71@gmail.com' is set on object 'Object Repository/sedekah online/input_Alamat Email (di sedekah online)'

2023-09-05 15:40:25 - [TEST_STEP][PASSED] - selectOptionByValue(findTestObject("Object Repository/sedekah online/dropdown metode pembayaraan"), metodePembayaran, false): All options with value '1' are selected in object 'Object Repository/sedekah online/dropdown metode pembayaraan' 

2023-09-05 15:40:28 - [MESSAGE][PASSED] - All options with value '1' are selected in object 'Object Repository/sedekah online/dropdown metode pembayaraan' 

2023-09-05 15:40:28 - [TEST_STEP][PASSED] - selectOptionByValue(findTestObject("Object Repository/sedekah online/sedekah ditunjukan untuk keluarga"), tujuanSedekah, false): All options with value 'Orang Tua' are selected in object 'Object Repository/sedekah online/sedekah ditunjukan untuk keluarga' 

2023-09-05 15:40:32 - [MESSAGE][PASSED] - All options with value 'Orang Tua' are selected in object 'Object Repository/sedekah online/sedekah ditunjukan untuk keluarga' 

2023-09-05 15:40:32 - [TEST_STEP][PASSED] - setText(findTestObject("sedekah online/input isi doa terbaik anda"), doa): Text 'semoga bermanfaat' is set on object 'Object Repository/sedekah online/input isi doa terbaik anda'

2023-09-05 15:40:36 - [MESSAGE][PASSED] - Text 'semoga bermanfaat' is set on object 'Object Repository/sedekah online/input isi doa terbaik anda'

2023-09-05 15:40:36 - [TEST_STEP][PASSED] - setText(findTestObject("sedekah online/input 2 digit terakhir nomor hp"), duaDigitAkhir): Text '34' is set on object 'Object Repository/sedekah online/input 2 digit terakhir nomor hp'

2023-09-05 15:40:37 - [MESSAGE][PASSED] - Text '34' is set on object 'Object Repository/sedekah online/input 2 digit terakhir nomor hp'

2023-09-05 15:40:37 - [TEST_STEP][PASSED] - click(findTestObject("sedekah online/button_Sedekah Sekarang")): Object: 'Object Repository/sedekah online/button_Sedekah Sekarang' is clicked on

2023-09-05 15:40:39 - [MESSAGE][PASSED] - Object: 'Object Repository/sedekah online/button_Sedekah Sekarang' is clicked on

2023-09-05 15:40:39 - [TEST_STEP][FAILED] - verifyElementText(findTestObject("sedekah online/verifikasi sukses berdonasi"), "Minimal nominal sedekah Online Rp 25.000"): Verify element text of test object 'Object Repository/sedekah online/verifikasi sukses berdonasi' FAILED. (Root cause: com.kms.katalon.core.exception.StepFailedException: Verify element text of test object 'Object Repository/sedekah online/verifikasi sukses berdonasi' FAILED.
	at com.kms.katalon.core.webui.keyword.internal.WebUIKeywordMain.stepFailed(WebUIKeywordMain.groovy:64)
	at com.kms.katalon.core.webui.keyword.internal.WebUIKeywordMain.runKeyword(WebUIKeywordMain.groovy:26)
	at com.kms.katalon.core.webui.keyword.builtin.VerifyElementTextKeyword.verifyElementText(VerifyElementTextKeyword.groovy:72)
	at com.kms.katalon.core.webui.keyword.builtin.VerifyElementTextKeyword.execute(VerifyElementTextKeyword.groovy:40)
	at com.kms.katalon.core.keyword.internal.KeywordExecutor.executeKeywordForPlatform(KeywordExecutor.groovy:74)
	at com.kms.katalon.core.webui.keyword.WebUiBuiltInKeywords.verifyElementText(WebUiBuiltInKeywords.groovy:4749)
	at com.kms.katalon.core.webui.keyword.WebUiBuiltInKeywords$verifyElementText$6.call(Unknown Source)
	at TC-SO-Failed-001.run(TC-SO-Failed-001:53)
	at com.kms.katalon.core.main.ScriptEngine.run(ScriptEngine.java:194)
	at com.kms.katalon.core.main.ScriptEngine.runScriptAsRawText(ScriptEngine.java:119)
	at com.kms.katalon.core.main.TestCaseExecutor.runScript(TestCaseExecutor.java:448)
	at com.kms.katalon.core.main.TestCaseExecutor.doExecute(TestCaseExecutor.java:439)
	at com.kms.katalon.core.main.TestCaseExecutor.processExecutionPhase(TestCaseExecutor.java:418)
	at com.kms.katalon.core.main.TestCaseExecutor.accessMainPhase(TestCaseExecutor.java:410)
	at com.kms.katalon.core.main.TestCaseExecutor.execute(TestCaseExecutor.java:285)
	at com.kms.katalon.core.main.TestCaseExecutor.execute(TestCaseExecutor.java:369)
	at com.kms.katalon.core.main.TestCaseExecutor.execute(TestCaseExecutor.java:369)
	at com.kms.katalon.core.main.TestCaseExecutor.execute(TestCaseExecutor.java:369)
	at com.kms.katalon.core.common.CommonExecutor.accessTestCaseMainPhase(CommonExecutor.java:65)
	at com.kms.katalon.core.main.TestSuiteExecutor.accessTestSuiteMainPhase(TestSuiteExecutor.java:148)
	at com.kms.katalon.core.main.TestSuiteExecutor.execute(TestSuiteExecutor.java:106)
	at com.kms.katalon.core.main.TestCaseMain.startTestSuite(TestCaseMain.java:187)
	at com.kms.katalon.core.main.TestCaseMain$startTestSuite$0.call(Unknown Source)
	at TempTestSuite1693903058735.run(TempTestSuite1693903058735.groovy:36)
Caused by: com.kms.katalon.core.exception.StepFailedException: Actual text 'Sukses Proses Bersedekah, kami akan segera menghubungi anda! Terima kasih' and expected text 'Minimal nominal sedekah Online Rp 25.000' of test object 'Object Repository/sedekah online/verifikasi sukses berdonasi' are NOT matched.
	at com.kms.katalon.core.webui.keyword.internal.WebUIKeywordMain.stepFailed(WebUIKeywordMain.groovy:64)
	at com.kms.katalon.core.webui.keyword.builtin.VerifyElementTextKeyword$_verifyElementText_closure1.doCall(VerifyElementTextKeyword.groovy:57)
	at com.kms.katalon.core.webui.keyword.builtin.VerifyElementTextKeyword$_verifyElementText_closure1.call(VerifyElementTextKeyword.groovy)
	at com.kms.katalon.core.webui.keyword.internal.WebUIKeywordMain.runKeyword(WebUIKeywordMain.groovy:20)
	... 22 more
)

2023-09-05 15:40:40 - [MESSAGE][FAILED] - Actual text 'Sukses Proses Bersedekah, kami akan segera menghubungi anda! Terima kasih' and expected text 'Minimal nominal sedekah Online Rp 25.000' of test object 'Object Repository/sedekah online/verifikasi sukses berdonasi' are NOT matched. (Root cause: com.kms.katalon.core.exception.StepFailedException: Actual text 'Sukses Proses Bersedekah, kami akan segera menghubungi anda! Terima kasih' and expected text 'Minimal nominal sedekah Online Rp 25.000' of test object 'Object Repository/sedekah online/verifikasi sukses berdonasi' are NOT matched.
	at com.kms.katalon.core.webui.keyword.internal.WebUIKeywordMain.stepFailed(WebUIKeywordMain.groovy:64)
	at com.kms.katalon.core.webui.keyword.builtin.VerifyElementTextKeyword$_verifyElementText_closure1.doCall(VerifyElementTextKeyword.groovy:57)
	at com.kms.katalon.core.webui.keyword.builtin.VerifyElementTextKeyword$_verifyElementText_closure1.call(VerifyElementTextKeyword.groovy)
	at com.kms.katalon.core.webui.keyword.internal.WebUIKeywordMain.runKeyword(WebUIKeywordMain.groovy:20)
	at com.kms.katalon.core.webui.keyword.builtin.VerifyElementTextKeyword.verifyElementText(VerifyElementTextKeyword.groovy:72)
	at com.kms.katalon.core.webui.keyword.builtin.VerifyElementTextKeyword.execute(VerifyElementTextKeyword.groovy:40)
	at com.kms.katalon.core.keyword.internal.KeywordExecutor.executeKeywordForPlatform(KeywordExecutor.groovy:74)
	at com.kms.katalon.core.webui.keyword.WebUiBuiltInKeywords.verifyElementText(WebUiBuiltInKeywords.groovy:4749)
	at com.kms.katalon.core.webui.keyword.WebUiBuiltInKeywords$verifyElementText$6.call(Unknown Source)
	at TC-SO-Failed-001.run(TC-SO-Failed-001:53)
	at com.kms.katalon.core.main.ScriptEngine.run(ScriptEngine.java:194)
	at com.kms.katalon.core.main.ScriptEngine.runScriptAsRawText(ScriptEngine.java:119)
	at com.kms.katalon.core.main.TestCaseExecutor.runScript(TestCaseExecutor.java:448)
	at com.kms.katalon.core.main.TestCaseExecutor.doExecute(TestCaseExecutor.java:439)
	at com.kms.katalon.core.main.TestCaseExecutor.processExecutionPhase(TestCaseExecutor.java:418)
	at com.kms.katalon.core.main.TestCaseExecutor.accessMainPhase(TestCaseExecutor.java:410)
	at com.kms.katalon.core.main.TestCaseExecutor.execute(TestCaseExecutor.java:285)
	at com.kms.katalon.core.main.TestCaseExecutor.execute(TestCaseExecutor.java:369)
	at com.kms.katalon.core.main.TestCaseExecutor.execute(TestCaseExecutor.java:369)
	at com.kms.katalon.core.main.TestCaseExecutor.execute(TestCaseExecutor.java:369)
	at com.kms.katalon.core.common.CommonExecutor.accessTestCaseMainPhase(CommonExecutor.java:65)
	at com.kms.katalon.core.main.TestSuiteExecutor.accessTestSuiteMainPhase(TestSuiteExecutor.java:148)
	at com.kms.katalon.core.main.TestSuiteExecutor.execute(TestSuiteExecutor.java:106)
	at com.kms.katalon.core.main.TestCaseMain.startTestSuite(TestCaseMain.java:187)
	at com.kms.katalon.core.main.TestCaseMain$startTestSuite$0.call(Unknown Source)
	at TempTestSuite1693903058735.run(TempTestSuite1693903058735.groovy:36)
)
[[ATTACHMENT|F:\\bootcamp\\Miniproject\\Tajalapak\\Reports\\20230905_153738\\T05- Sedekah Online\\T05 - Sedekah Online\\20230905_153738\\1693903239811.png]]

2023-09-05 15:40:40 - [MESSAGE][FAILED] - Verify element text of test object 'Object Repository/sedekah online/verifikasi sukses berdonasi' FAILED. (Root cause: com.kms.katalon.core.exception.StepFailedException: Verify element text of test object 'Object Repository/sedekah online/verifikasi sukses berdonasi' FAILED.
	at com.kms.katalon.core.webui.keyword.internal.WebUIKeywordMain.stepFailed(WebUIKeywordMain.groovy:64)
	at com.kms.katalon.core.webui.keyword.internal.WebUIKeywordMain.runKeyword(WebUIKeywordMain.groovy:26)
	at com.kms.katalon.core.webui.keyword.builtin.VerifyElementTextKeyword.verifyElementText(VerifyElementTextKeyword.groovy:72)
	at com.kms.katalon.core.webui.keyword.builtin.VerifyElementTextKeyword.execute(VerifyElementTextKeyword.groovy:40)
	at com.kms.katalon.core.keyword.internal.KeywordExecutor.executeKeywordForPlatform(KeywordExecutor.groovy:74)
	at com.kms.katalon.core.webui.keyword.WebUiBuiltInKeywords.verifyElementText(WebUiBuiltInKeywords.groovy:4749)
	at com.kms.katalon.core.webui.keyword.WebUiBuiltInKeywords$verifyElementText$6.call(Unknown Source)
	at TC-SO-Failed-001.run(TC-SO-Failed-001:53)
	at com.kms.katalon.core.main.ScriptEngine.run(ScriptEngine.java:194)
	at com.kms.katalon.core.main.ScriptEngine.runScriptAsRawText(ScriptEngine.java:119)
	at com.kms.katalon.core.main.TestCaseExecutor.runScript(TestCaseExecutor.java:448)
	at com.kms.katalon.core.main.TestCaseExecutor.doExecute(TestCaseExecutor.java:439)
	at com.kms.katalon.core.main.TestCaseExecutor.processExecutionPhase(TestCaseExecutor.java:418)
	at com.kms.katalon.core.main.TestCaseExecutor.accessMainPhase(TestCaseExecutor.java:410)
	at com.kms.katalon.core.main.TestCaseExecutor.execute(TestCaseExecutor.java:285)
	at com.kms.katalon.core.main.TestCaseExecutor.execute(TestCaseExecutor.java:369)
	at com.kms.katalon.core.main.TestCaseExecutor.execute(TestCaseExecutor.java:369)
	at com.kms.katalon.core.main.TestCaseExecutor.execute(TestCaseExecutor.java:369)
	at com.kms.katalon.core.common.CommonExecutor.accessTestCaseMainPhase(CommonExecutor.java:65)
	at com.kms.katalon.core.main.TestSuiteExecutor.accessTestSuiteMainPhase(TestSuiteExecutor.java:148)
	at com.kms.katalon.core.main.TestSuiteExecutor.execute(TestSuiteExecutor.java:106)
	at com.kms.katalon.core.main.TestCaseMain.startTestSuite(TestCaseMain.java:187)
	at com.kms.katalon.core.main.TestCaseMain$startTestSuite$0.call(Unknown Source)
	at TempTestSuite1693903058735.run(TempTestSuite1693903058735.groovy:36)
Caused by: com.kms.katalon.core.exception.StepFailedException: Actual text 'Sukses Proses Bersedekah, kami akan segera menghubungi anda! Terima kasih' and expected text 'Minimal nominal sedekah Online Rp 25.000' of test object 'Object Repository/sedekah online/verifikasi sukses berdonasi' are NOT matched.
	at com.kms.katalon.core.webui.keyword.internal.WebUIKeywordMain.stepFailed(WebUIKeywordMain.groovy:64)
	at com.kms.katalon.core.webui.keyword.builtin.VerifyElementTextKeyword$_verifyElementText_closure1.doCall(VerifyElementTextKeyword.groovy:57)
	at com.kms.katalon.core.webui.keyword.builtin.VerifyElementTextKeyword$_verifyElementText_closure1.call(VerifyElementTextKeyword.groovy)
	at com.kms.katalon.core.webui.keyword.internal.WebUIKeywordMain.runKeyword(WebUIKeywordMain.groovy:20)
	... 22 more
)
[[ATTACHMENT|F:\\bootcamp\\Miniproject\\Tajalapak\\Reports\\20230905_153738\\T05- Sedekah Online\\T05 - Sedekah Online\\20230905_153738\\1693903240028.png]]]]></system-out>
         <system-err><![CDATA[2023-09-05 15:40:06 - [TEST_CASE][FAILED] - Test Cases/T05 - Sedekah Online/TC-SO-Failed-001: Test Cases/T05 - Sedekah Online/TC-SO-Failed-001 FAILED.
Reason:
com.kms.katalon.core.exception.StepFailedException: Verify element text of test object 'Object Repository/sedekah online/verifikasi sukses berdonasi' FAILED.
	at com.kms.katalon.core.webui.keyword.internal.WebUIKeywordMain.stepFailed(WebUIKeywordMain.groovy:64)
	at com.kms.katalon.core.webui.keyword.internal.WebUIKeywordMain.runKeyword(WebUIKeywordMain.groovy:26)
	at com.kms.katalon.core.webui.keyword.builtin.VerifyElementTextKeyword.verifyElementText(VerifyElementTextKeyword.groovy:72)
	at com.kms.katalon.core.webui.keyword.builtin.VerifyElementTextKeyword.execute(VerifyElementTextKeyword.groovy:40)
	at com.kms.katalon.core.keyword.internal.KeywordExecutor.executeKeywordForPlatform(KeywordExecutor.groovy:74)
	at com.kms.katalon.core.webui.keyword.WebUiBuiltInKeywords.verifyElementText(WebUiBuiltInKeywords.groovy:4749)
	at com.kms.katalon.core.webui.keyword.WebUiBuiltInKeywords$verifyElementText$6.call(Unknown Source)
	at TC-SO-Failed-001.run(TC-SO-Failed-001:53)
	at com.kms.katalon.core.main.ScriptEngine.run(ScriptEngine.java:194)
	at com.kms.katalon.core.main.ScriptEngine.runScriptAsRawText(ScriptEngine.java:119)
	at com.kms.katalon.core.main.TestCaseExecutor.runScript(TestCaseExecutor.java:448)
	at com.kms.katalon.core.main.TestCaseExecutor.doExecute(TestCaseExecutor.java:439)
	at com.kms.katalon.core.main.TestCaseExecutor.processExecutionPhase(TestCaseExecutor.java:418)
	at com.kms.katalon.core.main.TestCaseExecutor.accessMainPhase(TestCaseExecutor.java:410)
	at com.kms.katalon.core.main.TestCaseExecutor.execute(TestCaseExecutor.java:285)
	at com.kms.katalon.core.main.TestCaseExecutor.execute(TestCaseExecutor.java:369)
	at com.kms.katalon.core.main.TestCaseExecutor.execute(TestCaseExecutor.java:369)
	at com.kms.katalon.core.main.TestCaseExecutor.execute(TestCaseExecutor.java:369)
	at com.kms.katalon.core.common.CommonExecutor.accessTestCaseMainPhase(CommonExecutor.java:65)
	at com.kms.katalon.core.main.TestSuiteExecutor.accessTestSuiteMainPhase(TestSuiteExecutor.java:148)
	at com.kms.katalon.core.main.TestSuiteExecutor.execute(TestSuiteExecutor.java:106)
	at com.kms.katalon.core.main.TestCaseMain.startTestSuite(TestCaseMain.java:187)
	at com.kms.katalon.core.main.TestCaseMain$startTestSuite$0.call(Unknown Source)
	at TempTestSuite1693903058735.run(TempTestSuite1693903058735.groovy:36)
Caused by: com.kms.katalon.core.exception.StepFailedException: Actual text 'Sukses Proses Bersedekah, kami akan segera menghubungi anda! Terima kasih' and expected text 'Minimal nominal sedekah Online Rp 25.000' of test object 'Object Repository/sedekah online/verifikasi sukses berdonasi' are NOT matched.
	at com.kms.katalon.core.webui.keyword.internal.WebUIKeywordMain.stepFailed(WebUIKeywordMain.groovy:64)
	at com.kms.katalon.core.webui.keyword.builtin.VerifyElementTextKeyword$_verifyElementText_closure1.doCall(VerifyElementTextKeyword.groovy:57)
	at com.kms.katalon.core.webui.keyword.builtin.VerifyElementTextKeyword$_verifyElementText_closure1.call(VerifyElementTextKeyword.groovy)
	at com.kms.katalon.core.webui.keyword.internal.WebUIKeywordMain.runKeyword(WebUIKeywordMain.groovy:20)
	... 22 more]]></system-err>
      </testcase>
      <testcase name="Test Cases/T05 - Sedekah Online/TC-SO-Failed-002" time="33.588" classname="Test Cases/T05 - Sedekah Online/TC-SO-Failed-002" status="PASSED">
         <system-out><![CDATA[2023-09-05 15:40:40 - [TEST_CASE][PASSED] - Test Cases/T05 - Sedekah Online/TC-SO-Failed-002: Test Cases/T05 - Sedekah Online/TC-SO-Failed-002

2023-09-05 15:40:41 - [TEST_STEP][PASSED] - openBrowser(urlWeb): Browser is opened with url: 'https://10.9.2.63/ecommerce/'

2023-09-05 15:40:41 - [MESSAGE][WARNING] - A browser is already opened. Closing browser and opening a new one

2023-09-05 15:40:42 - [MESSAGE][INFO] - Starting 'Edge Chromium' driver

2023-09-05 15:40:42 - [MESSAGE][INFO] - User set preference: ['acceptInsecureCerts', 'true']

2023-09-05 15:40:44 - [MESSAGE][INFO] - Action delay is set to 0 milliseconds

2023-09-05 15:40:50 - [MESSAGE][PASSED] - Browser is opened with url: 'https://10.9.2.63/ecommerce/'

2023-09-05 15:40:50 - [TEST_STEP][PASSED] - maximizeWindow(): Current window maximized

2023-09-05 15:40:50 - [MESSAGE][PASSED] - Current window maximized

2023-09-05 15:40:50 - [TEST_STEP][PASSED] - click(findTestObject("sedekah online/a_Donasi (di halaman utama)")): Object: 'Object Repository/sedekah online/a_Donasi (di halaman utama)' is clicked on

2023-09-05 15:40:51 - [MESSAGE][PASSED] - Object: 'Object Repository/sedekah online/a_Donasi (di halaman utama)' is clicked on

2023-09-05 15:40:51 - [TEST_STEP][PASSED] - click(findTestObject("sedekah online/a_Sedekah Online")): Object: 'Object Repository/sedekah online/a_Sedekah Online' is clicked on

2023-09-05 15:40:53 - [MESSAGE][PASSED] - Object: 'Object Repository/sedekah online/a_Sedekah Online' is clicked on

2023-09-05 15:40:53 - [TEST_STEP][PASSED] - verifyElementPresent(findTestObject("sedekah online/verifikasi halaman sedekah Online"), 0): Object 'Object Repository/sedekah online/verifikasi halaman sedekah Online' is present

2023-09-05 15:40:53 - [MESSAGE][WARNING] - Timeout '0' is invalid. Using default page load timeout: '30'

2023-09-05 15:40:53 - [MESSAGE][PASSED] - Object 'Object Repository/sedekah online/verifikasi halaman sedekah Online' is present

2023-09-05 15:40:53 - [TEST_STEP][PASSED] - setText(findTestObject("sedekah online/input_Sedekah"), nominalSedekah): Text '25000' is set on object 'Object Repository/sedekah online/input_Sedekah'

2023-09-05 15:40:55 - [MESSAGE][PASSED] - Text '25000' is set on object 'Object Repository/sedekah online/input_Sedekah'

2023-09-05 15:40:55 - [TEST_STEP][PASSED] - setText(findTestObject("sedekah online/input_Nama lengkap (di sedekah online)"), namaLengkap): Text 'ikana' is set on object 'Object Repository/sedekah online/input_Nama lengkap (di sedekah online)'

2023-09-05 15:40:56 - [MESSAGE][PASSED] - Text 'ikana' is set on object 'Object Repository/sedekah online/input_Nama lengkap (di sedekah online)'

2023-09-05 15:40:56 - [TEST_STEP][PASSED] - setText(findTestObject("sedekah online/input_No Handphone (di sedekah online)"), noHp): Text '086754321234' is set on object 'Object Repository/sedekah online/input_No Handphone (di sedekah online)'

2023-09-05 15:40:58 - [MESSAGE][PASSED] - Text '086754321234' is set on object 'Object Repository/sedekah online/input_No Handphone (di sedekah online)'

2023-09-05 15:40:58 - [TEST_STEP][PASSED] - setText(findTestObject("sedekah online/input_Alamat Email (di sedekah online)"), email): Text 'anata71@gmail.com' is set on object 'Object Repository/sedekah online/input_Alamat Email (di sedekah online)'

2023-09-05 15:40:59 - [MESSAGE][PASSED] - Text 'anata71@gmail.com' is set on object 'Object Repository/sedekah online/input_Alamat Email (di sedekah online)'

2023-09-05 15:40:59 - [TEST_STEP][PASSED] - selectOptionByValue(findTestObject("Object Repository/sedekah online/dropdown metode pembayaraan"), metodePembayaran, false): All options with value '1' are selected in object 'Object Repository/sedekah online/dropdown metode pembayaraan' 

2023-09-05 15:41:02 - [MESSAGE][PASSED] - All options with value '1' are selected in object 'Object Repository/sedekah online/dropdown metode pembayaraan' 

2023-09-05 15:41:02 - [TEST_STEP][PASSED] - selectOptionByValue(findTestObject("Object Repository/sedekah online/sedekah ditunjukan untuk keluarga"), tujuanSedekah, false): All options with value 'Orang Tua' are selected in object 'Object Repository/sedekah online/sedekah ditunjukan untuk keluarga' 

2023-09-05 15:41:06 - [MESSAGE][PASSED] - All options with value 'Orang Tua' are selected in object 'Object Repository/sedekah online/sedekah ditunjukan untuk keluarga' 

2023-09-05 15:41:06 - [TEST_STEP][PASSED] - setText(findTestObject("sedekah online/input isi doa terbaik anda"), doa): Text 'semoga bermanfaat' is set on object 'Object Repository/sedekah online/input isi doa terbaik anda'

2023-09-05 15:41:10 - [MESSAGE][PASSED] - Text 'semoga bermanfaat' is set on object 'Object Repository/sedekah online/input isi doa terbaik anda'

2023-09-05 15:41:10 - [TEST_STEP][PASSED] - setText(findTestObject("sedekah online/input 2 digit terakhir nomor hp"), "43"): Text '43' is set on object 'Object Repository/sedekah online/input 2 digit terakhir nomor hp'

2023-09-05 15:41:11 - [MESSAGE][PASSED] - Text '43' is set on object 'Object Repository/sedekah online/input 2 digit terakhir nomor hp'

2023-09-05 15:41:11 - [TEST_STEP][PASSED] - click(findTestObject("sedekah online/button_Sedekah Sekarang")): Object: 'Object Repository/sedekah online/button_Sedekah Sekarang' is clicked on

2023-09-05 15:41:13 - [MESSAGE][PASSED] - Object: 'Object Repository/sedekah online/button_Sedekah Sekarang' is clicked on

2023-09-05 15:41:13 - [TEST_STEP][PASSED] - verifyElementText(findTestObject("sedekah online/verifikasi gagal bernoasi beda dua digit nomor hp"), "GAGAL Diproses, 2 Digit Terakhir No Handphone yang anda input salah!"): Actual text and expected text of test object 'Object Repository/sedekah online/verifikasi gagal bernoasi beda dua digit nomor hp' are matched.

2023-09-05 15:41:14 - [MESSAGE][PASSED] - Actual text and expected text of test object 'Object Repository/sedekah online/verifikasi gagal bernoasi beda dua digit nomor hp' are matched.]]></system-out>
         <system-err><![CDATA[]]></system-err>
      </testcase>
      <testcase name="Test Cases/T05 - Sedekah Online/TC-SO-Failed-003" time="32.987" classname="Test Cases/T05 - Sedekah Online/TC-SO-Failed-003" status="FAILED">
         <failure type="FAILED" message="Test Cases/T05 - Sedekah Online/TC-SO-Failed-003 FAILED.
Reason:
Assertion failed: 

assert error_message == &quot;Please enter an email address.&quot;
       |             |
       |             false
       Please include an '@' in the email address. 'anata71' is missing an '@'.

	at TC-SO-Failed-003.run(TC-SO-Failed-003:69)
	at com.kms.katalon.core.main.ScriptEngine.run(ScriptEngine.java:194)
	at com.kms.katalon.core.main.ScriptEngine.runScriptAsRawText(ScriptEngine.java:119)
	at com.kms.katalon.core.main.TestCaseExecutor.runScript(TestCaseExecutor.java:448)
	at com.kms.katalon.core.main.TestCaseExecutor.doExecute(TestCaseExecutor.java:439)
	at com.kms.katalon.core.main.TestCaseExecutor.processExecutionPhase(TestCaseExecutor.java:418)
	at com.kms.katalon.core.main.TestCaseExecutor.accessMainPhase(TestCaseExecutor.java:410)
	at com.kms.katalon.core.main.TestCaseExecutor.execute(TestCaseExecutor.java:285)
	at com.kms.katalon.core.main.TestCaseExecutor.execute(TestCaseExecutor.java:369)
	at com.kms.katalon.core.main.TestCaseExecutor.execute(TestCaseExecutor.java:369)
	at com.kms.katalon.core.main.TestCaseExecutor.execute(TestCaseExecutor.java:369)
	at com.kms.katalon.core.common.CommonExecutor.accessTestCaseMainPhase(CommonExecutor.java:65)
	at com.kms.katalon.core.main.TestSuiteExecutor.accessTestSuiteMainPhase(TestSuiteExecutor.java:148)
	at com.kms.katalon.core.main.TestSuiteExecutor.execute(TestSuiteExecutor.java:106)
	at com.kms.katalon.core.main.TestCaseMain.startTestSuite(TestCaseMain.java:187)
	at com.kms.katalon.core.main.TestCaseMain$startTestSuite$0.call(Unknown Source)
	at TempTestSuite1693903058735.run(TempTestSuite1693903058735.groovy:36)
"/>
         <system-out><![CDATA[2023-09-05 15:42:36 - [TEST_CASE][FAILED] - Test Cases/T05 - Sedekah Online/TC-SO-Failed-003: Test Cases/T05 - Sedekah Online/TC-SO-Failed-003 FAILED.
Reason:
Assertion failed: 

assert error_message == "Please enter an email address."
       |             |
       |             false
       Please include an '@' in the email address. 'anata71' is missing an '@'.

	at TC-SO-Failed-003.run(TC-SO-Failed-003:69)
	at com.kms.katalon.core.main.ScriptEngine.run(ScriptEngine.java:194)
	at com.kms.katalon.core.main.ScriptEngine.runScriptAsRawText(ScriptEngine.java:119)
	at com.kms.katalon.core.main.TestCaseExecutor.runScript(TestCaseExecutor.java:448)
	at com.kms.katalon.core.main.TestCaseExecutor.doExecute(TestCaseExecutor.java:439)
	at com.kms.katalon.core.main.TestCaseExecutor.processExecutionPhase(TestCaseExecutor.java:418)
	at com.kms.katalon.core.main.TestCaseExecutor.accessMainPhase(TestCaseExecutor.java:410)
	at com.kms.katalon.core.main.TestCaseExecutor.execute(TestCaseExecutor.java:285)
	at com.kms.katalon.core.main.TestCaseExecutor.execute(TestCaseExecutor.java:369)
	at com.kms.katalon.core.main.TestCaseExecutor.execute(TestCaseExecutor.java:369)
	at com.kms.katalon.core.main.TestCaseExecutor.execute(TestCaseExecutor.java:369)
	at com.kms.katalon.core.common.CommonExecutor.accessTestCaseMainPhase(CommonExecutor.java:65)
	at com.kms.katalon.core.main.TestSuiteExecutor.accessTestSuiteMainPhase(TestSuiteExecutor.java:148)
	at com.kms.katalon.core.main.TestSuiteExecutor.execute(TestSuiteExecutor.java:106)
	at com.kms.katalon.core.main.TestCaseMain.startTestSuite(TestCaseMain.java:187)
	at com.kms.katalon.core.main.TestCaseMain$startTestSuite$0.call(Unknown Source)
	at TempTestSuite1693903058735.run(TempTestSuite1693903058735.groovy:36)


2023-09-05 15:42:37 - [TEST_STEP][PASSED] - openBrowser(urlWeb): Browser is opened with url: 'https://10.9.2.63/ecommerce/'

2023-09-05 15:42:37 - [MESSAGE][WARNING] - A browser is already opened. Closing browser and opening a new one

2023-09-05 15:42:38 - [MESSAGE][INFO] - Starting 'Edge Chromium' driver

2023-09-05 15:42:38 - [MESSAGE][INFO] - User set preference: ['acceptInsecureCerts', 'true']

2023-09-05 15:42:40 - [MESSAGE][INFO] - Action delay is set to 0 milliseconds

2023-09-05 15:42:45 - [MESSAGE][PASSED] - Browser is opened with url: 'https://10.9.2.63/ecommerce/'

2023-09-05 15:42:45 - [TEST_STEP][PASSED] - maximizeWindow(): Current window maximized

2023-09-05 15:42:45 - [MESSAGE][PASSED] - Current window maximized

2023-09-05 15:42:45 - [TEST_STEP][PASSED] - click(findTestObject("sedekah online/a_Donasi (di halaman utama)")): Object: 'Object Repository/sedekah online/a_Donasi (di halaman utama)' is clicked on

2023-09-05 15:42:46 - [MESSAGE][PASSED] - Object: 'Object Repository/sedekah online/a_Donasi (di halaman utama)' is clicked on

2023-09-05 15:42:46 - [TEST_STEP][PASSED] - click(findTestObject("sedekah online/a_Sedekah Online")): Object: 'Object Repository/sedekah online/a_Sedekah Online' is clicked on

2023-09-05 15:42:48 - [MESSAGE][PASSED] - Object: 'Object Repository/sedekah online/a_Sedekah Online' is clicked on

2023-09-05 15:42:48 - [TEST_STEP][PASSED] - verifyElementPresent(findTestObject("sedekah online/verifikasi halaman sedekah Online"), 0): Object 'Object Repository/sedekah online/verifikasi halaman sedekah Online' is present

2023-09-05 15:42:48 - [MESSAGE][WARNING] - Timeout '0' is invalid. Using default page load timeout: '30'

2023-09-05 15:42:48 - [MESSAGE][PASSED] - Object 'Object Repository/sedekah online/verifikasi halaman sedekah Online' is present

2023-09-05 15:42:48 - [TEST_STEP][PASSED] - setText(findTestObject("sedekah online/input_Sedekah"), nominalSedekah): Text '25000' is set on object 'Object Repository/sedekah online/input_Sedekah'

2023-09-05 15:42:50 - [MESSAGE][PASSED] - Text '25000' is set on object 'Object Repository/sedekah online/input_Sedekah'

2023-09-05 15:42:50 - [TEST_STEP][PASSED] - setText(findTestObject("sedekah online/input_Nama lengkap (di sedekah online)"), namaLengkap): Text 'ikana' is set on object 'Object Repository/sedekah online/input_Nama lengkap (di sedekah online)'

2023-09-05 15:42:51 - [MESSAGE][PASSED] - Text 'ikana' is set on object 'Object Repository/sedekah online/input_Nama lengkap (di sedekah online)'

2023-09-05 15:42:51 - [TEST_STEP][PASSED] - setText(findTestObject("sedekah online/input_No Handphone (di sedekah online)"), noHp): Text '086754321234' is set on object 'Object Repository/sedekah online/input_No Handphone (di sedekah online)'

2023-09-05 15:42:53 - [MESSAGE][PASSED] - Text '086754321234' is set on object 'Object Repository/sedekah online/input_No Handphone (di sedekah online)'

2023-09-05 15:42:53 - [TEST_STEP][PASSED] - setText(findTestObject("sedekah online/input_Alamat Email (di sedekah online)"), "anata71"): Text 'anata71' is set on object 'Object Repository/sedekah online/input_Alamat Email (di sedekah online)'

2023-09-05 15:42:55 - [MESSAGE][PASSED] - Text 'anata71' is set on object 'Object Repository/sedekah online/input_Alamat Email (di sedekah online)'

2023-09-05 15:42:55 - [TEST_STEP][PASSED] - selectOptionByValue(findTestObject("Object Repository/sedekah online/dropdown metode pembayaraan"), metodePembayaran, false): All options with value '1' are selected in object 'Object Repository/sedekah online/dropdown metode pembayaraan' 

2023-09-05 15:42:59 - [MESSAGE][PASSED] - All options with value '1' are selected in object 'Object Repository/sedekah online/dropdown metode pembayaraan' 

2023-09-05 15:42:59 - [TEST_STEP][PASSED] - selectOptionByValue(findTestObject("Object Repository/sedekah online/sedekah ditunjukan untuk keluarga"), tujuanSedekah, false): All options with value 'Orang Tua' are selected in object 'Object Repository/sedekah online/sedekah ditunjukan untuk keluarga' 

2023-09-05 15:43:03 - [MESSAGE][PASSED] - All options with value 'Orang Tua' are selected in object 'Object Repository/sedekah online/sedekah ditunjukan untuk keluarga' 

2023-09-05 15:43:03 - [TEST_STEP][PASSED] - setText(findTestObject("sedekah online/input isi doa terbaik anda"), doa): Text 'semoga bermanfaat' is set on object 'Object Repository/sedekah online/input isi doa terbaik anda'

2023-09-05 15:43:07 - [MESSAGE][PASSED] - Text 'semoga bermanfaat' is set on object 'Object Repository/sedekah online/input isi doa terbaik anda'

2023-09-05 15:43:07 - [TEST_STEP][PASSED] - setText(findTestObject("sedekah online/input 2 digit terakhir nomor hp"), duaDigitAkhir): Text '34' is set on object 'Object Repository/sedekah online/input 2 digit terakhir nomor hp'

2023-09-05 15:43:08 - [MESSAGE][PASSED] - Text '34' is set on object 'Object Repository/sedekah online/input 2 digit terakhir nomor hp'

2023-09-05 15:43:08 - [TEST_STEP][PASSED] - click(findTestObject("sedekah online/button_Sedekah Sekarang")): Object: 'Object Repository/sedekah online/button_Sedekah Sekarang' is clicked on

2023-09-05 15:43:09 - [MESSAGE][PASSED] - Object: 'Object Repository/sedekah online/button_Sedekah Sekarang' is clicked on

2023-09-05 15:43:09 - [TEST_STEP][PASSED] - webDriver = getWebDriver(): null

2023-09-05 15:43:09 - [TEST_STEP][PASSED] - field_email = webDriver.findElement(By.xpath("//input[@name="alamat_email"]")): null

2023-09-05 15:43:09 - [TEST_STEP][PASSED] - error_message = webDriver.executeScript("return arguments[0].validationMessage", field_email): null

2023-09-05 15:43:09 - [TEST_STEP][PASSED] - println(error_message): null

2023-09-05 15:43:09 - [TEST_STEP][FAILED] - assert error_message == "Please enter an email address.": Test Cases/T05 - Sedekah Online/TC-SO-Failed-003 FAILED.
Reason:
Assertion failed: 

assert error_message == "Please enter an email address."
       |             |
       |             false
       Please include an '@' in the email address. 'anata71' is missing an '@'.

	at TC-SO-Failed-003.run(TC-SO-Failed-003:69)
	at com.kms.katalon.core.main.ScriptEngine.run(ScriptEngine.java:194)
	at com.kms.katalon.core.main.ScriptEngine.runScriptAsRawText(ScriptEngine.java:119)
	at com.kms.katalon.core.main.TestCaseExecutor.runScript(TestCaseExecutor.java:448)
	at com.kms.katalon.core.main.TestCaseExecutor.doExecute(TestCaseExecutor.java:439)
	at com.kms.katalon.core.main.TestCaseExecutor.processExecutionPhase(TestCaseExecutor.java:418)
	at com.kms.katalon.core.main.TestCaseExecutor.accessMainPhase(TestCaseExecutor.java:410)
	at com.kms.katalon.core.main.TestCaseExecutor.execute(TestCaseExecutor.java:285)
	at com.kms.katalon.core.main.TestCaseExecutor.execute(TestCaseExecutor.java:369)
	at com.kms.katalon.core.main.TestCaseExecutor.execute(TestCaseExecutor.java:369)
	at com.kms.katalon.core.main.TestCaseExecutor.execute(TestCaseExecutor.java:369)
	at com.kms.katalon.core.common.CommonExecutor.accessTestCaseMainPhase(CommonExecutor.java:65)
	at com.kms.katalon.core.main.TestSuiteExecutor.accessTestSuiteMainPhase(TestSuiteExecutor.java:148)
	at com.kms.katalon.core.main.TestSuiteExecutor.execute(TestSuiteExecutor.java:106)
	at com.kms.katalon.core.main.TestCaseMain.startTestSuite(TestCaseMain.java:187)
	at com.kms.katalon.core.main.TestCaseMain$startTestSuite$0.call(Unknown Source)
	at TempTestSuite1693903058735.run(TempTestSuite1693903058735.groovy:36)


2023-09-05 15:43:09 - [MESSAGE][FAILED] - Test Cases/T05 - Sedekah Online/TC-SO-Failed-003 FAILED.
Reason:
Assertion failed: 

assert error_message == "Please enter an email address."
       |             |
       |             false
       Please include an '@' in the email address. 'anata71' is missing an '@'.

	at TC-SO-Failed-003.run(TC-SO-Failed-003:69)
	at com.kms.katalon.core.main.ScriptEngine.run(ScriptEngine.java:194)
	at com.kms.katalon.core.main.ScriptEngine.runScriptAsRawText(ScriptEngine.java:119)
	at com.kms.katalon.core.main.TestCaseExecutor.runScript(TestCaseExecutor.java:448)
	at com.kms.katalon.core.main.TestCaseExecutor.doExecute(TestCaseExecutor.java:439)
	at com.kms.katalon.core.main.TestCaseExecutor.processExecutionPhase(TestCaseExecutor.java:418)
	at com.kms.katalon.core.main.TestCaseExecutor.accessMainPhase(TestCaseExecutor.java:410)
	at com.kms.katalon.core.main.TestCaseExecutor.execute(TestCaseExecutor.java:285)
	at com.kms.katalon.core.main.TestCaseExecutor.execute(TestCaseExecutor.java:369)
	at com.kms.katalon.core.main.TestCaseExecutor.execute(TestCaseExecutor.java:369)
	at com.kms.katalon.core.main.TestCaseExecutor.execute(TestCaseExecutor.java:369)
	at com.kms.katalon.core.common.CommonExecutor.accessTestCaseMainPhase(CommonExecutor.java:65)
	at com.kms.katalon.core.main.TestSuiteExecutor.accessTestSuiteMainPhase(TestSuiteExecutor.java:148)
	at com.kms.katalon.core.main.TestSuiteExecutor.execute(TestSuiteExecutor.java:106)
	at com.kms.katalon.core.main.TestCaseMain.startTestSuite(TestCaseMain.java:187)
	at com.kms.katalon.core.main.TestCaseMain$startTestSuite$0.call(Unknown Source)
	at TempTestSuite1693903058735.run(TempTestSuite1693903058735.groovy:36)]]></system-out>
         <system-err><![CDATA[2023-09-05 15:42:36 - [TEST_CASE][FAILED] - Test Cases/T05 - Sedekah Online/TC-SO-Failed-003: Test Cases/T05 - Sedekah Online/TC-SO-Failed-003 FAILED.
Reason:
Assertion failed: 

assert error_message == "Please enter an email address."
       |             |
       |             false
       Please include an '@' in the email address. 'anata71' is missing an '@'.

	at TC-SO-Failed-003.run(TC-SO-Failed-003:69)
	at com.kms.katalon.core.main.ScriptEngine.run(ScriptEngine.java:194)
	at com.kms.katalon.core.main.ScriptEngine.runScriptAsRawText(ScriptEngine.java:119)
	at com.kms.katalon.core.main.TestCaseExecutor.runScript(TestCaseExecutor.java:448)
	at com.kms.katalon.core.main.TestCaseExecutor.doExecute(TestCaseExecutor.java:439)
	at com.kms.katalon.core.main.TestCaseExecutor.processExecutionPhase(TestCaseExecutor.java:418)
	at com.kms.katalon.core.main.TestCaseExecutor.accessMainPhase(TestCaseExecutor.java:410)
	at com.kms.katalon.core.main.TestCaseExecutor.execute(TestCaseExecutor.java:285)
	at com.kms.katalon.core.main.TestCaseExecutor.execute(TestCaseExecutor.java:369)
	at com.kms.katalon.core.main.TestCaseExecutor.execute(TestCaseExecutor.java:369)
	at com.kms.katalon.core.main.TestCaseExecutor.execute(TestCaseExecutor.java:369)
	at com.kms.katalon.core.common.CommonExecutor.accessTestCaseMainPhase(CommonExecutor.java:65)
	at com.kms.katalon.core.main.TestSuiteExecutor.accessTestSuiteMainPhase(TestSuiteExecutor.java:148)
	at com.kms.katalon.core.main.TestSuiteExecutor.execute(TestSuiteExecutor.java:106)
	at com.kms.katalon.core.main.TestCaseMain.startTestSuite(TestCaseMain.java:187)
	at com.kms.katalon.core.main.TestCaseMain$startTestSuite$0.call(Unknown Source)
	at TempTestSuite1693903058735.run(TempTestSuite1693903058735.groovy:36)]]></system-err>
      </testcase>
      <testcase name="Test Cases/T05 - Sedekah Online/TC-SO-Failed-004" time="34.805" classname="Test Cases/T05 - Sedekah Online/TC-SO-Failed-004" status="FAILED">
         <failure type="FAILED" message="Test Cases/T05 - Sedekah Online/TC-SO-Failed-004 FAILED.
Reason:
com.kms.katalon.core.exception.StepFailedException: Unable to verify text 'please enter an valid phone number' is present 
	at com.kms.katalon.core.webui.keyword.internal.WebUIKeywordMain.stepFailed(WebUIKeywordMain.groovy:64)
	at com.kms.katalon.core.webui.keyword.internal.WebUIKeywordMain.runKeyword(WebUIKeywordMain.groovy:26)
	at com.kms.katalon.core.webui.keyword.builtin.VerifyTextPresentKeyword.verifyTextPresent(VerifyTextPresentKeyword.groovy:83)
	at com.kms.katalon.core.webui.keyword.builtin.VerifyTextPresentKeyword.execute(VerifyTextPresentKeyword.groovy:68)
	at com.kms.katalon.core.keyword.internal.KeywordExecutor.executeKeywordForPlatform(KeywordExecutor.groovy:74)
	at com.kms.katalon.core.webui.keyword.WebUiBuiltInKeywords.verifyTextPresent(WebUiBuiltInKeywords.groovy:1723)
	at com.kms.katalon.core.webui.keyword.WebUiBuiltInKeywords$verifyTextPresent$7.call(Unknown Source)
	at TC-SO-Failed-004.run(TC-SO-Failed-004:52)
	at com.kms.katalon.core.main.ScriptEngine.run(ScriptEngine.java:194)
	at com.kms.katalon.core.main.ScriptEngine.runScriptAsRawText(ScriptEngine.java:119)
	at com.kms.katalon.core.main.TestCaseExecutor.runScript(TestCaseExecutor.java:448)
	at com.kms.katalon.core.main.TestCaseExecutor.doExecute(TestCaseExecutor.java:439)
	at com.kms.katalon.core.main.TestCaseExecutor.processExecutionPhase(TestCaseExecutor.java:418)
	at com.kms.katalon.core.main.TestCaseExecutor.accessMainPhase(TestCaseExecutor.java:410)
	at com.kms.katalon.core.main.TestCaseExecutor.execute(TestCaseExecutor.java:285)
	at com.kms.katalon.core.main.TestCaseExecutor.execute(TestCaseExecutor.java:369)
	at com.kms.katalon.core.main.TestCaseExecutor.execute(TestCaseExecutor.java:369)
	at com.kms.katalon.core.main.TestCaseExecutor.execute(TestCaseExecutor.java:369)
	at com.kms.katalon.core.common.CommonExecutor.accessTestCaseMainPhase(CommonExecutor.java:65)
	at com.kms.katalon.core.main.TestSuiteExecutor.accessTestSuiteMainPhase(TestSuiteExecutor.java:148)
	at com.kms.katalon.core.main.TestSuiteExecutor.execute(TestSuiteExecutor.java:106)
	at com.kms.katalon.core.main.TestCaseMain.startTestSuite(TestCaseMain.java:187)
	at com.kms.katalon.core.main.TestCaseMain$startTestSuite$0.call(Unknown Source)
	at TempTestSuite1693903058735.run(TempTestSuite1693903058735.groovy:36)
Caused by: com.kms.katalon.core.exception.StepFailedException: Text 'please enter an valid phone number' is not present on page 
	at com.kms.katalon.core.webui.keyword.internal.WebUIKeywordMain.stepFailed(WebUIKeywordMain.groovy:64)
	at com.kms.katalon.core.webui.keyword.builtin.VerifyTextPresentKeyword$_verifyTextPresent_closure1.doCall(VerifyTextPresentKeyword.groovy:79)
	at com.kms.katalon.core.webui.keyword.builtin.VerifyTextPresentKeyword$_verifyTextPresent_closure1.call(VerifyTextPresentKeyword.groovy)
	at com.kms.katalon.core.webui.keyword.internal.WebUIKeywordMain.runKeyword(WebUIKeywordMain.groovy:20)
	... 22 more
"/>
         <system-out><![CDATA[2023-09-05 15:44:52 - [TEST_CASE][FAILED] - Test Cases/T05 - Sedekah Online/TC-SO-Failed-004: Test Cases/T05 - Sedekah Online/TC-SO-Failed-004 FAILED.
Reason:
com.kms.katalon.core.exception.StepFailedException: Unable to verify text 'please enter an valid phone number' is present 
	at com.kms.katalon.core.webui.keyword.internal.WebUIKeywordMain.stepFailed(WebUIKeywordMain.groovy:64)
	at com.kms.katalon.core.webui.keyword.internal.WebUIKeywordMain.runKeyword(WebUIKeywordMain.groovy:26)
	at com.kms.katalon.core.webui.keyword.builtin.VerifyTextPresentKeyword.verifyTextPresent(VerifyTextPresentKeyword.groovy:83)
	at com.kms.katalon.core.webui.keyword.builtin.VerifyTextPresentKeyword.execute(VerifyTextPresentKeyword.groovy:68)
	at com.kms.katalon.core.keyword.internal.KeywordExecutor.executeKeywordForPlatform(KeywordExecutor.groovy:74)
	at com.kms.katalon.core.webui.keyword.WebUiBuiltInKeywords.verifyTextPresent(WebUiBuiltInKeywords.groovy:1723)
	at com.kms.katalon.core.webui.keyword.WebUiBuiltInKeywords$verifyTextPresent$7.call(Unknown Source)
	at TC-SO-Failed-004.run(TC-SO-Failed-004:52)
	at com.kms.katalon.core.main.ScriptEngine.run(ScriptEngine.java:194)
	at com.kms.katalon.core.main.ScriptEngine.runScriptAsRawText(ScriptEngine.java:119)
	at com.kms.katalon.core.main.TestCaseExecutor.runScript(TestCaseExecutor.java:448)
	at com.kms.katalon.core.main.TestCaseExecutor.doExecute(TestCaseExecutor.java:439)
	at com.kms.katalon.core.main.TestCaseExecutor.processExecutionPhase(TestCaseExecutor.java:418)
	at com.kms.katalon.core.main.TestCaseExecutor.accessMainPhase(TestCaseExecutor.java:410)
	at com.kms.katalon.core.main.TestCaseExecutor.execute(TestCaseExecutor.java:285)
	at com.kms.katalon.core.main.TestCaseExecutor.execute(TestCaseExecutor.java:369)
	at com.kms.katalon.core.main.TestCaseExecutor.execute(TestCaseExecutor.java:369)
	at com.kms.katalon.core.main.TestCaseExecutor.execute(TestCaseExecutor.java:369)
	at com.kms.katalon.core.common.CommonExecutor.accessTestCaseMainPhase(CommonExecutor.java:65)
	at com.kms.katalon.core.main.TestSuiteExecutor.accessTestSuiteMainPhase(TestSuiteExecutor.java:148)
	at com.kms.katalon.core.main.TestSuiteExecutor.execute(TestSuiteExecutor.java:106)
	at com.kms.katalon.core.main.TestCaseMain.startTestSuite(TestCaseMain.java:187)
	at com.kms.katalon.core.main.TestCaseMain$startTestSuite$0.call(Unknown Source)
	at TempTestSuite1693903058735.run(TempTestSuite1693903058735.groovy:36)
Caused by: com.kms.katalon.core.exception.StepFailedException: Text 'please enter an valid phone number' is not present on page 
	at com.kms.katalon.core.webui.keyword.internal.WebUIKeywordMain.stepFailed(WebUIKeywordMain.groovy:64)
	at com.kms.katalon.core.webui.keyword.builtin.VerifyTextPresentKeyword$_verifyTextPresent_closure1.doCall(VerifyTextPresentKeyword.groovy:79)
	at com.kms.katalon.core.webui.keyword.builtin.VerifyTextPresentKeyword$_verifyTextPresent_closure1.call(VerifyTextPresentKeyword.groovy)
	at com.kms.katalon.core.webui.keyword.internal.WebUIKeywordMain.runKeyword(WebUIKeywordMain.groovy:20)
	... 22 more


2023-09-05 15:44:52 - [TEST_STEP][PASSED] - openBrowser(urlWeb): Browser is opened with url: 'https://10.9.2.63/ecommerce/'

2023-09-05 15:44:52 - [MESSAGE][WARNING] - A browser is already opened. Closing browser and opening a new one

2023-09-05 15:44:53 - [MESSAGE][INFO] - Starting 'Edge Chromium' driver

2023-09-05 15:44:53 - [MESSAGE][INFO] - User set preference: ['acceptInsecureCerts', 'true']

2023-09-05 15:44:56 - [MESSAGE][INFO] - Action delay is set to 0 milliseconds

2023-09-05 15:45:01 - [MESSAGE][PASSED] - Browser is opened with url: 'https://10.9.2.63/ecommerce/'

2023-09-05 15:45:01 - [TEST_STEP][PASSED] - maximizeWindow(): Current window maximized

2023-09-05 15:45:02 - [MESSAGE][PASSED] - Current window maximized

2023-09-05 15:45:02 - [TEST_STEP][PASSED] - click(findTestObject("sedekah online/a_Donasi (di halaman utama)")): Object: 'Object Repository/sedekah online/a_Donasi (di halaman utama)' is clicked on

2023-09-05 15:45:03 - [MESSAGE][PASSED] - Object: 'Object Repository/sedekah online/a_Donasi (di halaman utama)' is clicked on

2023-09-05 15:45:03 - [TEST_STEP][PASSED] - click(findTestObject("sedekah online/a_Sedekah Online")): Object: 'Object Repository/sedekah online/a_Sedekah Online' is clicked on

2023-09-05 15:45:04 - [MESSAGE][PASSED] - Object: 'Object Repository/sedekah online/a_Sedekah Online' is clicked on

2023-09-05 15:45:04 - [TEST_STEP][PASSED] - verifyElementPresent(findTestObject("sedekah online/verifikasi halaman sedekah Online"), 0): Object 'Object Repository/sedekah online/verifikasi halaman sedekah Online' is present

2023-09-05 15:45:05 - [MESSAGE][WARNING] - Timeout '0' is invalid. Using default page load timeout: '30'

2023-09-05 15:45:05 - [MESSAGE][PASSED] - Object 'Object Repository/sedekah online/verifikasi halaman sedekah Online' is present

2023-09-05 15:45:05 - [TEST_STEP][PASSED] - setText(findTestObject("sedekah online/input_Sedekah"), nominalSedekah): Text '25000' is set on object 'Object Repository/sedekah online/input_Sedekah'

2023-09-05 15:45:06 - [MESSAGE][PASSED] - Text '25000' is set on object 'Object Repository/sedekah online/input_Sedekah'

2023-09-05 15:45:06 - [TEST_STEP][PASSED] - setText(findTestObject("sedekah online/input_Nama lengkap (di sedekah online)"), namaLengkap): Text 'ikana' is set on object 'Object Repository/sedekah online/input_Nama lengkap (di sedekah online)'

2023-09-05 15:45:08 - [MESSAGE][PASSED] - Text 'ikana' is set on object 'Object Repository/sedekah online/input_Nama lengkap (di sedekah online)'

2023-09-05 15:45:08 - [TEST_STEP][PASSED] - setText(findTestObject("sedekah online/input_No Handphone (di sedekah online)"), "086754"): Text '086754' is set on object 'Object Repository/sedekah online/input_No Handphone (di sedekah online)'

2023-09-05 15:45:10 - [MESSAGE][PASSED] - Text '086754' is set on object 'Object Repository/sedekah online/input_No Handphone (di sedekah online)'

2023-09-05 15:45:10 - [TEST_STEP][PASSED] - setText(findTestObject("sedekah online/input_Alamat Email (di sedekah online)"), email): Text 'anata71@gmail.com' is set on object 'Object Repository/sedekah online/input_Alamat Email (di sedekah online)'

2023-09-05 15:45:11 - [MESSAGE][PASSED] - Text 'anata71@gmail.com' is set on object 'Object Repository/sedekah online/input_Alamat Email (di sedekah online)'

2023-09-05 15:45:11 - [TEST_STEP][PASSED] - selectOptionByValue(findTestObject("Object Repository/sedekah online/dropdown metode pembayaraan"), metodePembayaran, false): All options with value '1' are selected in object 'Object Repository/sedekah online/dropdown metode pembayaraan' 

2023-09-05 15:45:15 - [MESSAGE][PASSED] - All options with value '1' are selected in object 'Object Repository/sedekah online/dropdown metode pembayaraan' 

2023-09-05 15:45:15 - [TEST_STEP][PASSED] - selectOptionByValue(findTestObject("Object Repository/sedekah online/sedekah ditunjukan untuk keluarga"), tujuanSedekah, false): All options with value 'Orang Tua' are selected in object 'Object Repository/sedekah online/sedekah ditunjukan untuk keluarga' 

2023-09-05 15:45:19 - [MESSAGE][PASSED] - All options with value 'Orang Tua' are selected in object 'Object Repository/sedekah online/sedekah ditunjukan untuk keluarga' 

2023-09-05 15:45:19 - [TEST_STEP][PASSED] - setText(findTestObject("sedekah online/input isi doa terbaik anda"), doa): Text 'semoga bermanfaat' is set on object 'Object Repository/sedekah online/input isi doa terbaik anda'

2023-09-05 15:45:23 - [MESSAGE][PASSED] - Text 'semoga bermanfaat' is set on object 'Object Repository/sedekah online/input isi doa terbaik anda'

2023-09-05 15:45:23 - [TEST_STEP][PASSED] - setText(findTestObject("sedekah online/input 2 digit terakhir nomor hp"), "54"): Text '54' is set on object 'Object Repository/sedekah online/input 2 digit terakhir nomor hp'

2023-09-05 15:45:24 - [MESSAGE][PASSED] - Text '54' is set on object 'Object Repository/sedekah online/input 2 digit terakhir nomor hp'

2023-09-05 15:45:24 - [TEST_STEP][PASSED] - click(findTestObject("sedekah online/button_Sedekah Sekarang")): Object: 'Object Repository/sedekah online/button_Sedekah Sekarang' is clicked on

2023-09-05 15:45:26 - [MESSAGE][PASSED] - Object: 'Object Repository/sedekah online/button_Sedekah Sekarang' is clicked on

2023-09-05 15:45:26 - [TEST_STEP][FAILED] - verifyTextPresent("please enter an valid phone number", false): Unable to verify text 'please enter an valid phone number' is present  (Root cause: com.kms.katalon.core.exception.StepFailedException: Unable to verify text 'please enter an valid phone number' is present 
	at com.kms.katalon.core.webui.keyword.internal.WebUIKeywordMain.stepFailed(WebUIKeywordMain.groovy:64)
	at com.kms.katalon.core.webui.keyword.internal.WebUIKeywordMain.runKeyword(WebUIKeywordMain.groovy:26)
	at com.kms.katalon.core.webui.keyword.builtin.VerifyTextPresentKeyword.verifyTextPresent(VerifyTextPresentKeyword.groovy:83)
	at com.kms.katalon.core.webui.keyword.builtin.VerifyTextPresentKeyword.execute(VerifyTextPresentKeyword.groovy:68)
	at com.kms.katalon.core.keyword.internal.KeywordExecutor.executeKeywordForPlatform(KeywordExecutor.groovy:74)
	at com.kms.katalon.core.webui.keyword.WebUiBuiltInKeywords.verifyTextPresent(WebUiBuiltInKeywords.groovy:1723)
	at com.kms.katalon.core.webui.keyword.WebUiBuiltInKeywords$verifyTextPresent$7.call(Unknown Source)
	at TC-SO-Failed-004.run(TC-SO-Failed-004:52)
	at com.kms.katalon.core.main.ScriptEngine.run(ScriptEngine.java:194)
	at com.kms.katalon.core.main.ScriptEngine.runScriptAsRawText(ScriptEngine.java:119)
	at com.kms.katalon.core.main.TestCaseExecutor.runScript(TestCaseExecutor.java:448)
	at com.kms.katalon.core.main.TestCaseExecutor.doExecute(TestCaseExecutor.java:439)
	at com.kms.katalon.core.main.TestCaseExecutor.processExecutionPhase(TestCaseExecutor.java:418)
	at com.kms.katalon.core.main.TestCaseExecutor.accessMainPhase(TestCaseExecutor.java:410)
	at com.kms.katalon.core.main.TestCaseExecutor.execute(TestCaseExecutor.java:285)
	at com.kms.katalon.core.main.TestCaseExecutor.execute(TestCaseExecutor.java:369)
	at com.kms.katalon.core.main.TestCaseExecutor.execute(TestCaseExecutor.java:369)
	at com.kms.katalon.core.main.TestCaseExecutor.execute(TestCaseExecutor.java:369)
	at com.kms.katalon.core.common.CommonExecutor.accessTestCaseMainPhase(CommonExecutor.java:65)
	at com.kms.katalon.core.main.TestSuiteExecutor.accessTestSuiteMainPhase(TestSuiteExecutor.java:148)
	at com.kms.katalon.core.main.TestSuiteExecutor.execute(TestSuiteExecutor.java:106)
	at com.kms.katalon.core.main.TestCaseMain.startTestSuite(TestCaseMain.java:187)
	at com.kms.katalon.core.main.TestCaseMain$startTestSuite$0.call(Unknown Source)
	at TempTestSuite1693903058735.run(TempTestSuite1693903058735.groovy:36)
Caused by: com.kms.katalon.core.exception.StepFailedException: Text 'please enter an valid phone number' is not present on page 
	at com.kms.katalon.core.webui.keyword.internal.WebUIKeywordMain.stepFailed(WebUIKeywordMain.groovy:64)
	at com.kms.katalon.core.webui.keyword.builtin.VerifyTextPresentKeyword$_verifyTextPresent_closure1.doCall(VerifyTextPresentKeyword.groovy:79)
	at com.kms.katalon.core.webui.keyword.builtin.VerifyTextPresentKeyword$_verifyTextPresent_closure1.call(VerifyTextPresentKeyword.groovy)
	at com.kms.katalon.core.webui.keyword.internal.WebUIKeywordMain.runKeyword(WebUIKeywordMain.groovy:20)
	... 22 more
)

2023-09-05 15:45:26 - [MESSAGE][FAILED] - Text 'please enter an valid phone number' is not present on page  (Root cause: com.kms.katalon.core.exception.StepFailedException: Text 'please enter an valid phone number' is not present on page 
	at com.kms.katalon.core.webui.keyword.internal.WebUIKeywordMain.stepFailed(WebUIKeywordMain.groovy:64)
	at com.kms.katalon.core.webui.keyword.builtin.VerifyTextPresentKeyword$_verifyTextPresent_closure1.doCall(VerifyTextPresentKeyword.groovy:79)
	at com.kms.katalon.core.webui.keyword.builtin.VerifyTextPresentKeyword$_verifyTextPresent_closure1.call(VerifyTextPresentKeyword.groovy)
	at com.kms.katalon.core.webui.keyword.internal.WebUIKeywordMain.runKeyword(WebUIKeywordMain.groovy:20)
	at com.kms.katalon.core.webui.keyword.builtin.VerifyTextPresentKeyword.verifyTextPresent(VerifyTextPresentKeyword.groovy:83)
	at com.kms.katalon.core.webui.keyword.builtin.VerifyTextPresentKeyword.execute(VerifyTextPresentKeyword.groovy:68)
	at com.kms.katalon.core.keyword.internal.KeywordExecutor.executeKeywordForPlatform(KeywordExecutor.groovy:74)
	at com.kms.katalon.core.webui.keyword.WebUiBuiltInKeywords.verifyTextPresent(WebUiBuiltInKeywords.groovy:1723)
	at com.kms.katalon.core.webui.keyword.WebUiBuiltInKeywords$verifyTextPresent$7.call(Unknown Source)
	at TC-SO-Failed-004.run(TC-SO-Failed-004:52)
	at com.kms.katalon.core.main.ScriptEngine.run(ScriptEngine.java:194)
	at com.kms.katalon.core.main.ScriptEngine.runScriptAsRawText(ScriptEngine.java:119)
	at com.kms.katalon.core.main.TestCaseExecutor.runScript(TestCaseExecutor.java:448)
	at com.kms.katalon.core.main.TestCaseExecutor.doExecute(TestCaseExecutor.java:439)
	at com.kms.katalon.core.main.TestCaseExecutor.processExecutionPhase(TestCaseExecutor.java:418)
	at com.kms.katalon.core.main.TestCaseExecutor.accessMainPhase(TestCaseExecutor.java:410)
	at com.kms.katalon.core.main.TestCaseExecutor.execute(TestCaseExecutor.java:285)
	at com.kms.katalon.core.main.TestCaseExecutor.execute(TestCaseExecutor.java:369)
	at com.kms.katalon.core.main.TestCaseExecutor.execute(TestCaseExecutor.java:369)
	at com.kms.katalon.core.main.TestCaseExecutor.execute(TestCaseExecutor.java:369)
	at com.kms.katalon.core.common.CommonExecutor.accessTestCaseMainPhase(CommonExecutor.java:65)
	at com.kms.katalon.core.main.TestSuiteExecutor.accessTestSuiteMainPhase(TestSuiteExecutor.java:148)
	at com.kms.katalon.core.main.TestSuiteExecutor.execute(TestSuiteExecutor.java:106)
	at com.kms.katalon.core.main.TestCaseMain.startTestSuite(TestCaseMain.java:187)
	at com.kms.katalon.core.main.TestCaseMain$startTestSuite$0.call(Unknown Source)
	at TempTestSuite1693903058735.run(TempTestSuite1693903058735.groovy:36)
)

2023-09-05 15:45:27 - [MESSAGE][FAILED] - Unable to verify text 'please enter an valid phone number' is present  (Root cause: com.kms.katalon.core.exception.StepFailedException: Unable to verify text 'please enter an valid phone number' is present 
	at com.kms.katalon.core.webui.keyword.internal.WebUIKeywordMain.stepFailed(WebUIKeywordMain.groovy:64)
	at com.kms.katalon.core.webui.keyword.internal.WebUIKeywordMain.runKeyword(WebUIKeywordMain.groovy:26)
	at com.kms.katalon.core.webui.keyword.builtin.VerifyTextPresentKeyword.verifyTextPresent(VerifyTextPresentKeyword.groovy:83)
	at com.kms.katalon.core.webui.keyword.builtin.VerifyTextPresentKeyword.execute(VerifyTextPresentKeyword.groovy:68)
	at com.kms.katalon.core.keyword.internal.KeywordExecutor.executeKeywordForPlatform(KeywordExecutor.groovy:74)
	at com.kms.katalon.core.webui.keyword.WebUiBuiltInKeywords.verifyTextPresent(WebUiBuiltInKeywords.groovy:1723)
	at com.kms.katalon.core.webui.keyword.WebUiBuiltInKeywords$verifyTextPresent$7.call(Unknown Source)
	at TC-SO-Failed-004.run(TC-SO-Failed-004:52)
	at com.kms.katalon.core.main.ScriptEngine.run(ScriptEngine.java:194)
	at com.kms.katalon.core.main.ScriptEngine.runScriptAsRawText(ScriptEngine.java:119)
	at com.kms.katalon.core.main.TestCaseExecutor.runScript(TestCaseExecutor.java:448)
	at com.kms.katalon.core.main.TestCaseExecutor.doExecute(TestCaseExecutor.java:439)
	at com.kms.katalon.core.main.TestCaseExecutor.processExecutionPhase(TestCaseExecutor.java:418)
	at com.kms.katalon.core.main.TestCaseExecutor.accessMainPhase(TestCaseExecutor.java:410)
	at com.kms.katalon.core.main.TestCaseExecutor.execute(TestCaseExecutor.java:285)
	at com.kms.katalon.core.main.TestCaseExecutor.execute(TestCaseExecutor.java:369)
	at com.kms.katalon.core.main.TestCaseExecutor.execute(TestCaseExecutor.java:369)
	at com.kms.katalon.core.main.TestCaseExecutor.execute(TestCaseExecutor.java:369)
	at com.kms.katalon.core.common.CommonExecutor.accessTestCaseMainPhase(CommonExecutor.java:65)
	at com.kms.katalon.core.main.TestSuiteExecutor.accessTestSuiteMainPhase(TestSuiteExecutor.java:148)
	at com.kms.katalon.core.main.TestSuiteExecutor.execute(TestSuiteExecutor.java:106)
	at com.kms.katalon.core.main.TestCaseMain.startTestSuite(TestCaseMain.java:187)
	at com.kms.katalon.core.main.TestCaseMain$startTestSuite$0.call(Unknown Source)
	at TempTestSuite1693903058735.run(TempTestSuite1693903058735.groovy:36)
Caused by: com.kms.katalon.core.exception.StepFailedException: Text 'please enter an valid phone number' is not present on page 
	at com.kms.katalon.core.webui.keyword.internal.WebUIKeywordMain.stepFailed(WebUIKeywordMain.groovy:64)
	at com.kms.katalon.core.webui.keyword.builtin.VerifyTextPresentKeyword$_verifyTextPresent_closure1.doCall(VerifyTextPresentKeyword.groovy:79)
	at com.kms.katalon.core.webui.keyword.builtin.VerifyTextPresentKeyword$_verifyTextPresent_closure1.call(VerifyTextPresentKeyword.groovy)
	at com.kms.katalon.core.webui.keyword.internal.WebUIKeywordMain.runKeyword(WebUIKeywordMain.groovy:20)
	... 22 more
)
[[ATTACHMENT|F:\\bootcamp\\Miniproject\\Tajalapak\\Reports\\20230905_153738\\T05- Sedekah Online\\T05 - Sedekah Online\\20230905_153738\\1693903526969.png]]]]></system-out>
         <system-err><![CDATA[2023-09-05 15:44:52 - [TEST_CASE][FAILED] - Test Cases/T05 - Sedekah Online/TC-SO-Failed-004: Test Cases/T05 - Sedekah Online/TC-SO-Failed-004 FAILED.
Reason:
com.kms.katalon.core.exception.StepFailedException: Unable to verify text 'please enter an valid phone number' is present 
	at com.kms.katalon.core.webui.keyword.internal.WebUIKeywordMain.stepFailed(WebUIKeywordMain.groovy:64)
	at com.kms.katalon.core.webui.keyword.internal.WebUIKeywordMain.runKeyword(WebUIKeywordMain.groovy:26)
	at com.kms.katalon.core.webui.keyword.builtin.VerifyTextPresentKeyword.verifyTextPresent(VerifyTextPresentKeyword.groovy:83)
	at com.kms.katalon.core.webui.keyword.builtin.VerifyTextPresentKeyword.execute(VerifyTextPresentKeyword.groovy:68)
	at com.kms.katalon.core.keyword.internal.KeywordExecutor.executeKeywordForPlatform(KeywordExecutor.groovy:74)
	at com.kms.katalon.core.webui.keyword.WebUiBuiltInKeywords.verifyTextPresent(WebUiBuiltInKeywords.groovy:1723)
	at com.kms.katalon.core.webui.keyword.WebUiBuiltInKeywords$verifyTextPresent$7.call(Unknown Source)
	at TC-SO-Failed-004.run(TC-SO-Failed-004:52)
	at com.kms.katalon.core.main.ScriptEngine.run(ScriptEngine.java:194)
	at com.kms.katalon.core.main.ScriptEngine.runScriptAsRawText(ScriptEngine.java:119)
	at com.kms.katalon.core.main.TestCaseExecutor.runScript(TestCaseExecutor.java:448)
	at com.kms.katalon.core.main.TestCaseExecutor.doExecute(TestCaseExecutor.java:439)
	at com.kms.katalon.core.main.TestCaseExecutor.processExecutionPhase(TestCaseExecutor.java:418)
	at com.kms.katalon.core.main.TestCaseExecutor.accessMainPhase(TestCaseExecutor.java:410)
	at com.kms.katalon.core.main.TestCaseExecutor.execute(TestCaseExecutor.java:285)
	at com.kms.katalon.core.main.TestCaseExecutor.execute(TestCaseExecutor.java:369)
	at com.kms.katalon.core.main.TestCaseExecutor.execute(TestCaseExecutor.java:369)
	at com.kms.katalon.core.main.TestCaseExecutor.execute(TestCaseExecutor.java:369)
	at com.kms.katalon.core.common.CommonExecutor.accessTestCaseMainPhase(CommonExecutor.java:65)
	at com.kms.katalon.core.main.TestSuiteExecutor.accessTestSuiteMainPhase(TestSuiteExecutor.java:148)
	at com.kms.katalon.core.main.TestSuiteExecutor.execute(TestSuiteExecutor.java:106)
	at com.kms.katalon.core.main.TestCaseMain.startTestSuite(TestCaseMain.java:187)
	at com.kms.katalon.core.main.TestCaseMain$startTestSuite$0.call(Unknown Source)
	at TempTestSuite1693903058735.run(TempTestSuite1693903058735.groovy:36)
Caused by: com.kms.katalon.core.exception.StepFailedException: Text 'please enter an valid phone number' is not present on page 
	at com.kms.katalon.core.webui.keyword.internal.WebUIKeywordMain.stepFailed(WebUIKeywordMain.groovy:64)
	at com.kms.katalon.core.webui.keyword.builtin.VerifyTextPresentKeyword$_verifyTextPresent_closure1.doCall(VerifyTextPresentKeyword.groovy:79)
	at com.kms.katalon.core.webui.keyword.builtin.VerifyTextPresentKeyword$_verifyTextPresent_closure1.call(VerifyTextPresentKeyword.groovy)
	at com.kms.katalon.core.webui.keyword.internal.WebUIKeywordMain.runKeyword(WebUIKeywordMain.groovy:20)
	... 22 more]]></system-err>
      </testcase>
      <testcase name="Test Cases/T05 - Sedekah Online/TC-SO-Failed-005" time="33.806" classname="Test Cases/T05 - Sedekah Online/TC-SO-Failed-005" status="FAILED">
         <failure type="FAILED" message="Test Cases/T05 - Sedekah Online/TC-SO-Failed-005 FAILED.
Reason:
com.kms.katalon.core.exception.StepFailedException: Unable to verify text 'please enter an valid phone number' is present 
	at com.kms.katalon.core.webui.keyword.internal.WebUIKeywordMain.stepFailed(WebUIKeywordMain.groovy:64)
	at com.kms.katalon.core.webui.keyword.internal.WebUIKeywordMain.runKeyword(WebUIKeywordMain.groovy:26)
	at com.kms.katalon.core.webui.keyword.builtin.VerifyTextPresentKeyword.verifyTextPresent(VerifyTextPresentKeyword.groovy:83)
	at com.kms.katalon.core.webui.keyword.builtin.VerifyTextPresentKeyword.execute(VerifyTextPresentKeyword.groovy:68)
	at com.kms.katalon.core.keyword.internal.KeywordExecutor.executeKeywordForPlatform(KeywordExecutor.groovy:74)
	at com.kms.katalon.core.webui.keyword.WebUiBuiltInKeywords.verifyTextPresent(WebUiBuiltInKeywords.groovy:1723)
	at com.kms.katalon.core.webui.keyword.WebUiBuiltInKeywords$verifyTextPresent$7.call(Unknown Source)
	at TC-SO-Failed-005.run(TC-SO-Failed-005:52)
	at com.kms.katalon.core.main.ScriptEngine.run(ScriptEngine.java:194)
	at com.kms.katalon.core.main.ScriptEngine.runScriptAsRawText(ScriptEngine.java:119)
	at com.kms.katalon.core.main.TestCaseExecutor.runScript(TestCaseExecutor.java:448)
	at com.kms.katalon.core.main.TestCaseExecutor.doExecute(TestCaseExecutor.java:439)
	at com.kms.katalon.core.main.TestCaseExecutor.processExecutionPhase(TestCaseExecutor.java:418)
	at com.kms.katalon.core.main.TestCaseExecutor.accessMainPhase(TestCaseExecutor.java:410)
	at com.kms.katalon.core.main.TestCaseExecutor.execute(TestCaseExecutor.java:285)
	at com.kms.katalon.core.main.TestCaseExecutor.execute(TestCaseExecutor.java:369)
	at com.kms.katalon.core.main.TestCaseExecutor.execute(TestCaseExecutor.java:369)
	at com.kms.katalon.core.main.TestCaseExecutor.execute(TestCaseExecutor.java:369)
	at com.kms.katalon.core.common.CommonExecutor.accessTestCaseMainPhase(CommonExecutor.java:65)
	at com.kms.katalon.core.main.TestSuiteExecutor.accessTestSuiteMainPhase(TestSuiteExecutor.java:148)
	at com.kms.katalon.core.main.TestSuiteExecutor.execute(TestSuiteExecutor.java:106)
	at com.kms.katalon.core.main.TestCaseMain.startTestSuite(TestCaseMain.java:187)
	at com.kms.katalon.core.main.TestCaseMain$startTestSuite$0.call(Unknown Source)
	at TempTestSuite1693903058735.run(TempTestSuite1693903058735.groovy:36)
Caused by: com.kms.katalon.core.exception.StepFailedException: Text 'please enter an valid phone number' is not present on page 
	at com.kms.katalon.core.webui.keyword.internal.WebUIKeywordMain.stepFailed(WebUIKeywordMain.groovy:64)
	at com.kms.katalon.core.webui.keyword.builtin.VerifyTextPresentKeyword$_verifyTextPresent_closure1.doCall(VerifyTextPresentKeyword.groovy:79)
	at com.kms.katalon.core.webui.keyword.builtin.VerifyTextPresentKeyword$_verifyTextPresent_closure1.call(VerifyTextPresentKeyword.groovy)
	at com.kms.katalon.core.webui.keyword.internal.WebUIKeywordMain.runKeyword(WebUIKeywordMain.groovy:20)
	... 22 more
"/>
         <system-out><![CDATA[2023-09-05 15:47:07 - [TEST_CASE][FAILED] - Test Cases/T05 - Sedekah Online/TC-SO-Failed-005: Test Cases/T05 - Sedekah Online/TC-SO-Failed-005 FAILED.
Reason:
com.kms.katalon.core.exception.StepFailedException: Unable to verify text 'please enter an valid phone number' is present 
	at com.kms.katalon.core.webui.keyword.internal.WebUIKeywordMain.stepFailed(WebUIKeywordMain.groovy:64)
	at com.kms.katalon.core.webui.keyword.internal.WebUIKeywordMain.runKeyword(WebUIKeywordMain.groovy:26)
	at com.kms.katalon.core.webui.keyword.builtin.VerifyTextPresentKeyword.verifyTextPresent(VerifyTextPresentKeyword.groovy:83)
	at com.kms.katalon.core.webui.keyword.builtin.VerifyTextPresentKeyword.execute(VerifyTextPresentKeyword.groovy:68)
	at com.kms.katalon.core.keyword.internal.KeywordExecutor.executeKeywordForPlatform(KeywordExecutor.groovy:74)
	at com.kms.katalon.core.webui.keyword.WebUiBuiltInKeywords.verifyTextPresent(WebUiBuiltInKeywords.groovy:1723)
	at com.kms.katalon.core.webui.keyword.WebUiBuiltInKeywords$verifyTextPresent$7.call(Unknown Source)
	at TC-SO-Failed-005.run(TC-SO-Failed-005:52)
	at com.kms.katalon.core.main.ScriptEngine.run(ScriptEngine.java:194)
	at com.kms.katalon.core.main.ScriptEngine.runScriptAsRawText(ScriptEngine.java:119)
	at com.kms.katalon.core.main.TestCaseExecutor.runScript(TestCaseExecutor.java:448)
	at com.kms.katalon.core.main.TestCaseExecutor.doExecute(TestCaseExecutor.java:439)
	at com.kms.katalon.core.main.TestCaseExecutor.processExecutionPhase(TestCaseExecutor.java:418)
	at com.kms.katalon.core.main.TestCaseExecutor.accessMainPhase(TestCaseExecutor.java:410)
	at com.kms.katalon.core.main.TestCaseExecutor.execute(TestCaseExecutor.java:285)
	at com.kms.katalon.core.main.TestCaseExecutor.execute(TestCaseExecutor.java:369)
	at com.kms.katalon.core.main.TestCaseExecutor.execute(TestCaseExecutor.java:369)
	at com.kms.katalon.core.main.TestCaseExecutor.execute(TestCaseExecutor.java:369)
	at com.kms.katalon.core.common.CommonExecutor.accessTestCaseMainPhase(CommonExecutor.java:65)
	at com.kms.katalon.core.main.TestSuiteExecutor.accessTestSuiteMainPhase(TestSuiteExecutor.java:148)
	at com.kms.katalon.core.main.TestSuiteExecutor.execute(TestSuiteExecutor.java:106)
	at com.kms.katalon.core.main.TestCaseMain.startTestSuite(TestCaseMain.java:187)
	at com.kms.katalon.core.main.TestCaseMain$startTestSuite$0.call(Unknown Source)
	at TempTestSuite1693903058735.run(TempTestSuite1693903058735.groovy:36)
Caused by: com.kms.katalon.core.exception.StepFailedException: Text 'please enter an valid phone number' is not present on page 
	at com.kms.katalon.core.webui.keyword.internal.WebUIKeywordMain.stepFailed(WebUIKeywordMain.groovy:64)
	at com.kms.katalon.core.webui.keyword.builtin.VerifyTextPresentKeyword$_verifyTextPresent_closure1.doCall(VerifyTextPresentKeyword.groovy:79)
	at com.kms.katalon.core.webui.keyword.builtin.VerifyTextPresentKeyword$_verifyTextPresent_closure1.call(VerifyTextPresentKeyword.groovy)
	at com.kms.katalon.core.webui.keyword.internal.WebUIKeywordMain.runKeyword(WebUIKeywordMain.groovy:20)
	... 22 more


2023-09-05 15:47:07 - [TEST_STEP][PASSED] - openBrowser(urlWeb): Browser is opened with url: 'https://10.9.2.63/ecommerce/'

2023-09-05 15:47:07 - [MESSAGE][WARNING] - A browser is already opened. Closing browser and opening a new one

2023-09-05 15:47:08 - [MESSAGE][INFO] - Starting 'Edge Chromium' driver

2023-09-05 15:47:08 - [MESSAGE][INFO] - User set preference: ['acceptInsecureCerts', 'true']

2023-09-05 15:47:11 - [MESSAGE][INFO] - Action delay is set to 0 milliseconds

2023-09-05 15:47:16 - [MESSAGE][PASSED] - Browser is opened with url: 'https://10.9.2.63/ecommerce/'

2023-09-05 15:47:16 - [TEST_STEP][PASSED] - maximizeWindow(): Current window maximized

2023-09-05 15:47:17 - [MESSAGE][PASSED] - Current window maximized

2023-09-05 15:47:17 - [TEST_STEP][PASSED] - click(findTestObject("sedekah online/a_Donasi (di halaman utama)")): Object: 'Object Repository/sedekah online/a_Donasi (di halaman utama)' is clicked on

2023-09-05 15:47:18 - [MESSAGE][PASSED] - Object: 'Object Repository/sedekah online/a_Donasi (di halaman utama)' is clicked on

2023-09-05 15:47:18 - [TEST_STEP][PASSED] - click(findTestObject("sedekah online/a_Sedekah Online")): Object: 'Object Repository/sedekah online/a_Sedekah Online' is clicked on

2023-09-05 15:47:20 - [MESSAGE][PASSED] - Object: 'Object Repository/sedekah online/a_Sedekah Online' is clicked on

2023-09-05 15:47:20 - [TEST_STEP][PASSED] - verifyElementPresent(findTestObject("sedekah online/verifikasi halaman sedekah Online"), 0): Object 'Object Repository/sedekah online/verifikasi halaman sedekah Online' is present

2023-09-05 15:47:20 - [MESSAGE][WARNING] - Timeout '0' is invalid. Using default page load timeout: '30'

2023-09-05 15:47:20 - [MESSAGE][PASSED] - Object 'Object Repository/sedekah online/verifikasi halaman sedekah Online' is present

2023-09-05 15:47:20 - [TEST_STEP][PASSED] - setText(findTestObject("sedekah online/input_Sedekah"), nominalSedekah): Text '25000' is set on object 'Object Repository/sedekah online/input_Sedekah'

2023-09-05 15:47:21 - [MESSAGE][PASSED] - Text '25000' is set on object 'Object Repository/sedekah online/input_Sedekah'

2023-09-05 15:47:21 - [TEST_STEP][PASSED] - setText(findTestObject("sedekah online/input_Nama lengkap (di sedekah online)"), namaLengkap): Text 'ikana' is set on object 'Object Repository/sedekah online/input_Nama lengkap (di sedekah online)'

2023-09-05 15:47:23 - [MESSAGE][PASSED] - Text 'ikana' is set on object 'Object Repository/sedekah online/input_Nama lengkap (di sedekah online)'

2023-09-05 15:47:23 - [TEST_STEP][PASSED] - setText(findTestObject("sedekah online/input_No Handphone (di sedekah online)"), "0867543212343214"): Text '0867543212343214' is set on object 'Object Repository/sedekah online/input_No Handphone (di sedekah online)'

2023-09-05 15:47:24 - [MESSAGE][PASSED] - Text '0867543212343214' is set on object 'Object Repository/sedekah online/input_No Handphone (di sedekah online)'

2023-09-05 15:47:24 - [TEST_STEP][PASSED] - setText(findTestObject("sedekah online/input_Alamat Email (di sedekah online)"), email): Text 'anata71@gmail.com' is set on object 'Object Repository/sedekah online/input_Alamat Email (di sedekah online)'

2023-09-05 15:47:26 - [MESSAGE][PASSED] - Text 'anata71@gmail.com' is set on object 'Object Repository/sedekah online/input_Alamat Email (di sedekah online)'

2023-09-05 15:47:26 - [TEST_STEP][PASSED] - selectOptionByValue(findTestObject("Object Repository/sedekah online/dropdown metode pembayaraan"), metodePembayaran, false): All options with value '1' are selected in object 'Object Repository/sedekah online/dropdown metode pembayaraan' 

2023-09-05 15:47:29 - [MESSAGE][PASSED] - All options with value '1' are selected in object 'Object Repository/sedekah online/dropdown metode pembayaraan' 

2023-09-05 15:47:29 - [TEST_STEP][PASSED] - selectOptionByValue(findTestObject("Object Repository/sedekah online/sedekah ditunjukan untuk keluarga"), tujuanSedekah, false): All options with value 'Orang Tua' are selected in object 'Object Repository/sedekah online/sedekah ditunjukan untuk keluarga' 

2023-09-05 15:47:33 - [MESSAGE][PASSED] - All options with value 'Orang Tua' are selected in object 'Object Repository/sedekah online/sedekah ditunjukan untuk keluarga' 

2023-09-05 15:47:33 - [TEST_STEP][PASSED] - setText(findTestObject("sedekah online/input isi doa terbaik anda"), doa): Text 'semoga bermanfaat' is set on object 'Object Repository/sedekah online/input isi doa terbaik anda'

2023-09-05 15:47:37 - [MESSAGE][PASSED] - Text 'semoga bermanfaat' is set on object 'Object Repository/sedekah online/input isi doa terbaik anda'

2023-09-05 15:47:37 - [TEST_STEP][PASSED] - setText(findTestObject("sedekah online/input 2 digit terakhir nomor hp"), "14"): Text '14' is set on object 'Object Repository/sedekah online/input 2 digit terakhir nomor hp'

2023-09-05 15:47:38 - [MESSAGE][PASSED] - Text '14' is set on object 'Object Repository/sedekah online/input 2 digit terakhir nomor hp'

2023-09-05 15:47:38 - [TEST_STEP][PASSED] - click(findTestObject("sedekah online/button_Sedekah Sekarang")): Object: 'Object Repository/sedekah online/button_Sedekah Sekarang' is clicked on

2023-09-05 15:47:39 - [MESSAGE][PASSED] - Object: 'Object Repository/sedekah online/button_Sedekah Sekarang' is clicked on

2023-09-05 15:47:39 - [TEST_STEP][FAILED] - verifyTextPresent("please enter an valid phone number", false): Unable to verify text 'please enter an valid phone number' is present  (Root cause: com.kms.katalon.core.exception.StepFailedException: Unable to verify text 'please enter an valid phone number' is present 
	at com.kms.katalon.core.webui.keyword.internal.WebUIKeywordMain.stepFailed(WebUIKeywordMain.groovy:64)
	at com.kms.katalon.core.webui.keyword.internal.WebUIKeywordMain.runKeyword(WebUIKeywordMain.groovy:26)
	at com.kms.katalon.core.webui.keyword.builtin.VerifyTextPresentKeyword.verifyTextPresent(VerifyTextPresentKeyword.groovy:83)
	at com.kms.katalon.core.webui.keyword.builtin.VerifyTextPresentKeyword.execute(VerifyTextPresentKeyword.groovy:68)
	at com.kms.katalon.core.keyword.internal.KeywordExecutor.executeKeywordForPlatform(KeywordExecutor.groovy:74)
	at com.kms.katalon.core.webui.keyword.WebUiBuiltInKeywords.verifyTextPresent(WebUiBuiltInKeywords.groovy:1723)
	at com.kms.katalon.core.webui.keyword.WebUiBuiltInKeywords$verifyTextPresent$7.call(Unknown Source)
	at TC-SO-Failed-005.run(TC-SO-Failed-005:52)
	at com.kms.katalon.core.main.ScriptEngine.run(ScriptEngine.java:194)
	at com.kms.katalon.core.main.ScriptEngine.runScriptAsRawText(ScriptEngine.java:119)
	at com.kms.katalon.core.main.TestCaseExecutor.runScript(TestCaseExecutor.java:448)
	at com.kms.katalon.core.main.TestCaseExecutor.doExecute(TestCaseExecutor.java:439)
	at com.kms.katalon.core.main.TestCaseExecutor.processExecutionPhase(TestCaseExecutor.java:418)
	at com.kms.katalon.core.main.TestCaseExecutor.accessMainPhase(TestCaseExecutor.java:410)
	at com.kms.katalon.core.main.TestCaseExecutor.execute(TestCaseExecutor.java:285)
	at com.kms.katalon.core.main.TestCaseExecutor.execute(TestCaseExecutor.java:369)
	at com.kms.katalon.core.main.TestCaseExecutor.execute(TestCaseExecutor.java:369)
	at com.kms.katalon.core.main.TestCaseExecutor.execute(TestCaseExecutor.java:369)
	at com.kms.katalon.core.common.CommonExecutor.accessTestCaseMainPhase(CommonExecutor.java:65)
	at com.kms.katalon.core.main.TestSuiteExecutor.accessTestSuiteMainPhase(TestSuiteExecutor.java:148)
	at com.kms.katalon.core.main.TestSuiteExecutor.execute(TestSuiteExecutor.java:106)
	at com.kms.katalon.core.main.TestCaseMain.startTestSuite(TestCaseMain.java:187)
	at com.kms.katalon.core.main.TestCaseMain$startTestSuite$0.call(Unknown Source)
	at TempTestSuite1693903058735.run(TempTestSuite1693903058735.groovy:36)
Caused by: com.kms.katalon.core.exception.StepFailedException: Text 'please enter an valid phone number' is not present on page 
	at com.kms.katalon.core.webui.keyword.internal.WebUIKeywordMain.stepFailed(WebUIKeywordMain.groovy:64)
	at com.kms.katalon.core.webui.keyword.builtin.VerifyTextPresentKeyword$_verifyTextPresent_closure1.doCall(VerifyTextPresentKeyword.groovy:79)
	at com.kms.katalon.core.webui.keyword.builtin.VerifyTextPresentKeyword$_verifyTextPresent_closure1.call(VerifyTextPresentKeyword.groovy)
	at com.kms.katalon.core.webui.keyword.internal.WebUIKeywordMain.runKeyword(WebUIKeywordMain.groovy:20)
	... 22 more
)

2023-09-05 15:47:40 - [MESSAGE][FAILED] - Text 'please enter an valid phone number' is not present on page  (Root cause: com.kms.katalon.core.exception.StepFailedException: Text 'please enter an valid phone number' is not present on page 
	at com.kms.katalon.core.webui.keyword.internal.WebUIKeywordMain.stepFailed(WebUIKeywordMain.groovy:64)
	at com.kms.katalon.core.webui.keyword.builtin.VerifyTextPresentKeyword$_verifyTextPresent_closure1.doCall(VerifyTextPresentKeyword.groovy:79)
	at com.kms.katalon.core.webui.keyword.builtin.VerifyTextPresentKeyword$_verifyTextPresent_closure1.call(VerifyTextPresentKeyword.groovy)
	at com.kms.katalon.core.webui.keyword.internal.WebUIKeywordMain.runKeyword(WebUIKeywordMain.groovy:20)
	at com.kms.katalon.core.webui.keyword.builtin.VerifyTextPresentKeyword.verifyTextPresent(VerifyTextPresentKeyword.groovy:83)
	at com.kms.katalon.core.webui.keyword.builtin.VerifyTextPresentKeyword.execute(VerifyTextPresentKeyword.groovy:68)
	at com.kms.katalon.core.keyword.internal.KeywordExecutor.executeKeywordForPlatform(KeywordExecutor.groovy:74)
	at com.kms.katalon.core.webui.keyword.WebUiBuiltInKeywords.verifyTextPresent(WebUiBuiltInKeywords.groovy:1723)
	at com.kms.katalon.core.webui.keyword.WebUiBuiltInKeywords$verifyTextPresent$7.call(Unknown Source)
	at TC-SO-Failed-005.run(TC-SO-Failed-005:52)
	at com.kms.katalon.core.main.ScriptEngine.run(ScriptEngine.java:194)
	at com.kms.katalon.core.main.ScriptEngine.runScriptAsRawText(ScriptEngine.java:119)
	at com.kms.katalon.core.main.TestCaseExecutor.runScript(TestCaseExecutor.java:448)
	at com.kms.katalon.core.main.TestCaseExecutor.doExecute(TestCaseExecutor.java:439)
	at com.kms.katalon.core.main.TestCaseExecutor.processExecutionPhase(TestCaseExecutor.java:418)
	at com.kms.katalon.core.main.TestCaseExecutor.accessMainPhase(TestCaseExecutor.java:410)
	at com.kms.katalon.core.main.TestCaseExecutor.execute(TestCaseExecutor.java:285)
	at com.kms.katalon.core.main.TestCaseExecutor.execute(TestCaseExecutor.java:369)
	at com.kms.katalon.core.main.TestCaseExecutor.execute(TestCaseExecutor.java:369)
	at com.kms.katalon.core.main.TestCaseExecutor.execute(TestCaseExecutor.java:369)
	at com.kms.katalon.core.common.CommonExecutor.accessTestCaseMainPhase(CommonExecutor.java:65)
	at com.kms.katalon.core.main.TestSuiteExecutor.accessTestSuiteMainPhase(TestSuiteExecutor.java:148)
	at com.kms.katalon.core.main.TestSuiteExecutor.execute(TestSuiteExecutor.java:106)
	at com.kms.katalon.core.main.TestCaseMain.startTestSuite(TestCaseMain.java:187)
	at com.kms.katalon.core.main.TestCaseMain$startTestSuite$0.call(Unknown Source)
	at TempTestSuite1693903058735.run(TempTestSuite1693903058735.groovy:36)
)

2023-09-05 15:47:41 - [MESSAGE][FAILED] - Unable to verify text 'please enter an valid phone number' is present  (Root cause: com.kms.katalon.core.exception.StepFailedException: Unable to verify text 'please enter an valid phone number' is present 
	at com.kms.katalon.core.webui.keyword.internal.WebUIKeywordMain.stepFailed(WebUIKeywordMain.groovy:64)
	at com.kms.katalon.core.webui.keyword.internal.WebUIKeywordMain.runKeyword(WebUIKeywordMain.groovy:26)
	at com.kms.katalon.core.webui.keyword.builtin.VerifyTextPresentKeyword.verifyTextPresent(VerifyTextPresentKeyword.groovy:83)
	at com.kms.katalon.core.webui.keyword.builtin.VerifyTextPresentKeyword.execute(VerifyTextPresentKeyword.groovy:68)
	at com.kms.katalon.core.keyword.internal.KeywordExecutor.executeKeywordForPlatform(KeywordExecutor.groovy:74)
	at com.kms.katalon.core.webui.keyword.WebUiBuiltInKeywords.verifyTextPresent(WebUiBuiltInKeywords.groovy:1723)
	at com.kms.katalon.core.webui.keyword.WebUiBuiltInKeywords$verifyTextPresent$7.call(Unknown Source)
	at TC-SO-Failed-005.run(TC-SO-Failed-005:52)
	at com.kms.katalon.core.main.ScriptEngine.run(ScriptEngine.java:194)
	at com.kms.katalon.core.main.ScriptEngine.runScriptAsRawText(ScriptEngine.java:119)
	at com.kms.katalon.core.main.TestCaseExecutor.runScript(TestCaseExecutor.java:448)
	at com.kms.katalon.core.main.TestCaseExecutor.doExecute(TestCaseExecutor.java:439)
	at com.kms.katalon.core.main.TestCaseExecutor.processExecutionPhase(TestCaseExecutor.java:418)
	at com.kms.katalon.core.main.TestCaseExecutor.accessMainPhase(TestCaseExecutor.java:410)
	at com.kms.katalon.core.main.TestCaseExecutor.execute(TestCaseExecutor.java:285)
	at com.kms.katalon.core.main.TestCaseExecutor.execute(TestCaseExecutor.java:369)
	at com.kms.katalon.core.main.TestCaseExecutor.execute(TestCaseExecutor.java:369)
	at com.kms.katalon.core.main.TestCaseExecutor.execute(TestCaseExecutor.java:369)
	at com.kms.katalon.core.common.CommonExecutor.accessTestCaseMainPhase(CommonExecutor.java:65)
	at com.kms.katalon.core.main.TestSuiteExecutor.accessTestSuiteMainPhase(TestSuiteExecutor.java:148)
	at com.kms.katalon.core.main.TestSuiteExecutor.execute(TestSuiteExecutor.java:106)
	at com.kms.katalon.core.main.TestCaseMain.startTestSuite(TestCaseMain.java:187)
	at com.kms.katalon.core.main.TestCaseMain$startTestSuite$0.call(Unknown Source)
	at TempTestSuite1693903058735.run(TempTestSuite1693903058735.groovy:36)
Caused by: com.kms.katalon.core.exception.StepFailedException: Text 'please enter an valid phone number' is not present on page 
	at com.kms.katalon.core.webui.keyword.internal.WebUIKeywordMain.stepFailed(WebUIKeywordMain.groovy:64)
	at com.kms.katalon.core.webui.keyword.builtin.VerifyTextPresentKeyword$_verifyTextPresent_closure1.doCall(VerifyTextPresentKeyword.groovy:79)
	at com.kms.katalon.core.webui.keyword.builtin.VerifyTextPresentKeyword$_verifyTextPresent_closure1.call(VerifyTextPresentKeyword.groovy)
	at com.kms.katalon.core.webui.keyword.internal.WebUIKeywordMain.runKeyword(WebUIKeywordMain.groovy:20)
	... 22 more
)
[[ATTACHMENT|F:\\bootcamp\\Miniproject\\Tajalapak\\Reports\\20230905_153738\\T05- Sedekah Online\\T05 - Sedekah Online\\20230905_153738\\1693903660876.png]]]]></system-out>
         <system-err><![CDATA[2023-09-05 15:47:07 - [TEST_CASE][FAILED] - Test Cases/T05 - Sedekah Online/TC-SO-Failed-005: Test Cases/T05 - Sedekah Online/TC-SO-Failed-005 FAILED.
Reason:
com.kms.katalon.core.exception.StepFailedException: Unable to verify text 'please enter an valid phone number' is present 
	at com.kms.katalon.core.webui.keyword.internal.WebUIKeywordMain.stepFailed(WebUIKeywordMain.groovy:64)
	at com.kms.katalon.core.webui.keyword.internal.WebUIKeywordMain.runKeyword(WebUIKeywordMain.groovy:26)
	at com.kms.katalon.core.webui.keyword.builtin.VerifyTextPresentKeyword.verifyTextPresent(VerifyTextPresentKeyword.groovy:83)
	at com.kms.katalon.core.webui.keyword.builtin.VerifyTextPresentKeyword.execute(VerifyTextPresentKeyword.groovy:68)
	at com.kms.katalon.core.keyword.internal.KeywordExecutor.executeKeywordForPlatform(KeywordExecutor.groovy:74)
	at com.kms.katalon.core.webui.keyword.WebUiBuiltInKeywords.verifyTextPresent(WebUiBuiltInKeywords.groovy:1723)
	at com.kms.katalon.core.webui.keyword.WebUiBuiltInKeywords$verifyTextPresent$7.call(Unknown Source)
	at TC-SO-Failed-005.run(TC-SO-Failed-005:52)
	at com.kms.katalon.core.main.ScriptEngine.run(ScriptEngine.java:194)
	at com.kms.katalon.core.main.ScriptEngine.runScriptAsRawText(ScriptEngine.java:119)
	at com.kms.katalon.core.main.TestCaseExecutor.runScript(TestCaseExecutor.java:448)
	at com.kms.katalon.core.main.TestCaseExecutor.doExecute(TestCaseExecutor.java:439)
	at com.kms.katalon.core.main.TestCaseExecutor.processExecutionPhase(TestCaseExecutor.java:418)
	at com.kms.katalon.core.main.TestCaseExecutor.accessMainPhase(TestCaseExecutor.java:410)
	at com.kms.katalon.core.main.TestCaseExecutor.execute(TestCaseExecutor.java:285)
	at com.kms.katalon.core.main.TestCaseExecutor.execute(TestCaseExecutor.java:369)
	at com.kms.katalon.core.main.TestCaseExecutor.execute(TestCaseExecutor.java:369)
	at com.kms.katalon.core.main.TestCaseExecutor.execute(TestCaseExecutor.java:369)
	at com.kms.katalon.core.common.CommonExecutor.accessTestCaseMainPhase(CommonExecutor.java:65)
	at com.kms.katalon.core.main.TestSuiteExecutor.accessTestSuiteMainPhase(TestSuiteExecutor.java:148)
	at com.kms.katalon.core.main.TestSuiteExecutor.execute(TestSuiteExecutor.java:106)
	at com.kms.katalon.core.main.TestCaseMain.startTestSuite(TestCaseMain.java:187)
	at com.kms.katalon.core.main.TestCaseMain$startTestSuite$0.call(Unknown Source)
	at TempTestSuite1693903058735.run(TempTestSuite1693903058735.groovy:36)
Caused by: com.kms.katalon.core.exception.StepFailedException: Text 'please enter an valid phone number' is not present on page 
	at com.kms.katalon.core.webui.keyword.internal.WebUIKeywordMain.stepFailed(WebUIKeywordMain.groovy:64)
	at com.kms.katalon.core.webui.keyword.builtin.VerifyTextPresentKeyword$_verifyTextPresent_closure1.doCall(VerifyTextPresentKeyword.groovy:79)
	at com.kms.katalon.core.webui.keyword.builtin.VerifyTextPresentKeyword$_verifyTextPresent_closure1.call(VerifyTextPresentKeyword.groovy)
	at com.kms.katalon.core.webui.keyword.internal.WebUIKeywordMain.runKeyword(WebUIKeywordMain.groovy:20)
	... 22 more]]></system-err>
      </testcase>
      <testcase name="Test Cases/T05 - Sedekah Online/TC-SO-Failed-006" time="30.508" classname="Test Cases/T05 - Sedekah Online/TC-SO-Failed-006" status="PASSED">
         <system-out><![CDATA[2023-09-05 15:47:54 - [TEST_CASE][PASSED] - Test Cases/T05 - Sedekah Online/TC-SO-Failed-006: Test Cases/T05 - Sedekah Online/TC-SO-Failed-006

2023-09-05 15:47:54 - [TEST_STEP][PASSED] - openBrowser(urlWeb): Browser is opened with url: 'https://10.9.2.63/ecommerce/'

2023-09-05 15:47:54 - [MESSAGE][WARNING] - A browser is already opened. Closing browser and opening a new one

2023-09-05 15:47:55 - [MESSAGE][INFO] - Starting 'Edge Chromium' driver

2023-09-05 15:47:55 - [MESSAGE][INFO] - User set preference: ['acceptInsecureCerts', 'true']

2023-09-05 15:47:57 - [MESSAGE][INFO] - Action delay is set to 0 milliseconds

2023-09-05 15:48:03 - [MESSAGE][PASSED] - Browser is opened with url: 'https://10.9.2.63/ecommerce/'

2023-09-05 15:48:03 - [TEST_STEP][PASSED] - maximizeWindow(): Current window maximized

2023-09-05 15:48:03 - [MESSAGE][PASSED] - Current window maximized

2023-09-05 15:48:03 - [TEST_STEP][PASSED] - click(findTestObject("sedekah online/a_Donasi (di halaman utama)")): Object: 'Object Repository/sedekah online/a_Donasi (di halaman utama)' is clicked on

2023-09-05 15:48:04 - [MESSAGE][PASSED] - Object: 'Object Repository/sedekah online/a_Donasi (di halaman utama)' is clicked on

2023-09-05 15:48:04 - [TEST_STEP][PASSED] - click(findTestObject("sedekah online/a_Sedekah Online")): Object: 'Object Repository/sedekah online/a_Sedekah Online' is clicked on

2023-09-05 15:48:05 - [MESSAGE][PASSED] - Object: 'Object Repository/sedekah online/a_Sedekah Online' is clicked on

2023-09-05 15:48:05 - [TEST_STEP][PASSED] - verifyElementPresent(findTestObject("sedekah online/verifikasi halaman sedekah Online"), 0): Object 'Object Repository/sedekah online/verifikasi halaman sedekah Online' is present

2023-09-05 15:48:05 - [MESSAGE][WARNING] - Timeout '0' is invalid. Using default page load timeout: '30'

2023-09-05 15:48:05 - [MESSAGE][PASSED] - Object 'Object Repository/sedekah online/verifikasi halaman sedekah Online' is present

2023-09-05 15:48:05 - [TEST_STEP][PASSED] - setText(findTestObject("sedekah online/input_Sedekah"), nominalSedekah): Text '25000' is set on object 'Object Repository/sedekah online/input_Sedekah'

2023-09-05 15:48:06 - [MESSAGE][PASSED] - Text '25000' is set on object 'Object Repository/sedekah online/input_Sedekah'

2023-09-05 15:48:06 - [TEST_STEP][PASSED] - setText(findTestObject("sedekah online/input_Nama lengkap (di sedekah online)"), namaLengkap): Text 'ikana' is set on object 'Object Repository/sedekah online/input_Nama lengkap (di sedekah online)'

2023-09-05 15:48:08 - [MESSAGE][PASSED] - Text 'ikana' is set on object 'Object Repository/sedekah online/input_Nama lengkap (di sedekah online)'

2023-09-05 15:48:08 - [TEST_STEP][PASSED] - setText(findTestObject("sedekah online/input_No Handphone (di sedekah online)"), noHp): Text '086754321234' is set on object 'Object Repository/sedekah online/input_No Handphone (di sedekah online)'

2023-09-05 15:48:10 - [MESSAGE][PASSED] - Text '086754321234' is set on object 'Object Repository/sedekah online/input_No Handphone (di sedekah online)'

2023-09-05 15:48:10 - [TEST_STEP][PASSED] - setText(findTestObject("sedekah online/input_Alamat Email (di sedekah online)"), email): Text 'anata71@gmail.com' is set on object 'Object Repository/sedekah online/input_Alamat Email (di sedekah online)'

2023-09-05 15:48:11 - [MESSAGE][PASSED] - Text 'anata71@gmail.com' is set on object 'Object Repository/sedekah online/input_Alamat Email (di sedekah online)'

2023-09-05 15:48:11 - [TEST_STEP][PASSED] - selectOptionByValue(findTestObject("Object Repository/sedekah online/dropdown metode pembayaraan"), metodePembayaran, false): All options with value '1' are selected in object 'Object Repository/sedekah online/dropdown metode pembayaraan' 

2023-09-05 15:48:14 - [MESSAGE][PASSED] - All options with value '1' are selected in object 'Object Repository/sedekah online/dropdown metode pembayaraan' 

2023-09-05 15:48:14 - [TEST_STEP][PASSED] - selectOptionByValue(findTestObject("Object Repository/sedekah online/sedekah ditunjukan untuk keluarga"), tujuanSedekah, false): All options with value 'Orang Tua' are selected in object 'Object Repository/sedekah online/sedekah ditunjukan untuk keluarga' 

2023-09-05 15:48:18 - [MESSAGE][PASSED] - All options with value 'Orang Tua' are selected in object 'Object Repository/sedekah online/sedekah ditunjukan untuk keluarga' 

2023-09-05 15:48:18 - [TEST_STEP][PASSED] - setText(findTestObject("sedekah online/input isi doa terbaik anda"), doa): Text 'semoga bermanfaat' is set on object 'Object Repository/sedekah online/input isi doa terbaik anda'

2023-09-05 15:48:22 - [MESSAGE][PASSED] - Text 'semoga bermanfaat' is set on object 'Object Repository/sedekah online/input isi doa terbaik anda'

2023-09-05 15:48:22 - [TEST_STEP][PASSED] - setText(findTestObject("sedekah online/input 2 digit terakhir nomor hp"), ",4"): Text ',4' is set on object 'Object Repository/sedekah online/input 2 digit terakhir nomor hp'

2023-09-05 15:48:23 - [MESSAGE][PASSED] - Text ',4' is set on object 'Object Repository/sedekah online/input 2 digit terakhir nomor hp'

2023-09-05 15:48:23 - [TEST_STEP][PASSED] - click(findTestObject("sedekah online/button_Sedekah Sekarang")): Object: 'Object Repository/sedekah online/button_Sedekah Sekarang' is clicked on

2023-09-05 15:48:24 - [MESSAGE][PASSED] - Object: 'Object Repository/sedekah online/button_Sedekah Sekarang' is clicked on

2023-09-05 15:48:24 - [TEST_STEP][PASSED] - webDriver = getWebDriver(): null

2023-09-05 15:48:24 - [TEST_STEP][PASSED] - field_nomor = webDriver.findElement(By.xpath("//input[@name="validasi"]")): null

2023-09-05 15:48:25 - [TEST_STEP][PASSED] - error_message = webDriver.executeScript("return arguments[0].validationMessage", field_nomor): null

2023-09-05 15:48:25 - [TEST_STEP][PASSED] - println(error_message): null

2023-09-05 15:48:25 - [TEST_STEP][PASSED] - assert error_message == "Please enter a valid value. The two nearest valid values are 0 and 1.": null]]></system-out>
         <system-err><![CDATA[]]></system-err>
      </testcase>
      <testcase name="Test Cases/T05 - Sedekah Online/TC-SO-Failed-007" time="28.849" classname="Test Cases/T05 - Sedekah Online/TC-SO-Failed-007" status="PASSED">
         <system-out><![CDATA[2023-09-05 15:48:25 - [TEST_CASE][PASSED] - Test Cases/T05 - Sedekah Online/TC-SO-Failed-007: Test Cases/T05 - Sedekah Online/TC-SO-Failed-007

2023-09-05 15:48:27 - [TEST_STEP][PASSED] - openBrowser(urlWeb): Browser is opened with url: 'https://10.9.2.63/ecommerce/'

2023-09-05 15:48:27 - [MESSAGE][WARNING] - A browser is already opened. Closing browser and opening a new one

2023-09-05 15:48:28 - [MESSAGE][INFO] - Starting 'Edge Chromium' driver

2023-09-05 15:48:28 - [MESSAGE][INFO] - User set preference: ['acceptInsecureCerts', 'true']

2023-09-05 15:48:30 - [MESSAGE][INFO] - Action delay is set to 0 milliseconds

2023-09-05 15:48:35 - [MESSAGE][PASSED] - Browser is opened with url: 'https://10.9.2.63/ecommerce/'

2023-09-05 15:48:35 - [TEST_STEP][PASSED] - maximizeWindow(): Current window maximized

2023-09-05 15:48:35 - [MESSAGE][PASSED] - Current window maximized

2023-09-05 15:48:35 - [TEST_STEP][PASSED] - click(findTestObject("sedekah online/a_Donasi (di halaman utama)")): Object: 'Object Repository/sedekah online/a_Donasi (di halaman utama)' is clicked on

2023-09-05 15:48:36 - [MESSAGE][PASSED] - Object: 'Object Repository/sedekah online/a_Donasi (di halaman utama)' is clicked on

2023-09-05 15:48:36 - [TEST_STEP][PASSED] - click(findTestObject("sedekah online/a_Sedekah Online")): Object: 'Object Repository/sedekah online/a_Sedekah Online' is clicked on

2023-09-05 15:48:37 - [MESSAGE][PASSED] - Object: 'Object Repository/sedekah online/a_Sedekah Online' is clicked on

2023-09-05 15:48:37 - [TEST_STEP][PASSED] - verifyElementPresent(findTestObject("sedekah online/verifikasi halaman sedekah Online"), 0): Object 'Object Repository/sedekah online/verifikasi halaman sedekah Online' is present

2023-09-05 15:48:37 - [MESSAGE][WARNING] - Timeout '0' is invalid. Using default page load timeout: '30'

2023-09-05 15:48:38 - [MESSAGE][PASSED] - Object 'Object Repository/sedekah online/verifikasi halaman sedekah Online' is present

2023-09-05 15:48:38 - [TEST_STEP][PASSED] - setText(findTestObject("sedekah online/input_Sedekah"), nominalSedekah): Text '25000' is set on object 'Object Repository/sedekah online/input_Sedekah'

2023-09-05 15:48:39 - [MESSAGE][PASSED] - Text '25000' is set on object 'Object Repository/sedekah online/input_Sedekah'

2023-09-05 15:48:39 - [TEST_STEP][PASSED] - setText(findTestObject("sedekah online/input_No Handphone (di sedekah online)"), noHp): Text '086754321234' is set on object 'Object Repository/sedekah online/input_No Handphone (di sedekah online)'

2023-09-05 15:48:41 - [MESSAGE][PASSED] - Text '086754321234' is set on object 'Object Repository/sedekah online/input_No Handphone (di sedekah online)'

2023-09-05 15:48:41 - [TEST_STEP][PASSED] - setText(findTestObject("sedekah online/input_Alamat Email (di sedekah online)"), email): Text 'anata71@gmail.com' is set on object 'Object Repository/sedekah online/input_Alamat Email (di sedekah online)'

2023-09-05 15:48:43 - [MESSAGE][PASSED] - Text 'anata71@gmail.com' is set on object 'Object Repository/sedekah online/input_Alamat Email (di sedekah online)'

2023-09-05 15:48:43 - [TEST_STEP][PASSED] - selectOptionByValue(findTestObject("Object Repository/sedekah online/dropdown metode pembayaraan"), metodePembayaran, false): All options with value '1' are selected in object 'Object Repository/sedekah online/dropdown metode pembayaraan' 

2023-09-05 15:48:44 - [MESSAGE][PASSED] - All options with value '1' are selected in object 'Object Repository/sedekah online/dropdown metode pembayaraan' 

2023-09-05 15:48:44 - [TEST_STEP][PASSED] - selectOptionByValue(findTestObject("Object Repository/sedekah online/sedekah ditunjukan untuk keluarga"), tujuanSedekah, false): All options with value 'Orang Tua' are selected in object 'Object Repository/sedekah online/sedekah ditunjukan untuk keluarga' 

2023-09-05 15:48:47 - [MESSAGE][PASSED] - All options with value 'Orang Tua' are selected in object 'Object Repository/sedekah online/sedekah ditunjukan untuk keluarga' 

2023-09-05 15:48:47 - [TEST_STEP][PASSED] - setText(findTestObject("sedekah online/input isi doa terbaik anda"), doa): Text 'semoga bermanfaat' is set on object 'Object Repository/sedekah online/input isi doa terbaik anda'

2023-09-05 15:48:51 - [MESSAGE][PASSED] - Text 'semoga bermanfaat' is set on object 'Object Repository/sedekah online/input isi doa terbaik anda'

2023-09-05 15:48:51 - [TEST_STEP][PASSED] - setText(findTestObject("sedekah online/input 2 digit terakhir nomor hp"), duaDigitAkhir): Text '34' is set on object 'Object Repository/sedekah online/input 2 digit terakhir nomor hp'

2023-09-05 15:48:52 - [MESSAGE][PASSED] - Text '34' is set on object 'Object Repository/sedekah online/input 2 digit terakhir nomor hp'

2023-09-05 15:48:52 - [TEST_STEP][PASSED] - click(findTestObject("sedekah online/button_Sedekah Sekarang")): Object: 'Object Repository/sedekah online/button_Sedekah Sekarang' is clicked on

2023-09-05 15:48:53 - [MESSAGE][PASSED] - Object: 'Object Repository/sedekah online/button_Sedekah Sekarang' is clicked on

2023-09-05 15:48:53 - [TEST_STEP][PASSED] - webDriber = getWebDriver(): null

2023-09-05 15:48:53 - [TEST_STEP][PASSED] - field_nmLengkap = webDriber.findElement(By.xpath("//input[@name="nama_lengkap"]")): null

2023-09-05 15:48:54 - [TEST_STEP][PASSED] - error_message = webDriber.executeScript("return arguments[0].validationMessage", field_nmLengkap): null

2023-09-05 15:48:54 - [TEST_STEP][PASSED] - println(error_message): null

2023-09-05 15:48:54 - [TEST_STEP][PASSED] - assert error_message == "Please fill out this field.": null]]></system-out>
         <system-err><![CDATA[]]></system-err>
      </testcase>
      <system-out><![CDATA[2023-09-05 15:37:50 - [TEST_SUITE][FAILED] - T05 - Sedekah Online: Test Cases/T05 - Sedekah Online/TC-SO-Failed-001 FAILED.
Reason:
com.kms.katalon.core.exception.StepFailedException: Verify element text of test object 'Object Repository/sedekah online/verifikasi sukses berdonasi' FAILED.
	at com.kms.katalon.core.webui.keyword.internal.WebUIKeywordMain.stepFailed(WebUIKeywordMain.groovy:64)
	at com.kms.katalon.core.webui.keyword.internal.WebUIKeywordMain.runKeyword(WebUIKeywordMain.groovy:26)
	at com.kms.katalon.core.webui.keyword.builtin.VerifyElementTextKeyword.verifyElementText(VerifyElementTextKeyword.groovy:72)
	at com.kms.katalon.core.webui.keyword.builtin.VerifyElementTextKeyword.execute(VerifyElementTextKeyword.groovy:40)
	at com.kms.katalon.core.keyword.internal.KeywordExecutor.executeKeywordForPlatform(KeywordExecutor.groovy:74)
	at com.kms.katalon.core.webui.keyword.WebUiBuiltInKeywords.verifyElementText(WebUiBuiltInKeywords.groovy:4749)
	at com.kms.katalon.core.webui.keyword.WebUiBuiltInKeywords$verifyElementText$6.call(Unknown Source)
	at TC-SO-Failed-001.run(TC-SO-Failed-001:53)
	at com.kms.katalon.core.main.ScriptEngine.run(ScriptEngine.java:194)
	at com.kms.katalon.core.main.ScriptEngine.runScriptAsRawText(ScriptEngine.java:119)
	at com.kms.katalon.core.main.TestCaseExecutor.runScript(TestCaseExecutor.java:448)
	at com.kms.katalon.core.main.TestCaseExecutor.doExecute(TestCaseExecutor.java:439)
	at com.kms.katalon.core.main.TestCaseExecutor.processExecutionPhase(TestCaseExecutor.java:418)
	at com.kms.katalon.core.main.TestCaseExecutor.accessMainPhase(TestCaseExecutor.java:410)
	at com.kms.katalon.core.main.TestCaseExecutor.execute(TestCaseExecutor.java:285)
	at com.kms.katalon.core.common.CommonExecutor.accessTestCaseMainPhase(CommonExecutor.java:65)
	at com.kms.katalon.core.main.TestSuiteExecutor.accessTestSuiteMainPhase(TestSuiteExecutor.java:148)
	at com.kms.katalon.core.main.TestSuiteExecutor.execute(TestSuiteExecutor.java:106)
	at com.kms.katalon.core.main.TestCaseMain.startTestSuite(TestCaseMain.java:187)
	at com.kms.katalon.core.main.TestCaseMain$startTestSuite$0.call(Unknown Source)
	at TempTestSuite1693903058735.run(TempTestSuite1693903058735.groovy:36)
Caused by: com.kms.katalon.core.exception.StepFailedException: Actual text 'Sukses Proses Bersedekah, kami akan segera menghubungi anda! Terima kasih' and expected text 'Minimal nominal sedekah Online Rp 25.000' of test object 'Object Repository/sedekah online/verifikasi sukses berdonasi' are NOT matched.
	at com.kms.katalon.core.webui.keyword.internal.WebUIKeywordMain.stepFailed(WebUIKeywordMain.groovy:64)
	at com.kms.katalon.core.webui.keyword.builtin.VerifyElementTextKeyword$_verifyElementText_closure1.doCall(VerifyElementTextKeyword.groovy:57)
	at com.kms.katalon.core.webui.keyword.builtin.VerifyElementTextKeyword$_verifyElementText_closure1.call(VerifyElementTextKeyword.groovy)
	at com.kms.katalon.core.webui.keyword.internal.WebUIKeywordMain.runKeyword(WebUIKeywordMain.groovy:20)
	... 19 more]]></system-out>
      <system-err><![CDATA[2023-09-05 15:37:50 - [TEST_SUITE][FAILED] - T05 - Sedekah Online: Test Cases/T05 - Sedekah Online/TC-SO-Failed-001 FAILED.
Reason:
com.kms.katalon.core.exception.StepFailedException: Verify element text of test object 'Object Repository/sedekah online/verifikasi sukses berdonasi' FAILED.
	at com.kms.katalon.core.webui.keyword.internal.WebUIKeywordMain.stepFailed(WebUIKeywordMain.groovy:64)
	at com.kms.katalon.core.webui.keyword.internal.WebUIKeywordMain.runKeyword(WebUIKeywordMain.groovy:26)
	at com.kms.katalon.core.webui.keyword.builtin.VerifyElementTextKeyword.verifyElementText(VerifyElementTextKeyword.groovy:72)
	at com.kms.katalon.core.webui.keyword.builtin.VerifyElementTextKeyword.execute(VerifyElementTextKeyword.groovy:40)
	at com.kms.katalon.core.keyword.internal.KeywordExecutor.executeKeywordForPlatform(KeywordExecutor.groovy:74)
	at com.kms.katalon.core.webui.keyword.WebUiBuiltInKeywords.verifyElementText(WebUiBuiltInKeywords.groovy:4749)
	at com.kms.katalon.core.webui.keyword.WebUiBuiltInKeywords$verifyElementText$6.call(Unknown Source)
	at TC-SO-Failed-001.run(TC-SO-Failed-001:53)
	at com.kms.katalon.core.main.ScriptEngine.run(ScriptEngine.java:194)
	at com.kms.katalon.core.main.ScriptEngine.runScriptAsRawText(ScriptEngine.java:119)
	at com.kms.katalon.core.main.TestCaseExecutor.runScript(TestCaseExecutor.java:448)
	at com.kms.katalon.core.main.TestCaseExecutor.doExecute(TestCaseExecutor.java:439)
	at com.kms.katalon.core.main.TestCaseExecutor.processExecutionPhase(TestCaseExecutor.java:418)
	at com.kms.katalon.core.main.TestCaseExecutor.accessMainPhase(TestCaseExecutor.java:410)
	at com.kms.katalon.core.main.TestCaseExecutor.execute(TestCaseExecutor.java:285)
	at com.kms.katalon.core.common.CommonExecutor.accessTestCaseMainPhase(CommonExecutor.java:65)
	at com.kms.katalon.core.main.TestSuiteExecutor.accessTestSuiteMainPhase(TestSuiteExecutor.java:148)
	at com.kms.katalon.core.main.TestSuiteExecutor.execute(TestSuiteExecutor.java:106)
	at com.kms.katalon.core.main.TestCaseMain.startTestSuite(TestCaseMain.java:187)
	at com.kms.katalon.core.main.TestCaseMain$startTestSuite$0.call(Unknown Source)
	at TempTestSuite1693903058735.run(TempTestSuite1693903058735.groovy:36)
Caused by: com.kms.katalon.core.exception.StepFailedException: Actual text 'Sukses Proses Bersedekah, kami akan segera menghubungi anda! Terima kasih' and expected text 'Minimal nominal sedekah Online Rp 25.000' of test object 'Object Repository/sedekah online/verifikasi sukses berdonasi' are NOT matched.
	at com.kms.katalon.core.webui.keyword.internal.WebUIKeywordMain.stepFailed(WebUIKeywordMain.groovy:64)
	at com.kms.katalon.core.webui.keyword.builtin.VerifyElementTextKeyword$_verifyElementText_closure1.doCall(VerifyElementTextKeyword.groovy:57)
	at com.kms.katalon.core.webui.keyword.builtin.VerifyElementTextKeyword$_verifyElementText_closure1.call(VerifyElementTextKeyword.groovy)
	at com.kms.katalon.core.webui.keyword.internal.WebUIKeywordMain.runKeyword(WebUIKeywordMain.groovy:20)
	... 19 more]]></system-err>
   </testsuite>
</testsuites>
