<?xml version="1.0" encoding="UTF-8"?>
<testsuites name="T05 Sedekah Online" time="362.587" tests="15" failures="7" errors="0">
   <testsuite name="T05 Sedekah Online" tests="15" failures="7" errors="0" time="362.587" skipped="0" timestamp="2023-09-29 13:52:28" hostname="USER - DESKTOP-22KTP91" id="Test Suites/T05 Sedekah Online">
      <properties>
         <property name="deviceName" value=""/>
         <property name="devicePlatform" value=""/>
         <property name="logFolder" value="F:\\bootcamp\\Miniproject\\Tajalapak\\Reports\\20230929_135218\\T05 Sedekah Online\\20230929_135218"/>
         <property name="logFiles" value="F:\\bootcamp\\Miniproject\\Tajalapak\\Reports\\20230929_135218\\T05 Sedekah Online\\20230929_135218\\execution0.log"/>
         <property name="attachments" value="F:\\bootcamp\\Miniproject\\Tajalapak\\Reports\\20230929_135218\\T05 Sedekah Online\\20230929_135218\\1695970388019.png, F:\\bootcamp\\Miniproject\\Tajalapak\\Reports\\20230929_135218\\T05 Sedekah Online\\20230929_135218\\1695970388133.png, F:\\bootcamp\\Miniproject\\Tajalapak\\Reports\\20230929_135218\\T05 Sedekah Online\\20230929_135218\\1695970458902.png, F:\\bootcamp\\Miniproject\\Tajalapak\\Reports\\20230929_135218\\T05 Sedekah Online\\20230929_135218\\1695970482562.png"/>
         <property name="hostName" value="USER - DESKTOP-22KTP91"/>
         <property name="os" value="Windows 10 64bit"/>
         <property name="katalonVersion" value="8.6.5.208"/>
         <property name="browser" value="Firefox 117.0"/>
         <property name="hostAddress" value="10.9.2.65"/>
         <property name="sessionId" value="b31d14b6-899a-4a65-8d53-3262709ec31f"/>
         <property name="seleniumVersion" value="3.141.59"/>
         <property name="proxyInformation" value="ProxyInformation { proxyOption=NO_PROXY, proxyServerType=HTTP, username=, password=********, proxyServerAddress=, proxyServerPort=0, executionList=&quot;&quot;, isApplyToDesiredCapabilities=true }"/>
         <property name="platform" value="Windows 10"/>
      </properties>
      <testcase name="Test Cases/T05 - Sedekah Online/TC-SO-001" time="21.444" classname="Test Cases/T05 - Sedekah Online/TC-SO-001" status="PASSED">
         <system-out><![CDATA[2023-09-29 13:52:29 - [TEST_CASE][PASSED] - Test Cases/T05 - Sedekah Online/TC-SO-001: Test Cases/T05 - Sedekah Online/TC-SO-001

2023-09-29 13:52:30 - [TEST_STEP][PASSED] - openBrowser(urlWeb): Browser is opened with url: 'https://10.9.2.63/ecommerce/'

2023-09-29 13:52:30 - [MESSAGE][INFO] - Starting 'Firefox' driver

2023-09-29 13:52:30 - [MESSAGE][INFO] - Action delay is set to 0 milliseconds

2023-09-29 13:52:39 - [MESSAGE][PASSED] - Browser is opened with url: 'https://10.9.2.63/ecommerce/'

2023-09-29 13:52:39 - [TEST_STEP][PASSED] - maximizeWindow(): Current window maximized

2023-09-29 13:52:39 - [MESSAGE][PASSED] - Current window maximized

2023-09-29 13:52:39 - [TEST_STEP][PASSED] - verifyElementPresent(findTestObject("verifikasi masuk website tajalapk"), 0): Object 'Object Repository/verifikasi masuk website tajalapk' is present

2023-09-29 13:52:39 - [MESSAGE][WARNING] - Timeout '0' is invalid. Using default page load timeout: '30'

2023-09-29 13:52:40 - [MESSAGE][PASSED] - Object 'Object Repository/verifikasi masuk website tajalapk' is present

2023-09-29 13:52:40 - [TEST_STEP][PASSED] - click(findTestObject("sedekah online/a_Donasi (di halaman utama)")): Object: 'Object Repository/sedekah online/a_Donasi (di halaman utama)' is clicked on

2023-09-29 13:52:40 - [MESSAGE][PASSED] - Object: 'Object Repository/sedekah online/a_Donasi (di halaman utama)' is clicked on

2023-09-29 13:52:40 - [TEST_STEP][PASSED] - verifyElementClickable(findTestObject("sedekah online/a_Sedekah Online"), STOP_ON_FAILURE): Object 'Object Repository/sedekah online/a_Sedekah Online' is clickable

2023-09-29 13:52:41 - [MESSAGE][PASSED] - Object 'Object Repository/sedekah online/a_Sedekah Online' is clickable

2023-09-29 13:52:41 - [TEST_STEP][PASSED] - click(findTestObject("sedekah online/a_Sedekah Online")): Object: 'Object Repository/sedekah online/a_Sedekah Online' is clicked on

2023-09-29 13:52:42 - [MESSAGE][PASSED] - Object: 'Object Repository/sedekah online/a_Sedekah Online' is clicked on

2023-09-29 13:52:42 - [TEST_STEP][PASSED] - verifyElementPresent(findTestObject("sedekah online/verifikasi halaman sedekah Online"), 0): Object 'Object Repository/sedekah online/verifikasi halaman sedekah Online' is present

2023-09-29 13:52:42 - [MESSAGE][WARNING] - Timeout '0' is invalid. Using default page load timeout: '30'

2023-09-29 13:52:42 - [MESSAGE][PASSED] - Object 'Object Repository/sedekah online/verifikasi halaman sedekah Online' is present

2023-09-29 13:52:42 - [TEST_STEP][PASSED] - setText(findTestObject("sedekah online/input_Sedekah"), NominalSedekah): Text '25000' is set on object 'Object Repository/sedekah online/input_Sedekah'

2023-09-29 13:52:43 - [MESSAGE][PASSED] - Text '25000' is set on object 'Object Repository/sedekah online/input_Sedekah'

2023-09-29 13:52:43 - [TEST_STEP][PASSED] - setText(findTestObject("sedekah online/input_Nama lengkap (di sedekah online)"), namaLengkap): Text 'ikana' is set on object 'Object Repository/sedekah online/input_Nama lengkap (di sedekah online)'

2023-09-29 13:52:44 - [MESSAGE][PASSED] - Text 'ikana' is set on object 'Object Repository/sedekah online/input_Nama lengkap (di sedekah online)'

2023-09-29 13:52:44 - [TEST_STEP][PASSED] - setText(findTestObject("sedekah online/input_No Handphone (di sedekah online)"), noHp): Text '086754321234' is set on object 'Object Repository/sedekah online/input_No Handphone (di sedekah online)'

2023-09-29 13:52:45 - [MESSAGE][PASSED] - Text '086754321234' is set on object 'Object Repository/sedekah online/input_No Handphone (di sedekah online)'

2023-09-29 13:52:45 - [TEST_STEP][PASSED] - setText(findTestObject("sedekah online/input_Alamat Email (di sedekah online)"), email): Text 'anata71@gmail.com' is set on object 'Object Repository/sedekah online/input_Alamat Email (di sedekah online)'

2023-09-29 13:52:45 - [MESSAGE][PASSED] - Text 'anata71@gmail.com' is set on object 'Object Repository/sedekah online/input_Alamat Email (di sedekah online)'

2023-09-29 13:52:45 - [TEST_STEP][PASSED] - selectOptionByValue(findTestObject("Object Repository/sedekah online/dropdown metode pembayaraan"), pembayaran, false): All options with value '1' are selected in object 'Object Repository/sedekah online/dropdown metode pembayaraan' 

2023-09-29 13:52:46 - [MESSAGE][PASSED] - All options with value '1' are selected in object 'Object Repository/sedekah online/dropdown metode pembayaraan' 

2023-09-29 13:52:46 - [TEST_STEP][PASSED] - selectOptionByValue(findTestObject("Object Repository/sedekah online/sedekah ditunjukan untuk keluarga"), sedekahUntuk, false): All options with value 'Orang Tua' are selected in object 'Object Repository/sedekah online/sedekah ditunjukan untuk keluarga' 

2023-09-29 13:52:47 - [MESSAGE][PASSED] - All options with value 'Orang Tua' are selected in object 'Object Repository/sedekah online/sedekah ditunjukan untuk keluarga' 

2023-09-29 13:52:47 - [TEST_STEP][PASSED] - setText(findTestObject("sedekah online/input isi doa terbaik anda"), doa): Text 'Semoga Bermanfaat' is set on object 'Object Repository/sedekah online/input isi doa terbaik anda'

2023-09-29 13:52:48 - [MESSAGE][PASSED] - Text 'Semoga Bermanfaat' is set on object 'Object Repository/sedekah online/input isi doa terbaik anda'

2023-09-29 13:52:48 - [TEST_STEP][PASSED] - setText(findTestObject("sedekah online/input 2 digit terakhir nomor hp"), digitAkhir): Text '34' is set on object 'Object Repository/sedekah online/input 2 digit terakhir nomor hp'

2023-09-29 13:52:48 - [MESSAGE][PASSED] - Text '34' is set on object 'Object Repository/sedekah online/input 2 digit terakhir nomor hp'

2023-09-29 13:52:48 - [TEST_STEP][PASSED] - click(findTestObject("sedekah online/button_Sedekah Sekarang")): Object: 'Object Repository/sedekah online/button_Sedekah Sekarang' is clicked on

2023-09-29 13:52:49 - [MESSAGE][PASSED] - Object: 'Object Repository/sedekah online/button_Sedekah Sekarang' is clicked on

2023-09-29 13:52:49 - [TEST_STEP][PASSED] - verifyElementText(findTestObject("sedekah online/verifikasi sukses berdonasi"), "Sukses Proses Bersedekah, kami akan segera menghubungi anda! Terima kasih"): Actual text and expected text of test object 'Object Repository/sedekah online/verifikasi sukses berdonasi' are matched.

2023-09-29 13:52:50 - [MESSAGE][PASSED] - Actual text and expected text of test object 'Object Repository/sedekah online/verifikasi sukses berdonasi' are matched.]]></system-out>
         <system-err><![CDATA[]]></system-err>
      </testcase>
      <testcase name="Test Cases/T05 - Sedekah Online/TC-SO-002" time="17.575" classname="Test Cases/T05 - Sedekah Online/TC-SO-002" status="FAILED">
         <failure type="FAILED" message="Test Cases/T05 - Sedekah Online/TC-SO-002 FAILED.
Reason:
com.kms.katalon.core.exception.StepFailedException: Verify element text of test object 'Object Repository/sedekah online/verifikasi sukses berdonasi' FAILED.
	at com.kms.katalon.core.webui.keyword.internal.WebUIKeywordMain.stepFailed(WebUIKeywordMain.groovy:64)
	at com.kms.katalon.core.webui.keyword.internal.WebUIKeywordMain.runKeyword(WebUIKeywordMain.groovy:26)
	at com.kms.katalon.core.webui.keyword.builtin.VerifyElementTextKeyword.verifyElementText(VerifyElementTextKeyword.groovy:72)
	at com.kms.katalon.core.webui.keyword.builtin.VerifyElementTextKeyword.execute(VerifyElementTextKeyword.groovy:40)
	at com.kms.katalon.core.keyword.internal.KeywordExecutor.executeKeywordForPlatform(KeywordExecutor.groovy:74)
	at com.kms.katalon.core.webui.keyword.WebUiBuiltInKeywords.verifyElementText(WebUiBuiltInKeywords.groovy:4749)
	at com.kms.katalon.core.webui.keyword.WebUiBuiltInKeywords$verifyElementText$6.call(Unknown Source)
	at TC-SO-002.run(TC-SO-002:54)
	at com.kms.katalon.core.main.ScriptEngine.run(ScriptEngine.java:194)
	at com.kms.katalon.core.main.ScriptEngine.runScriptAsRawText(ScriptEngine.java:119)
	at com.kms.katalon.core.main.TestCaseExecutor.runScript(TestCaseExecutor.java:448)
	at com.kms.katalon.core.main.TestCaseExecutor.doExecute(TestCaseExecutor.java:439)
	at com.kms.katalon.core.main.TestCaseExecutor.processExecutionPhase(TestCaseExecutor.java:418)
	at com.kms.katalon.core.main.TestCaseExecutor.accessMainPhase(TestCaseExecutor.java:410)
	at com.kms.katalon.core.main.TestCaseExecutor.execute(TestCaseExecutor.java:285)
	at com.kms.katalon.core.common.CommonExecutor.accessTestCaseMainPhase(CommonExecutor.java:65)
	at com.kms.katalon.core.main.TestSuiteExecutor.accessTestSuiteMainPhase(TestSuiteExecutor.java:148)
	at com.kms.katalon.core.main.TestSuiteExecutor.execute(TestSuiteExecutor.java:106)
	at com.kms.katalon.core.main.TestCaseMain.startTestSuite(TestCaseMain.java:187)
	at com.kms.katalon.core.main.TestCaseMain$startTestSuite$0.call(Unknown Source)
	at TempTestSuite1695970338406.run(TempTestSuite1695970338406.groovy:36)
Caused by: com.kms.katalon.core.exception.StepFailedException: Actual text 'Sukses Proses Bersedekah, kami akan segera menghubungi anda! Terima kasih' and expected text 'Minimal nominal sedekah Online Rp 25.000' of test object 'Object Repository/sedekah online/verifikasi sukses berdonasi' are NOT matched.
	at com.kms.katalon.core.webui.keyword.internal.WebUIKeywordMain.stepFailed(WebUIKeywordMain.groovy:64)
	at com.kms.katalon.core.webui.keyword.builtin.VerifyElementTextKeyword$_verifyElementText_closure1.doCall(VerifyElementTextKeyword.groovy:57)
	at com.kms.katalon.core.webui.keyword.builtin.VerifyElementTextKeyword$_verifyElementText_closure1.call(VerifyElementTextKeyword.groovy)
	at com.kms.katalon.core.webui.keyword.internal.WebUIKeywordMain.runKeyword(WebUIKeywordMain.groovy:20)
	... 19 more
"/>
         <system-out><![CDATA[2023-09-29 13:52:50 - [TEST_CASE][FAILED] - Test Cases/T05 - Sedekah Online/TC-SO-002: Test Cases/T05 - Sedekah Online/TC-SO-002 FAILED.
Reason:
com.kms.katalon.core.exception.StepFailedException: Verify element text of test object 'Object Repository/sedekah online/verifikasi sukses berdonasi' FAILED.
	at com.kms.katalon.core.webui.keyword.internal.WebUIKeywordMain.stepFailed(WebUIKeywordMain.groovy:64)
	at com.kms.katalon.core.webui.keyword.internal.WebUIKeywordMain.runKeyword(WebUIKeywordMain.groovy:26)
	at com.kms.katalon.core.webui.keyword.builtin.VerifyElementTextKeyword.verifyElementText(VerifyElementTextKeyword.groovy:72)
	at com.kms.katalon.core.webui.keyword.builtin.VerifyElementTextKeyword.execute(VerifyElementTextKeyword.groovy:40)
	at com.kms.katalon.core.keyword.internal.KeywordExecutor.executeKeywordForPlatform(KeywordExecutor.groovy:74)
	at com.kms.katalon.core.webui.keyword.WebUiBuiltInKeywords.verifyElementText(WebUiBuiltInKeywords.groovy:4749)
	at com.kms.katalon.core.webui.keyword.WebUiBuiltInKeywords$verifyElementText$6.call(Unknown Source)
	at TC-SO-002.run(TC-SO-002:54)
	at com.kms.katalon.core.main.ScriptEngine.run(ScriptEngine.java:194)
	at com.kms.katalon.core.main.ScriptEngine.runScriptAsRawText(ScriptEngine.java:119)
	at com.kms.katalon.core.main.TestCaseExecutor.runScript(TestCaseExecutor.java:448)
	at com.kms.katalon.core.main.TestCaseExecutor.doExecute(TestCaseExecutor.java:439)
	at com.kms.katalon.core.main.TestCaseExecutor.processExecutionPhase(TestCaseExecutor.java:418)
	at com.kms.katalon.core.main.TestCaseExecutor.accessMainPhase(TestCaseExecutor.java:410)
	at com.kms.katalon.core.main.TestCaseExecutor.execute(TestCaseExecutor.java:285)
	at com.kms.katalon.core.common.CommonExecutor.accessTestCaseMainPhase(CommonExecutor.java:65)
	at com.kms.katalon.core.main.TestSuiteExecutor.accessTestSuiteMainPhase(TestSuiteExecutor.java:148)
	at com.kms.katalon.core.main.TestSuiteExecutor.execute(TestSuiteExecutor.java:106)
	at com.kms.katalon.core.main.TestCaseMain.startTestSuite(TestCaseMain.java:187)
	at com.kms.katalon.core.main.TestCaseMain$startTestSuite$0.call(Unknown Source)
	at TempTestSuite1695970338406.run(TempTestSuite1695970338406.groovy:36)
Caused by: com.kms.katalon.core.exception.StepFailedException: Actual text 'Sukses Proses Bersedekah, kami akan segera menghubungi anda! Terima kasih' and expected text 'Minimal nominal sedekah Online Rp 25.000' of test object 'Object Repository/sedekah online/verifikasi sukses berdonasi' are NOT matched.
	at com.kms.katalon.core.webui.keyword.internal.WebUIKeywordMain.stepFailed(WebUIKeywordMain.groovy:64)
	at com.kms.katalon.core.webui.keyword.builtin.VerifyElementTextKeyword$_verifyElementText_closure1.doCall(VerifyElementTextKeyword.groovy:57)
	at com.kms.katalon.core.webui.keyword.builtin.VerifyElementTextKeyword$_verifyElementText_closure1.call(VerifyElementTextKeyword.groovy)
	at com.kms.katalon.core.webui.keyword.internal.WebUIKeywordMain.runKeyword(WebUIKeywordMain.groovy:20)
	... 19 more


2023-09-29 13:52:51 - [TEST_STEP][PASSED] - openBrowser(urlWeb): Browser is opened with url: 'https://10.9.2.63/ecommerce/'

2023-09-29 13:52:51 - [MESSAGE][WARNING] - A browser is already opened. Closing browser and opening a new one

2023-09-29 13:52:52 - [MESSAGE][INFO] - Starting 'Firefox' driver

2023-09-29 13:52:52 - [MESSAGE][INFO] - Action delay is set to 0 milliseconds

2023-09-29 13:52:57 - [MESSAGE][PASSED] - Browser is opened with url: 'https://10.9.2.63/ecommerce/'

2023-09-29 13:52:57 - [TEST_STEP][PASSED] - maximizeWindow(): Current window maximized

2023-09-29 13:52:57 - [MESSAGE][PASSED] - Current window maximized

2023-09-29 13:52:57 - [TEST_STEP][PASSED] - verifyElementPresent(findTestObject("verifikasi masuk website tajalapk"), 0): Object 'Object Repository/verifikasi masuk website tajalapk' is present

2023-09-29 13:52:57 - [MESSAGE][WARNING] - Timeout '0' is invalid. Using default page load timeout: '30'

2023-09-29 13:52:58 - [MESSAGE][PASSED] - Object 'Object Repository/verifikasi masuk website tajalapk' is present

2023-09-29 13:52:58 - [TEST_STEP][PASSED] - click(findTestObject("sedekah online/a_Donasi (di halaman utama)")): Object: 'Object Repository/sedekah online/a_Donasi (di halaman utama)' is clicked on

2023-09-29 13:52:58 - [MESSAGE][PASSED] - Object: 'Object Repository/sedekah online/a_Donasi (di halaman utama)' is clicked on

2023-09-29 13:52:58 - [TEST_STEP][PASSED] - click(findTestObject("sedekah online/a_Sedekah Online")): Object: 'Object Repository/sedekah online/a_Sedekah Online' is clicked on

2023-09-29 13:52:59 - [MESSAGE][PASSED] - Object: 'Object Repository/sedekah online/a_Sedekah Online' is clicked on

2023-09-29 13:52:59 - [TEST_STEP][PASSED] - verifyElementPresent(findTestObject("sedekah online/verifikasi halaman sedekah Online"), 0): Object 'Object Repository/sedekah online/verifikasi halaman sedekah Online' is present

2023-09-29 13:52:59 - [MESSAGE][WARNING] - Timeout '0' is invalid. Using default page load timeout: '30'

2023-09-29 13:53:00 - [MESSAGE][PASSED] - Object 'Object Repository/sedekah online/verifikasi halaman sedekah Online' is present

2023-09-29 13:53:00 - [TEST_STEP][PASSED] - setText(findTestObject("sedekah online/input_Sedekah"), NominalSedekah): Text '5000' is set on object 'Object Repository/sedekah online/input_Sedekah'

2023-09-29 13:53:00 - [MESSAGE][PASSED] - Text '5000' is set on object 'Object Repository/sedekah online/input_Sedekah'

2023-09-29 13:53:00 - [TEST_STEP][PASSED] - setText(findTestObject("sedekah online/input_Nama lengkap (di sedekah online)"), namaLengkap): Text 'ikana' is set on object 'Object Repository/sedekah online/input_Nama lengkap (di sedekah online)'

2023-09-29 13:53:01 - [MESSAGE][PASSED] - Text 'ikana' is set on object 'Object Repository/sedekah online/input_Nama lengkap (di sedekah online)'

2023-09-29 13:53:01 - [TEST_STEP][PASSED] - setText(findTestObject("sedekah online/input_No Handphone (di sedekah online)"), noHp): Text '086754321234' is set on object 'Object Repository/sedekah online/input_No Handphone (di sedekah online)'

2023-09-29 13:53:02 - [MESSAGE][PASSED] - Text '086754321234' is set on object 'Object Repository/sedekah online/input_No Handphone (di sedekah online)'

2023-09-29 13:53:02 - [TEST_STEP][PASSED] - setText(findTestObject("sedekah online/input_Alamat Email (di sedekah online)"), email): Text 'anata71@gmail.com' is set on object 'Object Repository/sedekah online/input_Alamat Email (di sedekah online)'

2023-09-29 13:53:03 - [MESSAGE][PASSED] - Text 'anata71@gmail.com' is set on object 'Object Repository/sedekah online/input_Alamat Email (di sedekah online)'

2023-09-29 13:53:03 - [TEST_STEP][PASSED] - selectOptionByValue(findTestObject("Object Repository/sedekah online/dropdown metode pembayaraan"), pembayaran, false): All options with value '1' are selected in object 'Object Repository/sedekah online/dropdown metode pembayaraan' 

2023-09-29 13:53:03 - [MESSAGE][PASSED] - All options with value '1' are selected in object 'Object Repository/sedekah online/dropdown metode pembayaraan' 

2023-09-29 13:53:03 - [TEST_STEP][PASSED] - selectOptionByValue(findTestObject("Object Repository/sedekah online/sedekah ditunjukan untuk keluarga"), sedekahUntuk, false): All options with value 'Orang Tua' are selected in object 'Object Repository/sedekah online/sedekah ditunjukan untuk keluarga' 

2023-09-29 13:53:04 - [MESSAGE][PASSED] - All options with value 'Orang Tua' are selected in object 'Object Repository/sedekah online/sedekah ditunjukan untuk keluarga' 

2023-09-29 13:53:04 - [TEST_STEP][PASSED] - setText(findTestObject("sedekah online/input isi doa terbaik anda"), doa): Text 'Semoga Bermanfaat' is set on object 'Object Repository/sedekah online/input isi doa terbaik anda'

2023-09-29 13:53:05 - [MESSAGE][PASSED] - Text 'Semoga Bermanfaat' is set on object 'Object Repository/sedekah online/input isi doa terbaik anda'

2023-09-29 13:53:05 - [TEST_STEP][PASSED] - setText(findTestObject("sedekah online/input 2 digit terakhir nomor hp"), digitAkhir): Text '34' is set on object 'Object Repository/sedekah online/input 2 digit terakhir nomor hp'

2023-09-29 13:53:06 - [MESSAGE][PASSED] - Text '34' is set on object 'Object Repository/sedekah online/input 2 digit terakhir nomor hp'

2023-09-29 13:53:06 - [TEST_STEP][PASSED] - click(findTestObject("sedekah online/button_Sedekah Sekarang")): Object: 'Object Repository/sedekah online/button_Sedekah Sekarang' is clicked on

2023-09-29 13:53:07 - [MESSAGE][PASSED] - Object: 'Object Repository/sedekah online/button_Sedekah Sekarang' is clicked on

2023-09-29 13:53:07 - [TEST_STEP][FAILED] - verifyElementText(findTestObject("sedekah online/verifikasi sukses berdonasi"), "Minimal nominal sedekah Online Rp 25.000"): Verify element text of test object 'Object Repository/sedekah online/verifikasi sukses berdonasi' FAILED. (Root cause: com.kms.katalon.core.exception.StepFailedException: Verify element text of test object 'Object Repository/sedekah online/verifikasi sukses berdonasi' FAILED.
	at com.kms.katalon.core.webui.keyword.internal.WebUIKeywordMain.stepFailed(WebUIKeywordMain.groovy:64)
	at com.kms.katalon.core.webui.keyword.internal.WebUIKeywordMain.runKeyword(WebUIKeywordMain.groovy:26)
	at com.kms.katalon.core.webui.keyword.builtin.VerifyElementTextKeyword.verifyElementText(VerifyElementTextKeyword.groovy:72)
	at com.kms.katalon.core.webui.keyword.builtin.VerifyElementTextKeyword.execute(VerifyElementTextKeyword.groovy:40)
	at com.kms.katalon.core.keyword.internal.KeywordExecutor.executeKeywordForPlatform(KeywordExecutor.groovy:74)
	at com.kms.katalon.core.webui.keyword.WebUiBuiltInKeywords.verifyElementText(WebUiBuiltInKeywords.groovy:4749)
	at com.kms.katalon.core.webui.keyword.WebUiBuiltInKeywords$verifyElementText$6.call(Unknown Source)
	at TC-SO-002.run(TC-SO-002:54)
	at com.kms.katalon.core.main.ScriptEngine.run(ScriptEngine.java:194)
	at com.kms.katalon.core.main.ScriptEngine.runScriptAsRawText(ScriptEngine.java:119)
	at com.kms.katalon.core.main.TestCaseExecutor.runScript(TestCaseExecutor.java:448)
	at com.kms.katalon.core.main.TestCaseExecutor.doExecute(TestCaseExecutor.java:439)
	at com.kms.katalon.core.main.TestCaseExecutor.processExecutionPhase(TestCaseExecutor.java:418)
	at com.kms.katalon.core.main.TestCaseExecutor.accessMainPhase(TestCaseExecutor.java:410)
	at com.kms.katalon.core.main.TestCaseExecutor.execute(TestCaseExecutor.java:285)
	at com.kms.katalon.core.common.CommonExecutor.accessTestCaseMainPhase(CommonExecutor.java:65)
	at com.kms.katalon.core.main.TestSuiteExecutor.accessTestSuiteMainPhase(TestSuiteExecutor.java:148)
	at com.kms.katalon.core.main.TestSuiteExecutor.execute(TestSuiteExecutor.java:106)
	at com.kms.katalon.core.main.TestCaseMain.startTestSuite(TestCaseMain.java:187)
	at com.kms.katalon.core.main.TestCaseMain$startTestSuite$0.call(Unknown Source)
	at TempTestSuite1695970338406.run(TempTestSuite1695970338406.groovy:36)
Caused by: com.kms.katalon.core.exception.StepFailedException: Actual text 'Sukses Proses Bersedekah, kami akan segera menghubungi anda! Terima kasih' and expected text 'Minimal nominal sedekah Online Rp 25.000' of test object 'Object Repository/sedekah online/verifikasi sukses berdonasi' are NOT matched.
	at com.kms.katalon.core.webui.keyword.internal.WebUIKeywordMain.stepFailed(WebUIKeywordMain.groovy:64)
	at com.kms.katalon.core.webui.keyword.builtin.VerifyElementTextKeyword$_verifyElementText_closure1.doCall(VerifyElementTextKeyword.groovy:57)
	at com.kms.katalon.core.webui.keyword.builtin.VerifyElementTextKeyword$_verifyElementText_closure1.call(VerifyElementTextKeyword.groovy)
	at com.kms.katalon.core.webui.keyword.internal.WebUIKeywordMain.runKeyword(WebUIKeywordMain.groovy:20)
	... 19 more
)

2023-09-29 13:53:08 - [MESSAGE][FAILED] - Actual text 'Sukses Proses Bersedekah, kami akan segera menghubungi anda! Terima kasih' and expected text 'Minimal nominal sedekah Online Rp 25.000' of test object 'Object Repository/sedekah online/verifikasi sukses berdonasi' are NOT matched. (Root cause: com.kms.katalon.core.exception.StepFailedException: Actual text 'Sukses Proses Bersedekah, kami akan segera menghubungi anda! Terima kasih' and expected text 'Minimal nominal sedekah Online Rp 25.000' of test object 'Object Repository/sedekah online/verifikasi sukses berdonasi' are NOT matched.
	at com.kms.katalon.core.webui.keyword.internal.WebUIKeywordMain.stepFailed(WebUIKeywordMain.groovy:64)
	at com.kms.katalon.core.webui.keyword.builtin.VerifyElementTextKeyword$_verifyElementText_closure1.doCall(VerifyElementTextKeyword.groovy:57)
	at com.kms.katalon.core.webui.keyword.builtin.VerifyElementTextKeyword$_verifyElementText_closure1.call(VerifyElementTextKeyword.groovy)
	at com.kms.katalon.core.webui.keyword.internal.WebUIKeywordMain.runKeyword(WebUIKeywordMain.groovy:20)
	at com.kms.katalon.core.webui.keyword.builtin.VerifyElementTextKeyword.verifyElementText(VerifyElementTextKeyword.groovy:72)
	at com.kms.katalon.core.webui.keyword.builtin.VerifyElementTextKeyword.execute(VerifyElementTextKeyword.groovy:40)
	at com.kms.katalon.core.keyword.internal.KeywordExecutor.executeKeywordForPlatform(KeywordExecutor.groovy:74)
	at com.kms.katalon.core.webui.keyword.WebUiBuiltInKeywords.verifyElementText(WebUiBuiltInKeywords.groovy:4749)
	at com.kms.katalon.core.webui.keyword.WebUiBuiltInKeywords$verifyElementText$6.call(Unknown Source)
	at TC-SO-002.run(TC-SO-002:54)
	at com.kms.katalon.core.main.ScriptEngine.run(ScriptEngine.java:194)
	at com.kms.katalon.core.main.ScriptEngine.runScriptAsRawText(ScriptEngine.java:119)
	at com.kms.katalon.core.main.TestCaseExecutor.runScript(TestCaseExecutor.java:448)
	at com.kms.katalon.core.main.TestCaseExecutor.doExecute(TestCaseExecutor.java:439)
	at com.kms.katalon.core.main.TestCaseExecutor.processExecutionPhase(TestCaseExecutor.java:418)
	at com.kms.katalon.core.main.TestCaseExecutor.accessMainPhase(TestCaseExecutor.java:410)
	at com.kms.katalon.core.main.TestCaseExecutor.execute(TestCaseExecutor.java:285)
	at com.kms.katalon.core.common.CommonExecutor.accessTestCaseMainPhase(CommonExecutor.java:65)
	at com.kms.katalon.core.main.TestSuiteExecutor.accessTestSuiteMainPhase(TestSuiteExecutor.java:148)
	at com.kms.katalon.core.main.TestSuiteExecutor.execute(TestSuiteExecutor.java:106)
	at com.kms.katalon.core.main.TestCaseMain.startTestSuite(TestCaseMain.java:187)
	at com.kms.katalon.core.main.TestCaseMain$startTestSuite$0.call(Unknown Source)
	at TempTestSuite1695970338406.run(TempTestSuite1695970338406.groovy:36)
)
[[ATTACHMENT|F:\\bootcamp\\Miniproject\\Tajalapak\\Reports\\20230929_135218\\T05 Sedekah Online\\20230929_135218\\1695970388019.png]]

2023-09-29 13:53:08 - [MESSAGE][FAILED] - Verify element text of test object 'Object Repository/sedekah online/verifikasi sukses berdonasi' FAILED. (Root cause: com.kms.katalon.core.exception.StepFailedException: Verify element text of test object 'Object Repository/sedekah online/verifikasi sukses berdonasi' FAILED.
	at com.kms.katalon.core.webui.keyword.internal.WebUIKeywordMain.stepFailed(WebUIKeywordMain.groovy:64)
	at com.kms.katalon.core.webui.keyword.internal.WebUIKeywordMain.runKeyword(WebUIKeywordMain.groovy:26)
	at com.kms.katalon.core.webui.keyword.builtin.VerifyElementTextKeyword.verifyElementText(VerifyElementTextKeyword.groovy:72)
	at com.kms.katalon.core.webui.keyword.builtin.VerifyElementTextKeyword.execute(VerifyElementTextKeyword.groovy:40)
	at com.kms.katalon.core.keyword.internal.KeywordExecutor.executeKeywordForPlatform(KeywordExecutor.groovy:74)
	at com.kms.katalon.core.webui.keyword.WebUiBuiltInKeywords.verifyElementText(WebUiBuiltInKeywords.groovy:4749)
	at com.kms.katalon.core.webui.keyword.WebUiBuiltInKeywords$verifyElementText$6.call(Unknown Source)
	at TC-SO-002.run(TC-SO-002:54)
	at com.kms.katalon.core.main.ScriptEngine.run(ScriptEngine.java:194)
	at com.kms.katalon.core.main.ScriptEngine.runScriptAsRawText(ScriptEngine.java:119)
	at com.kms.katalon.core.main.TestCaseExecutor.runScript(TestCaseExecutor.java:448)
	at com.kms.katalon.core.main.TestCaseExecutor.doExecute(TestCaseExecutor.java:439)
	at com.kms.katalon.core.main.TestCaseExecutor.processExecutionPhase(TestCaseExecutor.java:418)
	at com.kms.katalon.core.main.TestCaseExecutor.accessMainPhase(TestCaseExecutor.java:410)
	at com.kms.katalon.core.main.TestCaseExecutor.execute(TestCaseExecutor.java:285)
	at com.kms.katalon.core.common.CommonExecutor.accessTestCaseMainPhase(CommonExecutor.java:65)
	at com.kms.katalon.core.main.TestSuiteExecutor.accessTestSuiteMainPhase(TestSuiteExecutor.java:148)
	at com.kms.katalon.core.main.TestSuiteExecutor.execute(TestSuiteExecutor.java:106)
	at com.kms.katalon.core.main.TestCaseMain.startTestSuite(TestCaseMain.java:187)
	at com.kms.katalon.core.main.TestCaseMain$startTestSuite$0.call(Unknown Source)
	at TempTestSuite1695970338406.run(TempTestSuite1695970338406.groovy:36)
Caused by: com.kms.katalon.core.exception.StepFailedException: Actual text 'Sukses Proses Bersedekah, kami akan segera menghubungi anda! Terima kasih' and expected text 'Minimal nominal sedekah Online Rp 25.000' of test object 'Object Repository/sedekah online/verifikasi sukses berdonasi' are NOT matched.
	at com.kms.katalon.core.webui.keyword.internal.WebUIKeywordMain.stepFailed(WebUIKeywordMain.groovy:64)
	at com.kms.katalon.core.webui.keyword.builtin.VerifyElementTextKeyword$_verifyElementText_closure1.doCall(VerifyElementTextKeyword.groovy:57)
	at com.kms.katalon.core.webui.keyword.builtin.VerifyElementTextKeyword$_verifyElementText_closure1.call(VerifyElementTextKeyword.groovy)
	at com.kms.katalon.core.webui.keyword.internal.WebUIKeywordMain.runKeyword(WebUIKeywordMain.groovy:20)
	... 19 more
)
[[ATTACHMENT|F:\\bootcamp\\Miniproject\\Tajalapak\\Reports\\20230929_135218\\T05 Sedekah Online\\20230929_135218\\1695970388133.png]]]]></system-out>
         <system-err><![CDATA[2023-09-29 13:52:50 - [TEST_CASE][FAILED] - Test Cases/T05 - Sedekah Online/TC-SO-002: Test Cases/T05 - Sedekah Online/TC-SO-002 FAILED.
Reason:
com.kms.katalon.core.exception.StepFailedException: Verify element text of test object 'Object Repository/sedekah online/verifikasi sukses berdonasi' FAILED.
	at com.kms.katalon.core.webui.keyword.internal.WebUIKeywordMain.stepFailed(WebUIKeywordMain.groovy:64)
	at com.kms.katalon.core.webui.keyword.internal.WebUIKeywordMain.runKeyword(WebUIKeywordMain.groovy:26)
	at com.kms.katalon.core.webui.keyword.builtin.VerifyElementTextKeyword.verifyElementText(VerifyElementTextKeyword.groovy:72)
	at com.kms.katalon.core.webui.keyword.builtin.VerifyElementTextKeyword.execute(VerifyElementTextKeyword.groovy:40)
	at com.kms.katalon.core.keyword.internal.KeywordExecutor.executeKeywordForPlatform(KeywordExecutor.groovy:74)
	at com.kms.katalon.core.webui.keyword.WebUiBuiltInKeywords.verifyElementText(WebUiBuiltInKeywords.groovy:4749)
	at com.kms.katalon.core.webui.keyword.WebUiBuiltInKeywords$verifyElementText$6.call(Unknown Source)
	at TC-SO-002.run(TC-SO-002:54)
	at com.kms.katalon.core.main.ScriptEngine.run(ScriptEngine.java:194)
	at com.kms.katalon.core.main.ScriptEngine.runScriptAsRawText(ScriptEngine.java:119)
	at com.kms.katalon.core.main.TestCaseExecutor.runScript(TestCaseExecutor.java:448)
	at com.kms.katalon.core.main.TestCaseExecutor.doExecute(TestCaseExecutor.java:439)
	at com.kms.katalon.core.main.TestCaseExecutor.processExecutionPhase(TestCaseExecutor.java:418)
	at com.kms.katalon.core.main.TestCaseExecutor.accessMainPhase(TestCaseExecutor.java:410)
	at com.kms.katalon.core.main.TestCaseExecutor.execute(TestCaseExecutor.java:285)
	at com.kms.katalon.core.common.CommonExecutor.accessTestCaseMainPhase(CommonExecutor.java:65)
	at com.kms.katalon.core.main.TestSuiteExecutor.accessTestSuiteMainPhase(TestSuiteExecutor.java:148)
	at com.kms.katalon.core.main.TestSuiteExecutor.execute(TestSuiteExecutor.java:106)
	at com.kms.katalon.core.main.TestCaseMain.startTestSuite(TestCaseMain.java:187)
	at com.kms.katalon.core.main.TestCaseMain$startTestSuite$0.call(Unknown Source)
	at TempTestSuite1695970338406.run(TempTestSuite1695970338406.groovy:36)
Caused by: com.kms.katalon.core.exception.StepFailedException: Actual text 'Sukses Proses Bersedekah, kami akan segera menghubungi anda! Terima kasih' and expected text 'Minimal nominal sedekah Online Rp 25.000' of test object 'Object Repository/sedekah online/verifikasi sukses berdonasi' are NOT matched.
	at com.kms.katalon.core.webui.keyword.internal.WebUIKeywordMain.stepFailed(WebUIKeywordMain.groovy:64)
	at com.kms.katalon.core.webui.keyword.builtin.VerifyElementTextKeyword$_verifyElementText_closure1.doCall(VerifyElementTextKeyword.groovy:57)
	at com.kms.katalon.core.webui.keyword.builtin.VerifyElementTextKeyword$_verifyElementText_closure1.call(VerifyElementTextKeyword.groovy)
	at com.kms.katalon.core.webui.keyword.internal.WebUIKeywordMain.runKeyword(WebUIKeywordMain.groovy:20)
	... 19 more]]></system-err>
      </testcase>
      <testcase name="Test Cases/T05 - Sedekah Online/TC-SO-003" time="19.168" classname="Test Cases/T05 - Sedekah Online/TC-SO-003" status="PASSED">
         <system-out><![CDATA[2023-09-29 13:53:08 - [TEST_CASE][PASSED] - Test Cases/T05 - Sedekah Online/TC-SO-003: Test Cases/T05 - Sedekah Online/TC-SO-003

2023-09-29 13:53:08 - [TEST_STEP][PASSED] - openBrowser(urlWeb): Browser is opened with url: 'https://10.9.2.63/ecommerce/'

2023-09-29 13:53:08 - [MESSAGE][WARNING] - A browser is already opened. Closing browser and opening a new one

2023-09-29 13:53:09 - [MESSAGE][INFO] - Starting 'Firefox' driver

2023-09-29 13:53:09 - [MESSAGE][INFO] - Action delay is set to 0 milliseconds

2023-09-29 13:53:16 - [MESSAGE][PASSED] - Browser is opened with url: 'https://10.9.2.63/ecommerce/'

2023-09-29 13:53:16 - [TEST_STEP][PASSED] - maximizeWindow(): Current window maximized

2023-09-29 13:53:16 - [MESSAGE][PASSED] - Current window maximized

2023-09-29 13:53:16 - [TEST_STEP][PASSED] - verifyElementPresent(findTestObject("verifikasi masuk website tajalapk"), 0): Object 'Object Repository/verifikasi masuk website tajalapk' is present

2023-09-29 13:53:16 - [MESSAGE][WARNING] - Timeout '0' is invalid. Using default page load timeout: '30'

2023-09-29 13:53:16 - [MESSAGE][PASSED] - Object 'Object Repository/verifikasi masuk website tajalapk' is present

2023-09-29 13:53:16 - [TEST_STEP][PASSED] - click(findTestObject("sedekah online/a_Donasi (di halaman utama)")): Object: 'Object Repository/sedekah online/a_Donasi (di halaman utama)' is clicked on

2023-09-29 13:53:17 - [MESSAGE][PASSED] - Object: 'Object Repository/sedekah online/a_Donasi (di halaman utama)' is clicked on

2023-09-29 13:53:17 - [TEST_STEP][PASSED] - click(findTestObject("sedekah online/a_Sedekah Online")): Object: 'Object Repository/sedekah online/a_Sedekah Online' is clicked on

2023-09-29 13:53:17 - [MESSAGE][PASSED] - Object: 'Object Repository/sedekah online/a_Sedekah Online' is clicked on

2023-09-29 13:53:17 - [TEST_STEP][PASSED] - verifyElementPresent(findTestObject("sedekah online/verifikasi halaman sedekah Online"), 0): Object 'Object Repository/sedekah online/verifikasi halaman sedekah Online' is present

2023-09-29 13:53:17 - [MESSAGE][WARNING] - Timeout '0' is invalid. Using default page load timeout: '30'

2023-09-29 13:53:18 - [MESSAGE][PASSED] - Object 'Object Repository/sedekah online/verifikasi halaman sedekah Online' is present

2023-09-29 13:53:18 - [TEST_STEP][PASSED] - setText(findTestObject("sedekah online/input_Sedekah"), NominalSedekah): Text '25000' is set on object 'Object Repository/sedekah online/input_Sedekah'

2023-09-29 13:53:18 - [MESSAGE][PASSED] - Text '25000' is set on object 'Object Repository/sedekah online/input_Sedekah'

2023-09-29 13:53:18 - [TEST_STEP][PASSED] - setText(findTestObject("sedekah online/input_Nama lengkap (di sedekah online)"), namaLengkap): Text 'ikana' is set on object 'Object Repository/sedekah online/input_Nama lengkap (di sedekah online)'

2023-09-29 13:53:19 - [MESSAGE][PASSED] - Text 'ikana' is set on object 'Object Repository/sedekah online/input_Nama lengkap (di sedekah online)'

2023-09-29 13:53:19 - [TEST_STEP][PASSED] - setText(findTestObject("sedekah online/input_No Handphone (di sedekah online)"), noHp): Text '086754321234' is set on object 'Object Repository/sedekah online/input_No Handphone (di sedekah online)'

2023-09-29 13:53:20 - [MESSAGE][PASSED] - Text '086754321234' is set on object 'Object Repository/sedekah online/input_No Handphone (di sedekah online)'

2023-09-29 13:53:20 - [TEST_STEP][PASSED] - setText(findTestObject("sedekah online/input_Alamat Email (di sedekah online)"), email): Text 'anata71@gmail.com' is set on object 'Object Repository/sedekah online/input_Alamat Email (di sedekah online)'

2023-09-29 13:53:21 - [MESSAGE][PASSED] - Text 'anata71@gmail.com' is set on object 'Object Repository/sedekah online/input_Alamat Email (di sedekah online)'

2023-09-29 13:53:21 - [TEST_STEP][PASSED] - selectOptionByValue(findTestObject("Object Repository/sedekah online/dropdown metode pembayaraan"), pembayaran, false): All options with value '1' are selected in object 'Object Repository/sedekah online/dropdown metode pembayaraan' 

2023-09-29 13:53:22 - [MESSAGE][PASSED] - All options with value '1' are selected in object 'Object Repository/sedekah online/dropdown metode pembayaraan' 

2023-09-29 13:53:22 - [TEST_STEP][PASSED] - selectOptionByValue(findTestObject("Object Repository/sedekah online/sedekah ditunjukan untuk keluarga"), sedekahUntuk, false): All options with value 'Orang Tua' are selected in object 'Object Repository/sedekah online/sedekah ditunjukan untuk keluarga' 

2023-09-29 13:53:23 - [MESSAGE][PASSED] - All options with value 'Orang Tua' are selected in object 'Object Repository/sedekah online/sedekah ditunjukan untuk keluarga' 

2023-09-29 13:53:23 - [TEST_STEP][PASSED] - setText(findTestObject("sedekah online/input isi doa terbaik anda"), doa): Text 'Semoga Bermanfaat' is set on object 'Object Repository/sedekah online/input isi doa terbaik anda'

2023-09-29 13:53:24 - [MESSAGE][PASSED] - Text 'Semoga Bermanfaat' is set on object 'Object Repository/sedekah online/input isi doa terbaik anda'

2023-09-29 13:53:24 - [TEST_STEP][PASSED] - setText(findTestObject("sedekah online/input 2 digit terakhir nomor hp"), digitAkhir): Text '43' is set on object 'Object Repository/sedekah online/input 2 digit terakhir nomor hp'

2023-09-29 13:53:25 - [MESSAGE][PASSED] - Text '43' is set on object 'Object Repository/sedekah online/input 2 digit terakhir nomor hp'

2023-09-29 13:53:25 - [TEST_STEP][PASSED] - click(findTestObject("sedekah online/button_Sedekah Sekarang")): Object: 'Object Repository/sedekah online/button_Sedekah Sekarang' is clicked on

2023-09-29 13:53:26 - [MESSAGE][PASSED] - Object: 'Object Repository/sedekah online/button_Sedekah Sekarang' is clicked on

2023-09-29 13:53:26 - [TEST_STEP][PASSED] - verifyElementText(findTestObject("sedekah online/verifikasi gagal bernoasi beda dua digit nomor hp"), "GAGAL Diproses, 2 Digit Terakhir No Handphone yang anda input salah!"): Actual text and expected text of test object 'Object Repository/sedekah online/verifikasi gagal bernoasi beda dua digit nomor hp' are matched.

2023-09-29 13:53:27 - [MESSAGE][PASSED] - Actual text and expected text of test object 'Object Repository/sedekah online/verifikasi gagal bernoasi beda dua digit nomor hp' are matched.]]></system-out>
         <system-err><![CDATA[]]></system-err>
      </testcase>
      <testcase name="Test Cases/T05 - Sedekah Online/TC-SO-004" time="23.647" classname="Test Cases/T05 - Sedekah Online/TC-SO-004" status="PASSED">
         <system-out><![CDATA[2023-09-29 13:53:27 - [TEST_CASE][PASSED] - Test Cases/T05 - Sedekah Online/TC-SO-004: Test Cases/T05 - Sedekah Online/TC-SO-004

2023-09-29 13:53:29 - [TEST_STEP][PASSED] - openBrowser(urlWeb): Browser is opened with url: 'https://10.9.2.63/ecommerce/'

2023-09-29 13:53:29 - [MESSAGE][WARNING] - A browser is already opened. Closing browser and opening a new one

2023-09-29 13:53:30 - [MESSAGE][INFO] - Starting 'Firefox' driver

2023-09-29 13:53:30 - [MESSAGE][INFO] - Action delay is set to 0 milliseconds

2023-09-29 13:53:39 - [MESSAGE][PASSED] - Browser is opened with url: 'https://10.9.2.63/ecommerce/'

2023-09-29 13:53:39 - [TEST_STEP][PASSED] - maximizeWindow(): Current window maximized

2023-09-29 13:53:39 - [MESSAGE][PASSED] - Current window maximized

2023-09-29 13:53:39 - [TEST_STEP][PASSED] - verifyElementPresent(findTestObject("verifikasi masuk website tajalapk"), 0): Object 'Object Repository/verifikasi masuk website tajalapk' is present

2023-09-29 13:53:39 - [MESSAGE][WARNING] - Timeout '0' is invalid. Using default page load timeout: '30'

2023-09-29 13:53:39 - [MESSAGE][PASSED] - Object 'Object Repository/verifikasi masuk website tajalapk' is present

2023-09-29 13:53:39 - [TEST_STEP][PASSED] - click(findTestObject("sedekah online/a_Donasi (di halaman utama)")): Object: 'Object Repository/sedekah online/a_Donasi (di halaman utama)' is clicked on

2023-09-29 13:53:40 - [MESSAGE][PASSED] - Object: 'Object Repository/sedekah online/a_Donasi (di halaman utama)' is clicked on

2023-09-29 13:53:40 - [TEST_STEP][PASSED] - click(findTestObject("sedekah online/a_Sedekah Online")): Object: 'Object Repository/sedekah online/a_Sedekah Online' is clicked on

2023-09-29 13:53:41 - [MESSAGE][PASSED] - Object: 'Object Repository/sedekah online/a_Sedekah Online' is clicked on

2023-09-29 13:53:41 - [TEST_STEP][PASSED] - verifyElementPresent(findTestObject("sedekah online/verifikasi halaman sedekah Online"), 0): Object 'Object Repository/sedekah online/verifikasi halaman sedekah Online' is present

2023-09-29 13:53:41 - [MESSAGE][WARNING] - Timeout '0' is invalid. Using default page load timeout: '30'

2023-09-29 13:53:42 - [MESSAGE][PASSED] - Object 'Object Repository/sedekah online/verifikasi halaman sedekah Online' is present

2023-09-29 13:53:42 - [TEST_STEP][PASSED] - setText(findTestObject("sedekah online/input_Sedekah"), NominalSedekah): Text '25000' is set on object 'Object Repository/sedekah online/input_Sedekah'

2023-09-29 13:53:42 - [MESSAGE][PASSED] - Text '25000' is set on object 'Object Repository/sedekah online/input_Sedekah'

2023-09-29 13:53:42 - [TEST_STEP][PASSED] - setText(findTestObject("sedekah online/input_Nama lengkap (di sedekah online)"), namaLengkap): Text 'ikana' is set on object 'Object Repository/sedekah online/input_Nama lengkap (di sedekah online)'

2023-09-29 13:53:44 - [MESSAGE][PASSED] - Text 'ikana' is set on object 'Object Repository/sedekah online/input_Nama lengkap (di sedekah online)'

2023-09-29 13:53:44 - [TEST_STEP][PASSED] - setText(findTestObject("sedekah online/input_No Handphone (di sedekah online)"), noHp): Text '086754321234' is set on object 'Object Repository/sedekah online/input_No Handphone (di sedekah online)'

2023-09-29 13:53:45 - [MESSAGE][PASSED] - Text '086754321234' is set on object 'Object Repository/sedekah online/input_No Handphone (di sedekah online)'

2023-09-29 13:53:45 - [TEST_STEP][PASSED] - setText(findTestObject("sedekah online/input_Alamat Email (di sedekah online)"), email): Text 'anata71' is set on object 'Object Repository/sedekah online/input_Alamat Email (di sedekah online)'

2023-09-29 13:53:45 - [MESSAGE][PASSED] - Text 'anata71' is set on object 'Object Repository/sedekah online/input_Alamat Email (di sedekah online)'

2023-09-29 13:53:45 - [TEST_STEP][PASSED] - selectOptionByValue(findTestObject("Object Repository/sedekah online/dropdown metode pembayaraan"), pembayaran, false): All options with value '1' are selected in object 'Object Repository/sedekah online/dropdown metode pembayaraan' 

2023-09-29 13:53:46 - [MESSAGE][PASSED] - All options with value '1' are selected in object 'Object Repository/sedekah online/dropdown metode pembayaraan' 

2023-09-29 13:53:46 - [TEST_STEP][PASSED] - selectOptionByValue(findTestObject("Object Repository/sedekah online/sedekah ditunjukan untuk keluarga"), sedekahUntuk, false): All options with value 'Orang Tua' are selected in object 'Object Repository/sedekah online/sedekah ditunjukan untuk keluarga' 

2023-09-29 13:53:47 - [MESSAGE][PASSED] - All options with value 'Orang Tua' are selected in object 'Object Repository/sedekah online/sedekah ditunjukan untuk keluarga' 

2023-09-29 13:53:47 - [TEST_STEP][PASSED] - setText(findTestObject("sedekah online/input isi doa terbaik anda"), doa): Text 'Semoga Bermanfaat' is set on object 'Object Repository/sedekah online/input isi doa terbaik anda'

2023-09-29 13:53:48 - [MESSAGE][PASSED] - Text 'Semoga Bermanfaat' is set on object 'Object Repository/sedekah online/input isi doa terbaik anda'

2023-09-29 13:53:48 - [TEST_STEP][PASSED] - setText(findTestObject("sedekah online/input 2 digit terakhir nomor hp"), digitAkhir): Text '34' is set on object 'Object Repository/sedekah online/input 2 digit terakhir nomor hp'

2023-09-29 13:53:49 - [MESSAGE][PASSED] - Text '34' is set on object 'Object Repository/sedekah online/input 2 digit terakhir nomor hp'

2023-09-29 13:53:49 - [TEST_STEP][PASSED] - click(findTestObject("sedekah online/button_Sedekah Sekarang")): Object: 'Object Repository/sedekah online/button_Sedekah Sekarang' is clicked on

2023-09-29 13:53:50 - [MESSAGE][PASSED] - Object: 'Object Repository/sedekah online/button_Sedekah Sekarang' is clicked on

2023-09-29 13:53:50 - [TEST_STEP][PASSED] - webDriver = getWebDriver(): null

2023-09-29 13:53:50 - [TEST_STEP][PASSED] - field_email = webDriver.findElement(By.xpath("//input[@name="alamat_email"]")): null

2023-09-29 13:53:51 - [TEST_STEP][PASSED] - error_message = webDriver.executeScript("return arguments[0].validationMessage", field_email): null

2023-09-29 13:53:51 - [TEST_STEP][PASSED] - println(error_message): null

2023-09-29 13:53:51 - [TEST_STEP][PASSED] - assert error_message == "Please enter an email address.": null]]></system-out>
         <system-err><![CDATA[]]></system-err>
      </testcase>
      <testcase name="Test Cases/T05 - Sedekah Online/TC-SO-005" time="27.828" classname="Test Cases/T05 - Sedekah Online/TC-SO-005" status="FAILED">
         <failure type="FAILED" message="Test Cases/T05 - Sedekah Online/TC-SO-005 FAILED.
Reason:
com.kms.katalon.core.exception.StepFailedException: Unable to verify text 'please enter an valid phone number' is present 
	at com.kms.katalon.core.webui.keyword.internal.WebUIKeywordMain.stepFailed(WebUIKeywordMain.groovy:64)
	at com.kms.katalon.core.webui.keyword.internal.WebUIKeywordMain.runKeyword(WebUIKeywordMain.groovy:26)
	at com.kms.katalon.core.webui.keyword.builtin.VerifyTextPresentKeyword.verifyTextPresent(VerifyTextPresentKeyword.groovy:83)
	at com.kms.katalon.core.webui.keyword.builtin.VerifyTextPresentKeyword.execute(VerifyTextPresentKeyword.groovy:68)
	at com.kms.katalon.core.keyword.internal.KeywordExecutor.executeKeywordForPlatform(KeywordExecutor.groovy:74)
	at com.kms.katalon.core.webui.keyword.WebUiBuiltInKeywords.verifyTextPresent(WebUiBuiltInKeywords.groovy:1723)
	at com.kms.katalon.core.webui.keyword.WebUiBuiltInKeywords$verifyTextPresent$7.call(Unknown Source)
	at TC-SO-005.run(TC-SO-005:53)
	at com.kms.katalon.core.main.ScriptEngine.run(ScriptEngine.java:194)
	at com.kms.katalon.core.main.ScriptEngine.runScriptAsRawText(ScriptEngine.java:119)
	at com.kms.katalon.core.main.TestCaseExecutor.runScript(TestCaseExecutor.java:448)
	at com.kms.katalon.core.main.TestCaseExecutor.doExecute(TestCaseExecutor.java:439)
	at com.kms.katalon.core.main.TestCaseExecutor.processExecutionPhase(TestCaseExecutor.java:418)
	at com.kms.katalon.core.main.TestCaseExecutor.accessMainPhase(TestCaseExecutor.java:410)
	at com.kms.katalon.core.main.TestCaseExecutor.execute(TestCaseExecutor.java:285)
	at com.kms.katalon.core.common.CommonExecutor.accessTestCaseMainPhase(CommonExecutor.java:65)
	at com.kms.katalon.core.main.TestSuiteExecutor.accessTestSuiteMainPhase(TestSuiteExecutor.java:148)
	at com.kms.katalon.core.main.TestSuiteExecutor.execute(TestSuiteExecutor.java:106)
	at com.kms.katalon.core.main.TestCaseMain.startTestSuite(TestCaseMain.java:187)
	at com.kms.katalon.core.main.TestCaseMain$startTestSuite$0.call(Unknown Source)
	at TempTestSuite1695970338406.run(TempTestSuite1695970338406.groovy:36)
Caused by: com.kms.katalon.core.exception.StepFailedException: Text 'please enter an valid phone number' is not present on page 
	at com.kms.katalon.core.webui.keyword.internal.WebUIKeywordMain.stepFailed(WebUIKeywordMain.groovy:64)
	at com.kms.katalon.core.webui.keyword.builtin.VerifyTextPresentKeyword$_verifyTextPresent_closure1.doCall(VerifyTextPresentKeyword.groovy:79)
	at com.kms.katalon.core.webui.keyword.builtin.VerifyTextPresentKeyword$_verifyTextPresent_closure1.call(VerifyTextPresentKeyword.groovy)
	at com.kms.katalon.core.webui.keyword.internal.WebUIKeywordMain.runKeyword(WebUIKeywordMain.groovy:20)
	... 19 more
"/>
         <system-out><![CDATA[2023-09-29 13:53:51 - [TEST_CASE][FAILED] - Test Cases/T05 - Sedekah Online/TC-SO-005: Test Cases/T05 - Sedekah Online/TC-SO-005 FAILED.
Reason:
com.kms.katalon.core.exception.StepFailedException: Unable to verify text 'please enter an valid phone number' is present 
	at com.kms.katalon.core.webui.keyword.internal.WebUIKeywordMain.stepFailed(WebUIKeywordMain.groovy:64)
	at com.kms.katalon.core.webui.keyword.internal.WebUIKeywordMain.runKeyword(WebUIKeywordMain.groovy:26)
	at com.kms.katalon.core.webui.keyword.builtin.VerifyTextPresentKeyword.verifyTextPresent(VerifyTextPresentKeyword.groovy:83)
	at com.kms.katalon.core.webui.keyword.builtin.VerifyTextPresentKeyword.execute(VerifyTextPresentKeyword.groovy:68)
	at com.kms.katalon.core.keyword.internal.KeywordExecutor.executeKeywordForPlatform(KeywordExecutor.groovy:74)
	at com.kms.katalon.core.webui.keyword.WebUiBuiltInKeywords.verifyTextPresent(WebUiBuiltInKeywords.groovy:1723)
	at com.kms.katalon.core.webui.keyword.WebUiBuiltInKeywords$verifyTextPresent$7.call(Unknown Source)
	at TC-SO-005.run(TC-SO-005:53)
	at com.kms.katalon.core.main.ScriptEngine.run(ScriptEngine.java:194)
	at com.kms.katalon.core.main.ScriptEngine.runScriptAsRawText(ScriptEngine.java:119)
	at com.kms.katalon.core.main.TestCaseExecutor.runScript(TestCaseExecutor.java:448)
	at com.kms.katalon.core.main.TestCaseExecutor.doExecute(TestCaseExecutor.java:439)
	at com.kms.katalon.core.main.TestCaseExecutor.processExecutionPhase(TestCaseExecutor.java:418)
	at com.kms.katalon.core.main.TestCaseExecutor.accessMainPhase(TestCaseExecutor.java:410)
	at com.kms.katalon.core.main.TestCaseExecutor.execute(TestCaseExecutor.java:285)
	at com.kms.katalon.core.common.CommonExecutor.accessTestCaseMainPhase(CommonExecutor.java:65)
	at com.kms.katalon.core.main.TestSuiteExecutor.accessTestSuiteMainPhase(TestSuiteExecutor.java:148)
	at com.kms.katalon.core.main.TestSuiteExecutor.execute(TestSuiteExecutor.java:106)
	at com.kms.katalon.core.main.TestCaseMain.startTestSuite(TestCaseMain.java:187)
	at com.kms.katalon.core.main.TestCaseMain$startTestSuite$0.call(Unknown Source)
	at TempTestSuite1695970338406.run(TempTestSuite1695970338406.groovy:36)
Caused by: com.kms.katalon.core.exception.StepFailedException: Text 'please enter an valid phone number' is not present on page 
	at com.kms.katalon.core.webui.keyword.internal.WebUIKeywordMain.stepFailed(WebUIKeywordMain.groovy:64)
	at com.kms.katalon.core.webui.keyword.builtin.VerifyTextPresentKeyword$_verifyTextPresent_closure1.doCall(VerifyTextPresentKeyword.groovy:79)
	at com.kms.katalon.core.webui.keyword.builtin.VerifyTextPresentKeyword$_verifyTextPresent_closure1.call(VerifyTextPresentKeyword.groovy)
	at com.kms.katalon.core.webui.keyword.internal.WebUIKeywordMain.runKeyword(WebUIKeywordMain.groovy:20)
	... 19 more


2023-09-29 13:53:52 - [TEST_STEP][PASSED] - openBrowser(urlWeb): Browser is opened with url: 'https://10.9.2.63/ecommerce/'

2023-09-29 13:53:52 - [MESSAGE][WARNING] - A browser is already opened. Closing browser and opening a new one

2023-09-29 13:53:54 - [MESSAGE][INFO] - Starting 'Firefox' driver

2023-09-29 13:53:54 - [MESSAGE][INFO] - Action delay is set to 0 milliseconds

2023-09-29 13:54:04 - [MESSAGE][PASSED] - Browser is opened with url: 'https://10.9.2.63/ecommerce/'

2023-09-29 13:54:04 - [TEST_STEP][PASSED] - maximizeWindow(): Current window maximized

2023-09-29 13:54:04 - [MESSAGE][PASSED] - Current window maximized

2023-09-29 13:54:04 - [TEST_STEP][PASSED] - verifyElementPresent(findTestObject("verifikasi masuk website tajalapk"), 0): Object 'Object Repository/verifikasi masuk website tajalapk' is present

2023-09-29 13:54:05 - [MESSAGE][WARNING] - Timeout '0' is invalid. Using default page load timeout: '30'

2023-09-29 13:54:05 - [MESSAGE][PASSED] - Object 'Object Repository/verifikasi masuk website tajalapk' is present

2023-09-29 13:54:05 - [TEST_STEP][PASSED] - click(findTestObject("sedekah online/a_Donasi (di halaman utama)")): Object: 'Object Repository/sedekah online/a_Donasi (di halaman utama)' is clicked on

2023-09-29 13:54:06 - [MESSAGE][PASSED] - Object: 'Object Repository/sedekah online/a_Donasi (di halaman utama)' is clicked on

2023-09-29 13:54:06 - [TEST_STEP][PASSED] - click(findTestObject("sedekah online/a_Sedekah Online")): Object: 'Object Repository/sedekah online/a_Sedekah Online' is clicked on

2023-09-29 13:54:07 - [MESSAGE][PASSED] - Object: 'Object Repository/sedekah online/a_Sedekah Online' is clicked on

2023-09-29 13:54:07 - [TEST_STEP][PASSED] - verifyElementPresent(findTestObject("sedekah online/verifikasi halaman sedekah Online"), 0): Object 'Object Repository/sedekah online/verifikasi halaman sedekah Online' is present

2023-09-29 13:54:07 - [MESSAGE][WARNING] - Timeout '0' is invalid. Using default page load timeout: '30'

2023-09-29 13:54:08 - [MESSAGE][PASSED] - Object 'Object Repository/sedekah online/verifikasi halaman sedekah Online' is present

2023-09-29 13:54:08 - [TEST_STEP][PASSED] - setText(findTestObject("sedekah online/input_Sedekah"), NominalSedekah): Text '25000' is set on object 'Object Repository/sedekah online/input_Sedekah'

2023-09-29 13:54:09 - [MESSAGE][PASSED] - Text '25000' is set on object 'Object Repository/sedekah online/input_Sedekah'

2023-09-29 13:54:09 - [TEST_STEP][PASSED] - setText(findTestObject("sedekah online/input_Nama lengkap (di sedekah online)"), namaLengkap): Text 'ikana' is set on object 'Object Repository/sedekah online/input_Nama lengkap (di sedekah online)'

2023-09-29 13:54:10 - [MESSAGE][PASSED] - Text 'ikana' is set on object 'Object Repository/sedekah online/input_Nama lengkap (di sedekah online)'

2023-09-29 13:54:10 - [TEST_STEP][PASSED] - setText(findTestObject("sedekah online/input_No Handphone (di sedekah online)"), noHp): Text '086754' is set on object 'Object Repository/sedekah online/input_No Handphone (di sedekah online)'

2023-09-29 13:54:11 - [MESSAGE][PASSED] - Text '086754' is set on object 'Object Repository/sedekah online/input_No Handphone (di sedekah online)'

2023-09-29 13:54:11 - [TEST_STEP][PASSED] - setText(findTestObject("sedekah online/input_Alamat Email (di sedekah online)"), email): Text 'anata71@gmail.com' is set on object 'Object Repository/sedekah online/input_Alamat Email (di sedekah online)'

2023-09-29 13:54:12 - [MESSAGE][PASSED] - Text 'anata71@gmail.com' is set on object 'Object Repository/sedekah online/input_Alamat Email (di sedekah online)'

2023-09-29 13:54:12 - [TEST_STEP][PASSED] - selectOptionByValue(findTestObject("Object Repository/sedekah online/dropdown metode pembayaraan"), pembayaran, false): All options with value '1' are selected in object 'Object Repository/sedekah online/dropdown metode pembayaraan' 

2023-09-29 13:54:13 - [MESSAGE][PASSED] - All options with value '1' are selected in object 'Object Repository/sedekah online/dropdown metode pembayaraan' 

2023-09-29 13:54:13 - [TEST_STEP][PASSED] - selectOptionByValue(findTestObject("Object Repository/sedekah online/sedekah ditunjukan untuk keluarga"), sedekahUntuk, false): All options with value 'Orang Tua' are selected in object 'Object Repository/sedekah online/sedekah ditunjukan untuk keluarga' 

2023-09-29 13:54:14 - [MESSAGE][PASSED] - All options with value 'Orang Tua' are selected in object 'Object Repository/sedekah online/sedekah ditunjukan untuk keluarga' 

2023-09-29 13:54:14 - [TEST_STEP][PASSED] - setText(findTestObject("sedekah online/input isi doa terbaik anda"), doa): Text 'Semoga Berkah' is set on object 'Object Repository/sedekah online/input isi doa terbaik anda'

2023-09-29 13:54:15 - [MESSAGE][PASSED] - Text 'Semoga Berkah' is set on object 'Object Repository/sedekah online/input isi doa terbaik anda'

2023-09-29 13:54:15 - [TEST_STEP][PASSED] - setText(findTestObject("sedekah online/input 2 digit terakhir nomor hp"), digitAkhir): Text '54' is set on object 'Object Repository/sedekah online/input 2 digit terakhir nomor hp'

2023-09-29 13:54:16 - [MESSAGE][PASSED] - Text '54' is set on object 'Object Repository/sedekah online/input 2 digit terakhir nomor hp'

2023-09-29 13:54:16 - [TEST_STEP][PASSED] - click(findTestObject("sedekah online/button_Sedekah Sekarang")): Object: 'Object Repository/sedekah online/button_Sedekah Sekarang' is clicked on

2023-09-29 13:54:17 - [MESSAGE][PASSED] - Object: 'Object Repository/sedekah online/button_Sedekah Sekarang' is clicked on

2023-09-29 13:54:17 - [TEST_STEP][FAILED] - verifyTextPresent("please enter an valid phone number", false): Unable to verify text 'please enter an valid phone number' is present  (Root cause: com.kms.katalon.core.exception.StepFailedException: Unable to verify text 'please enter an valid phone number' is present 
	at com.kms.katalon.core.webui.keyword.internal.WebUIKeywordMain.stepFailed(WebUIKeywordMain.groovy:64)
	at com.kms.katalon.core.webui.keyword.internal.WebUIKeywordMain.runKeyword(WebUIKeywordMain.groovy:26)
	at com.kms.katalon.core.webui.keyword.builtin.VerifyTextPresentKeyword.verifyTextPresent(VerifyTextPresentKeyword.groovy:83)
	at com.kms.katalon.core.webui.keyword.builtin.VerifyTextPresentKeyword.execute(VerifyTextPresentKeyword.groovy:68)
	at com.kms.katalon.core.keyword.internal.KeywordExecutor.executeKeywordForPlatform(KeywordExecutor.groovy:74)
	at com.kms.katalon.core.webui.keyword.WebUiBuiltInKeywords.verifyTextPresent(WebUiBuiltInKeywords.groovy:1723)
	at com.kms.katalon.core.webui.keyword.WebUiBuiltInKeywords$verifyTextPresent$7.call(Unknown Source)
	at TC-SO-005.run(TC-SO-005:53)
	at com.kms.katalon.core.main.ScriptEngine.run(ScriptEngine.java:194)
	at com.kms.katalon.core.main.ScriptEngine.runScriptAsRawText(ScriptEngine.java:119)
	at com.kms.katalon.core.main.TestCaseExecutor.runScript(TestCaseExecutor.java:448)
	at com.kms.katalon.core.main.TestCaseExecutor.doExecute(TestCaseExecutor.java:439)
	at com.kms.katalon.core.main.TestCaseExecutor.processExecutionPhase(TestCaseExecutor.java:418)
	at com.kms.katalon.core.main.TestCaseExecutor.accessMainPhase(TestCaseExecutor.java:410)
	at com.kms.katalon.core.main.TestCaseExecutor.execute(TestCaseExecutor.java:285)
	at com.kms.katalon.core.common.CommonExecutor.accessTestCaseMainPhase(CommonExecutor.java:65)
	at com.kms.katalon.core.main.TestSuiteExecutor.accessTestSuiteMainPhase(TestSuiteExecutor.java:148)
	at com.kms.katalon.core.main.TestSuiteExecutor.execute(TestSuiteExecutor.java:106)
	at com.kms.katalon.core.main.TestCaseMain.startTestSuite(TestCaseMain.java:187)
	at com.kms.katalon.core.main.TestCaseMain$startTestSuite$0.call(Unknown Source)
	at TempTestSuite1695970338406.run(TempTestSuite1695970338406.groovy:36)
Caused by: com.kms.katalon.core.exception.StepFailedException: Text 'please enter an valid phone number' is not present on page 
	at com.kms.katalon.core.webui.keyword.internal.WebUIKeywordMain.stepFailed(WebUIKeywordMain.groovy:64)
	at com.kms.katalon.core.webui.keyword.builtin.VerifyTextPresentKeyword$_verifyTextPresent_closure1.doCall(VerifyTextPresentKeyword.groovy:79)
	at com.kms.katalon.core.webui.keyword.builtin.VerifyTextPresentKeyword$_verifyTextPresent_closure1.call(VerifyTextPresentKeyword.groovy)
	at com.kms.katalon.core.webui.keyword.internal.WebUIKeywordMain.runKeyword(WebUIKeywordMain.groovy:20)
	... 19 more
)

2023-09-29 13:54:18 - [MESSAGE][FAILED] - Text 'please enter an valid phone number' is not present on page  (Root cause: com.kms.katalon.core.exception.StepFailedException: Text 'please enter an valid phone number' is not present on page 
	at com.kms.katalon.core.webui.keyword.internal.WebUIKeywordMain.stepFailed(WebUIKeywordMain.groovy:64)
	at com.kms.katalon.core.webui.keyword.builtin.VerifyTextPresentKeyword$_verifyTextPresent_closure1.doCall(VerifyTextPresentKeyword.groovy:79)
	at com.kms.katalon.core.webui.keyword.builtin.VerifyTextPresentKeyword$_verifyTextPresent_closure1.call(VerifyTextPresentKeyword.groovy)
	at com.kms.katalon.core.webui.keyword.internal.WebUIKeywordMain.runKeyword(WebUIKeywordMain.groovy:20)
	at com.kms.katalon.core.webui.keyword.builtin.VerifyTextPresentKeyword.verifyTextPresent(VerifyTextPresentKeyword.groovy:83)
	at com.kms.katalon.core.webui.keyword.builtin.VerifyTextPresentKeyword.execute(VerifyTextPresentKeyword.groovy:68)
	at com.kms.katalon.core.keyword.internal.KeywordExecutor.executeKeywordForPlatform(KeywordExecutor.groovy:74)
	at com.kms.katalon.core.webui.keyword.WebUiBuiltInKeywords.verifyTextPresent(WebUiBuiltInKeywords.groovy:1723)
	at com.kms.katalon.core.webui.keyword.WebUiBuiltInKeywords$verifyTextPresent$7.call(Unknown Source)
	at TC-SO-005.run(TC-SO-005:53)
	at com.kms.katalon.core.main.ScriptEngine.run(ScriptEngine.java:194)
	at com.kms.katalon.core.main.ScriptEngine.runScriptAsRawText(ScriptEngine.java:119)
	at com.kms.katalon.core.main.TestCaseExecutor.runScript(TestCaseExecutor.java:448)
	at com.kms.katalon.core.main.TestCaseExecutor.doExecute(TestCaseExecutor.java:439)
	at com.kms.katalon.core.main.TestCaseExecutor.processExecutionPhase(TestCaseExecutor.java:418)
	at com.kms.katalon.core.main.TestCaseExecutor.accessMainPhase(TestCaseExecutor.java:410)
	at com.kms.katalon.core.main.TestCaseExecutor.execute(TestCaseExecutor.java:285)
	at com.kms.katalon.core.common.CommonExecutor.accessTestCaseMainPhase(CommonExecutor.java:65)
	at com.kms.katalon.core.main.TestSuiteExecutor.accessTestSuiteMainPhase(TestSuiteExecutor.java:148)
	at com.kms.katalon.core.main.TestSuiteExecutor.execute(TestSuiteExecutor.java:106)
	at com.kms.katalon.core.main.TestCaseMain.startTestSuite(TestCaseMain.java:187)
	at com.kms.katalon.core.main.TestCaseMain$startTestSuite$0.call(Unknown Source)
	at TempTestSuite1695970338406.run(TempTestSuite1695970338406.groovy:36)
)

2023-09-29 13:54:19 - [MESSAGE][FAILED] - Unable to verify text 'please enter an valid phone number' is present  (Root cause: com.kms.katalon.core.exception.StepFailedException: Unable to verify text 'please enter an valid phone number' is present 
	at com.kms.katalon.core.webui.keyword.internal.WebUIKeywordMain.stepFailed(WebUIKeywordMain.groovy:64)
	at com.kms.katalon.core.webui.keyword.internal.WebUIKeywordMain.runKeyword(WebUIKeywordMain.groovy:26)
	at com.kms.katalon.core.webui.keyword.builtin.VerifyTextPresentKeyword.verifyTextPresent(VerifyTextPresentKeyword.groovy:83)
	at com.kms.katalon.core.webui.keyword.builtin.VerifyTextPresentKeyword.execute(VerifyTextPresentKeyword.groovy:68)
	at com.kms.katalon.core.keyword.internal.KeywordExecutor.executeKeywordForPlatform(KeywordExecutor.groovy:74)
	at com.kms.katalon.core.webui.keyword.WebUiBuiltInKeywords.verifyTextPresent(WebUiBuiltInKeywords.groovy:1723)
	at com.kms.katalon.core.webui.keyword.WebUiBuiltInKeywords$verifyTextPresent$7.call(Unknown Source)
	at TC-SO-005.run(TC-SO-005:53)
	at com.kms.katalon.core.main.ScriptEngine.run(ScriptEngine.java:194)
	at com.kms.katalon.core.main.ScriptEngine.runScriptAsRawText(ScriptEngine.java:119)
	at com.kms.katalon.core.main.TestCaseExecutor.runScript(TestCaseExecutor.java:448)
	at com.kms.katalon.core.main.TestCaseExecutor.doExecute(TestCaseExecutor.java:439)
	at com.kms.katalon.core.main.TestCaseExecutor.processExecutionPhase(TestCaseExecutor.java:418)
	at com.kms.katalon.core.main.TestCaseExecutor.accessMainPhase(TestCaseExecutor.java:410)
	at com.kms.katalon.core.main.TestCaseExecutor.execute(TestCaseExecutor.java:285)
	at com.kms.katalon.core.common.CommonExecutor.accessTestCaseMainPhase(CommonExecutor.java:65)
	at com.kms.katalon.core.main.TestSuiteExecutor.accessTestSuiteMainPhase(TestSuiteExecutor.java:148)
	at com.kms.katalon.core.main.TestSuiteExecutor.execute(TestSuiteExecutor.java:106)
	at com.kms.katalon.core.main.TestCaseMain.startTestSuite(TestCaseMain.java:187)
	at com.kms.katalon.core.main.TestCaseMain$startTestSuite$0.call(Unknown Source)
	at TempTestSuite1695970338406.run(TempTestSuite1695970338406.groovy:36)
Caused by: com.kms.katalon.core.exception.StepFailedException: Text 'please enter an valid phone number' is not present on page 
	at com.kms.katalon.core.webui.keyword.internal.WebUIKeywordMain.stepFailed(WebUIKeywordMain.groovy:64)
	at com.kms.katalon.core.webui.keyword.builtin.VerifyTextPresentKeyword$_verifyTextPresent_closure1.doCall(VerifyTextPresentKeyword.groovy:79)
	at com.kms.katalon.core.webui.keyword.builtin.VerifyTextPresentKeyword$_verifyTextPresent_closure1.call(VerifyTextPresentKeyword.groovy)
	at com.kms.katalon.core.webui.keyword.internal.WebUIKeywordMain.runKeyword(WebUIKeywordMain.groovy:20)
	... 19 more
)
[[ATTACHMENT|F:\\bootcamp\\Miniproject\\Tajalapak\\Reports\\20230929_135218\\T05 Sedekah Online\\20230929_135218\\1695970458902.png]]]]></system-out>
         <system-err><![CDATA[2023-09-29 13:53:51 - [TEST_CASE][FAILED] - Test Cases/T05 - Sedekah Online/TC-SO-005: Test Cases/T05 - Sedekah Online/TC-SO-005 FAILED.
Reason:
com.kms.katalon.core.exception.StepFailedException: Unable to verify text 'please enter an valid phone number' is present 
	at com.kms.katalon.core.webui.keyword.internal.WebUIKeywordMain.stepFailed(WebUIKeywordMain.groovy:64)
	at com.kms.katalon.core.webui.keyword.internal.WebUIKeywordMain.runKeyword(WebUIKeywordMain.groovy:26)
	at com.kms.katalon.core.webui.keyword.builtin.VerifyTextPresentKeyword.verifyTextPresent(VerifyTextPresentKeyword.groovy:83)
	at com.kms.katalon.core.webui.keyword.builtin.VerifyTextPresentKeyword.execute(VerifyTextPresentKeyword.groovy:68)
	at com.kms.katalon.core.keyword.internal.KeywordExecutor.executeKeywordForPlatform(KeywordExecutor.groovy:74)
	at com.kms.katalon.core.webui.keyword.WebUiBuiltInKeywords.verifyTextPresent(WebUiBuiltInKeywords.groovy:1723)
	at com.kms.katalon.core.webui.keyword.WebUiBuiltInKeywords$verifyTextPresent$7.call(Unknown Source)
	at TC-SO-005.run(TC-SO-005:53)
	at com.kms.katalon.core.main.ScriptEngine.run(ScriptEngine.java:194)
	at com.kms.katalon.core.main.ScriptEngine.runScriptAsRawText(ScriptEngine.java:119)
	at com.kms.katalon.core.main.TestCaseExecutor.runScript(TestCaseExecutor.java:448)
	at com.kms.katalon.core.main.TestCaseExecutor.doExecute(TestCaseExecutor.java:439)
	at com.kms.katalon.core.main.TestCaseExecutor.processExecutionPhase(TestCaseExecutor.java:418)
	at com.kms.katalon.core.main.TestCaseExecutor.accessMainPhase(TestCaseExecutor.java:410)
	at com.kms.katalon.core.main.TestCaseExecutor.execute(TestCaseExecutor.java:285)
	at com.kms.katalon.core.common.CommonExecutor.accessTestCaseMainPhase(CommonExecutor.java:65)
	at com.kms.katalon.core.main.TestSuiteExecutor.accessTestSuiteMainPhase(TestSuiteExecutor.java:148)
	at com.kms.katalon.core.main.TestSuiteExecutor.execute(TestSuiteExecutor.java:106)
	at com.kms.katalon.core.main.TestCaseMain.startTestSuite(TestCaseMain.java:187)
	at com.kms.katalon.core.main.TestCaseMain$startTestSuite$0.call(Unknown Source)
	at TempTestSuite1695970338406.run(TempTestSuite1695970338406.groovy:36)
Caused by: com.kms.katalon.core.exception.StepFailedException: Text 'please enter an valid phone number' is not present on page 
	at com.kms.katalon.core.webui.keyword.internal.WebUIKeywordMain.stepFailed(WebUIKeywordMain.groovy:64)
	at com.kms.katalon.core.webui.keyword.builtin.VerifyTextPresentKeyword$_verifyTextPresent_closure1.doCall(VerifyTextPresentKeyword.groovy:79)
	at com.kms.katalon.core.webui.keyword.builtin.VerifyTextPresentKeyword$_verifyTextPresent_closure1.call(VerifyTextPresentKeyword.groovy)
	at com.kms.katalon.core.webui.keyword.internal.WebUIKeywordMain.runKeyword(WebUIKeywordMain.groovy:20)
	... 19 more]]></system-err>
      </testcase>
      <testcase name="Test Cases/T05 - Sedekah Online/TC-SO-006" time="23.404" classname="Test Cases/T05 - Sedekah Online/TC-SO-006" status="FAILED">
         <failure type="FAILED" message="Test Cases/T05 - Sedekah Online/TC-SO-006 FAILED.
Reason:
com.kms.katalon.core.exception.StepFailedException: Unable to verify text 'please enter an valid phone number' is present 
	at com.kms.katalon.core.webui.keyword.internal.WebUIKeywordMain.stepFailed(WebUIKeywordMain.groovy:64)
	at com.kms.katalon.core.webui.keyword.internal.WebUIKeywordMain.runKeyword(WebUIKeywordMain.groovy:26)
	at com.kms.katalon.core.webui.keyword.builtin.VerifyTextPresentKeyword.verifyTextPresent(VerifyTextPresentKeyword.groovy:83)
	at com.kms.katalon.core.webui.keyword.builtin.VerifyTextPresentKeyword.execute(VerifyTextPresentKeyword.groovy:68)
	at com.kms.katalon.core.keyword.internal.KeywordExecutor.executeKeywordForPlatform(KeywordExecutor.groovy:74)
	at com.kms.katalon.core.webui.keyword.WebUiBuiltInKeywords.verifyTextPresent(WebUiBuiltInKeywords.groovy:1723)
	at com.kms.katalon.core.webui.keyword.WebUiBuiltInKeywords$verifyTextPresent$7.call(Unknown Source)
	at TC-SO-006.run(TC-SO-006:53)
	at com.kms.katalon.core.main.ScriptEngine.run(ScriptEngine.java:194)
	at com.kms.katalon.core.main.ScriptEngine.runScriptAsRawText(ScriptEngine.java:119)
	at com.kms.katalon.core.main.TestCaseExecutor.runScript(TestCaseExecutor.java:448)
	at com.kms.katalon.core.main.TestCaseExecutor.doExecute(TestCaseExecutor.java:439)
	at com.kms.katalon.core.main.TestCaseExecutor.processExecutionPhase(TestCaseExecutor.java:418)
	at com.kms.katalon.core.main.TestCaseExecutor.accessMainPhase(TestCaseExecutor.java:410)
	at com.kms.katalon.core.main.TestCaseExecutor.execute(TestCaseExecutor.java:285)
	at com.kms.katalon.core.common.CommonExecutor.accessTestCaseMainPhase(CommonExecutor.java:65)
	at com.kms.katalon.core.main.TestSuiteExecutor.accessTestSuiteMainPhase(TestSuiteExecutor.java:148)
	at com.kms.katalon.core.main.TestSuiteExecutor.execute(TestSuiteExecutor.java:106)
	at com.kms.katalon.core.main.TestCaseMain.startTestSuite(TestCaseMain.java:187)
	at com.kms.katalon.core.main.TestCaseMain$startTestSuite$0.call(Unknown Source)
	at TempTestSuite1695970338406.run(TempTestSuite1695970338406.groovy:36)
Caused by: com.kms.katalon.core.exception.StepFailedException: Text 'please enter an valid phone number' is not present on page 
	at com.kms.katalon.core.webui.keyword.internal.WebUIKeywordMain.stepFailed(WebUIKeywordMain.groovy:64)
	at com.kms.katalon.core.webui.keyword.builtin.VerifyTextPresentKeyword$_verifyTextPresent_closure1.doCall(VerifyTextPresentKeyword.groovy:79)
	at com.kms.katalon.core.webui.keyword.builtin.VerifyTextPresentKeyword$_verifyTextPresent_closure1.call(VerifyTextPresentKeyword.groovy)
	at com.kms.katalon.core.webui.keyword.internal.WebUIKeywordMain.runKeyword(WebUIKeywordMain.groovy:20)
	... 19 more
"/>
         <system-out><![CDATA[2023-09-29 13:54:19 - [TEST_CASE][FAILED] - Test Cases/T05 - Sedekah Online/TC-SO-006: Test Cases/T05 - Sedekah Online/TC-SO-006 FAILED.
Reason:
com.kms.katalon.core.exception.StepFailedException: Unable to verify text 'please enter an valid phone number' is present 
	at com.kms.katalon.core.webui.keyword.internal.WebUIKeywordMain.stepFailed(WebUIKeywordMain.groovy:64)
	at com.kms.katalon.core.webui.keyword.internal.WebUIKeywordMain.runKeyword(WebUIKeywordMain.groovy:26)
	at com.kms.katalon.core.webui.keyword.builtin.VerifyTextPresentKeyword.verifyTextPresent(VerifyTextPresentKeyword.groovy:83)
	at com.kms.katalon.core.webui.keyword.builtin.VerifyTextPresentKeyword.execute(VerifyTextPresentKeyword.groovy:68)
	at com.kms.katalon.core.keyword.internal.KeywordExecutor.executeKeywordForPlatform(KeywordExecutor.groovy:74)
	at com.kms.katalon.core.webui.keyword.WebUiBuiltInKeywords.verifyTextPresent(WebUiBuiltInKeywords.groovy:1723)
	at com.kms.katalon.core.webui.keyword.WebUiBuiltInKeywords$verifyTextPresent$7.call(Unknown Source)
	at TC-SO-006.run(TC-SO-006:53)
	at com.kms.katalon.core.main.ScriptEngine.run(ScriptEngine.java:194)
	at com.kms.katalon.core.main.ScriptEngine.runScriptAsRawText(ScriptEngine.java:119)
	at com.kms.katalon.core.main.TestCaseExecutor.runScript(TestCaseExecutor.java:448)
	at com.kms.katalon.core.main.TestCaseExecutor.doExecute(TestCaseExecutor.java:439)
	at com.kms.katalon.core.main.TestCaseExecutor.processExecutionPhase(TestCaseExecutor.java:418)
	at com.kms.katalon.core.main.TestCaseExecutor.accessMainPhase(TestCaseExecutor.java:410)
	at com.kms.katalon.core.main.TestCaseExecutor.execute(TestCaseExecutor.java:285)
	at com.kms.katalon.core.common.CommonExecutor.accessTestCaseMainPhase(CommonExecutor.java:65)
	at com.kms.katalon.core.main.TestSuiteExecutor.accessTestSuiteMainPhase(TestSuiteExecutor.java:148)
	at com.kms.katalon.core.main.TestSuiteExecutor.execute(TestSuiteExecutor.java:106)
	at com.kms.katalon.core.main.TestCaseMain.startTestSuite(TestCaseMain.java:187)
	at com.kms.katalon.core.main.TestCaseMain$startTestSuite$0.call(Unknown Source)
	at TempTestSuite1695970338406.run(TempTestSuite1695970338406.groovy:36)
Caused by: com.kms.katalon.core.exception.StepFailedException: Text 'please enter an valid phone number' is not present on page 
	at com.kms.katalon.core.webui.keyword.internal.WebUIKeywordMain.stepFailed(WebUIKeywordMain.groovy:64)
	at com.kms.katalon.core.webui.keyword.builtin.VerifyTextPresentKeyword$_verifyTextPresent_closure1.doCall(VerifyTextPresentKeyword.groovy:79)
	at com.kms.katalon.core.webui.keyword.builtin.VerifyTextPresentKeyword$_verifyTextPresent_closure1.call(VerifyTextPresentKeyword.groovy)
	at com.kms.katalon.core.webui.keyword.internal.WebUIKeywordMain.runKeyword(WebUIKeywordMain.groovy:20)
	... 19 more


2023-09-29 13:54:20 - [TEST_STEP][PASSED] - openBrowser(urlWeb): Browser is opened with url: 'https://10.9.2.63/ecommerce/'

2023-09-29 13:54:20 - [MESSAGE][WARNING] - A browser is already opened. Closing browser and opening a new one

2023-09-29 13:54:21 - [MESSAGE][INFO] - Starting 'Firefox' driver

2023-09-29 13:54:21 - [MESSAGE][INFO] - Action delay is set to 0 milliseconds

2023-09-29 13:54:29 - [MESSAGE][PASSED] - Browser is opened with url: 'https://10.9.2.63/ecommerce/'

2023-09-29 13:54:29 - [TEST_STEP][PASSED] - maximizeWindow(): Current window maximized

2023-09-29 13:54:29 - [MESSAGE][PASSED] - Current window maximized

2023-09-29 13:54:29 - [TEST_STEP][PASSED] - verifyElementPresent(findTestObject("verifikasi masuk website tajalapk"), 0): Object 'Object Repository/verifikasi masuk website tajalapk' is present

2023-09-29 13:54:29 - [MESSAGE][WARNING] - Timeout '0' is invalid. Using default page load timeout: '30'

2023-09-29 13:54:29 - [MESSAGE][PASSED] - Object 'Object Repository/verifikasi masuk website tajalapk' is present

2023-09-29 13:54:29 - [TEST_STEP][PASSED] - click(findTestObject("sedekah online/a_Donasi (di halaman utama)")): Object: 'Object Repository/sedekah online/a_Donasi (di halaman utama)' is clicked on

2023-09-29 13:54:30 - [MESSAGE][PASSED] - Object: 'Object Repository/sedekah online/a_Donasi (di halaman utama)' is clicked on

2023-09-29 13:54:30 - [TEST_STEP][PASSED] - click(findTestObject("sedekah online/a_Sedekah Online")): Object: 'Object Repository/sedekah online/a_Sedekah Online' is clicked on

2023-09-29 13:54:31 - [MESSAGE][PASSED] - Object: 'Object Repository/sedekah online/a_Sedekah Online' is clicked on

2023-09-29 13:54:31 - [TEST_STEP][PASSED] - verifyElementPresent(findTestObject("sedekah online/verifikasi halaman sedekah Online"), 0): Object 'Object Repository/sedekah online/verifikasi halaman sedekah Online' is present

2023-09-29 13:54:32 - [MESSAGE][WARNING] - Timeout '0' is invalid. Using default page load timeout: '30'

2023-09-29 13:54:32 - [MESSAGE][PASSED] - Object 'Object Repository/sedekah online/verifikasi halaman sedekah Online' is present

2023-09-29 13:54:32 - [TEST_STEP][PASSED] - setText(findTestObject("sedekah online/input_Sedekah"), NominalSedekah): Text '25000' is set on object 'Object Repository/sedekah online/input_Sedekah'

2023-09-29 13:54:33 - [MESSAGE][PASSED] - Text '25000' is set on object 'Object Repository/sedekah online/input_Sedekah'

2023-09-29 13:54:33 - [TEST_STEP][PASSED] - setText(findTestObject("sedekah online/input_Nama lengkap (di sedekah online)"), namaLengkap): Text 'ikana' is set on object 'Object Repository/sedekah online/input_Nama lengkap (di sedekah online)'

2023-09-29 13:54:34 - [MESSAGE][PASSED] - Text 'ikana' is set on object 'Object Repository/sedekah online/input_Nama lengkap (di sedekah online)'

2023-09-29 13:54:34 - [TEST_STEP][PASSED] - setText(findTestObject("sedekah online/input_No Handphone (di sedekah online)"), noHp): Text '0867543212343214' is set on object 'Object Repository/sedekah online/input_No Handphone (di sedekah online)'

2023-09-29 13:54:35 - [MESSAGE][PASSED] - Text '0867543212343214' is set on object 'Object Repository/sedekah online/input_No Handphone (di sedekah online)'

2023-09-29 13:54:35 - [TEST_STEP][PASSED] - setText(findTestObject("sedekah online/input_Alamat Email (di sedekah online)"), email): Text 'anata71@gmail.com' is set on object 'Object Repository/sedekah online/input_Alamat Email (di sedekah online)'

2023-09-29 13:54:36 - [MESSAGE][PASSED] - Text 'anata71@gmail.com' is set on object 'Object Repository/sedekah online/input_Alamat Email (di sedekah online)'

2023-09-29 13:54:36 - [TEST_STEP][PASSED] - selectOptionByValue(findTestObject("Object Repository/sedekah online/dropdown metode pembayaraan"), pembayaran, false): All options with value '1' are selected in object 'Object Repository/sedekah online/dropdown metode pembayaraan' 

2023-09-29 13:54:37 - [MESSAGE][PASSED] - All options with value '1' are selected in object 'Object Repository/sedekah online/dropdown metode pembayaraan' 

2023-09-29 13:54:37 - [TEST_STEP][PASSED] - selectOptionByValue(findTestObject("Object Repository/sedekah online/sedekah ditunjukan untuk keluarga"), sedekahUntuk, false): All options with value 'Orang Tua' are selected in object 'Object Repository/sedekah online/sedekah ditunjukan untuk keluarga' 

2023-09-29 13:54:38 - [MESSAGE][PASSED] - All options with value 'Orang Tua' are selected in object 'Object Repository/sedekah online/sedekah ditunjukan untuk keluarga' 

2023-09-29 13:54:38 - [TEST_STEP][PASSED] - setText(findTestObject("sedekah online/input isi doa terbaik anda"), doa): Text 'Semoga Bermanfaat' is set on object 'Object Repository/sedekah online/input isi doa terbaik anda'

2023-09-29 13:54:39 - [MESSAGE][PASSED] - Text 'Semoga Bermanfaat' is set on object 'Object Repository/sedekah online/input isi doa terbaik anda'

2023-09-29 13:54:39 - [TEST_STEP][PASSED] - setText(findTestObject("sedekah online/input 2 digit terakhir nomor hp"), digitAkhir): Text '14' is set on object 'Object Repository/sedekah online/input 2 digit terakhir nomor hp'

2023-09-29 13:54:40 - [MESSAGE][PASSED] - Text '14' is set on object 'Object Repository/sedekah online/input 2 digit terakhir nomor hp'

2023-09-29 13:54:40 - [TEST_STEP][PASSED] - click(findTestObject("sedekah online/button_Sedekah Sekarang")): Object: 'Object Repository/sedekah online/button_Sedekah Sekarang' is clicked on

2023-09-29 13:54:41 - [MESSAGE][PASSED] - Object: 'Object Repository/sedekah online/button_Sedekah Sekarang' is clicked on

2023-09-29 13:54:41 - [TEST_STEP][FAILED] - verifyTextPresent("please enter an valid phone number", false): Unable to verify text 'please enter an valid phone number' is present  (Root cause: com.kms.katalon.core.exception.StepFailedException: Unable to verify text 'please enter an valid phone number' is present 
	at com.kms.katalon.core.webui.keyword.internal.WebUIKeywordMain.stepFailed(WebUIKeywordMain.groovy:64)
	at com.kms.katalon.core.webui.keyword.internal.WebUIKeywordMain.runKeyword(WebUIKeywordMain.groovy:26)
	at com.kms.katalon.core.webui.keyword.builtin.VerifyTextPresentKeyword.verifyTextPresent(VerifyTextPresentKeyword.groovy:83)
	at com.kms.katalon.core.webui.keyword.builtin.VerifyTextPresentKeyword.execute(VerifyTextPresentKeyword.groovy:68)
	at com.kms.katalon.core.keyword.internal.KeywordExecutor.executeKeywordForPlatform(KeywordExecutor.groovy:74)
	at com.kms.katalon.core.webui.keyword.WebUiBuiltInKeywords.verifyTextPresent(WebUiBuiltInKeywords.groovy:1723)
	at com.kms.katalon.core.webui.keyword.WebUiBuiltInKeywords$verifyTextPresent$7.call(Unknown Source)
	at TC-SO-006.run(TC-SO-006:53)
	at com.kms.katalon.core.main.ScriptEngine.run(ScriptEngine.java:194)
	at com.kms.katalon.core.main.ScriptEngine.runScriptAsRawText(ScriptEngine.java:119)
	at com.kms.katalon.core.main.TestCaseExecutor.runScript(TestCaseExecutor.java:448)
	at com.kms.katalon.core.main.TestCaseExecutor.doExecute(TestCaseExecutor.java:439)
	at com.kms.katalon.core.main.TestCaseExecutor.processExecutionPhase(TestCaseExecutor.java:418)
	at com.kms.katalon.core.main.TestCaseExecutor.accessMainPhase(TestCaseExecutor.java:410)
	at com.kms.katalon.core.main.TestCaseExecutor.execute(TestCaseExecutor.java:285)
	at com.kms.katalon.core.common.CommonExecutor.accessTestCaseMainPhase(CommonExecutor.java:65)
	at com.kms.katalon.core.main.TestSuiteExecutor.accessTestSuiteMainPhase(TestSuiteExecutor.java:148)
	at com.kms.katalon.core.main.TestSuiteExecutor.execute(TestSuiteExecutor.java:106)
	at com.kms.katalon.core.main.TestCaseMain.startTestSuite(TestCaseMain.java:187)
	at com.kms.katalon.core.main.TestCaseMain$startTestSuite$0.call(Unknown Source)
	at TempTestSuite1695970338406.run(TempTestSuite1695970338406.groovy:36)
Caused by: com.kms.katalon.core.exception.StepFailedException: Text 'please enter an valid phone number' is not present on page 
	at com.kms.katalon.core.webui.keyword.internal.WebUIKeywordMain.stepFailed(WebUIKeywordMain.groovy:64)
	at com.kms.katalon.core.webui.keyword.builtin.VerifyTextPresentKeyword$_verifyTextPresent_closure1.doCall(VerifyTextPresentKeyword.groovy:79)
	at com.kms.katalon.core.webui.keyword.builtin.VerifyTextPresentKeyword$_verifyTextPresent_closure1.call(VerifyTextPresentKeyword.groovy)
	at com.kms.katalon.core.webui.keyword.internal.WebUIKeywordMain.runKeyword(WebUIKeywordMain.groovy:20)
	... 19 more
)

2023-09-29 13:54:42 - [MESSAGE][FAILED] - Text 'please enter an valid phone number' is not present on page  (Root cause: com.kms.katalon.core.exception.StepFailedException: Text 'please enter an valid phone number' is not present on page 
	at com.kms.katalon.core.webui.keyword.internal.WebUIKeywordMain.stepFailed(WebUIKeywordMain.groovy:64)
	at com.kms.katalon.core.webui.keyword.builtin.VerifyTextPresentKeyword$_verifyTextPresent_closure1.doCall(VerifyTextPresentKeyword.groovy:79)
	at com.kms.katalon.core.webui.keyword.builtin.VerifyTextPresentKeyword$_verifyTextPresent_closure1.call(VerifyTextPresentKeyword.groovy)
	at com.kms.katalon.core.webui.keyword.internal.WebUIKeywordMain.runKeyword(WebUIKeywordMain.groovy:20)
	at com.kms.katalon.core.webui.keyword.builtin.VerifyTextPresentKeyword.verifyTextPresent(VerifyTextPresentKeyword.groovy:83)
	at com.kms.katalon.core.webui.keyword.builtin.VerifyTextPresentKeyword.execute(VerifyTextPresentKeyword.groovy:68)
	at com.kms.katalon.core.keyword.internal.KeywordExecutor.executeKeywordForPlatform(KeywordExecutor.groovy:74)
	at com.kms.katalon.core.webui.keyword.WebUiBuiltInKeywords.verifyTextPresent(WebUiBuiltInKeywords.groovy:1723)
	at com.kms.katalon.core.webui.keyword.WebUiBuiltInKeywords$verifyTextPresent$7.call(Unknown Source)
	at TC-SO-006.run(TC-SO-006:53)
	at com.kms.katalon.core.main.ScriptEngine.run(ScriptEngine.java:194)
	at com.kms.katalon.core.main.ScriptEngine.runScriptAsRawText(ScriptEngine.java:119)
	at com.kms.katalon.core.main.TestCaseExecutor.runScript(TestCaseExecutor.java:448)
	at com.kms.katalon.core.main.TestCaseExecutor.doExecute(TestCaseExecutor.java:439)
	at com.kms.katalon.core.main.TestCaseExecutor.processExecutionPhase(TestCaseExecutor.java:418)
	at com.kms.katalon.core.main.TestCaseExecutor.accessMainPhase(TestCaseExecutor.java:410)
	at com.kms.katalon.core.main.TestCaseExecutor.execute(TestCaseExecutor.java:285)
	at com.kms.katalon.core.common.CommonExecutor.accessTestCaseMainPhase(CommonExecutor.java:65)
	at com.kms.katalon.core.main.TestSuiteExecutor.accessTestSuiteMainPhase(TestSuiteExecutor.java:148)
	at com.kms.katalon.core.main.TestSuiteExecutor.execute(TestSuiteExecutor.java:106)
	at com.kms.katalon.core.main.TestCaseMain.startTestSuite(TestCaseMain.java:187)
	at com.kms.katalon.core.main.TestCaseMain$startTestSuite$0.call(Unknown Source)
	at TempTestSuite1695970338406.run(TempTestSuite1695970338406.groovy:36)
)

2023-09-29 13:54:42 - [MESSAGE][FAILED] - Unable to verify text 'please enter an valid phone number' is present  (Root cause: com.kms.katalon.core.exception.StepFailedException: Unable to verify text 'please enter an valid phone number' is present 
	at com.kms.katalon.core.webui.keyword.internal.WebUIKeywordMain.stepFailed(WebUIKeywordMain.groovy:64)
	at com.kms.katalon.core.webui.keyword.internal.WebUIKeywordMain.runKeyword(WebUIKeywordMain.groovy:26)
	at com.kms.katalon.core.webui.keyword.builtin.VerifyTextPresentKeyword.verifyTextPresent(VerifyTextPresentKeyword.groovy:83)
	at com.kms.katalon.core.webui.keyword.builtin.VerifyTextPresentKeyword.execute(VerifyTextPresentKeyword.groovy:68)
	at com.kms.katalon.core.keyword.internal.KeywordExecutor.executeKeywordForPlatform(KeywordExecutor.groovy:74)
	at com.kms.katalon.core.webui.keyword.WebUiBuiltInKeywords.verifyTextPresent(WebUiBuiltInKeywords.groovy:1723)
	at com.kms.katalon.core.webui.keyword.WebUiBuiltInKeywords$verifyTextPresent$7.call(Unknown Source)
	at TC-SO-006.run(TC-SO-006:53)
	at com.kms.katalon.core.main.ScriptEngine.run(ScriptEngine.java:194)
	at com.kms.katalon.core.main.ScriptEngine.runScriptAsRawText(ScriptEngine.java:119)
	at com.kms.katalon.core.main.TestCaseExecutor.runScript(TestCaseExecutor.java:448)
	at com.kms.katalon.core.main.TestCaseExecutor.doExecute(TestCaseExecutor.java:439)
	at com.kms.katalon.core.main.TestCaseExecutor.processExecutionPhase(TestCaseExecutor.java:418)
	at com.kms.katalon.core.main.TestCaseExecutor.accessMainPhase(TestCaseExecutor.java:410)
	at com.kms.katalon.core.main.TestCaseExecutor.execute(TestCaseExecutor.java:285)
	at com.kms.katalon.core.common.CommonExecutor.accessTestCaseMainPhase(CommonExecutor.java:65)
	at com.kms.katalon.core.main.TestSuiteExecutor.accessTestSuiteMainPhase(TestSuiteExecutor.java:148)
	at com.kms.katalon.core.main.TestSuiteExecutor.execute(TestSuiteExecutor.java:106)
	at com.kms.katalon.core.main.TestCaseMain.startTestSuite(TestCaseMain.java:187)
	at com.kms.katalon.core.main.TestCaseMain$startTestSuite$0.call(Unknown Source)
	at TempTestSuite1695970338406.run(TempTestSuite1695970338406.groovy:36)
Caused by: com.kms.katalon.core.exception.StepFailedException: Text 'please enter an valid phone number' is not present on page 
	at com.kms.katalon.core.webui.keyword.internal.WebUIKeywordMain.stepFailed(WebUIKeywordMain.groovy:64)
	at com.kms.katalon.core.webui.keyword.builtin.VerifyTextPresentKeyword$_verifyTextPresent_closure1.doCall(VerifyTextPresentKeyword.groovy:79)
	at com.kms.katalon.core.webui.keyword.builtin.VerifyTextPresentKeyword$_verifyTextPresent_closure1.call(VerifyTextPresentKeyword.groovy)
	at com.kms.katalon.core.webui.keyword.internal.WebUIKeywordMain.runKeyword(WebUIKeywordMain.groovy:20)
	... 19 more
)
[[ATTACHMENT|F:\\bootcamp\\Miniproject\\Tajalapak\\Reports\\20230929_135218\\T05 Sedekah Online\\20230929_135218\\1695970482562.png]]]]></system-out>
         <system-err><![CDATA[2023-09-29 13:54:19 - [TEST_CASE][FAILED] - Test Cases/T05 - Sedekah Online/TC-SO-006: Test Cases/T05 - Sedekah Online/TC-SO-006 FAILED.
Reason:
com.kms.katalon.core.exception.StepFailedException: Unable to verify text 'please enter an valid phone number' is present 
	at com.kms.katalon.core.webui.keyword.internal.WebUIKeywordMain.stepFailed(WebUIKeywordMain.groovy:64)
	at com.kms.katalon.core.webui.keyword.internal.WebUIKeywordMain.runKeyword(WebUIKeywordMain.groovy:26)
	at com.kms.katalon.core.webui.keyword.builtin.VerifyTextPresentKeyword.verifyTextPresent(VerifyTextPresentKeyword.groovy:83)
	at com.kms.katalon.core.webui.keyword.builtin.VerifyTextPresentKeyword.execute(VerifyTextPresentKeyword.groovy:68)
	at com.kms.katalon.core.keyword.internal.KeywordExecutor.executeKeywordForPlatform(KeywordExecutor.groovy:74)
	at com.kms.katalon.core.webui.keyword.WebUiBuiltInKeywords.verifyTextPresent(WebUiBuiltInKeywords.groovy:1723)
	at com.kms.katalon.core.webui.keyword.WebUiBuiltInKeywords$verifyTextPresent$7.call(Unknown Source)
	at TC-SO-006.run(TC-SO-006:53)
	at com.kms.katalon.core.main.ScriptEngine.run(ScriptEngine.java:194)
	at com.kms.katalon.core.main.ScriptEngine.runScriptAsRawText(ScriptEngine.java:119)
	at com.kms.katalon.core.main.TestCaseExecutor.runScript(TestCaseExecutor.java:448)
	at com.kms.katalon.core.main.TestCaseExecutor.doExecute(TestCaseExecutor.java:439)
	at com.kms.katalon.core.main.TestCaseExecutor.processExecutionPhase(TestCaseExecutor.java:418)
	at com.kms.katalon.core.main.TestCaseExecutor.accessMainPhase(TestCaseExecutor.java:410)
	at com.kms.katalon.core.main.TestCaseExecutor.execute(TestCaseExecutor.java:285)
	at com.kms.katalon.core.common.CommonExecutor.accessTestCaseMainPhase(CommonExecutor.java:65)
	at com.kms.katalon.core.main.TestSuiteExecutor.accessTestSuiteMainPhase(TestSuiteExecutor.java:148)
	at com.kms.katalon.core.main.TestSuiteExecutor.execute(TestSuiteExecutor.java:106)
	at com.kms.katalon.core.main.TestCaseMain.startTestSuite(TestCaseMain.java:187)
	at com.kms.katalon.core.main.TestCaseMain$startTestSuite$0.call(Unknown Source)
	at TempTestSuite1695970338406.run(TempTestSuite1695970338406.groovy:36)
Caused by: com.kms.katalon.core.exception.StepFailedException: Text 'please enter an valid phone number' is not present on page 
	at com.kms.katalon.core.webui.keyword.internal.WebUIKeywordMain.stepFailed(WebUIKeywordMain.groovy:64)
	at com.kms.katalon.core.webui.keyword.builtin.VerifyTextPresentKeyword$_verifyTextPresent_closure1.doCall(VerifyTextPresentKeyword.groovy:79)
	at com.kms.katalon.core.webui.keyword.builtin.VerifyTextPresentKeyword$_verifyTextPresent_closure1.call(VerifyTextPresentKeyword.groovy)
	at com.kms.katalon.core.webui.keyword.internal.WebUIKeywordMain.runKeyword(WebUIKeywordMain.groovy:20)
	... 19 more]]></system-err>
      </testcase>
      <testcase name="Test Cases/T05 - Sedekah Online/TC-SO-007" time="26.358" classname="Test Cases/T05 - Sedekah Online/TC-SO-007" status="PASSED">
         <system-out><![CDATA[2023-09-29 13:54:42 - [TEST_CASE][PASSED] - Test Cases/T05 - Sedekah Online/TC-SO-007: Test Cases/T05 - Sedekah Online/TC-SO-007

2023-09-29 13:54:43 - [TEST_STEP][PASSED] - openBrowser(urlWeb): Browser is opened with url: 'https://10.9.2.63/ecommerce/'

2023-09-29 13:54:43 - [MESSAGE][WARNING] - A browser is already opened. Closing browser and opening a new one

2023-09-29 13:54:45 - [MESSAGE][INFO] - Starting 'Firefox' driver

2023-09-29 13:54:45 - [MESSAGE][INFO] - Action delay is set to 0 milliseconds

2023-09-29 13:54:56 - [MESSAGE][PASSED] - Browser is opened with url: 'https://10.9.2.63/ecommerce/'

2023-09-29 13:54:56 - [TEST_STEP][PASSED] - maximizeWindow(): Current window maximized

2023-09-29 13:54:56 - [MESSAGE][PASSED] - Current window maximized

2023-09-29 13:54:56 - [TEST_STEP][PASSED] - verifyElementPresent(findTestObject("verifikasi masuk website tajalapk"), 0): Object 'Object Repository/verifikasi masuk website tajalapk' is present

2023-09-29 13:54:56 - [MESSAGE][WARNING] - Timeout '0' is invalid. Using default page load timeout: '30'

2023-09-29 13:54:56 - [MESSAGE][PASSED] - Object 'Object Repository/verifikasi masuk website tajalapk' is present

2023-09-29 13:54:56 - [TEST_STEP][PASSED] - click(findTestObject("sedekah online/a_Donasi (di halaman utama)")): Object: 'Object Repository/sedekah online/a_Donasi (di halaman utama)' is clicked on

2023-09-29 13:54:57 - [MESSAGE][PASSED] - Object: 'Object Repository/sedekah online/a_Donasi (di halaman utama)' is clicked on

2023-09-29 13:54:57 - [TEST_STEP][PASSED] - click(findTestObject("sedekah online/a_Sedekah Online")): Object: 'Object Repository/sedekah online/a_Sedekah Online' is clicked on

2023-09-29 13:54:59 - [MESSAGE][PASSED] - Object: 'Object Repository/sedekah online/a_Sedekah Online' is clicked on

2023-09-29 13:54:59 - [TEST_STEP][PASSED] - verifyElementPresent(findTestObject("sedekah online/verifikasi halaman sedekah Online"), 0): Object 'Object Repository/sedekah online/verifikasi halaman sedekah Online' is present

2023-09-29 13:54:59 - [MESSAGE][WARNING] - Timeout '0' is invalid. Using default page load timeout: '30'

2023-09-29 13:54:59 - [MESSAGE][PASSED] - Object 'Object Repository/sedekah online/verifikasi halaman sedekah Online' is present

2023-09-29 13:54:59 - [TEST_STEP][PASSED] - setText(findTestObject("sedekah online/input_Sedekah"), NominalSedekah): Text '25000' is set on object 'Object Repository/sedekah online/input_Sedekah'

2023-09-29 13:55:00 - [MESSAGE][PASSED] - Text '25000' is set on object 'Object Repository/sedekah online/input_Sedekah'

2023-09-29 13:55:00 - [TEST_STEP][PASSED] - setText(findTestObject("sedekah online/input_Nama lengkap (di sedekah online)"), namaLengkap): Text 'ikana' is set on object 'Object Repository/sedekah online/input_Nama lengkap (di sedekah online)'

2023-09-29 13:55:01 - [MESSAGE][PASSED] - Text 'ikana' is set on object 'Object Repository/sedekah online/input_Nama lengkap (di sedekah online)'

2023-09-29 13:55:01 - [TEST_STEP][PASSED] - setText(findTestObject("sedekah online/input_No Handphone (di sedekah online)"), noHp): Text '086754321234' is set on object 'Object Repository/sedekah online/input_No Handphone (di sedekah online)'

2023-09-29 13:55:02 - [MESSAGE][PASSED] - Text '086754321234' is set on object 'Object Repository/sedekah online/input_No Handphone (di sedekah online)'

2023-09-29 13:55:02 - [TEST_STEP][PASSED] - setText(findTestObject("sedekah online/input_Alamat Email (di sedekah online)"), email): Text 'anata71@gmail.com' is set on object 'Object Repository/sedekah online/input_Alamat Email (di sedekah online)'

2023-09-29 13:55:03 - [MESSAGE][PASSED] - Text 'anata71@gmail.com' is set on object 'Object Repository/sedekah online/input_Alamat Email (di sedekah online)'

2023-09-29 13:55:03 - [TEST_STEP][PASSED] - selectOptionByValue(findTestObject("Object Repository/sedekah online/dropdown metode pembayaraan"), pembayaran, false): All options with value '1' are selected in object 'Object Repository/sedekah online/dropdown metode pembayaraan' 

2023-09-29 13:55:04 - [MESSAGE][PASSED] - All options with value '1' are selected in object 'Object Repository/sedekah online/dropdown metode pembayaraan' 

2023-09-29 13:55:04 - [TEST_STEP][PASSED] - selectOptionByValue(findTestObject("Object Repository/sedekah online/sedekah ditunjukan untuk keluarga"), sedekahUntuk, false): All options with value 'Orang Tua' are selected in object 'Object Repository/sedekah online/sedekah ditunjukan untuk keluarga' 

2023-09-29 13:55:05 - [MESSAGE][PASSED] - All options with value 'Orang Tua' are selected in object 'Object Repository/sedekah online/sedekah ditunjukan untuk keluarga' 

2023-09-29 13:55:05 - [TEST_STEP][PASSED] - setText(findTestObject("sedekah online/input isi doa terbaik anda"), doa): Text 'Semoga Bermanfaat' is set on object 'Object Repository/sedekah online/input isi doa terbaik anda'

2023-09-29 13:55:06 - [MESSAGE][PASSED] - Text 'Semoga Bermanfaat' is set on object 'Object Repository/sedekah online/input isi doa terbaik anda'

2023-09-29 13:55:06 - [TEST_STEP][PASSED] - setText(findTestObject("sedekah online/input 2 digit terakhir nomor hp"), digitAkhir): Text ',4' is set on object 'Object Repository/sedekah online/input 2 digit terakhir nomor hp'

2023-09-29 13:55:07 - [MESSAGE][PASSED] - Text ',4' is set on object 'Object Repository/sedekah online/input 2 digit terakhir nomor hp'

2023-09-29 13:55:07 - [TEST_STEP][PASSED] - click(findTestObject("sedekah online/button_Sedekah Sekarang")): Object: 'Object Repository/sedekah online/button_Sedekah Sekarang' is clicked on

2023-09-29 13:55:08 - [MESSAGE][PASSED] - Object: 'Object Repository/sedekah online/button_Sedekah Sekarang' is clicked on

2023-09-29 13:55:08 - [TEST_STEP][PASSED] - webDriver = getWebDriver(): null

2023-09-29 13:55:08 - [TEST_STEP][PASSED] - field_nomor = webDriver.findElement(By.xpath("//input[@name="validasi"]")): null

2023-09-29 13:55:09 - [TEST_STEP][PASSED] - error_message = webDriver.executeScript("return arguments[0].validationMessage", field_nomor): null

2023-09-29 13:55:09 - [TEST_STEP][PASSED] - println(error_message): null

2023-09-29 13:55:09 - [TEST_STEP][PASSED] - assert error_message == "Please select a valid value. The two nearest valid values are 0 and 1.": null]]></system-out>
         <system-err><![CDATA[]]></system-err>
      </testcase>
      <testcase name="Test Cases/T05 - Sedekah Online/TC-SO-008" time="23.056" classname="Test Cases/T05 - Sedekah Online/TC-SO-008" status="PASSED">
         <system-out><![CDATA[2023-09-29 13:55:09 - [TEST_CASE][PASSED] - Test Cases/T05 - Sedekah Online/TC-SO-008: Test Cases/T05 - Sedekah Online/TC-SO-008

2023-09-29 13:55:10 - [TEST_STEP][PASSED] - openBrowser(urlWeb): Browser is opened with url: 'https://10.9.2.63/ecommerce/'

2023-09-29 13:55:11 - [MESSAGE][WARNING] - A browser is already opened. Closing browser and opening a new one

2023-09-29 13:55:12 - [MESSAGE][INFO] - Starting 'Firefox' driver

2023-09-29 13:55:12 - [MESSAGE][INFO] - Action delay is set to 0 milliseconds

2023-09-29 13:55:20 - [MESSAGE][PASSED] - Browser is opened with url: 'https://10.9.2.63/ecommerce/'

2023-09-29 13:55:20 - [TEST_STEP][PASSED] - maximizeWindow(): Current window maximized

2023-09-29 13:55:20 - [MESSAGE][PASSED] - Current window maximized

2023-09-29 13:55:20 - [TEST_STEP][PASSED] - verifyElementPresent(findTestObject("verifikasi masuk website tajalapk"), 0): Object 'Object Repository/verifikasi masuk website tajalapk' is present

2023-09-29 13:55:20 - [MESSAGE][WARNING] - Timeout '0' is invalid. Using default page load timeout: '30'

2023-09-29 13:55:21 - [MESSAGE][PASSED] - Object 'Object Repository/verifikasi masuk website tajalapk' is present

2023-09-29 13:55:21 - [TEST_STEP][PASSED] - click(findTestObject("sedekah online/a_Donasi (di halaman utama)")): Object: 'Object Repository/sedekah online/a_Donasi (di halaman utama)' is clicked on

2023-09-29 13:55:21 - [MESSAGE][PASSED] - Object: 'Object Repository/sedekah online/a_Donasi (di halaman utama)' is clicked on

2023-09-29 13:55:21 - [TEST_STEP][PASSED] - click(findTestObject("sedekah online/a_Sedekah Online")): Object: 'Object Repository/sedekah online/a_Sedekah Online' is clicked on

2023-09-29 13:55:23 - [MESSAGE][PASSED] - Object: 'Object Repository/sedekah online/a_Sedekah Online' is clicked on

2023-09-29 13:55:23 - [TEST_STEP][PASSED] - verifyElementPresent(findTestObject("sedekah online/verifikasi halaman sedekah Online"), 0): Object 'Object Repository/sedekah online/verifikasi halaman sedekah Online' is present

2023-09-29 13:55:23 - [MESSAGE][WARNING] - Timeout '0' is invalid. Using default page load timeout: '30'

2023-09-29 13:55:23 - [MESSAGE][PASSED] - Object 'Object Repository/sedekah online/verifikasi halaman sedekah Online' is present

2023-09-29 13:55:23 - [TEST_STEP][PASSED] - setText(findTestObject("sedekah online/input_Sedekah"), NominalSedekah): Text '25000' is set on object 'Object Repository/sedekah online/input_Sedekah'

2023-09-29 13:55:24 - [MESSAGE][PASSED] - Text '25000' is set on object 'Object Repository/sedekah online/input_Sedekah'

2023-09-29 13:55:24 - [TEST_STEP][PASSED] - setText(findTestObject("sedekah online/input_No Handphone (di sedekah online)"), noHp): Text '086754321234' is set on object 'Object Repository/sedekah online/input_No Handphone (di sedekah online)'

2023-09-29 13:55:25 - [MESSAGE][PASSED] - Text '086754321234' is set on object 'Object Repository/sedekah online/input_No Handphone (di sedekah online)'

2023-09-29 13:55:25 - [TEST_STEP][PASSED] - setText(findTestObject("sedekah online/input_Alamat Email (di sedekah online)"), email): Text 'anata71@gmail.com' is set on object 'Object Repository/sedekah online/input_Alamat Email (di sedekah online)'

2023-09-29 13:55:26 - [MESSAGE][PASSED] - Text 'anata71@gmail.com' is set on object 'Object Repository/sedekah online/input_Alamat Email (di sedekah online)'

2023-09-29 13:55:26 - [TEST_STEP][PASSED] - selectOptionByValue(findTestObject("Object Repository/sedekah online/dropdown metode pembayaraan"), pembayaran, false): All options with value '1' are selected in object 'Object Repository/sedekah online/dropdown metode pembayaraan' 

2023-09-29 13:55:27 - [MESSAGE][PASSED] - All options with value '1' are selected in object 'Object Repository/sedekah online/dropdown metode pembayaraan' 

2023-09-29 13:55:27 - [TEST_STEP][PASSED] - selectOptionByValue(findTestObject("Object Repository/sedekah online/sedekah ditunjukan untuk keluarga"), sedekahUntuk, false): All options with value 'Orang Tua' are selected in object 'Object Repository/sedekah online/sedekah ditunjukan untuk keluarga' 

2023-09-29 13:55:28 - [MESSAGE][PASSED] - All options with value 'Orang Tua' are selected in object 'Object Repository/sedekah online/sedekah ditunjukan untuk keluarga' 

2023-09-29 13:55:28 - [TEST_STEP][PASSED] - setText(findTestObject("sedekah online/input isi doa terbaik anda"), doa): Text 'Semoga Bermanfaat' is set on object 'Object Repository/sedekah online/input isi doa terbaik anda'

2023-09-29 13:55:30 - [MESSAGE][PASSED] - Text 'Semoga Bermanfaat' is set on object 'Object Repository/sedekah online/input isi doa terbaik anda'

2023-09-29 13:55:30 - [TEST_STEP][PASSED] - setText(findTestObject("sedekah online/input 2 digit terakhir nomor hp"), digitAkhir): Text '34' is set on object 'Object Repository/sedekah online/input 2 digit terakhir nomor hp'

2023-09-29 13:55:31 - [MESSAGE][PASSED] - Text '34' is set on object 'Object Repository/sedekah online/input 2 digit terakhir nomor hp'

2023-09-29 13:55:31 - [TEST_STEP][PASSED] - click(findTestObject("sedekah online/button_Sedekah Sekarang")): Object: 'Object Repository/sedekah online/button_Sedekah Sekarang' is clicked on

2023-09-29 13:55:32 - [MESSAGE][PASSED] - Object: 'Object Repository/sedekah online/button_Sedekah Sekarang' is clicked on

2023-09-29 13:55:32 - [TEST_STEP][PASSED] - webDriber = getWebDriver(): null

2023-09-29 13:55:32 - [TEST_STEP][PASSED] - field_nmLengkap = webDriber.findElement(By.xpath("//input[@name="nama_lengkap"]")): null

2023-09-29 13:55:32 - [TEST_STEP][PASSED] - error_message = webDriber.executeScript("return arguments[0].validationMessage", field_nmLengkap): null

2023-09-29 13:55:32 - [TEST_STEP][PASSED] - println(error_message): null

2023-09-29 13:55:32 - [TEST_STEP][PASSED] - assert error_message == "Please fill out this field.": null]]></system-out>
         <system-err><![CDATA[]]></system-err>
      </testcase>
      <testcase name="Test Cases/T05 - Sedekah Online/TC-SO-009" time="24.136" classname="Test Cases/T05 - Sedekah Online/TC-SO-009" status="FAILED">
         <failure type="FAILED" message="Test Cases/T05 - Sedekah Online/TC-SO-009 FAILED.
Reason:
Assertion failed: 

assert validationMessage == &quot;Maximum length of this field must be equal or greater than 150 symbols&quot;
       |                 |
       &quot;&quot;                false

	at TC-SO-009.run(TC-SO-009:65)
	at com.kms.katalon.core.main.ScriptEngine.run(ScriptEngine.java:194)
	at com.kms.katalon.core.main.ScriptEngine.runScriptAsRawText(ScriptEngine.java:119)
	at com.kms.katalon.core.main.TestCaseExecutor.runScript(TestCaseExecutor.java:448)
	at com.kms.katalon.core.main.TestCaseExecutor.doExecute(TestCaseExecutor.java:439)
	at com.kms.katalon.core.main.TestCaseExecutor.processExecutionPhase(TestCaseExecutor.java:418)
	at com.kms.katalon.core.main.TestCaseExecutor.accessMainPhase(TestCaseExecutor.java:410)
	at com.kms.katalon.core.main.TestCaseExecutor.execute(TestCaseExecutor.java:285)
	at com.kms.katalon.core.common.CommonExecutor.accessTestCaseMainPhase(CommonExecutor.java:65)
	at com.kms.katalon.core.main.TestSuiteExecutor.accessTestSuiteMainPhase(TestSuiteExecutor.java:148)
	at com.kms.katalon.core.main.TestSuiteExecutor.execute(TestSuiteExecutor.java:106)
	at com.kms.katalon.core.main.TestCaseMain.startTestSuite(TestCaseMain.java:187)
	at com.kms.katalon.core.main.TestCaseMain$startTestSuite$0.call(Unknown Source)
	at TempTestSuite1695970338406.run(TempTestSuite1695970338406.groovy:36)
"/>
         <system-out><![CDATA[2023-09-29 13:55:32 - [TEST_CASE][FAILED] - Test Cases/T05 - Sedekah Online/TC-SO-009: Test Cases/T05 - Sedekah Online/TC-SO-009 FAILED.
Reason:
Assertion failed: 

assert validationMessage == "Maximum length of this field must be equal or greater than 150 symbols"
       |                 |
       ""                false

	at TC-SO-009.run(TC-SO-009:65)
	at com.kms.katalon.core.main.ScriptEngine.run(ScriptEngine.java:194)
	at com.kms.katalon.core.main.ScriptEngine.runScriptAsRawText(ScriptEngine.java:119)
	at com.kms.katalon.core.main.TestCaseExecutor.runScript(TestCaseExecutor.java:448)
	at com.kms.katalon.core.main.TestCaseExecutor.doExecute(TestCaseExecutor.java:439)
	at com.kms.katalon.core.main.TestCaseExecutor.processExecutionPhase(TestCaseExecutor.java:418)
	at com.kms.katalon.core.main.TestCaseExecutor.accessMainPhase(TestCaseExecutor.java:410)
	at com.kms.katalon.core.main.TestCaseExecutor.execute(TestCaseExecutor.java:285)
	at com.kms.katalon.core.common.CommonExecutor.accessTestCaseMainPhase(CommonExecutor.java:65)
	at com.kms.katalon.core.main.TestSuiteExecutor.accessTestSuiteMainPhase(TestSuiteExecutor.java:148)
	at com.kms.katalon.core.main.TestSuiteExecutor.execute(TestSuiteExecutor.java:106)
	at com.kms.katalon.core.main.TestCaseMain.startTestSuite(TestCaseMain.java:187)
	at com.kms.katalon.core.main.TestCaseMain$startTestSuite$0.call(Unknown Source)
	at TempTestSuite1695970338406.run(TempTestSuite1695970338406.groovy:36)


2023-09-29 13:55:34 - [TEST_STEP][PASSED] - openBrowser(urlWeb): Browser is opened with url: 'https://10.9.2.63/ecommerce/'

2023-09-29 13:55:34 - [MESSAGE][WARNING] - A browser is already opened. Closing browser and opening a new one

2023-09-29 13:55:35 - [MESSAGE][INFO] - Starting 'Firefox' driver

2023-09-29 13:55:35 - [MESSAGE][INFO] - Action delay is set to 0 milliseconds

2023-09-29 13:55:42 - [MESSAGE][PASSED] - Browser is opened with url: 'https://10.9.2.63/ecommerce/'

2023-09-29 13:55:42 - [TEST_STEP][PASSED] - maximizeWindow(): Current window maximized

2023-09-29 13:55:42 - [MESSAGE][PASSED] - Current window maximized

2023-09-29 13:55:42 - [TEST_STEP][PASSED] - verifyElementPresent(findTestObject("verifikasi masuk website tajalapk"), 0): Object 'Object Repository/verifikasi masuk website tajalapk' is present

2023-09-29 13:55:42 - [MESSAGE][WARNING] - Timeout '0' is invalid. Using default page load timeout: '30'

2023-09-29 13:55:43 - [MESSAGE][PASSED] - Object 'Object Repository/verifikasi masuk website tajalapk' is present

2023-09-29 13:55:43 - [TEST_STEP][PASSED] - click(findTestObject("sedekah online/a_Donasi (di halaman utama)")): Object: 'Object Repository/sedekah online/a_Donasi (di halaman utama)' is clicked on

2023-09-29 13:55:43 - [MESSAGE][PASSED] - Object: 'Object Repository/sedekah online/a_Donasi (di halaman utama)' is clicked on

2023-09-29 13:55:43 - [TEST_STEP][PASSED] - verifyElementClickable(findTestObject("sedekah online/a_Sedekah Online"), STOP_ON_FAILURE): Object 'Object Repository/sedekah online/a_Sedekah Online' is clickable

2023-09-29 13:55:44 - [MESSAGE][PASSED] - Object 'Object Repository/sedekah online/a_Sedekah Online' is clickable

2023-09-29 13:55:44 - [TEST_STEP][PASSED] - click(findTestObject("sedekah online/a_Sedekah Online")): Object: 'Object Repository/sedekah online/a_Sedekah Online' is clicked on

2023-09-29 13:55:45 - [MESSAGE][PASSED] - Object: 'Object Repository/sedekah online/a_Sedekah Online' is clicked on

2023-09-29 13:55:45 - [TEST_STEP][PASSED] - verifyElementPresent(findTestObject("sedekah online/verifikasi halaman sedekah Online"), 0): Object 'Object Repository/sedekah online/verifikasi halaman sedekah Online' is present

2023-09-29 13:55:45 - [MESSAGE][WARNING] - Timeout '0' is invalid. Using default page load timeout: '30'

2023-09-29 13:55:46 - [MESSAGE][PASSED] - Object 'Object Repository/sedekah online/verifikasi halaman sedekah Online' is present

2023-09-29 13:55:46 - [TEST_STEP][PASSED] - setText(findTestObject("sedekah online/input_Sedekah"), NominalSedekah): Text '25000' is set on object 'Object Repository/sedekah online/input_Sedekah'

2023-09-29 13:55:46 - [MESSAGE][PASSED] - Text '25000' is set on object 'Object Repository/sedekah online/input_Sedekah'

2023-09-29 13:55:46 - [TEST_STEP][PASSED] - setText(findTestObject("sedekah online/input_Nama lengkap (di sedekah online)"), namaLengkap): Text 'ikana' is set on object 'Object Repository/sedekah online/input_Nama lengkap (di sedekah online)'

2023-09-29 13:55:47 - [MESSAGE][PASSED] - Text 'ikana' is set on object 'Object Repository/sedekah online/input_Nama lengkap (di sedekah online)'

2023-09-29 13:55:47 - [TEST_STEP][PASSED] - setText(findTestObject("sedekah online/input_No Handphone (di sedekah online)"), noHp): Text '086754321234' is set on object 'Object Repository/sedekah online/input_No Handphone (di sedekah online)'

2023-09-29 13:55:49 - [MESSAGE][PASSED] - Text '086754321234' is set on object 'Object Repository/sedekah online/input_No Handphone (di sedekah online)'

2023-09-29 13:55:49 - [TEST_STEP][PASSED] - setText(findTestObject("sedekah online/input_Alamat Email (di sedekah online)"), email): Text 'anata71@gmail.com' is set on object 'Object Repository/sedekah online/input_Alamat Email (di sedekah online)'

2023-09-29 13:55:49 - [MESSAGE][PASSED] - Text 'anata71@gmail.com' is set on object 'Object Repository/sedekah online/input_Alamat Email (di sedekah online)'

2023-09-29 13:55:49 - [TEST_STEP][PASSED] - selectOptionByValue(findTestObject("Object Repository/sedekah online/dropdown metode pembayaraan"), pembayaran, false): All options with value '1' are selected in object 'Object Repository/sedekah online/dropdown metode pembayaraan' 

2023-09-29 13:55:51 - [MESSAGE][PASSED] - All options with value '1' are selected in object 'Object Repository/sedekah online/dropdown metode pembayaraan' 

2023-09-29 13:55:51 - [TEST_STEP][PASSED] - selectOptionByValue(findTestObject("Object Repository/sedekah online/sedekah ditunjukan untuk keluarga"), sedekahUntuk, false): All options with value 'Orang Tua' are selected in object 'Object Repository/sedekah online/sedekah ditunjukan untuk keluarga' 

2023-09-29 13:55:52 - [MESSAGE][PASSED] - All options with value 'Orang Tua' are selected in object 'Object Repository/sedekah online/sedekah ditunjukan untuk keluarga' 

2023-09-29 13:55:52 - [TEST_STEP][PASSED] - setText(findTestObject("sedekah online/input isi doa terbaik anda"), doa): Text ' Allah, tidak ada Tuhan (yang berhak disembah) melainkan Dia Yang Hidup kekal lagi terus menerus mengurus (makhluk-Nya); tidak mengantuk dan tidak tidur. Kepunyaan-Nya apa yang di langit dan di bumi.' is set on object 'Object Repository/sedekah online/input isi doa terbaik anda'

2023-09-29 13:55:53 - [MESSAGE][PASSED] - Text ' Allah, tidak ada Tuhan (yang berhak disembah) melainkan Dia Yang Hidup kekal lagi terus menerus mengurus (makhluk-Nya); tidak mengantuk dan tidak tidur. Kepunyaan-Nya apa yang di langit dan di bumi.' is set on object 'Object Repository/sedekah online/input isi doa terbaik anda'

2023-09-29 13:55:53 - [TEST_STEP][PASSED] - setText(findTestObject("sedekah online/input 2 digit terakhir nomor hp"), digitAkhir): Text '34' is set on object 'Object Repository/sedekah online/input 2 digit terakhir nomor hp'

2023-09-29 13:55:54 - [MESSAGE][PASSED] - Text '34' is set on object 'Object Repository/sedekah online/input 2 digit terakhir nomor hp'

2023-09-29 13:55:54 - [TEST_STEP][PASSED] - click(findTestObject("sedekah online/button_Sedekah Sekarang")): Object: 'Object Repository/sedekah online/button_Sedekah Sekarang' is clicked on

2023-09-29 13:55:55 - [MESSAGE][PASSED] - Object: 'Object Repository/sedekah online/button_Sedekah Sekarang' is clicked on

2023-09-29 13:55:55 - [TEST_STEP][PASSED] - webDriver = getWebDriver(): null

2023-09-29 13:55:55 - [TEST_STEP][PASSED] - field_doa = webDriver.findElement(By.xpath("//textarea[@name="doa_terbaik"]")): null

2023-09-29 13:55:56 - [TEST_STEP][PASSED] - validationMessage = executeJavaScript("return arguments[0].validationMessage", Arrays.asList(field_doa)): Execute JavaScript 'return arguments[0].validationMessage' successfully

2023-09-29 13:55:56 - [MESSAGE][PASSED] - Execute JavaScript 'return arguments[0].validationMessage' successfully

2023-09-29 13:55:56 - [TEST_STEP][FAILED] - assert validationMessage == "Maximum length of this field must be equal or greater than 150 symbols": Test Cases/T05 - Sedekah Online/TC-SO-009 FAILED.
Reason:
Assertion failed: 

assert validationMessage == "Maximum length of this field must be equal or greater than 150 symbols"
       |                 |
       ""                false

	at TC-SO-009.run(TC-SO-009:65)
	at com.kms.katalon.core.main.ScriptEngine.run(ScriptEngine.java:194)
	at com.kms.katalon.core.main.ScriptEngine.runScriptAsRawText(ScriptEngine.java:119)
	at com.kms.katalon.core.main.TestCaseExecutor.runScript(TestCaseExecutor.java:448)
	at com.kms.katalon.core.main.TestCaseExecutor.doExecute(TestCaseExecutor.java:439)
	at com.kms.katalon.core.main.TestCaseExecutor.processExecutionPhase(TestCaseExecutor.java:418)
	at com.kms.katalon.core.main.TestCaseExecutor.accessMainPhase(TestCaseExecutor.java:410)
	at com.kms.katalon.core.main.TestCaseExecutor.execute(TestCaseExecutor.java:285)
	at com.kms.katalon.core.common.CommonExecutor.accessTestCaseMainPhase(CommonExecutor.java:65)
	at com.kms.katalon.core.main.TestSuiteExecutor.accessTestSuiteMainPhase(TestSuiteExecutor.java:148)
	at com.kms.katalon.core.main.TestSuiteExecutor.execute(TestSuiteExecutor.java:106)
	at com.kms.katalon.core.main.TestCaseMain.startTestSuite(TestCaseMain.java:187)
	at com.kms.katalon.core.main.TestCaseMain$startTestSuite$0.call(Unknown Source)
	at TempTestSuite1695970338406.run(TempTestSuite1695970338406.groovy:36)


2023-09-29 13:55:56 - [MESSAGE][FAILED] - Test Cases/T05 - Sedekah Online/TC-SO-009 FAILED.
Reason:
Assertion failed: 

assert validationMessage == "Maximum length of this field must be equal or greater than 150 symbols"
       |                 |
       ""                false

	at TC-SO-009.run(TC-SO-009:65)
	at com.kms.katalon.core.main.ScriptEngine.run(ScriptEngine.java:194)
	at com.kms.katalon.core.main.ScriptEngine.runScriptAsRawText(ScriptEngine.java:119)
	at com.kms.katalon.core.main.TestCaseExecutor.runScript(TestCaseExecutor.java:448)
	at com.kms.katalon.core.main.TestCaseExecutor.doExecute(TestCaseExecutor.java:439)
	at com.kms.katalon.core.main.TestCaseExecutor.processExecutionPhase(TestCaseExecutor.java:418)
	at com.kms.katalon.core.main.TestCaseExecutor.accessMainPhase(TestCaseExecutor.java:410)
	at com.kms.katalon.core.main.TestCaseExecutor.execute(TestCaseExecutor.java:285)
	at com.kms.katalon.core.common.CommonExecutor.accessTestCaseMainPhase(CommonExecutor.java:65)
	at com.kms.katalon.core.main.TestSuiteExecutor.accessTestSuiteMainPhase(TestSuiteExecutor.java:148)
	at com.kms.katalon.core.main.TestSuiteExecutor.execute(TestSuiteExecutor.java:106)
	at com.kms.katalon.core.main.TestCaseMain.startTestSuite(TestCaseMain.java:187)
	at com.kms.katalon.core.main.TestCaseMain$startTestSuite$0.call(Unknown Source)
	at TempTestSuite1695970338406.run(TempTestSuite1695970338406.groovy:36)]]></system-out>
         <system-err><![CDATA[2023-09-29 13:55:32 - [TEST_CASE][FAILED] - Test Cases/T05 - Sedekah Online/TC-SO-009: Test Cases/T05 - Sedekah Online/TC-SO-009 FAILED.
Reason:
Assertion failed: 

assert validationMessage == "Maximum length of this field must be equal or greater than 150 symbols"
       |                 |
       ""                false

	at TC-SO-009.run(TC-SO-009:65)
	at com.kms.katalon.core.main.ScriptEngine.run(ScriptEngine.java:194)
	at com.kms.katalon.core.main.ScriptEngine.runScriptAsRawText(ScriptEngine.java:119)
	at com.kms.katalon.core.main.TestCaseExecutor.runScript(TestCaseExecutor.java:448)
	at com.kms.katalon.core.main.TestCaseExecutor.doExecute(TestCaseExecutor.java:439)
	at com.kms.katalon.core.main.TestCaseExecutor.processExecutionPhase(TestCaseExecutor.java:418)
	at com.kms.katalon.core.main.TestCaseExecutor.accessMainPhase(TestCaseExecutor.java:410)
	at com.kms.katalon.core.main.TestCaseExecutor.execute(TestCaseExecutor.java:285)
	at com.kms.katalon.core.common.CommonExecutor.accessTestCaseMainPhase(CommonExecutor.java:65)
	at com.kms.katalon.core.main.TestSuiteExecutor.accessTestSuiteMainPhase(TestSuiteExecutor.java:148)
	at com.kms.katalon.core.main.TestSuiteExecutor.execute(TestSuiteExecutor.java:106)
	at com.kms.katalon.core.main.TestCaseMain.startTestSuite(TestCaseMain.java:187)
	at com.kms.katalon.core.main.TestCaseMain$startTestSuite$0.call(Unknown Source)
	at TempTestSuite1695970338406.run(TempTestSuite1695970338406.groovy:36)]]></system-err>
      </testcase>
      <testcase name="Test Cases/T05 - Sedekah Online/TC-SO-010" time="25.511" classname="Test Cases/T05 - Sedekah Online/TC-SO-010" status="PASSED">
         <system-out><![CDATA[2023-09-29 13:55:56 - [TEST_CASE][PASSED] - Test Cases/T05 - Sedekah Online/TC-SO-010: Test Cases/T05 - Sedekah Online/TC-SO-010

2023-09-29 13:55:58 - [TEST_STEP][PASSED] - openBrowser(urlWeb): Browser is opened with url: 'https://10.9.2.63/ecommerce/'

2023-09-29 13:55:58 - [MESSAGE][WARNING] - A browser is already opened. Closing browser and opening a new one

2023-09-29 13:56:00 - [MESSAGE][INFO] - Starting 'Firefox' driver

2023-09-29 13:56:00 - [MESSAGE][INFO] - Action delay is set to 0 milliseconds

2023-09-29 13:56:09 - [MESSAGE][PASSED] - Browser is opened with url: 'https://10.9.2.63/ecommerce/'

2023-09-29 13:56:09 - [TEST_STEP][PASSED] - maximizeWindow(): Current window maximized

2023-09-29 13:56:09 - [MESSAGE][PASSED] - Current window maximized

2023-09-29 13:56:09 - [TEST_STEP][PASSED] - verifyElementPresent(findTestObject("verifikasi masuk website tajalapk"), 0): Object 'Object Repository/verifikasi masuk website tajalapk' is present

2023-09-29 13:56:09 - [MESSAGE][WARNING] - Timeout '0' is invalid. Using default page load timeout: '30'

2023-09-29 13:56:09 - [MESSAGE][PASSED] - Object 'Object Repository/verifikasi masuk website tajalapk' is present

2023-09-29 13:56:09 - [TEST_STEP][PASSED] - click(findTestObject("sedekah online/a_Donasi (di halaman utama)")): Object: 'Object Repository/sedekah online/a_Donasi (di halaman utama)' is clicked on

2023-09-29 13:56:10 - [MESSAGE][PASSED] - Object: 'Object Repository/sedekah online/a_Donasi (di halaman utama)' is clicked on

2023-09-29 13:56:10 - [TEST_STEP][PASSED] - verifyElementClickable(findTestObject("sedekah online/a_Sedekah Online"), STOP_ON_FAILURE): Object 'Object Repository/sedekah online/a_Sedekah Online' is clickable

2023-09-29 13:56:10 - [MESSAGE][PASSED] - Object 'Object Repository/sedekah online/a_Sedekah Online' is clickable

2023-09-29 13:56:10 - [TEST_STEP][PASSED] - click(findTestObject("sedekah online/a_Sedekah Online")): Object: 'Object Repository/sedekah online/a_Sedekah Online' is clicked on

2023-09-29 13:56:12 - [MESSAGE][PASSED] - Object: 'Object Repository/sedekah online/a_Sedekah Online' is clicked on

2023-09-29 13:56:12 - [TEST_STEP][PASSED] - verifyElementPresent(findTestObject("sedekah online/verifikasi halaman sedekah Online"), 0): Object 'Object Repository/sedekah online/verifikasi halaman sedekah Online' is present

2023-09-29 13:56:12 - [MESSAGE][WARNING] - Timeout '0' is invalid. Using default page load timeout: '30'

2023-09-29 13:56:12 - [MESSAGE][PASSED] - Object 'Object Repository/sedekah online/verifikasi halaman sedekah Online' is present

2023-09-29 13:56:12 - [TEST_STEP][PASSED] - setText(findTestObject("sedekah online/input_Sedekah"), NominalSedekah): Text '25000' is set on object 'Object Repository/sedekah online/input_Sedekah'

2023-09-29 13:56:13 - [MESSAGE][PASSED] - Text '25000' is set on object 'Object Repository/sedekah online/input_Sedekah'

2023-09-29 13:56:13 - [TEST_STEP][PASSED] - setText(findTestObject("sedekah online/input_Nama lengkap (di sedekah online)"), namaLengkap): Text 'ikana' is set on object 'Object Repository/sedekah online/input_Nama lengkap (di sedekah online)'

2023-09-29 13:56:14 - [MESSAGE][PASSED] - Text 'ikana' is set on object 'Object Repository/sedekah online/input_Nama lengkap (di sedekah online)'

2023-09-29 13:56:14 - [TEST_STEP][PASSED] - setText(findTestObject("sedekah online/input_No Handphone (di sedekah online)"), noHp): Text 'opqwerstuwxy' is set on object 'Object Repository/sedekah online/input_No Handphone (di sedekah online)'

2023-09-29 13:56:15 - [MESSAGE][PASSED] - Text 'opqwerstuwxy' is set on object 'Object Repository/sedekah online/input_No Handphone (di sedekah online)'

2023-09-29 13:56:15 - [TEST_STEP][PASSED] - setText(findTestObject("sedekah online/input_Alamat Email (di sedekah online)"), email): Text 'anata71@gmail.com' is set on object 'Object Repository/sedekah online/input_Alamat Email (di sedekah online)'

2023-09-29 13:56:16 - [MESSAGE][PASSED] - Text 'anata71@gmail.com' is set on object 'Object Repository/sedekah online/input_Alamat Email (di sedekah online)'

2023-09-29 13:56:16 - [TEST_STEP][PASSED] - selectOptionByValue(findTestObject("Object Repository/sedekah online/dropdown metode pembayaraan"), pembayaran, false): All options with value '1' are selected in object 'Object Repository/sedekah online/dropdown metode pembayaraan' 

2023-09-29 13:56:18 - [MESSAGE][PASSED] - All options with value '1' are selected in object 'Object Repository/sedekah online/dropdown metode pembayaraan' 

2023-09-29 13:56:18 - [TEST_STEP][PASSED] - selectOptionByValue(findTestObject("Object Repository/sedekah online/sedekah ditunjukan untuk keluarga"), sedekahUntuk, false): All options with value 'Orang Tua' are selected in object 'Object Repository/sedekah online/sedekah ditunjukan untuk keluarga' 

2023-09-29 13:56:19 - [MESSAGE][PASSED] - All options with value 'Orang Tua' are selected in object 'Object Repository/sedekah online/sedekah ditunjukan untuk keluarga' 

2023-09-29 13:56:19 - [TEST_STEP][PASSED] - setText(findTestObject("sedekah online/input isi doa terbaik anda"), doa): Text 'semoga bermanfaat' is set on object 'Object Repository/sedekah online/input isi doa terbaik anda'

2023-09-29 13:56:20 - [MESSAGE][PASSED] - Text 'semoga bermanfaat' is set on object 'Object Repository/sedekah online/input isi doa terbaik anda'

2023-09-29 13:56:20 - [TEST_STEP][PASSED] - setText(findTestObject("sedekah online/input 2 digit terakhir nomor hp"), digitAkhir): Text 'xy' is set on object 'Object Repository/sedekah online/input 2 digit terakhir nomor hp'

2023-09-29 13:56:21 - [MESSAGE][PASSED] - Text 'xy' is set on object 'Object Repository/sedekah online/input 2 digit terakhir nomor hp'

2023-09-29 13:56:21 - [TEST_STEP][PASSED] - click(findTestObject("sedekah online/button_Sedekah Sekarang")): Object: 'Object Repository/sedekah online/button_Sedekah Sekarang' is clicked on

2023-09-29 13:56:21 - [MESSAGE][PASSED] - Object: 'Object Repository/sedekah online/button_Sedekah Sekarang' is clicked on

2023-09-29 13:56:21 - [TEST_STEP][PASSED] - webDriver = getWebDriver(): null

2023-09-29 13:56:21 - [TEST_STEP][PASSED] - field_no = webDriver.findElement(By.xpath("//input[@name="no_handphone"]")): null

2023-09-29 13:56:22 - [TEST_STEP][PASSED] - error_message = webDriver.executeScript("return arguments[0].validationMessage", field_no): null

2023-09-29 13:56:22 - [TEST_STEP][PASSED] - println(error_message): null

2023-09-29 13:56:22 - [TEST_STEP][PASSED] - assert error_message == "Please enter a number.": null]]></system-out>
         <system-err><![CDATA[]]></system-err>
      </testcase>
      <testcase name="Test Cases/T05 - Sedekah Online/TC-SO-011" time="26.517" classname="Test Cases/T05 - Sedekah Online/TC-SO-011" status="FAILED">
         <failure type="FAILED" message="Test Cases/T05 - Sedekah Online/TC-SO-011 FAILED.
Reason:
Assertion failed: 

assert error_message == &quot;please input an valid number&quot;
       |             |
       &quot;&quot;            false

	at TC-SO-011.run(TC-SO-011:72)
	at com.kms.katalon.core.main.ScriptEngine.run(ScriptEngine.java:194)
	at com.kms.katalon.core.main.ScriptEngine.runScriptAsRawText(ScriptEngine.java:119)
	at com.kms.katalon.core.main.TestCaseExecutor.runScript(TestCaseExecutor.java:448)
	at com.kms.katalon.core.main.TestCaseExecutor.doExecute(TestCaseExecutor.java:439)
	at com.kms.katalon.core.main.TestCaseExecutor.processExecutionPhase(TestCaseExecutor.java:418)
	at com.kms.katalon.core.main.TestCaseExecutor.accessMainPhase(TestCaseExecutor.java:410)
	at com.kms.katalon.core.main.TestCaseExecutor.execute(TestCaseExecutor.java:285)
	at com.kms.katalon.core.common.CommonExecutor.accessTestCaseMainPhase(CommonExecutor.java:65)
	at com.kms.katalon.core.main.TestSuiteExecutor.accessTestSuiteMainPhase(TestSuiteExecutor.java:148)
	at com.kms.katalon.core.main.TestSuiteExecutor.execute(TestSuiteExecutor.java:106)
	at com.kms.katalon.core.main.TestCaseMain.startTestSuite(TestCaseMain.java:187)
	at com.kms.katalon.core.main.TestCaseMain$startTestSuite$0.call(Unknown Source)
	at TempTestSuite1695970338406.run(TempTestSuite1695970338406.groovy:36)
"/>
         <system-out><![CDATA[2023-09-29 13:56:22 - [TEST_CASE][FAILED] - Test Cases/T05 - Sedekah Online/TC-SO-011: Test Cases/T05 - Sedekah Online/TC-SO-011 FAILED.
Reason:
Assertion failed: 

assert error_message == "please input an valid number"
       |             |
       ""            false

	at TC-SO-011.run(TC-SO-011:72)
	at com.kms.katalon.core.main.ScriptEngine.run(ScriptEngine.java:194)
	at com.kms.katalon.core.main.ScriptEngine.runScriptAsRawText(ScriptEngine.java:119)
	at com.kms.katalon.core.main.TestCaseExecutor.runScript(TestCaseExecutor.java:448)
	at com.kms.katalon.core.main.TestCaseExecutor.doExecute(TestCaseExecutor.java:439)
	at com.kms.katalon.core.main.TestCaseExecutor.processExecutionPhase(TestCaseExecutor.java:418)
	at com.kms.katalon.core.main.TestCaseExecutor.accessMainPhase(TestCaseExecutor.java:410)
	at com.kms.katalon.core.main.TestCaseExecutor.execute(TestCaseExecutor.java:285)
	at com.kms.katalon.core.common.CommonExecutor.accessTestCaseMainPhase(CommonExecutor.java:65)
	at com.kms.katalon.core.main.TestSuiteExecutor.accessTestSuiteMainPhase(TestSuiteExecutor.java:148)
	at com.kms.katalon.core.main.TestSuiteExecutor.execute(TestSuiteExecutor.java:106)
	at com.kms.katalon.core.main.TestCaseMain.startTestSuite(TestCaseMain.java:187)
	at com.kms.katalon.core.main.TestCaseMain$startTestSuite$0.call(Unknown Source)
	at TempTestSuite1695970338406.run(TempTestSuite1695970338406.groovy:36)


2023-09-29 13:56:24 - [TEST_STEP][PASSED] - openBrowser(urlWeb): Browser is opened with url: 'https://10.9.2.63/ecommerce/'

2023-09-29 13:56:24 - [MESSAGE][WARNING] - A browser is already opened. Closing browser and opening a new one

2023-09-29 13:56:25 - [MESSAGE][INFO] - Starting 'Firefox' driver

2023-09-29 13:56:25 - [MESSAGE][INFO] - Action delay is set to 0 milliseconds

2023-09-29 13:56:34 - [MESSAGE][PASSED] - Browser is opened with url: 'https://10.9.2.63/ecommerce/'

2023-09-29 13:56:34 - [TEST_STEP][PASSED] - maximizeWindow(): Current window maximized

2023-09-29 13:56:34 - [MESSAGE][PASSED] - Current window maximized

2023-09-29 13:56:34 - [TEST_STEP][PASSED] - verifyElementPresent(findTestObject("verifikasi masuk website tajalapk"), 0): Object 'Object Repository/verifikasi masuk website tajalapk' is present

2023-09-29 13:56:35 - [MESSAGE][WARNING] - Timeout '0' is invalid. Using default page load timeout: '30'

2023-09-29 13:56:35 - [MESSAGE][PASSED] - Object 'Object Repository/verifikasi masuk website tajalapk' is present

2023-09-29 13:56:35 - [TEST_STEP][PASSED] - click(findTestObject("sedekah online/a_Donasi (di halaman utama)")): Object: 'Object Repository/sedekah online/a_Donasi (di halaman utama)' is clicked on

2023-09-29 13:56:36 - [MESSAGE][PASSED] - Object: 'Object Repository/sedekah online/a_Donasi (di halaman utama)' is clicked on

2023-09-29 13:56:36 - [TEST_STEP][PASSED] - verifyElementClickable(findTestObject("sedekah online/a_Sedekah Online"), STOP_ON_FAILURE): Object 'Object Repository/sedekah online/a_Sedekah Online' is clickable

2023-09-29 13:56:36 - [MESSAGE][PASSED] - Object 'Object Repository/sedekah online/a_Sedekah Online' is clickable

2023-09-29 13:56:36 - [TEST_STEP][PASSED] - click(findTestObject("sedekah online/a_Sedekah Online")): Object: 'Object Repository/sedekah online/a_Sedekah Online' is clicked on

2023-09-29 13:56:37 - [MESSAGE][PASSED] - Object: 'Object Repository/sedekah online/a_Sedekah Online' is clicked on

2023-09-29 13:56:37 - [TEST_STEP][PASSED] - verifyElementPresent(findTestObject("sedekah online/verifikasi halaman sedekah Online"), 0): Object 'Object Repository/sedekah online/verifikasi halaman sedekah Online' is present

2023-09-29 13:56:38 - [MESSAGE][WARNING] - Timeout '0' is invalid. Using default page load timeout: '30'

2023-09-29 13:56:38 - [MESSAGE][PASSED] - Object 'Object Repository/sedekah online/verifikasi halaman sedekah Online' is present

2023-09-29 13:56:38 - [TEST_STEP][PASSED] - setText(findTestObject("sedekah online/input_Sedekah"), NominalSedekah): Text '-25000' is set on object 'Object Repository/sedekah online/input_Sedekah'

2023-09-29 13:56:39 - [MESSAGE][PASSED] - Text '-25000' is set on object 'Object Repository/sedekah online/input_Sedekah'

2023-09-29 13:56:39 - [TEST_STEP][PASSED] - setText(findTestObject("sedekah online/input_Nama lengkap (di sedekah online)"), namaLengkap): Text 'ikana' is set on object 'Object Repository/sedekah online/input_Nama lengkap (di sedekah online)'

2023-09-29 13:56:40 - [MESSAGE][PASSED] - Text 'ikana' is set on object 'Object Repository/sedekah online/input_Nama lengkap (di sedekah online)'

2023-09-29 13:56:40 - [TEST_STEP][PASSED] - setText(findTestObject("sedekah online/input_No Handphone (di sedekah online)"), noHp): Text '086754321234' is set on object 'Object Repository/sedekah online/input_No Handphone (di sedekah online)'

2023-09-29 13:56:41 - [MESSAGE][PASSED] - Text '086754321234' is set on object 'Object Repository/sedekah online/input_No Handphone (di sedekah online)'

2023-09-29 13:56:41 - [TEST_STEP][PASSED] - setText(findTestObject("sedekah online/input_Alamat Email (di sedekah online)"), email): Text 'anata71@gmail.com' is set on object 'Object Repository/sedekah online/input_Alamat Email (di sedekah online)'

2023-09-29 13:56:42 - [MESSAGE][PASSED] - Text 'anata71@gmail.com' is set on object 'Object Repository/sedekah online/input_Alamat Email (di sedekah online)'

2023-09-29 13:56:42 - [TEST_STEP][PASSED] - selectOptionByValue(findTestObject("Object Repository/sedekah online/dropdown metode pembayaraan"), pembayaran, false): All options with value '1' are selected in object 'Object Repository/sedekah online/dropdown metode pembayaraan' 

2023-09-29 13:56:43 - [MESSAGE][PASSED] - All options with value '1' are selected in object 'Object Repository/sedekah online/dropdown metode pembayaraan' 

2023-09-29 13:56:43 - [TEST_STEP][PASSED] - selectOptionByValue(findTestObject("Object Repository/sedekah online/sedekah ditunjukan untuk keluarga"), sedekahUntuk, false): All options with value 'Orang Tua' are selected in object 'Object Repository/sedekah online/sedekah ditunjukan untuk keluarga' 

2023-09-29 13:56:44 - [MESSAGE][PASSED] - All options with value 'Orang Tua' are selected in object 'Object Repository/sedekah online/sedekah ditunjukan untuk keluarga' 

2023-09-29 13:56:44 - [TEST_STEP][PASSED] - setText(findTestObject("sedekah online/input isi doa terbaik anda"), doa): Text 'Semoga Bermanfaat' is set on object 'Object Repository/sedekah online/input isi doa terbaik anda'

2023-09-29 13:56:45 - [MESSAGE][PASSED] - Text 'Semoga Bermanfaat' is set on object 'Object Repository/sedekah online/input isi doa terbaik anda'

2023-09-29 13:56:45 - [TEST_STEP][PASSED] - setText(findTestObject("sedekah online/input 2 digit terakhir nomor hp"), digitAkhir): Text '34' is set on object 'Object Repository/sedekah online/input 2 digit terakhir nomor hp'

2023-09-29 13:56:46 - [MESSAGE][PASSED] - Text '34' is set on object 'Object Repository/sedekah online/input 2 digit terakhir nomor hp'

2023-09-29 13:56:46 - [TEST_STEP][PASSED] - click(findTestObject("sedekah online/button_Sedekah Sekarang")): Object: 'Object Repository/sedekah online/button_Sedekah Sekarang' is clicked on

2023-09-29 13:56:48 - [MESSAGE][PASSED] - Object: 'Object Repository/sedekah online/button_Sedekah Sekarang' is clicked on

2023-09-29 13:56:48 - [TEST_STEP][PASSED] - webDriver = getWebDriver(): null

2023-09-29 13:56:48 - [TEST_STEP][PASSED] - field_sedekah = webDriver.findElement(By.xpath("//input[@name="nominal"]")): null

2023-09-29 13:56:48 - [TEST_STEP][PASSED] - error_message = webDriver.executeScript("return arguments[0].validationMessage", field_sedekah): null

2023-09-29 13:56:48 - [TEST_STEP][PASSED] - println(error_message): null

2023-09-29 13:56:48 - [TEST_STEP][FAILED] - assert error_message == "please input an valid number": Test Cases/T05 - Sedekah Online/TC-SO-011 FAILED.
Reason:
Assertion failed: 

assert error_message == "please input an valid number"
       |             |
       ""            false

	at TC-SO-011.run(TC-SO-011:72)
	at com.kms.katalon.core.main.ScriptEngine.run(ScriptEngine.java:194)
	at com.kms.katalon.core.main.ScriptEngine.runScriptAsRawText(ScriptEngine.java:119)
	at com.kms.katalon.core.main.TestCaseExecutor.runScript(TestCaseExecutor.java:448)
	at com.kms.katalon.core.main.TestCaseExecutor.doExecute(TestCaseExecutor.java:439)
	at com.kms.katalon.core.main.TestCaseExecutor.processExecutionPhase(TestCaseExecutor.java:418)
	at com.kms.katalon.core.main.TestCaseExecutor.accessMainPhase(TestCaseExecutor.java:410)
	at com.kms.katalon.core.main.TestCaseExecutor.execute(TestCaseExecutor.java:285)
	at com.kms.katalon.core.common.CommonExecutor.accessTestCaseMainPhase(CommonExecutor.java:65)
	at com.kms.katalon.core.main.TestSuiteExecutor.accessTestSuiteMainPhase(TestSuiteExecutor.java:148)
	at com.kms.katalon.core.main.TestSuiteExecutor.execute(TestSuiteExecutor.java:106)
	at com.kms.katalon.core.main.TestCaseMain.startTestSuite(TestCaseMain.java:187)
	at com.kms.katalon.core.main.TestCaseMain$startTestSuite$0.call(Unknown Source)
	at TempTestSuite1695970338406.run(TempTestSuite1695970338406.groovy:36)


2023-09-29 13:56:48 - [MESSAGE][FAILED] - Test Cases/T05 - Sedekah Online/TC-SO-011 FAILED.
Reason:
Assertion failed: 

assert error_message == "please input an valid number"
       |             |
       ""            false

	at TC-SO-011.run(TC-SO-011:72)
	at com.kms.katalon.core.main.ScriptEngine.run(ScriptEngine.java:194)
	at com.kms.katalon.core.main.ScriptEngine.runScriptAsRawText(ScriptEngine.java:119)
	at com.kms.katalon.core.main.TestCaseExecutor.runScript(TestCaseExecutor.java:448)
	at com.kms.katalon.core.main.TestCaseExecutor.doExecute(TestCaseExecutor.java:439)
	at com.kms.katalon.core.main.TestCaseExecutor.processExecutionPhase(TestCaseExecutor.java:418)
	at com.kms.katalon.core.main.TestCaseExecutor.accessMainPhase(TestCaseExecutor.java:410)
	at com.kms.katalon.core.main.TestCaseExecutor.execute(TestCaseExecutor.java:285)
	at com.kms.katalon.core.common.CommonExecutor.accessTestCaseMainPhase(CommonExecutor.java:65)
	at com.kms.katalon.core.main.TestSuiteExecutor.accessTestSuiteMainPhase(TestSuiteExecutor.java:148)
	at com.kms.katalon.core.main.TestSuiteExecutor.execute(TestSuiteExecutor.java:106)
	at com.kms.katalon.core.main.TestCaseMain.startTestSuite(TestCaseMain.java:187)
	at com.kms.katalon.core.main.TestCaseMain$startTestSuite$0.call(Unknown Source)
	at TempTestSuite1695970338406.run(TempTestSuite1695970338406.groovy:36)]]></system-out>
         <system-err><![CDATA[2023-09-29 13:56:22 - [TEST_CASE][FAILED] - Test Cases/T05 - Sedekah Online/TC-SO-011: Test Cases/T05 - Sedekah Online/TC-SO-011 FAILED.
Reason:
Assertion failed: 

assert error_message == "please input an valid number"
       |             |
       ""            false

	at TC-SO-011.run(TC-SO-011:72)
	at com.kms.katalon.core.main.ScriptEngine.run(ScriptEngine.java:194)
	at com.kms.katalon.core.main.ScriptEngine.runScriptAsRawText(ScriptEngine.java:119)
	at com.kms.katalon.core.main.TestCaseExecutor.runScript(TestCaseExecutor.java:448)
	at com.kms.katalon.core.main.TestCaseExecutor.doExecute(TestCaseExecutor.java:439)
	at com.kms.katalon.core.main.TestCaseExecutor.processExecutionPhase(TestCaseExecutor.java:418)
	at com.kms.katalon.core.main.TestCaseExecutor.accessMainPhase(TestCaseExecutor.java:410)
	at com.kms.katalon.core.main.TestCaseExecutor.execute(TestCaseExecutor.java:285)
	at com.kms.katalon.core.common.CommonExecutor.accessTestCaseMainPhase(CommonExecutor.java:65)
	at com.kms.katalon.core.main.TestSuiteExecutor.accessTestSuiteMainPhase(TestSuiteExecutor.java:148)
	at com.kms.katalon.core.main.TestSuiteExecutor.execute(TestSuiteExecutor.java:106)
	at com.kms.katalon.core.main.TestCaseMain.startTestSuite(TestCaseMain.java:187)
	at com.kms.katalon.core.main.TestCaseMain$startTestSuite$0.call(Unknown Source)
	at TempTestSuite1695970338406.run(TempTestSuite1695970338406.groovy:36)]]></system-err>
      </testcase>
      <testcase name="Test Cases/T05 - Sedekah Online/TC-SO-012" time="25.191" classname="Test Cases/T05 - Sedekah Online/TC-SO-012" status="FAILED">
         <failure type="FAILED" message="Test Cases/T05 - Sedekah Online/TC-SO-012 FAILED.
Reason:
Assertion failed: 

assert error_message == &quot;please enter an alphabet&quot;
       |             |
       |             false
       Please fill out this field.

	at TC-SO-012.run(TC-SO-012:72)
	at com.kms.katalon.core.main.ScriptEngine.run(ScriptEngine.java:194)
	at com.kms.katalon.core.main.ScriptEngine.runScriptAsRawText(ScriptEngine.java:119)
	at com.kms.katalon.core.main.TestCaseExecutor.runScript(TestCaseExecutor.java:448)
	at com.kms.katalon.core.main.TestCaseExecutor.doExecute(TestCaseExecutor.java:439)
	at com.kms.katalon.core.main.TestCaseExecutor.processExecutionPhase(TestCaseExecutor.java:418)
	at com.kms.katalon.core.main.TestCaseExecutor.accessMainPhase(TestCaseExecutor.java:410)
	at com.kms.katalon.core.main.TestCaseExecutor.execute(TestCaseExecutor.java:285)
	at com.kms.katalon.core.common.CommonExecutor.accessTestCaseMainPhase(CommonExecutor.java:65)
	at com.kms.katalon.core.main.TestSuiteExecutor.accessTestSuiteMainPhase(TestSuiteExecutor.java:148)
	at com.kms.katalon.core.main.TestSuiteExecutor.execute(TestSuiteExecutor.java:106)
	at com.kms.katalon.core.main.TestCaseMain.startTestSuite(TestCaseMain.java:187)
	at com.kms.katalon.core.main.TestCaseMain$startTestSuite$0.call(Unknown Source)
	at TempTestSuite1695970338406.run(TempTestSuite1695970338406.groovy:36)
"/>
         <system-out><![CDATA[2023-09-29 13:56:48 - [TEST_CASE][FAILED] - Test Cases/T05 - Sedekah Online/TC-SO-012: Test Cases/T05 - Sedekah Online/TC-SO-012 FAILED.
Reason:
Assertion failed: 

assert error_message == "please enter an alphabet"
       |             |
       |             false
       Please fill out this field.

	at TC-SO-012.run(TC-SO-012:72)
	at com.kms.katalon.core.main.ScriptEngine.run(ScriptEngine.java:194)
	at com.kms.katalon.core.main.ScriptEngine.runScriptAsRawText(ScriptEngine.java:119)
	at com.kms.katalon.core.main.TestCaseExecutor.runScript(TestCaseExecutor.java:448)
	at com.kms.katalon.core.main.TestCaseExecutor.doExecute(TestCaseExecutor.java:439)
	at com.kms.katalon.core.main.TestCaseExecutor.processExecutionPhase(TestCaseExecutor.java:418)
	at com.kms.katalon.core.main.TestCaseExecutor.accessMainPhase(TestCaseExecutor.java:410)
	at com.kms.katalon.core.main.TestCaseExecutor.execute(TestCaseExecutor.java:285)
	at com.kms.katalon.core.common.CommonExecutor.accessTestCaseMainPhase(CommonExecutor.java:65)
	at com.kms.katalon.core.main.TestSuiteExecutor.accessTestSuiteMainPhase(TestSuiteExecutor.java:148)
	at com.kms.katalon.core.main.TestSuiteExecutor.execute(TestSuiteExecutor.java:106)
	at com.kms.katalon.core.main.TestCaseMain.startTestSuite(TestCaseMain.java:187)
	at com.kms.katalon.core.main.TestCaseMain$startTestSuite$0.call(Unknown Source)
	at TempTestSuite1695970338406.run(TempTestSuite1695970338406.groovy:36)


2023-09-29 13:56:51 - [TEST_STEP][PASSED] - openBrowser(urlWeb): Browser is opened with url: 'https://10.9.2.63/ecommerce/'

2023-09-29 13:56:51 - [MESSAGE][WARNING] - A browser is already opened. Closing browser and opening a new one

2023-09-29 13:56:52 - [MESSAGE][INFO] - Starting 'Firefox' driver

2023-09-29 13:56:52 - [MESSAGE][INFO] - Action delay is set to 0 milliseconds

2023-09-29 13:57:00 - [MESSAGE][PASSED] - Browser is opened with url: 'https://10.9.2.63/ecommerce/'

2023-09-29 13:57:00 - [TEST_STEP][PASSED] - maximizeWindow(): Current window maximized

2023-09-29 13:57:00 - [MESSAGE][PASSED] - Current window maximized

2023-09-29 13:57:00 - [TEST_STEP][PASSED] - verifyElementPresent(findTestObject("verifikasi masuk website tajalapk"), 0): Object 'Object Repository/verifikasi masuk website tajalapk' is present

2023-09-29 13:57:00 - [MESSAGE][WARNING] - Timeout '0' is invalid. Using default page load timeout: '30'

2023-09-29 13:57:00 - [MESSAGE][PASSED] - Object 'Object Repository/verifikasi masuk website tajalapk' is present

2023-09-29 13:57:00 - [TEST_STEP][PASSED] - click(findTestObject("sedekah online/a_Donasi (di halaman utama)")): Object: 'Object Repository/sedekah online/a_Donasi (di halaman utama)' is clicked on

2023-09-29 13:57:01 - [MESSAGE][PASSED] - Object: 'Object Repository/sedekah online/a_Donasi (di halaman utama)' is clicked on

2023-09-29 13:57:01 - [TEST_STEP][PASSED] - verifyElementClickable(findTestObject("sedekah online/a_Sedekah Online"), STOP_ON_FAILURE): Object 'Object Repository/sedekah online/a_Sedekah Online' is clickable

2023-09-29 13:57:02 - [MESSAGE][PASSED] - Object 'Object Repository/sedekah online/a_Sedekah Online' is clickable

2023-09-29 13:57:02 - [TEST_STEP][PASSED] - click(findTestObject("sedekah online/a_Sedekah Online")): Object: 'Object Repository/sedekah online/a_Sedekah Online' is clicked on

2023-09-29 13:57:03 - [MESSAGE][PASSED] - Object: 'Object Repository/sedekah online/a_Sedekah Online' is clicked on

2023-09-29 13:57:03 - [TEST_STEP][PASSED] - verifyElementPresent(findTestObject("sedekah online/verifikasi halaman sedekah Online"), 0): Object 'Object Repository/sedekah online/verifikasi halaman sedekah Online' is present

2023-09-29 13:57:03 - [MESSAGE][WARNING] - Timeout '0' is invalid. Using default page load timeout: '30'

2023-09-29 13:57:03 - [MESSAGE][PASSED] - Object 'Object Repository/sedekah online/verifikasi halaman sedekah Online' is present

2023-09-29 13:57:03 - [TEST_STEP][PASSED] - setText(findTestObject("sedekah online/input_Sedekah"), NominalSedekah): Text '25000' is set on object 'Object Repository/sedekah online/input_Sedekah'

2023-09-29 13:57:04 - [MESSAGE][PASSED] - Text '25000' is set on object 'Object Repository/sedekah online/input_Sedekah'

2023-09-29 13:57:04 - [TEST_STEP][PASSED] - setText(findTestObject("sedekah online/input_Nama lengkap (di sedekah online)"), namaLengkap): Text '!$#@()+_' is set on object 'Object Repository/sedekah online/input_Nama lengkap (di sedekah online)'

2023-09-29 13:57:05 - [MESSAGE][PASSED] - Text '!$#@()+_' is set on object 'Object Repository/sedekah online/input_Nama lengkap (di sedekah online)'

2023-09-29 13:57:05 - [TEST_STEP][PASSED] - setText(findTestObject("sedekah online/input_No Handphone (di sedekah online)"), noHp): Text '086754321234' is set on object 'Object Repository/sedekah online/input_No Handphone (di sedekah online)'

2023-09-29 13:57:06 - [MESSAGE][PASSED] - Text '086754321234' is set on object 'Object Repository/sedekah online/input_No Handphone (di sedekah online)'

2023-09-29 13:57:06 - [TEST_STEP][PASSED] - setText(findTestObject("sedekah online/input_Alamat Email (di sedekah online)"), email): Text 'anata71@gmail.com' is set on object 'Object Repository/sedekah online/input_Alamat Email (di sedekah online)'

2023-09-29 13:57:08 - [MESSAGE][PASSED] - Text 'anata71@gmail.com' is set on object 'Object Repository/sedekah online/input_Alamat Email (di sedekah online)'

2023-09-29 13:57:08 - [TEST_STEP][PASSED] - selectOptionByValue(findTestObject("Object Repository/sedekah online/dropdown metode pembayaraan"), pembayaran, false): All options with value '1' are selected in object 'Object Repository/sedekah online/dropdown metode pembayaraan' 

2023-09-29 13:57:09 - [MESSAGE][PASSED] - All options with value '1' are selected in object 'Object Repository/sedekah online/dropdown metode pembayaraan' 

2023-09-29 13:57:09 - [TEST_STEP][PASSED] - selectOptionByValue(findTestObject("Object Repository/sedekah online/sedekah ditunjukan untuk keluarga"), sedekahUntuk, false): All options with value 'Orang Tua' are selected in object 'Object Repository/sedekah online/sedekah ditunjukan untuk keluarga' 

2023-09-29 13:57:10 - [MESSAGE][PASSED] - All options with value 'Orang Tua' are selected in object 'Object Repository/sedekah online/sedekah ditunjukan untuk keluarga' 

2023-09-29 13:57:10 - [TEST_STEP][PASSED] - setText(findTestObject("sedekah online/input isi doa terbaik anda"), doa): Text 'Semoga Bermanfaat' is set on object 'Object Repository/sedekah online/input isi doa terbaik anda'

2023-09-29 13:57:11 - [MESSAGE][PASSED] - Text 'Semoga Bermanfaat' is set on object 'Object Repository/sedekah online/input isi doa terbaik anda'

2023-09-29 13:57:11 - [TEST_STEP][PASSED] - setText(findTestObject("sedekah online/input 2 digit terakhir nomor hp"), digitAkhir): Text '34' is set on object 'Object Repository/sedekah online/input 2 digit terakhir nomor hp'

2023-09-29 13:57:12 - [MESSAGE][PASSED] - Text '34' is set on object 'Object Repository/sedekah online/input 2 digit terakhir nomor hp'

2023-09-29 13:57:12 - [TEST_STEP][PASSED] - click(findTestObject("sedekah online/button_Sedekah Sekarang")): Object: 'Object Repository/sedekah online/button_Sedekah Sekarang' is clicked on

2023-09-29 13:57:13 - [MESSAGE][PASSED] - Object: 'Object Repository/sedekah online/button_Sedekah Sekarang' is clicked on

2023-09-29 13:57:13 - [TEST_STEP][PASSED] - webDriver = getWebDriver(): null

2023-09-29 13:57:13 - [TEST_STEP][PASSED] - field_username = webDriver.findElement(By.xpath("//input[@name="nama_lengkap"]")): null

2023-09-29 13:57:14 - [TEST_STEP][PASSED] - error_message = webDriver.executeScript("return arguments[0].validationMessage", field_username): null

2023-09-29 13:57:14 - [TEST_STEP][PASSED] - println(error_message): null

2023-09-29 13:57:14 - [TEST_STEP][FAILED] - assert error_message == "please enter an alphabet": Test Cases/T05 - Sedekah Online/TC-SO-012 FAILED.
Reason:
Assertion failed: 

assert error_message == "please enter an alphabet"
       |             |
       |             false
       Please fill out this field.

	at TC-SO-012.run(TC-SO-012:72)
	at com.kms.katalon.core.main.ScriptEngine.run(ScriptEngine.java:194)
	at com.kms.katalon.core.main.ScriptEngine.runScriptAsRawText(ScriptEngine.java:119)
	at com.kms.katalon.core.main.TestCaseExecutor.runScript(TestCaseExecutor.java:448)
	at com.kms.katalon.core.main.TestCaseExecutor.doExecute(TestCaseExecutor.java:439)
	at com.kms.katalon.core.main.TestCaseExecutor.processExecutionPhase(TestCaseExecutor.java:418)
	at com.kms.katalon.core.main.TestCaseExecutor.accessMainPhase(TestCaseExecutor.java:410)
	at com.kms.katalon.core.main.TestCaseExecutor.execute(TestCaseExecutor.java:285)
	at com.kms.katalon.core.common.CommonExecutor.accessTestCaseMainPhase(CommonExecutor.java:65)
	at com.kms.katalon.core.main.TestSuiteExecutor.accessTestSuiteMainPhase(TestSuiteExecutor.java:148)
	at com.kms.katalon.core.main.TestSuiteExecutor.execute(TestSuiteExecutor.java:106)
	at com.kms.katalon.core.main.TestCaseMain.startTestSuite(TestCaseMain.java:187)
	at com.kms.katalon.core.main.TestCaseMain$startTestSuite$0.call(Unknown Source)
	at TempTestSuite1695970338406.run(TempTestSuite1695970338406.groovy:36)


2023-09-29 13:57:14 - [MESSAGE][FAILED] - Test Cases/T05 - Sedekah Online/TC-SO-012 FAILED.
Reason:
Assertion failed: 

assert error_message == "please enter an alphabet"
       |             |
       |             false
       Please fill out this field.

	at TC-SO-012.run(TC-SO-012:72)
	at com.kms.katalon.core.main.ScriptEngine.run(ScriptEngine.java:194)
	at com.kms.katalon.core.main.ScriptEngine.runScriptAsRawText(ScriptEngine.java:119)
	at com.kms.katalon.core.main.TestCaseExecutor.runScript(TestCaseExecutor.java:448)
	at com.kms.katalon.core.main.TestCaseExecutor.doExecute(TestCaseExecutor.java:439)
	at com.kms.katalon.core.main.TestCaseExecutor.processExecutionPhase(TestCaseExecutor.java:418)
	at com.kms.katalon.core.main.TestCaseExecutor.accessMainPhase(TestCaseExecutor.java:410)
	at com.kms.katalon.core.main.TestCaseExecutor.execute(TestCaseExecutor.java:285)
	at com.kms.katalon.core.common.CommonExecutor.accessTestCaseMainPhase(CommonExecutor.java:65)
	at com.kms.katalon.core.main.TestSuiteExecutor.accessTestSuiteMainPhase(TestSuiteExecutor.java:148)
	at com.kms.katalon.core.main.TestSuiteExecutor.execute(TestSuiteExecutor.java:106)
	at com.kms.katalon.core.main.TestCaseMain.startTestSuite(TestCaseMain.java:187)
	at com.kms.katalon.core.main.TestCaseMain$startTestSuite$0.call(Unknown Source)
	at TempTestSuite1695970338406.run(TempTestSuite1695970338406.groovy:36)]]></system-out>
         <system-err><![CDATA[2023-09-29 13:56:48 - [TEST_CASE][FAILED] - Test Cases/T05 - Sedekah Online/TC-SO-012: Test Cases/T05 - Sedekah Online/TC-SO-012 FAILED.
Reason:
Assertion failed: 

assert error_message == "please enter an alphabet"
       |             |
       |             false
       Please fill out this field.

	at TC-SO-012.run(TC-SO-012:72)
	at com.kms.katalon.core.main.ScriptEngine.run(ScriptEngine.java:194)
	at com.kms.katalon.core.main.ScriptEngine.runScriptAsRawText(ScriptEngine.java:119)
	at com.kms.katalon.core.main.TestCaseExecutor.runScript(TestCaseExecutor.java:448)
	at com.kms.katalon.core.main.TestCaseExecutor.doExecute(TestCaseExecutor.java:439)
	at com.kms.katalon.core.main.TestCaseExecutor.processExecutionPhase(TestCaseExecutor.java:418)
	at com.kms.katalon.core.main.TestCaseExecutor.accessMainPhase(TestCaseExecutor.java:410)
	at com.kms.katalon.core.main.TestCaseExecutor.execute(TestCaseExecutor.java:285)
	at com.kms.katalon.core.common.CommonExecutor.accessTestCaseMainPhase(CommonExecutor.java:65)
	at com.kms.katalon.core.main.TestSuiteExecutor.accessTestSuiteMainPhase(TestSuiteExecutor.java:148)
	at com.kms.katalon.core.main.TestSuiteExecutor.execute(TestSuiteExecutor.java:106)
	at com.kms.katalon.core.main.TestCaseMain.startTestSuite(TestCaseMain.java:187)
	at com.kms.katalon.core.main.TestCaseMain$startTestSuite$0.call(Unknown Source)
	at TempTestSuite1695970338406.run(TempTestSuite1695970338406.groovy:36)]]></system-err>
      </testcase>
      <testcase name="Test Cases/T05 - Sedekah Online/TC-SO-013" time="26.41" classname="Test Cases/T05 - Sedekah Online/TC-SO-013" status="PASSED">
         <system-out><![CDATA[2023-09-29 13:57:14 - [TEST_CASE][PASSED] - Test Cases/T05 - Sedekah Online/TC-SO-013: Test Cases/T05 - Sedekah Online/TC-SO-013

2023-09-29 13:57:16 - [TEST_STEP][PASSED] - openBrowser(urlWeb): Browser is opened with url: 'https://10.9.2.63/ecommerce/'

2023-09-29 13:57:16 - [MESSAGE][WARNING] - A browser is already opened. Closing browser and opening a new one

2023-09-29 13:57:17 - [MESSAGE][INFO] - Starting 'Firefox' driver

2023-09-29 13:57:17 - [MESSAGE][INFO] - Action delay is set to 0 milliseconds

2023-09-29 13:57:26 - [MESSAGE][PASSED] - Browser is opened with url: 'https://10.9.2.63/ecommerce/'

2023-09-29 13:57:26 - [TEST_STEP][PASSED] - maximizeWindow(): Current window maximized

2023-09-29 13:57:26 - [MESSAGE][PASSED] - Current window maximized

2023-09-29 13:57:26 - [TEST_STEP][PASSED] - verifyElementPresent(findTestObject("verifikasi masuk website tajalapk"), 0): Object 'Object Repository/verifikasi masuk website tajalapk' is present

2023-09-29 13:57:27 - [MESSAGE][WARNING] - Timeout '0' is invalid. Using default page load timeout: '30'

2023-09-29 13:57:27 - [MESSAGE][PASSED] - Object 'Object Repository/verifikasi masuk website tajalapk' is present

2023-09-29 13:57:27 - [TEST_STEP][PASSED] - click(findTestObject("sedekah online/a_Donasi (di halaman utama)")): Object: 'Object Repository/sedekah online/a_Donasi (di halaman utama)' is clicked on

2023-09-29 13:57:27 - [MESSAGE][PASSED] - Object: 'Object Repository/sedekah online/a_Donasi (di halaman utama)' is clicked on

2023-09-29 13:57:27 - [TEST_STEP][PASSED] - verifyElementClickable(findTestObject("sedekah online/a_Sedekah Online"), STOP_ON_FAILURE): Object 'Object Repository/sedekah online/a_Sedekah Online' is clickable

2023-09-29 13:57:28 - [MESSAGE][PASSED] - Object 'Object Repository/sedekah online/a_Sedekah Online' is clickable

2023-09-29 13:57:28 - [TEST_STEP][PASSED] - click(findTestObject("sedekah online/a_Sedekah Online")): Object: 'Object Repository/sedekah online/a_Sedekah Online' is clicked on

2023-09-29 13:57:30 - [MESSAGE][PASSED] - Object: 'Object Repository/sedekah online/a_Sedekah Online' is clicked on

2023-09-29 13:57:30 - [TEST_STEP][PASSED] - verifyElementPresent(findTestObject("sedekah online/verifikasi halaman sedekah Online"), 0): Object 'Object Repository/sedekah online/verifikasi halaman sedekah Online' is present

2023-09-29 13:57:30 - [MESSAGE][WARNING] - Timeout '0' is invalid. Using default page load timeout: '30'

2023-09-29 13:57:30 - [MESSAGE][PASSED] - Object 'Object Repository/sedekah online/verifikasi halaman sedekah Online' is present

2023-09-29 13:57:30 - [TEST_STEP][PASSED] - setText(findTestObject("sedekah online/input_Sedekah"), NominalSedekah): Text '25000' is set on object 'Object Repository/sedekah online/input_Sedekah'

2023-09-29 13:57:31 - [MESSAGE][PASSED] - Text '25000' is set on object 'Object Repository/sedekah online/input_Sedekah'

2023-09-29 13:57:31 - [TEST_STEP][PASSED] - setText(findTestObject("sedekah online/input_Nama lengkap (di sedekah online)"), namaLengkap): Text 'ikana' is set on object 'Object Repository/sedekah online/input_Nama lengkap (di sedekah online)'

2023-09-29 13:57:33 - [MESSAGE][PASSED] - Text 'ikana' is set on object 'Object Repository/sedekah online/input_Nama lengkap (di sedekah online)'

2023-09-29 13:57:33 - [TEST_STEP][PASSED] - setText(findTestObject("sedekah online/input_No Handphone (di sedekah online)"), noHp): Text '08<75?=2!234' is set on object 'Object Repository/sedekah online/input_No Handphone (di sedekah online)'

2023-09-29 13:57:34 - [MESSAGE][PASSED] - Text '08<75?=2!234' is set on object 'Object Repository/sedekah online/input_No Handphone (di sedekah online)'

2023-09-29 13:57:34 - [TEST_STEP][PASSED] - setText(findTestObject("sedekah online/input_Alamat Email (di sedekah online)"), email): Text 'anata71@gmail.com' is set on object 'Object Repository/sedekah online/input_Alamat Email (di sedekah online)'

2023-09-29 13:57:35 - [MESSAGE][PASSED] - Text 'anata71@gmail.com' is set on object 'Object Repository/sedekah online/input_Alamat Email (di sedekah online)'

2023-09-29 13:57:35 - [TEST_STEP][PASSED] - selectOptionByValue(findTestObject("Object Repository/sedekah online/dropdown metode pembayaraan"), pembayaran, false): All options with value '1' are selected in object 'Object Repository/sedekah online/dropdown metode pembayaraan' 

2023-09-29 13:57:36 - [MESSAGE][PASSED] - All options with value '1' are selected in object 'Object Repository/sedekah online/dropdown metode pembayaraan' 

2023-09-29 13:57:36 - [TEST_STEP][PASSED] - selectOptionByValue(findTestObject("Object Repository/sedekah online/sedekah ditunjukan untuk keluarga"), sedekahUntuk, false): All options with value 'Orang Tua' are selected in object 'Object Repository/sedekah online/sedekah ditunjukan untuk keluarga' 

2023-09-29 13:57:37 - [MESSAGE][PASSED] - All options with value 'Orang Tua' are selected in object 'Object Repository/sedekah online/sedekah ditunjukan untuk keluarga' 

2023-09-29 13:57:37 - [TEST_STEP][PASSED] - setText(findTestObject("sedekah online/input isi doa terbaik anda"), doa): Text 'semoga bermanfaat' is set on object 'Object Repository/sedekah online/input isi doa terbaik anda'

2023-09-29 13:57:38 - [MESSAGE][PASSED] - Text 'semoga bermanfaat' is set on object 'Object Repository/sedekah online/input isi doa terbaik anda'

2023-09-29 13:57:38 - [TEST_STEP][PASSED] - setText(findTestObject("sedekah online/input 2 digit terakhir nomor hp"), digitAkhir): Text '34' is set on object 'Object Repository/sedekah online/input 2 digit terakhir nomor hp'

2023-09-29 13:57:39 - [MESSAGE][PASSED] - Text '34' is set on object 'Object Repository/sedekah online/input 2 digit terakhir nomor hp'

2023-09-29 13:57:39 - [TEST_STEP][PASSED] - click(findTestObject("sedekah online/button_Sedekah Sekarang")): Object: 'Object Repository/sedekah online/button_Sedekah Sekarang' is clicked on

2023-09-29 13:57:40 - [MESSAGE][PASSED] - Object: 'Object Repository/sedekah online/button_Sedekah Sekarang' is clicked on

2023-09-29 13:57:40 - [TEST_STEP][PASSED] - webDriver = getWebDriver(): null

2023-09-29 13:57:40 - [TEST_STEP][PASSED] - field_no = webDriver.findElement(By.xpath("//input[@name="no_handphone"]")): null

2023-09-29 13:57:40 - [TEST_STEP][PASSED] - error_message = webDriver.executeScript("return arguments[0].validationMessage", field_no): null

2023-09-29 13:57:40 - [TEST_STEP][PASSED] - println(error_message): null

2023-09-29 13:57:40 - [TEST_STEP][PASSED] - assert error_message == "Please enter a number.": null]]></system-out>
         <system-err><![CDATA[]]></system-err>
      </testcase>
      <testcase name="Test Cases/T05 - Sedekah Online/TC-SO-014" time="26.044" classname="Test Cases/T05 - Sedekah Online/TC-SO-014" status="FAILED">
         <failure type="FAILED" message="Test Cases/T05 - Sedekah Online/TC-SO-014 FAILED.
Reason:
Assertion failed: 

assert error_message == &quot;Please fill out this field.&quot;
       |             |
       &quot;&quot;            false

	at TC-SO-014.run(TC-SO-014:68)
	at com.kms.katalon.core.main.ScriptEngine.run(ScriptEngine.java:194)
	at com.kms.katalon.core.main.ScriptEngine.runScriptAsRawText(ScriptEngine.java:119)
	at com.kms.katalon.core.main.TestCaseExecutor.runScript(TestCaseExecutor.java:448)
	at com.kms.katalon.core.main.TestCaseExecutor.doExecute(TestCaseExecutor.java:439)
	at com.kms.katalon.core.main.TestCaseExecutor.processExecutionPhase(TestCaseExecutor.java:418)
	at com.kms.katalon.core.main.TestCaseExecutor.accessMainPhase(TestCaseExecutor.java:410)
	at com.kms.katalon.core.main.TestCaseExecutor.execute(TestCaseExecutor.java:285)
	at com.kms.katalon.core.common.CommonExecutor.accessTestCaseMainPhase(CommonExecutor.java:65)
	at com.kms.katalon.core.main.TestSuiteExecutor.accessTestSuiteMainPhase(TestSuiteExecutor.java:148)
	at com.kms.katalon.core.main.TestSuiteExecutor.execute(TestSuiteExecutor.java:106)
	at com.kms.katalon.core.main.TestCaseMain.startTestSuite(TestCaseMain.java:187)
	at com.kms.katalon.core.main.TestCaseMain$startTestSuite$0.call(Unknown Source)
	at TempTestSuite1695970338406.run(TempTestSuite1695970338406.groovy:36)
"/>
         <system-out><![CDATA[2023-09-29 13:57:40 - [TEST_CASE][FAILED] - Test Cases/T05 - Sedekah Online/TC-SO-014: Test Cases/T05 - Sedekah Online/TC-SO-014 FAILED.
Reason:
Assertion failed: 

assert error_message == "Please fill out this field."
       |             |
       ""            false

	at TC-SO-014.run(TC-SO-014:68)
	at com.kms.katalon.core.main.ScriptEngine.run(ScriptEngine.java:194)
	at com.kms.katalon.core.main.ScriptEngine.runScriptAsRawText(ScriptEngine.java:119)
	at com.kms.katalon.core.main.TestCaseExecutor.runScript(TestCaseExecutor.java:448)
	at com.kms.katalon.core.main.TestCaseExecutor.doExecute(TestCaseExecutor.java:439)
	at com.kms.katalon.core.main.TestCaseExecutor.processExecutionPhase(TestCaseExecutor.java:418)
	at com.kms.katalon.core.main.TestCaseExecutor.accessMainPhase(TestCaseExecutor.java:410)
	at com.kms.katalon.core.main.TestCaseExecutor.execute(TestCaseExecutor.java:285)
	at com.kms.katalon.core.common.CommonExecutor.accessTestCaseMainPhase(CommonExecutor.java:65)
	at com.kms.katalon.core.main.TestSuiteExecutor.accessTestSuiteMainPhase(TestSuiteExecutor.java:148)
	at com.kms.katalon.core.main.TestSuiteExecutor.execute(TestSuiteExecutor.java:106)
	at com.kms.katalon.core.main.TestCaseMain.startTestSuite(TestCaseMain.java:187)
	at com.kms.katalon.core.main.TestCaseMain$startTestSuite$0.call(Unknown Source)
	at TempTestSuite1695970338406.run(TempTestSuite1695970338406.groovy:36)


2023-09-29 13:57:42 - [TEST_STEP][PASSED] - openBrowser(urlWeb): Browser is opened with url: 'https://10.9.2.63/ecommerce/'

2023-09-29 13:57:42 - [MESSAGE][WARNING] - A browser is already opened. Closing browser and opening a new one

2023-09-29 13:57:43 - [MESSAGE][INFO] - Starting 'Firefox' driver

2023-09-29 13:57:43 - [MESSAGE][INFO] - Action delay is set to 0 milliseconds

2023-09-29 13:57:52 - [MESSAGE][PASSED] - Browser is opened with url: 'https://10.9.2.63/ecommerce/'

2023-09-29 13:57:52 - [TEST_STEP][PASSED] - maximizeWindow(): Current window maximized

2023-09-29 13:57:52 - [MESSAGE][PASSED] - Current window maximized

2023-09-29 13:57:52 - [TEST_STEP][PASSED] - verifyElementPresent(findTestObject("verifikasi masuk website tajalapk"), 0): Object 'Object Repository/verifikasi masuk website tajalapk' is present

2023-09-29 13:57:53 - [MESSAGE][WARNING] - Timeout '0' is invalid. Using default page load timeout: '30'

2023-09-29 13:57:53 - [MESSAGE][PASSED] - Object 'Object Repository/verifikasi masuk website tajalapk' is present

2023-09-29 13:57:53 - [TEST_STEP][PASSED] - click(findTestObject("sedekah online/a_Donasi (di halaman utama)")): Object: 'Object Repository/sedekah online/a_Donasi (di halaman utama)' is clicked on

2023-09-29 13:57:54 - [MESSAGE][PASSED] - Object: 'Object Repository/sedekah online/a_Donasi (di halaman utama)' is clicked on

2023-09-29 13:57:54 - [TEST_STEP][PASSED] - verifyElementClickable(findTestObject("sedekah online/a_Sedekah Online"), STOP_ON_FAILURE): Object 'Object Repository/sedekah online/a_Sedekah Online' is clickable

2023-09-29 13:57:54 - [MESSAGE][PASSED] - Object 'Object Repository/sedekah online/a_Sedekah Online' is clickable

2023-09-29 13:57:54 - [TEST_STEP][PASSED] - click(findTestObject("sedekah online/a_Sedekah Online")): Object: 'Object Repository/sedekah online/a_Sedekah Online' is clicked on

2023-09-29 13:57:56 - [MESSAGE][PASSED] - Object: 'Object Repository/sedekah online/a_Sedekah Online' is clicked on

2023-09-29 13:57:56 - [TEST_STEP][PASSED] - verifyElementPresent(findTestObject("sedekah online/verifikasi halaman sedekah Online"), 0): Object 'Object Repository/sedekah online/verifikasi halaman sedekah Online' is present

2023-09-29 13:57:56 - [MESSAGE][WARNING] - Timeout '0' is invalid. Using default page load timeout: '30'

2023-09-29 13:57:56 - [MESSAGE][PASSED] - Object 'Object Repository/sedekah online/verifikasi halaman sedekah Online' is present

2023-09-29 13:57:56 - [TEST_STEP][PASSED] - setText(findTestObject("sedekah online/input_Sedekah"), NominalSedekah): Text '25000' is set on object 'Object Repository/sedekah online/input_Sedekah'

2023-09-29 13:57:57 - [MESSAGE][PASSED] - Text '25000' is set on object 'Object Repository/sedekah online/input_Sedekah'

2023-09-29 13:57:57 - [TEST_STEP][PASSED] - setText(findTestObject("sedekah online/input_Nama lengkap (di sedekah online)"), namaLengkap): Text 'ikana' is set on object 'Object Repository/sedekah online/input_Nama lengkap (di sedekah online)'

2023-09-29 13:57:58 - [MESSAGE][PASSED] - Text 'ikana' is set on object 'Object Repository/sedekah online/input_Nama lengkap (di sedekah online)'

2023-09-29 13:57:58 - [TEST_STEP][PASSED] - setText(findTestObject("sedekah online/input_No Handphone (di sedekah online)"), noHp): Text '086754321234' is set on object 'Object Repository/sedekah online/input_No Handphone (di sedekah online)'

2023-09-29 13:57:59 - [MESSAGE][PASSED] - Text '086754321234' is set on object 'Object Repository/sedekah online/input_No Handphone (di sedekah online)'

2023-09-29 13:57:59 - [TEST_STEP][PASSED] - setText(findTestObject("sedekah online/input_Alamat Email (di sedekah online)"), email): Text 'anata71@gmail.com' is set on object 'Object Repository/sedekah online/input_Alamat Email (di sedekah online)'

2023-09-29 13:58:00 - [MESSAGE][PASSED] - Text 'anata71@gmail.com' is set on object 'Object Repository/sedekah online/input_Alamat Email (di sedekah online)'

2023-09-29 13:58:00 - [TEST_STEP][PASSED] - selectOptionByValue(findTestObject("Object Repository/sedekah online/dropdown metode pembayaraan"), pembayaran, false): All options with value '1' are selected in object 'Object Repository/sedekah online/dropdown metode pembayaraan' 

2023-09-29 13:58:01 - [MESSAGE][PASSED] - All options with value '1' are selected in object 'Object Repository/sedekah online/dropdown metode pembayaraan' 

2023-09-29 13:58:01 - [TEST_STEP][PASSED] - selectOptionByValue(findTestObject("Object Repository/sedekah online/sedekah ditunjukan untuk keluarga"), sedekahUntuk, false): All options with value 'Orang Tua' are selected in object 'Object Repository/sedekah online/sedekah ditunjukan untuk keluarga' 

2023-09-29 13:58:02 - [MESSAGE][PASSED] - All options with value 'Orang Tua' are selected in object 'Object Repository/sedekah online/sedekah ditunjukan untuk keluarga' 

2023-09-29 13:58:02 - [TEST_STEP][PASSED] - setText(findTestObject("sedekah online/input isi doa terbaik anda"), doa): Text '' is set on object 'Object Repository/sedekah online/input isi doa terbaik anda'

2023-09-29 13:58:03 - [MESSAGE][PASSED] - Text '' is set on object 'Object Repository/sedekah online/input isi doa terbaik anda'

2023-09-29 13:58:03 - [TEST_STEP][PASSED] - setText(findTestObject("sedekah online/input 2 digit terakhir nomor hp"), digitAkhir): Text '34' is set on object 'Object Repository/sedekah online/input 2 digit terakhir nomor hp'

2023-09-29 13:58:04 - [MESSAGE][PASSED] - Text '34' is set on object 'Object Repository/sedekah online/input 2 digit terakhir nomor hp'

2023-09-29 13:58:04 - [TEST_STEP][PASSED] - click(findTestObject("sedekah online/button_Sedekah Sekarang")): Object: 'Object Repository/sedekah online/button_Sedekah Sekarang' is clicked on

2023-09-29 13:58:06 - [MESSAGE][PASSED] - Object: 'Object Repository/sedekah online/button_Sedekah Sekarang' is clicked on

2023-09-29 13:58:06 - [TEST_STEP][PASSED] - webDriver = getWebDriver(): null

2023-09-29 13:58:06 - [TEST_STEP][PASSED] - field_doa = webDriver.findElement(By.xpath("//textarea[@name="doa_terbaik"]")): null

2023-09-29 13:58:06 - [TEST_STEP][PASSED] - error_message = webDriver.executeScript("return arguments[0].validationMessage", field_doa): null

2023-09-29 13:58:06 - [TEST_STEP][PASSED] - println(error_message): null

2023-09-29 13:58:06 - [TEST_STEP][FAILED] - assert error_message == "Please fill out this field.": Test Cases/T05 - Sedekah Online/TC-SO-014 FAILED.
Reason:
Assertion failed: 

assert error_message == "Please fill out this field."
       |             |
       ""            false

	at TC-SO-014.run(TC-SO-014:68)
	at com.kms.katalon.core.main.ScriptEngine.run(ScriptEngine.java:194)
	at com.kms.katalon.core.main.ScriptEngine.runScriptAsRawText(ScriptEngine.java:119)
	at com.kms.katalon.core.main.TestCaseExecutor.runScript(TestCaseExecutor.java:448)
	at com.kms.katalon.core.main.TestCaseExecutor.doExecute(TestCaseExecutor.java:439)
	at com.kms.katalon.core.main.TestCaseExecutor.processExecutionPhase(TestCaseExecutor.java:418)
	at com.kms.katalon.core.main.TestCaseExecutor.accessMainPhase(TestCaseExecutor.java:410)
	at com.kms.katalon.core.main.TestCaseExecutor.execute(TestCaseExecutor.java:285)
	at com.kms.katalon.core.common.CommonExecutor.accessTestCaseMainPhase(CommonExecutor.java:65)
	at com.kms.katalon.core.main.TestSuiteExecutor.accessTestSuiteMainPhase(TestSuiteExecutor.java:148)
	at com.kms.katalon.core.main.TestSuiteExecutor.execute(TestSuiteExecutor.java:106)
	at com.kms.katalon.core.main.TestCaseMain.startTestSuite(TestCaseMain.java:187)
	at com.kms.katalon.core.main.TestCaseMain$startTestSuite$0.call(Unknown Source)
	at TempTestSuite1695970338406.run(TempTestSuite1695970338406.groovy:36)


2023-09-29 13:58:06 - [MESSAGE][FAILED] - Test Cases/T05 - Sedekah Online/TC-SO-014 FAILED.
Reason:
Assertion failed: 

assert error_message == "Please fill out this field."
       |             |
       ""            false

	at TC-SO-014.run(TC-SO-014:68)
	at com.kms.katalon.core.main.ScriptEngine.run(ScriptEngine.java:194)
	at com.kms.katalon.core.main.ScriptEngine.runScriptAsRawText(ScriptEngine.java:119)
	at com.kms.katalon.core.main.TestCaseExecutor.runScript(TestCaseExecutor.java:448)
	at com.kms.katalon.core.main.TestCaseExecutor.doExecute(TestCaseExecutor.java:439)
	at com.kms.katalon.core.main.TestCaseExecutor.processExecutionPhase(TestCaseExecutor.java:418)
	at com.kms.katalon.core.main.TestCaseExecutor.accessMainPhase(TestCaseExecutor.java:410)
	at com.kms.katalon.core.main.TestCaseExecutor.execute(TestCaseExecutor.java:285)
	at com.kms.katalon.core.common.CommonExecutor.accessTestCaseMainPhase(CommonExecutor.java:65)
	at com.kms.katalon.core.main.TestSuiteExecutor.accessTestSuiteMainPhase(TestSuiteExecutor.java:148)
	at com.kms.katalon.core.main.TestSuiteExecutor.execute(TestSuiteExecutor.java:106)
	at com.kms.katalon.core.main.TestCaseMain.startTestSuite(TestCaseMain.java:187)
	at com.kms.katalon.core.main.TestCaseMain$startTestSuite$0.call(Unknown Source)
	at TempTestSuite1695970338406.run(TempTestSuite1695970338406.groovy:36)]]></system-out>
         <system-err><![CDATA[2023-09-29 13:57:40 - [TEST_CASE][FAILED] - Test Cases/T05 - Sedekah Online/TC-SO-014: Test Cases/T05 - Sedekah Online/TC-SO-014 FAILED.
Reason:
Assertion failed: 

assert error_message == "Please fill out this field."
       |             |
       ""            false

	at TC-SO-014.run(TC-SO-014:68)
	at com.kms.katalon.core.main.ScriptEngine.run(ScriptEngine.java:194)
	at com.kms.katalon.core.main.ScriptEngine.runScriptAsRawText(ScriptEngine.java:119)
	at com.kms.katalon.core.main.TestCaseExecutor.runScript(TestCaseExecutor.java:448)
	at com.kms.katalon.core.main.TestCaseExecutor.doExecute(TestCaseExecutor.java:439)
	at com.kms.katalon.core.main.TestCaseExecutor.processExecutionPhase(TestCaseExecutor.java:418)
	at com.kms.katalon.core.main.TestCaseExecutor.accessMainPhase(TestCaseExecutor.java:410)
	at com.kms.katalon.core.main.TestCaseExecutor.execute(TestCaseExecutor.java:285)
	at com.kms.katalon.core.common.CommonExecutor.accessTestCaseMainPhase(CommonExecutor.java:65)
	at com.kms.katalon.core.main.TestSuiteExecutor.accessTestSuiteMainPhase(TestSuiteExecutor.java:148)
	at com.kms.katalon.core.main.TestSuiteExecutor.execute(TestSuiteExecutor.java:106)
	at com.kms.katalon.core.main.TestCaseMain.startTestSuite(TestCaseMain.java:187)
	at com.kms.katalon.core.main.TestCaseMain$startTestSuite$0.call(Unknown Source)
	at TempTestSuite1695970338406.run(TempTestSuite1695970338406.groovy:36)]]></system-err>
      </testcase>
      <testcase name="Test Cases/T05 - Sedekah Online/TC-SO-015" time="24.211" classname="Test Cases/T05 - Sedekah Online/TC-SO-015" status="PASSED">
         <system-out><![CDATA[2023-09-29 13:58:06 - [TEST_CASE][PASSED] - Test Cases/T05 - Sedekah Online/TC-SO-015: Test Cases/T05 - Sedekah Online/TC-SO-015

2023-09-29 13:58:08 - [TEST_STEP][PASSED] - openBrowser(urlWeb): Browser is opened with url: 'https://10.9.2.63/ecommerce/'

2023-09-29 13:58:08 - [MESSAGE][WARNING] - A browser is already opened. Closing browser and opening a new one

2023-09-29 13:58:10 - [MESSAGE][INFO] - Starting 'Firefox' driver

2023-09-29 13:58:10 - [MESSAGE][INFO] - Action delay is set to 0 milliseconds

2023-09-29 13:58:18 - [MESSAGE][PASSED] - Browser is opened with url: 'https://10.9.2.63/ecommerce/'

2023-09-29 13:58:18 - [TEST_STEP][PASSED] - maximizeWindow(): Current window maximized

2023-09-29 13:58:18 - [MESSAGE][PASSED] - Current window maximized

2023-09-29 13:58:18 - [TEST_STEP][PASSED] - verifyElementPresent(findTestObject("verifikasi masuk website tajalapk"), 0): Object 'Object Repository/verifikasi masuk website tajalapk' is present

2023-09-29 13:58:19 - [MESSAGE][WARNING] - Timeout '0' is invalid. Using default page load timeout: '30'

2023-09-29 13:58:19 - [MESSAGE][PASSED] - Object 'Object Repository/verifikasi masuk website tajalapk' is present

2023-09-29 13:58:19 - [TEST_STEP][PASSED] - click(findTestObject("sedekah online/a_Donasi (di halaman utama)")): Object: 'Object Repository/sedekah online/a_Donasi (di halaman utama)' is clicked on

2023-09-29 13:58:20 - [MESSAGE][PASSED] - Object: 'Object Repository/sedekah online/a_Donasi (di halaman utama)' is clicked on

2023-09-29 13:58:20 - [TEST_STEP][PASSED] - click(findTestObject("sedekah online/a_Sedekah Online")): Object: 'Object Repository/sedekah online/a_Sedekah Online' is clicked on

2023-09-29 13:58:21 - [MESSAGE][PASSED] - Object: 'Object Repository/sedekah online/a_Sedekah Online' is clicked on

2023-09-29 13:58:21 - [TEST_STEP][PASSED] - verifyElementPresent(findTestObject("sedekah online/verifikasi halaman sedekah Online"), 0): Object 'Object Repository/sedekah online/verifikasi halaman sedekah Online' is present

2023-09-29 13:58:21 - [MESSAGE][WARNING] - Timeout '0' is invalid. Using default page load timeout: '30'

2023-09-29 13:58:21 - [MESSAGE][PASSED] - Object 'Object Repository/sedekah online/verifikasi halaman sedekah Online' is present

2023-09-29 13:58:21 - [TEST_STEP][PASSED] - setText(findTestObject("sedekah online/input_Sedekah"), NominalSedekah): Text '2so0@' is set on object 'Object Repository/sedekah online/input_Sedekah'

2023-09-29 13:58:22 - [MESSAGE][PASSED] - Text '2so0@' is set on object 'Object Repository/sedekah online/input_Sedekah'

2023-09-29 13:58:22 - [TEST_STEP][PASSED] - setText(findTestObject("sedekah online/input_Nama lengkap (di sedekah online)"), namaLengkap): Text 'ikana71@gmail.com' is set on object 'Object Repository/sedekah online/input_Nama lengkap (di sedekah online)'

2023-09-29 13:58:23 - [MESSAGE][PASSED] - Text 'ikana71@gmail.com' is set on object 'Object Repository/sedekah online/input_Nama lengkap (di sedekah online)'

2023-09-29 13:58:23 - [TEST_STEP][PASSED] - setText(findTestObject("sedekah online/input_No Handphone (di sedekah online)"), noHp): Text '086754321234' is set on object 'Object Repository/sedekah online/input_No Handphone (di sedekah online)'

2023-09-29 13:58:25 - [MESSAGE][PASSED] - Text '086754321234' is set on object 'Object Repository/sedekah online/input_No Handphone (di sedekah online)'

2023-09-29 13:58:25 - [TEST_STEP][PASSED] - setText(findTestObject("sedekah online/input_Alamat Email (di sedekah online)"), email): Text 'anata71' is set on object 'Object Repository/sedekah online/input_Alamat Email (di sedekah online)'

2023-09-29 13:58:26 - [MESSAGE][PASSED] - Text 'anata71' is set on object 'Object Repository/sedekah online/input_Alamat Email (di sedekah online)'

2023-09-29 13:58:26 - [TEST_STEP][PASSED] - selectOptionByValue(findTestObject("Object Repository/sedekah online/dropdown metode pembayaraan"), pembayaran, false): All options with value '1' are selected in object 'Object Repository/sedekah online/dropdown metode pembayaraan' 

2023-09-29 13:58:27 - [MESSAGE][PASSED] - All options with value '1' are selected in object 'Object Repository/sedekah online/dropdown metode pembayaraan' 

2023-09-29 13:58:27 - [TEST_STEP][PASSED] - selectOptionByValue(findTestObject("Object Repository/sedekah online/sedekah ditunjukan untuk keluarga"), sedekahUntuk, false): All options with value 'Orang Tua' are selected in object 'Object Repository/sedekah online/sedekah ditunjukan untuk keluarga' 

2023-09-29 13:58:27 - [MESSAGE][PASSED] - All options with value 'Orang Tua' are selected in object 'Object Repository/sedekah online/sedekah ditunjukan untuk keluarga' 

2023-09-29 13:58:27 - [TEST_STEP][PASSED] - setText(findTestObject("sedekah online/input isi doa terbaik anda"), doa): Text 'Semoga Bermanfaat' is set on object 'Object Repository/sedekah online/input isi doa terbaik anda'

2023-09-29 13:58:28 - [MESSAGE][PASSED] - Text 'Semoga Bermanfaat' is set on object 'Object Repository/sedekah online/input isi doa terbaik anda'

2023-09-29 13:58:28 - [TEST_STEP][PASSED] - setText(findTestObject("sedekah online/input 2 digit terakhir nomor hp"), digitAkhir): Text '34' is set on object 'Object Repository/sedekah online/input 2 digit terakhir nomor hp'

2023-09-29 13:58:29 - [MESSAGE][PASSED] - Text '34' is set on object 'Object Repository/sedekah online/input 2 digit terakhir nomor hp'

2023-09-29 13:58:29 - [TEST_STEP][PASSED] - click(findTestObject("sedekah online/button_Sedekah Sekarang")): Object: 'Object Repository/sedekah online/button_Sedekah Sekarang' is clicked on

2023-09-29 13:58:30 - [MESSAGE][PASSED] - Object: 'Object Repository/sedekah online/button_Sedekah Sekarang' is clicked on

2023-09-29 13:58:30 - [TEST_STEP][PASSED] - webDriver = getWebDriver(): null

2023-09-29 13:58:30 - [TEST_STEP][PASSED] - field_email = webDriver.findElement(By.xpath("//input[@name="nominal"]")): null

2023-09-29 13:58:31 - [TEST_STEP][PASSED] - error_message = webDriver.executeScript("return arguments[0].validationMessage", field_email): null

2023-09-29 13:58:31 - [TEST_STEP][PASSED] - println(error_message): null

2023-09-29 13:58:31 - [TEST_STEP][PASSED] - assert error_message == "Please enter a number.": null]]></system-out>
         <system-err><![CDATA[]]></system-err>
      </testcase>
      <system-out><![CDATA[2023-09-29 13:52:28 - [TEST_SUITE][FAILED] - T05 Sedekah Online: Test Cases/T05 - Sedekah Online/TC-SO-002 FAILED.
Reason:
com.kms.katalon.core.exception.StepFailedException: Verify element text of test object 'Object Repository/sedekah online/verifikasi sukses berdonasi' FAILED.
	at com.kms.katalon.core.webui.keyword.internal.WebUIKeywordMain.stepFailed(WebUIKeywordMain.groovy:64)
	at com.kms.katalon.core.webui.keyword.internal.WebUIKeywordMain.runKeyword(WebUIKeywordMain.groovy:26)
	at com.kms.katalon.core.webui.keyword.builtin.VerifyElementTextKeyword.verifyElementText(VerifyElementTextKeyword.groovy:72)
	at com.kms.katalon.core.webui.keyword.builtin.VerifyElementTextKeyword.execute(VerifyElementTextKeyword.groovy:40)
	at com.kms.katalon.core.keyword.internal.KeywordExecutor.executeKeywordForPlatform(KeywordExecutor.groovy:74)
	at com.kms.katalon.core.webui.keyword.WebUiBuiltInKeywords.verifyElementText(WebUiBuiltInKeywords.groovy:4749)
	at com.kms.katalon.core.webui.keyword.WebUiBuiltInKeywords$verifyElementText$6.call(Unknown Source)
	at TC-SO-002.run(TC-SO-002:54)
	at com.kms.katalon.core.main.ScriptEngine.run(ScriptEngine.java:194)
	at com.kms.katalon.core.main.ScriptEngine.runScriptAsRawText(ScriptEngine.java:119)
	at com.kms.katalon.core.main.TestCaseExecutor.runScript(TestCaseExecutor.java:448)
	at com.kms.katalon.core.main.TestCaseExecutor.doExecute(TestCaseExecutor.java:439)
	at com.kms.katalon.core.main.TestCaseExecutor.processExecutionPhase(TestCaseExecutor.java:418)
	at com.kms.katalon.core.main.TestCaseExecutor.accessMainPhase(TestCaseExecutor.java:410)
	at com.kms.katalon.core.main.TestCaseExecutor.execute(TestCaseExecutor.java:285)
	at com.kms.katalon.core.common.CommonExecutor.accessTestCaseMainPhase(CommonExecutor.java:65)
	at com.kms.katalon.core.main.TestSuiteExecutor.accessTestSuiteMainPhase(TestSuiteExecutor.java:148)
	at com.kms.katalon.core.main.TestSuiteExecutor.execute(TestSuiteExecutor.java:106)
	at com.kms.katalon.core.main.TestCaseMain.startTestSuite(TestCaseMain.java:187)
	at com.kms.katalon.core.main.TestCaseMain$startTestSuite$0.call(Unknown Source)
	at TempTestSuite1695970338406.run(TempTestSuite1695970338406.groovy:36)
Caused by: com.kms.katalon.core.exception.StepFailedException: Actual text 'Sukses Proses Bersedekah, kami akan segera menghubungi anda! Terima kasih' and expected text 'Minimal nominal sedekah Online Rp 25.000' of test object 'Object Repository/sedekah online/verifikasi sukses berdonasi' are NOT matched.
	at com.kms.katalon.core.webui.keyword.internal.WebUIKeywordMain.stepFailed(WebUIKeywordMain.groovy:64)
	at com.kms.katalon.core.webui.keyword.builtin.VerifyElementTextKeyword$_verifyElementText_closure1.doCall(VerifyElementTextKeyword.groovy:57)
	at com.kms.katalon.core.webui.keyword.builtin.VerifyElementTextKeyword$_verifyElementText_closure1.call(VerifyElementTextKeyword.groovy)
	at com.kms.katalon.core.webui.keyword.internal.WebUIKeywordMain.runKeyword(WebUIKeywordMain.groovy:20)
	... 19 more]]></system-out>
      <system-err><![CDATA[2023-09-29 13:52:28 - [TEST_SUITE][FAILED] - T05 Sedekah Online: Test Cases/T05 - Sedekah Online/TC-SO-002 FAILED.
Reason:
com.kms.katalon.core.exception.StepFailedException: Verify element text of test object 'Object Repository/sedekah online/verifikasi sukses berdonasi' FAILED.
	at com.kms.katalon.core.webui.keyword.internal.WebUIKeywordMain.stepFailed(WebUIKeywordMain.groovy:64)
	at com.kms.katalon.core.webui.keyword.internal.WebUIKeywordMain.runKeyword(WebUIKeywordMain.groovy:26)
	at com.kms.katalon.core.webui.keyword.builtin.VerifyElementTextKeyword.verifyElementText(VerifyElementTextKeyword.groovy:72)
	at com.kms.katalon.core.webui.keyword.builtin.VerifyElementTextKeyword.execute(VerifyElementTextKeyword.groovy:40)
	at com.kms.katalon.core.keyword.internal.KeywordExecutor.executeKeywordForPlatform(KeywordExecutor.groovy:74)
	at com.kms.katalon.core.webui.keyword.WebUiBuiltInKeywords.verifyElementText(WebUiBuiltInKeywords.groovy:4749)
	at com.kms.katalon.core.webui.keyword.WebUiBuiltInKeywords$verifyElementText$6.call(Unknown Source)
	at TC-SO-002.run(TC-SO-002:54)
	at com.kms.katalon.core.main.ScriptEngine.run(ScriptEngine.java:194)
	at com.kms.katalon.core.main.ScriptEngine.runScriptAsRawText(ScriptEngine.java:119)
	at com.kms.katalon.core.main.TestCaseExecutor.runScript(TestCaseExecutor.java:448)
	at com.kms.katalon.core.main.TestCaseExecutor.doExecute(TestCaseExecutor.java:439)
	at com.kms.katalon.core.main.TestCaseExecutor.processExecutionPhase(TestCaseExecutor.java:418)
	at com.kms.katalon.core.main.TestCaseExecutor.accessMainPhase(TestCaseExecutor.java:410)
	at com.kms.katalon.core.main.TestCaseExecutor.execute(TestCaseExecutor.java:285)
	at com.kms.katalon.core.common.CommonExecutor.accessTestCaseMainPhase(CommonExecutor.java:65)
	at com.kms.katalon.core.main.TestSuiteExecutor.accessTestSuiteMainPhase(TestSuiteExecutor.java:148)
	at com.kms.katalon.core.main.TestSuiteExecutor.execute(TestSuiteExecutor.java:106)
	at com.kms.katalon.core.main.TestCaseMain.startTestSuite(TestCaseMain.java:187)
	at com.kms.katalon.core.main.TestCaseMain$startTestSuite$0.call(Unknown Source)
	at TempTestSuite1695970338406.run(TempTestSuite1695970338406.groovy:36)
Caused by: com.kms.katalon.core.exception.StepFailedException: Actual text 'Sukses Proses Bersedekah, kami akan segera menghubungi anda! Terima kasih' and expected text 'Minimal nominal sedekah Online Rp 25.000' of test object 'Object Repository/sedekah online/verifikasi sukses berdonasi' are NOT matched.
	at com.kms.katalon.core.webui.keyword.internal.WebUIKeywordMain.stepFailed(WebUIKeywordMain.groovy:64)
	at com.kms.katalon.core.webui.keyword.builtin.VerifyElementTextKeyword$_verifyElementText_closure1.doCall(VerifyElementTextKeyword.groovy:57)
	at com.kms.katalon.core.webui.keyword.builtin.VerifyElementTextKeyword$_verifyElementText_closure1.call(VerifyElementTextKeyword.groovy)
	at com.kms.katalon.core.webui.keyword.internal.WebUIKeywordMain.runKeyword(WebUIKeywordMain.groovy:20)
	... 19 more]]></system-err>
   </testsuite>
</testsuites>
