<?xml version="1.0" encoding="UTF-8"?>
<testsuites name="T08-Pendaftaran" time="551.472" tests="22" failures="7" errors="1">
   <testsuite name="T08-Pendaftaran" tests="22" failures="7" errors="1" time="551.472" skipped="0" timestamp="2023-09-29 14:06:39" hostname="USER - DESKTOP-22KTP91" id="Test Suites/T08-Pendaftaran">
      <properties>
         <property name="deviceName" value=""/>
         <property name="devicePlatform" value=""/>
         <property name="logFolder" value="F:\\bootcamp\\Miniproject\\Tajalapak\\Reports\\20230929_140622\\T08-Pendaftaran\\20230929_140622"/>
         <property name="logFiles" value="F:\\bootcamp\\Miniproject\\Tajalapak\\Reports\\20230929_140622\\T08-Pendaftaran\\20230929_140622\\execution0.log"/>
         <property name="attachments" value="F:\\bootcamp\\Miniproject\\Tajalapak\\Reports\\20230929_140622\\T08-Pendaftaran\\20230929_140622\\1695971325082.png, F:\\bootcamp\\Miniproject\\Tajalapak\\Reports\\20230929_140622\\T08-Pendaftaran\\20230929_140622\\1695971486914.png, F:\\bootcamp\\Miniproject\\Tajalapak\\Reports\\20230929_140622\\T08-Pendaftaran\\20230929_140622\\1695971510114.png, F:\\bootcamp\\Miniproject\\Tajalapak\\Reports\\20230929_140622\\T08-Pendaftaran\\20230929_140622\\1695971535231.png, F:\\bootcamp\\Miniproject\\Tajalapak\\Reports\\20230929_140622\\T08-Pendaftaran\\20230929_140622\\1695971608704.png, F:\\bootcamp\\Miniproject\\Tajalapak\\Reports\\20230929_140622\\T08-Pendaftaran\\20230929_140622\\1695971633340.png"/>
         <property name="hostName" value="USER - DESKTOP-22KTP91"/>
         <property name="os" value="Windows 10 64bit"/>
         <property name="katalonVersion" value="8.6.5.208"/>
         <property name="browser" value="Firefox 117.0"/>
         <property name="hostAddress" value="10.9.2.65"/>
         <property name="sessionId" value="cce7c1b2-55b8-4d69-b611-720e6a64dd43"/>
         <property name="seleniumVersion" value="3.141.59"/>
         <property name="proxyInformation" value="ProxyInformation { proxyOption=NO_PROXY, proxyServerType=HTTP, username=, password=********, proxyServerAddress=, proxyServerPort=0, executionList=&quot;&quot;, isApplyToDesiredCapabilities=true }"/>
         <property name="platform" value="Windows 10"/>
      </properties>
      <testcase name="Test Cases/T08 - Pendaftaran/TC-PS-001" time="28.013" classname="Test Cases/T08 - Pendaftaran/TC-PS-001" status="PASSED">
         <system-out><![CDATA[2023-09-29 14:06:40 - [TEST_CASE][PASSED] - Test Cases/T08 - Pendaftaran/TC-PS-001: Test Cases/T08 - Pendaftaran/TC-PS-001

2023-09-29 14:06:41 - [TEST_STEP][PASSED] - openBrowser(urlWeb): Browser is opened with url: 'https://10.9.2.63/ecommerce/'

2023-09-29 14:06:42 - [MESSAGE][INFO] - Starting 'Firefox' driver

2023-09-29 14:06:42 - [MESSAGE][INFO] - Action delay is set to 0 milliseconds

2023-09-29 14:06:54 - [MESSAGE][PASSED] - Browser is opened with url: 'https://10.9.2.63/ecommerce/'

2023-09-29 14:06:54 - [TEST_STEP][PASSED] - maximizeWindow(): Current window maximized

2023-09-29 14:06:54 - [MESSAGE][PASSED] - Current window maximized

2023-09-29 14:06:54 - [TEST_STEP][PASSED] - verifyElementPresent(findTestObject("verifikasi halaman tajalapak sebelum daftar"), 0): Object 'Object Repository/verifikasi halaman tajalapak sebelum daftar' is present

2023-09-29 14:06:54 - [MESSAGE][WARNING] - Timeout '0' is invalid. Using default page load timeout: '30'

2023-09-29 14:06:54 - [MESSAGE][PASSED] - Object 'Object Repository/verifikasi halaman tajalapak sebelum daftar' is present

2023-09-29 14:06:54 - [TEST_STEP][PASSED] - click(findTestObject("Pendaftaran/button Register")): Object: 'Object Repository/Pendaftaran/button Register' is clicked on

2023-09-29 14:06:56 - [MESSAGE][PASSED] - Object: 'Object Repository/Pendaftaran/button Register' is clicked on

2023-09-29 14:06:56 - [TEST_STEP][PASSED] - verifyElementPresent(findTestObject("Pendaftaran/verifikasi masuk helamaan daftar"), 0): Object 'Object Repository/Pendaftaran/verifikasi masuk helamaan daftar' is present

2023-09-29 14:06:56 - [MESSAGE][WARNING] - Timeout '0' is invalid. Using default page load timeout: '30'

2023-09-29 14:06:56 - [MESSAGE][PASSED] - Object 'Object Repository/Pendaftaran/verifikasi masuk helamaan daftar' is present

2023-09-29 14:06:56 - [TEST_STEP][PASSED] - setText(findTestObject("Pendaftaran/input username"), username): Text 'ikana' is set on object 'Object Repository/Pendaftaran/input username'

2023-09-29 14:06:57 - [MESSAGE][PASSED] - Text 'ikana' is set on object 'Object Repository/Pendaftaran/input username'

2023-09-29 14:06:57 - [TEST_STEP][PASSED] - setText(findTestObject("Pendaftaran/input email"), email): Text 'ikana71@gmail.com' is set on object 'Object Repository/Pendaftaran/input email'

2023-09-29 14:06:58 - [MESSAGE][PASSED] - Text 'ikana71@gmail.com' is set on object 'Object Repository/Pendaftaran/input email'

2023-09-29 14:06:58 - [TEST_STEP][PASSED] - setText(findTestObject("Pendaftaran/input Nomor Telephon"), noHP): Text '085643955432' is set on object 'Object Repository/Pendaftaran/input Nomor Telephon'

2023-09-29 14:06:59 - [MESSAGE][PASSED] - Text '085643955432' is set on object 'Object Repository/Pendaftaran/input Nomor Telephon'

2023-09-29 14:06:59 - [TEST_STEP][PASSED] - if (toString().equalsIgnoreCase("Perempuan")): Object 'Object Repository/Pendaftaran/pilihan Wanita_jenis_kelamin' is checked

2023-09-29 14:06:59 - [TEST_STEP][PASSED] - check(findTestObject("Pendaftaran/pilihan Wanita_jenis_kelamin")): Object 'Object Repository/Pendaftaran/pilihan Wanita_jenis_kelamin' is checked

2023-09-29 14:07:00 - [MESSAGE][PASSED] - Object 'Object Repository/Pendaftaran/pilihan Wanita_jenis_kelamin' is checked

2023-09-29 14:07:00 - [TEST_STEP][PASSED] - setEncryptedText(findTestObject("Pendaftaran/input password"), "8MbLm3cRDkc/jsWL6sX6LA=="): Text ****** has been set on object 'Object Repository/Pendaftaran/input password'

2023-09-29 14:07:00 - [MESSAGE][PASSED] - Text ****** has been set on object 'Object Repository/Pendaftaran/input password'

2023-09-29 14:07:00 - [TEST_STEP][PASSED] - setEncryptedText(findTestObject("Pendaftaran/input konfirmasi password"), "8MbLm3cRDkc/jsWL6sX6LA=="): Text ****** has been set on object 'Object Repository/Pendaftaran/input konfirmasi password'

2023-09-29 14:07:01 - [MESSAGE][PASSED] - Text ****** has been set on object 'Object Repository/Pendaftaran/input konfirmasi password'

2023-09-29 14:07:01 - [TEST_STEP][PASSED] - click(findTestObject("Pendaftaran/button_Daftar")): Object: 'Object Repository/Pendaftaran/button_Daftar' is clicked on

2023-09-29 14:07:05 - [MESSAGE][PASSED] - Object: 'Object Repository/Pendaftaran/button_Daftar' is clicked on

2023-09-29 14:07:05 - [TEST_STEP][PASSED] - verifyElementPresent(findTestObject("Pendaftaran/verifikasi berhasil daftar"), 0): Object 'Object Repository/Pendaftaran/verifikasi berhasil daftar' is present

2023-09-29 14:07:05 - [MESSAGE][WARNING] - Timeout '0' is invalid. Using default page load timeout: '30'

2023-09-29 14:07:06 - [MESSAGE][PASSED] - Object 'Object Repository/Pendaftaran/verifikasi berhasil daftar' is present

2023-09-29 14:07:06 - [TEST_STEP][PASSED] - usn = getAttribute(findTestObject("Object Repository/Pendaftaran/hasil username NEW"), "value"): Attribute 'value' of object 'Object Repository/Pendaftaran/hasil username NEW' is: 'ikana'

2023-09-29 14:07:06 - [MESSAGE][PASSED] - Attribute 'value' of object 'Object Repository/Pendaftaran/hasil username NEW' is: 'ikana'

2023-09-29 14:07:06 - [TEST_STEP][PASSED] - Email = getAttribute(findTestObject("Object Repository/Pendaftaran/hasil email"), "value"): Attribute 'value' of object 'Object Repository/Pendaftaran/hasil email' is: 'ikana71@gmail.com'

2023-09-29 14:07:07 - [MESSAGE][PASSED] - Attribute 'value' of object 'Object Repository/Pendaftaran/hasil email' is: 'ikana71@gmail.com'

2023-09-29 14:07:07 - [TEST_STEP][PASSED] - nomorHp = getAttribute(findTestObject("Object Repository/Pendaftaran/hasil nomor hp"), "value"): Attribute 'value' of object 'Object Repository/Pendaftaran/hasil nomor hp' is: '085643955432'

2023-09-29 14:07:07 - [MESSAGE][PASSED] - Attribute 'value' of object 'Object Repository/Pendaftaran/hasil nomor hp' is: '085643955432'

2023-09-29 14:07:07 - [TEST_STEP][PASSED] - if (toString().equalsIgnoreCase("Perempuan")): Object 'Object Repository/Pendaftaran/input Perempuan' is checked

2023-09-29 14:07:07 - [TEST_STEP][PASSED] - verifyElementChecked(findTestObject("Object Repository/Pendaftaran/input Perempuan"), 2): Object 'Object Repository/Pendaftaran/input Perempuan' is checked

2023-09-29 14:07:08 - [MESSAGE][PASSED] - Object 'Object Repository/Pendaftaran/input Perempuan' is checked

2023-09-29 14:07:08 - [TEST_STEP][PASSED] - assert trim().equalsIgnoreCase(usn.trim()): null

2023-09-29 14:07:08 - [TEST_STEP][PASSED] - assert trim().equalsIgnoreCase(Email.trim()): null

2023-09-29 14:07:08 - [TEST_STEP][PASSED] - assert trim().equalsIgnoreCase(nomorHp.trim()): null]]></system-out>
         <system-err><![CDATA[]]></system-err>
      </testcase>
      <testcase name="Test Cases/T08 - Pendaftaran/TC-PS-002" time="26.941" classname="Test Cases/T08 - Pendaftaran/TC-PS-002" status="PASSED">
         <system-out><![CDATA[2023-09-29 14:07:08 - [TEST_CASE][PASSED] - Test Cases/T08 - Pendaftaran/TC-PS-002: Test Cases/T08 - Pendaftaran/TC-PS-002

2023-09-29 14:07:09 - [TEST_STEP][PASSED] - openBrowser(urlWeb): Browser is opened with url: 'https://10.9.2.63/ecommerce/'

2023-09-29 14:07:09 - [MESSAGE][WARNING] - A browser is already opened. Closing browser and opening a new one

2023-09-29 14:07:11 - [MESSAGE][INFO] - Starting 'Firefox' driver

2023-09-29 14:07:11 - [MESSAGE][INFO] - Action delay is set to 0 milliseconds

2023-09-29 14:07:19 - [MESSAGE][PASSED] - Browser is opened with url: 'https://10.9.2.63/ecommerce/'

2023-09-29 14:07:19 - [TEST_STEP][PASSED] - maximizeWindow(): Current window maximized

2023-09-29 14:07:19 - [MESSAGE][PASSED] - Current window maximized

2023-09-29 14:07:19 - [TEST_STEP][PASSED] - click(findTestObject("Pendaftaran/a_Login")): Object: 'Object Repository/Pendaftaran/a_Login' is clicked on

2023-09-29 14:07:20 - [MESSAGE][PASSED] - Object: 'Object Repository/Pendaftaran/a_Login' is clicked on

2023-09-29 14:07:20 - [TEST_STEP][PASSED] - verifyElementPresent(findTestObject("Pendaftaran/verifikasi MASUK di halaman Login"), 0): Object 'Object Repository/Pendaftaran/verifikasi MASUK di halaman Login' is present

2023-09-29 14:07:20 - [MESSAGE][WARNING] - Timeout '0' is invalid. Using default page load timeout: '30'

2023-09-29 14:07:20 - [MESSAGE][PASSED] - Object 'Object Repository/Pendaftaran/verifikasi MASUK di halaman Login' is present

2023-09-29 14:07:20 - [TEST_STEP][PASSED] - click(findTestObject("Pendaftaran/a_Daftar sekarang")): Object: 'Object Repository/Pendaftaran/a_Daftar sekarang' is clicked on

2023-09-29 14:07:21 - [MESSAGE][PASSED] - Object: 'Object Repository/Pendaftaran/a_Daftar sekarang' is clicked on

2023-09-29 14:07:21 - [TEST_STEP][PASSED] - verifyElementPresent(findTestObject("Pendaftaran/verifikasi masuk helamaan daftar"), 0): Object 'Object Repository/Pendaftaran/verifikasi masuk helamaan daftar' is present

2023-09-29 14:07:22 - [MESSAGE][WARNING] - Timeout '0' is invalid. Using default page load timeout: '30'

2023-09-29 14:07:22 - [MESSAGE][PASSED] - Object 'Object Repository/Pendaftaran/verifikasi masuk helamaan daftar' is present

2023-09-29 14:07:22 - [TEST_STEP][PASSED] - setText(findTestObject("Pendaftaran/input username"), username): Text 'nanaokta' is set on object 'Object Repository/Pendaftaran/input username'

2023-09-29 14:07:23 - [MESSAGE][PASSED] - Text 'nanaokta' is set on object 'Object Repository/Pendaftaran/input username'

2023-09-29 14:07:23 - [TEST_STEP][PASSED] - setText(findTestObject("Pendaftaran/input email"), email): Text 'nanaokta71@gmail.com' is set on object 'Object Repository/Pendaftaran/input email'

2023-09-29 14:07:24 - [MESSAGE][PASSED] - Text 'nanaokta71@gmail.com' is set on object 'Object Repository/Pendaftaran/input email'

2023-09-29 14:07:24 - [TEST_STEP][PASSED] - setText(findTestObject("Pendaftaran/input Nomor Telephon"), noHP): Text '085643217856' is set on object 'Object Repository/Pendaftaran/input Nomor Telephon'

2023-09-29 14:07:25 - [MESSAGE][PASSED] - Text '085643217856' is set on object 'Object Repository/Pendaftaran/input Nomor Telephon'

2023-09-29 14:07:25 - [TEST_STEP][PASSED] - if (toString().equalsIgnoreCase("Perempuan")): Object 'Object Repository/Pendaftaran/pilihan Wanita_jenis_kelamin' is checked

2023-09-29 14:07:25 - [TEST_STEP][PASSED] - check(findTestObject("Pendaftaran/pilihan Wanita_jenis_kelamin")): Object 'Object Repository/Pendaftaran/pilihan Wanita_jenis_kelamin' is checked

2023-09-29 14:07:25 - [MESSAGE][PASSED] - Object 'Object Repository/Pendaftaran/pilihan Wanita_jenis_kelamin' is checked

2023-09-29 14:07:25 - [TEST_STEP][PASSED] - check(findTestObject("Pendaftaran/pilihan Wanita_jenis_kelamin")): Object 'Object Repository/Pendaftaran/pilihan Wanita_jenis_kelamin' is checked

2023-09-29 14:07:26 - [MESSAGE][PASSED] - Object 'Object Repository/Pendaftaran/pilihan Wanita_jenis_kelamin' is checked

2023-09-29 14:07:26 - [TEST_STEP][PASSED] - setEncryptedText(findTestObject("Pendaftaran/input password"), "qbkrdMwyWE4="): Text ****** has been set on object 'Object Repository/Pendaftaran/input password'

2023-09-29 14:07:26 - [MESSAGE][PASSED] - Text ****** has been set on object 'Object Repository/Pendaftaran/input password'

2023-09-29 14:07:26 - [TEST_STEP][PASSED] - setEncryptedText(findTestObject("Pendaftaran/input konfirmasi password"), "qbkrdMwyWE4="): Text ****** has been set on object 'Object Repository/Pendaftaran/input konfirmasi password'

2023-09-29 14:07:27 - [MESSAGE][PASSED] - Text ****** has been set on object 'Object Repository/Pendaftaran/input konfirmasi password'

2023-09-29 14:07:27 - [TEST_STEP][PASSED] - click(findTestObject("Pendaftaran/button_Daftar")): Object: 'Object Repository/Pendaftaran/button_Daftar' is clicked on

2023-09-29 14:07:32 - [MESSAGE][PASSED] - Object: 'Object Repository/Pendaftaran/button_Daftar' is clicked on

2023-09-29 14:07:32 - [TEST_STEP][PASSED] - verifyElementPresent(findTestObject("Pendaftaran/verifikasi berhasil daftar NEW"), 0): Object 'Object Repository/Pendaftaran/verifikasi berhasil daftar NEW' is present

2023-09-29 14:07:33 - [MESSAGE][WARNING] - Timeout '0' is invalid. Using default page load timeout: '30'

2023-09-29 14:07:33 - [MESSAGE][PASSED] - Object 'Object Repository/Pendaftaran/verifikasi berhasil daftar NEW' is present

2023-09-29 14:07:33 - [TEST_STEP][PASSED] - usn = getAttribute(findTestObject("Object Repository/Pendaftaran/hasil username NEW"), "value"): Attribute 'value' of object 'Object Repository/Pendaftaran/hasil username NEW' is: 'nanaokta'

2023-09-29 14:07:34 - [MESSAGE][PASSED] - Attribute 'value' of object 'Object Repository/Pendaftaran/hasil username NEW' is: 'nanaokta'

2023-09-29 14:07:34 - [TEST_STEP][PASSED] - Email = getAttribute(findTestObject("Object Repository/Pendaftaran/hasil email"), "value"): Attribute 'value' of object 'Object Repository/Pendaftaran/hasil email' is: 'nanaokta71@gmail.com'

2023-09-29 14:07:34 - [MESSAGE][PASSED] - Attribute 'value' of object 'Object Repository/Pendaftaran/hasil email' is: 'nanaokta71@gmail.com'

2023-09-29 14:07:34 - [TEST_STEP][PASSED] - nomorHP = getAttribute(findTestObject("Object Repository/Pendaftaran/hasil nomor hp"), "value"): Attribute 'value' of object 'Object Repository/Pendaftaran/hasil nomor hp' is: '085643217856'

2023-09-29 14:07:34 - [MESSAGE][PASSED] - Attribute 'value' of object 'Object Repository/Pendaftaran/hasil nomor hp' is: '085643217856'

2023-09-29 14:07:34 - [TEST_STEP][PASSED] - if (toString().equalsIgnoreCase("Perempuan")): Object 'Object Repository/Pendaftaran/input Perempuan' is checked

2023-09-29 14:07:34 - [TEST_STEP][PASSED] - verifyElementChecked(findTestObject("Object Repository/Pendaftaran/input Perempuan"), 2): Object 'Object Repository/Pendaftaran/input Perempuan' is checked

2023-09-29 14:07:35 - [MESSAGE][PASSED] - Object 'Object Repository/Pendaftaran/input Perempuan' is checked

2023-09-29 14:07:35 - [TEST_STEP][PASSED] - assert trim().equalsIgnoreCase(username.trim()): null

2023-09-29 14:07:35 - [TEST_STEP][PASSED] - assert trim().equalsIgnoreCase(email.trim()): null

2023-09-29 14:07:35 - [TEST_STEP][PASSED] - assert trim().equalsIgnoreCase(noHP.trim()): null]]></system-out>
         <system-err><![CDATA[]]></system-err>
      </testcase>
      <testcase name="Test Cases/T08 - Pendaftaran/TC-PC-001" time="70.387" classname="Test Cases/T08 - Pendaftaran/TC-PC-001" status="FAILED">
         <failure type="FAILED" message="Test Cases/T08 - Pendaftaran/TC-PC-001 FAILED.
Reason:
com.kms.katalon.core.exception.StepFailedException: Unable to click on object 'Object Repository/konsumen/span_Master Market'
	at com.kms.katalon.core.webui.keyword.internal.WebUIKeywordMain.stepFailed(WebUIKeywordMain.groovy:64)
	at com.kms.katalon.core.webui.keyword.internal.WebUIKeywordMain.runKeyword(WebUIKeywordMain.groovy:26)
	at com.kms.katalon.core.webui.keyword.builtin.ClickKeyword.click(ClickKeyword.groovy:74)
	at com.kms.katalon.core.webui.keyword.builtin.ClickKeyword.execute(ClickKeyword.groovy:40)
	at com.kms.katalon.core.keyword.internal.KeywordExecutor.executeKeywordForPlatform(KeywordExecutor.groovy:74)
	at com.kms.katalon.core.webui.keyword.WebUiBuiltInKeywords.click(WebUiBuiltInKeywords.groovy:620)
	at com.kms.katalon.core.webui.keyword.WebUiBuiltInKeywords$click$2.call(Unknown Source)
	at TC-PC-001.run(TC-PC-001:85)
	at com.kms.katalon.core.main.ScriptEngine.run(ScriptEngine.java:194)
	at com.kms.katalon.core.main.ScriptEngine.runScriptAsRawText(ScriptEngine.java:119)
	at com.kms.katalon.core.main.TestCaseExecutor.runScript(TestCaseExecutor.java:448)
	at com.kms.katalon.core.main.TestCaseExecutor.doExecute(TestCaseExecutor.java:439)
	at com.kms.katalon.core.main.TestCaseExecutor.processExecutionPhase(TestCaseExecutor.java:418)
	at com.kms.katalon.core.main.TestCaseExecutor.accessMainPhase(TestCaseExecutor.java:410)
	at com.kms.katalon.core.main.TestCaseExecutor.execute(TestCaseExecutor.java:285)
	at com.kms.katalon.core.common.CommonExecutor.accessTestCaseMainPhase(CommonExecutor.java:65)
	at com.kms.katalon.core.main.TestSuiteExecutor.accessTestSuiteMainPhase(TestSuiteExecutor.java:148)
	at com.kms.katalon.core.main.TestSuiteExecutor.execute(TestSuiteExecutor.java:106)
	at com.kms.katalon.core.main.TestCaseMain.startTestSuite(TestCaseMain.java:187)
	at com.kms.katalon.core.main.TestCaseMain$startTestSuite$0.call(Unknown Source)
	at TempTestSuite1695971182674.run(TempTestSuite1695971182674.groovy:36)
Caused by: com.kms.katalon.core.webui.exception.WebElementNotFoundException: Web element with id: 'Object Repository/konsumen/span_Master Market' located by '(.//*[normalize-space(text()) and normalize-space(.)='E-mail Subscribe'])[1]/following::span[1]' not found
	at com.kms.katalon.core.webui.common.WebUiCommonHelper.findWebElement(WebUiCommonHelper.java:1381)
	at com.kms.katalon.core.webui.keyword.internal.WebUIAbstractKeyword.findWebElement(WebUIAbstractKeyword.groovy:27)
	at com.kms.katalon.core.webui.keyword.builtin.ClickKeyword$_click_closure1.doCall(ClickKeyword.groovy:65)
	at com.kms.katalon.core.webui.keyword.builtin.ClickKeyword$_click_closure1.call(ClickKeyword.groovy)
	at com.kms.katalon.core.webui.keyword.internal.WebUIKeywordMain.runKeyword(WebUIKeywordMain.groovy:20)
	... 19 more
"/>
         <system-out><![CDATA[2023-09-29 14:07:35 - [TEST_CASE][FAILED] - Test Cases/T08 - Pendaftaran/TC-PC-001: Test Cases/T08 - Pendaftaran/TC-PC-001 FAILED.
Reason:
com.kms.katalon.core.exception.StepFailedException: Unable to click on object 'Object Repository/konsumen/span_Master Market'
	at com.kms.katalon.core.webui.keyword.internal.WebUIKeywordMain.stepFailed(WebUIKeywordMain.groovy:64)
	at com.kms.katalon.core.webui.keyword.internal.WebUIKeywordMain.runKeyword(WebUIKeywordMain.groovy:26)
	at com.kms.katalon.core.webui.keyword.builtin.ClickKeyword.click(ClickKeyword.groovy:74)
	at com.kms.katalon.core.webui.keyword.builtin.ClickKeyword.execute(ClickKeyword.groovy:40)
	at com.kms.katalon.core.keyword.internal.KeywordExecutor.executeKeywordForPlatform(KeywordExecutor.groovy:74)
	at com.kms.katalon.core.webui.keyword.WebUiBuiltInKeywords.click(WebUiBuiltInKeywords.groovy:620)
	at com.kms.katalon.core.webui.keyword.WebUiBuiltInKeywords$click$2.call(Unknown Source)
	at TC-PC-001.run(TC-PC-001:85)
	at com.kms.katalon.core.main.ScriptEngine.run(ScriptEngine.java:194)
	at com.kms.katalon.core.main.ScriptEngine.runScriptAsRawText(ScriptEngine.java:119)
	at com.kms.katalon.core.main.TestCaseExecutor.runScript(TestCaseExecutor.java:448)
	at com.kms.katalon.core.main.TestCaseExecutor.doExecute(TestCaseExecutor.java:439)
	at com.kms.katalon.core.main.TestCaseExecutor.processExecutionPhase(TestCaseExecutor.java:418)
	at com.kms.katalon.core.main.TestCaseExecutor.accessMainPhase(TestCaseExecutor.java:410)
	at com.kms.katalon.core.main.TestCaseExecutor.execute(TestCaseExecutor.java:285)
	at com.kms.katalon.core.common.CommonExecutor.accessTestCaseMainPhase(CommonExecutor.java:65)
	at com.kms.katalon.core.main.TestSuiteExecutor.accessTestSuiteMainPhase(TestSuiteExecutor.java:148)
	at com.kms.katalon.core.main.TestSuiteExecutor.execute(TestSuiteExecutor.java:106)
	at com.kms.katalon.core.main.TestCaseMain.startTestSuite(TestCaseMain.java:187)
	at com.kms.katalon.core.main.TestCaseMain$startTestSuite$0.call(Unknown Source)
	at TempTestSuite1695971182674.run(TempTestSuite1695971182674.groovy:36)
Caused by: com.kms.katalon.core.webui.exception.WebElementNotFoundException: Web element with id: 'Object Repository/konsumen/span_Master Market' located by '(.//*[normalize-space(text()) and normalize-space(.)='E-mail Subscribe'])[1]/following::span[1]' not found
	at com.kms.katalon.core.webui.common.WebUiCommonHelper.findWebElement(WebUiCommonHelper.java:1381)
	at com.kms.katalon.core.webui.keyword.internal.WebUIAbstractKeyword.findWebElement(WebUIAbstractKeyword.groovy:27)
	at com.kms.katalon.core.webui.keyword.builtin.ClickKeyword$_click_closure1.doCall(ClickKeyword.groovy:65)
	at com.kms.katalon.core.webui.keyword.builtin.ClickKeyword$_click_closure1.call(ClickKeyword.groovy)
	at com.kms.katalon.core.webui.keyword.internal.WebUIKeywordMain.runKeyword(WebUIKeywordMain.groovy:20)
	... 19 more


2023-09-29 14:07:36 - [TEST_STEP][PASSED] - openBrowser(urlWeb): Browser is opened with url: 'https://10.9.2.63/ecommerce/'

2023-09-29 14:07:36 - [MESSAGE][WARNING] - A browser is already opened. Closing browser and opening a new one

2023-09-29 14:07:37 - [MESSAGE][INFO] - Starting 'Firefox' driver

2023-09-29 14:07:37 - [MESSAGE][INFO] - Action delay is set to 0 milliseconds

2023-09-29 14:07:46 - [MESSAGE][PASSED] - Browser is opened with url: 'https://10.9.2.63/ecommerce/'

2023-09-29 14:07:46 - [TEST_STEP][PASSED] - maximizeWindow(): Current window maximized

2023-09-29 14:07:46 - [MESSAGE][PASSED] - Current window maximized

2023-09-29 14:07:46 - [TEST_STEP][PASSED] - verifyElementPresent(findTestObject("verifikasi halaman tajalapak sebelum daftar"), 0): Object 'Object Repository/verifikasi halaman tajalapak sebelum daftar' is present

2023-09-29 14:07:46 - [MESSAGE][WARNING] - Timeout '0' is invalid. Using default page load timeout: '30'

2023-09-29 14:07:47 - [MESSAGE][PASSED] - Object 'Object Repository/verifikasi halaman tajalapak sebelum daftar' is present

2023-09-29 14:07:47 - [TEST_STEP][PASSED] - click(findTestObject("Pendaftaran/button Register")): Object: 'Object Repository/Pendaftaran/button Register' is clicked on

2023-09-29 14:07:48 - [MESSAGE][PASSED] - Object: 'Object Repository/Pendaftaran/button Register' is clicked on

2023-09-29 14:07:48 - [TEST_STEP][PASSED] - verifyElementPresent(findTestObject("Pendaftaran/verifikasi masuk helamaan daftar"), 0): Object 'Object Repository/Pendaftaran/verifikasi masuk helamaan daftar' is present

2023-09-29 14:07:48 - [MESSAGE][WARNING] - Timeout '0' is invalid. Using default page load timeout: '30'

2023-09-29 14:07:48 - [MESSAGE][PASSED] - Object 'Object Repository/Pendaftaran/verifikasi masuk helamaan daftar' is present

2023-09-29 14:07:48 - [TEST_STEP][PASSED] - setText(findTestObject("Pendaftaran/input username"), username): Text 'johandue' is set on object 'Object Repository/Pendaftaran/input username'

2023-09-29 14:07:49 - [MESSAGE][PASSED] - Text 'johandue' is set on object 'Object Repository/Pendaftaran/input username'

2023-09-29 14:07:49 - [TEST_STEP][PASSED] - setText(findTestObject("Pendaftaran/input email"), email): Text 'johandue@gmail.com' is set on object 'Object Repository/Pendaftaran/input email'

2023-09-29 14:07:50 - [MESSAGE][PASSED] - Text 'johandue@gmail.com' is set on object 'Object Repository/Pendaftaran/input email'

2023-09-29 14:07:50 - [TEST_STEP][PASSED] - setText(findTestObject("Pendaftaran/input Nomor Telephon"), noHP): Text '085690909090' is set on object 'Object Repository/Pendaftaran/input Nomor Telephon'

2023-09-29 14:07:51 - [MESSAGE][PASSED] - Text '085690909090' is set on object 'Object Repository/Pendaftaran/input Nomor Telephon'

2023-09-29 14:07:51 - [TEST_STEP][PASSED] - if (toString().equalsIgnoreCase("Perempuan")): null

2023-09-29 14:07:51 - [TEST_STEP][PASSED] - else if (toString().equalsIgnoreCase("Laki-laki")): Object 'Object Repository/Pendaftaran/pilihan Pria' is checked

2023-09-29 14:07:51 - [TEST_STEP][PASSED] - check(findTestObject("Object Repository/Pendaftaran/pilihan Pria")): Object 'Object Repository/Pendaftaran/pilihan Pria' is checked

2023-09-29 14:07:51 - [MESSAGE][PASSED] - Object 'Object Repository/Pendaftaran/pilihan Pria' is checked

2023-09-29 14:07:51 - [TEST_STEP][PASSED] - setEncryptedText(findTestObject("Pendaftaran/input password"), "8MbLm3cRDkc/jsWL6sX6LA=="): Text ****** has been set on object 'Object Repository/Pendaftaran/input password'

2023-09-29 14:07:52 - [MESSAGE][PASSED] - Text ****** has been set on object 'Object Repository/Pendaftaran/input password'

2023-09-29 14:07:52 - [TEST_STEP][PASSED] - setEncryptedText(findTestObject("Pendaftaran/input konfirmasi password"), "8MbLm3cRDkc/jsWL6sX6LA=="): Text ****** has been set on object 'Object Repository/Pendaftaran/input konfirmasi password'

2023-09-29 14:07:52 - [MESSAGE][PASSED] - Text ****** has been set on object 'Object Repository/Pendaftaran/input konfirmasi password'

2023-09-29 14:07:52 - [TEST_STEP][PASSED] - click(findTestObject("Pendaftaran/button_Daftar")): Object: 'Object Repository/Pendaftaran/button_Daftar' is clicked on

2023-09-29 14:07:57 - [MESSAGE][PASSED] - Object: 'Object Repository/Pendaftaran/button_Daftar' is clicked on

2023-09-29 14:07:57 - [TEST_STEP][PASSED] - verifyElementPresent(findTestObject("Pendaftaran/verifikasi berhasil daftar"), 0): Object 'Object Repository/Pendaftaran/verifikasi berhasil daftar' is present

2023-09-29 14:07:57 - [MESSAGE][WARNING] - Timeout '0' is invalid. Using default page load timeout: '30'

2023-09-29 14:07:57 - [MESSAGE][PASSED] - Object 'Object Repository/Pendaftaran/verifikasi berhasil daftar' is present

2023-09-29 14:07:57 - [TEST_STEP][PASSED] - usn = getAttribute(findTestObject("Object Repository/Pendaftaran/hasil username NEW"), "value"): Attribute 'value' of object 'Object Repository/Pendaftaran/hasil username NEW' is: 'johandue'

2023-09-29 14:07:58 - [MESSAGE][PASSED] - Attribute 'value' of object 'Object Repository/Pendaftaran/hasil username NEW' is: 'johandue'

2023-09-29 14:07:58 - [TEST_STEP][PASSED] - Email = getAttribute(findTestObject("Object Repository/Pendaftaran/hasil email"), "value"): Attribute 'value' of object 'Object Repository/Pendaftaran/hasil email' is: 'johandue@gmail.com'

2023-09-29 14:07:58 - [MESSAGE][PASSED] - Attribute 'value' of object 'Object Repository/Pendaftaran/hasil email' is: 'johandue@gmail.com'

2023-09-29 14:07:58 - [TEST_STEP][PASSED] - nomorHp = getAttribute(findTestObject("Object Repository/Pendaftaran/hasil nomor hp"), "value"): Attribute 'value' of object 'Object Repository/Pendaftaran/hasil nomor hp' is: '085690909090'

2023-09-29 14:07:59 - [MESSAGE][PASSED] - Attribute 'value' of object 'Object Repository/Pendaftaran/hasil nomor hp' is: '085690909090'

2023-09-29 14:07:59 - [TEST_STEP][PASSED] - if (toString().equalsIgnoreCase("Perempuan")): null

2023-09-29 14:07:59 - [TEST_STEP][PASSED] - else if (toString().equalsIgnoreCase("Laki-laki")): Object 'Object Repository/Pendaftaran/input_Laki-laki' is checked

2023-09-29 14:07:59 - [TEST_STEP][PASSED] - verifyElementChecked(findTestObject("Object Repository/Pendaftaran/input_Laki-laki"), 2): Object 'Object Repository/Pendaftaran/input_Laki-laki' is checked

2023-09-29 14:07:59 - [MESSAGE][PASSED] - Object 'Object Repository/Pendaftaran/input_Laki-laki' is checked

2023-09-29 14:07:59 - [TEST_STEP][PASSED] - assert trim().equalsIgnoreCase(usn.trim()): null

2023-09-29 14:07:59 - [TEST_STEP][PASSED] - assert trim().equalsIgnoreCase(Email.trim()): null

2023-09-29 14:07:59 - [TEST_STEP][PASSED] - assert trim().equalsIgnoreCase(nomorHp.trim()): null

2023-09-29 14:07:59 - [TEST_STEP][PASSED] - navigateToUrl("https://10.9.2.63/ecommerce/administrator/"): Navigate to 'https://10.9.2.63/ecommerce/administrator/' successfully

2023-09-29 14:08:00 - [MESSAGE][PASSED] - Navigate to 'https://10.9.2.63/ecommerce/administrator/' successfully

2023-09-29 14:08:00 - [TEST_STEP][PASSED] - verifyElementPresent(findTestObject("halaman admin/verifikasi masuk masuk website admin"), 0): Object 'Object Repository/halaman admin/verifikasi masuk masuk website admin' is present

2023-09-29 14:08:01 - [MESSAGE][WARNING] - Timeout '0' is invalid. Using default page load timeout: '30'

2023-09-29 14:08:01 - [MESSAGE][PASSED] - Object 'Object Repository/halaman admin/verifikasi masuk masuk website admin' is present

2023-09-29 14:08:01 - [TEST_STEP][PASSED] - setText(findTestObject("halaman admin/input_ADMIN_a"), "admin"): Text 'admin' is set on object 'Object Repository/halaman admin/input_ADMIN_a'

2023-09-29 14:08:02 - [MESSAGE][PASSED] - Text 'admin' is set on object 'Object Repository/halaman admin/input_ADMIN_a'

2023-09-29 14:08:02 - [TEST_STEP][PASSED] - setEncryptedText(findTestObject("halaman admin/input_ADMIN_password"), "374mkdZ/lqyNS21oH+MJZQ=="): Text ****** has been set on object 'Object Repository/halaman admin/input_ADMIN_password'

2023-09-29 14:08:02 - [MESSAGE][PASSED] - Text ****** has been set on object 'Object Repository/halaman admin/input_ADMIN_password'

2023-09-29 14:08:02 - [TEST_STEP][PASSED] - delay(10): Delayed 10 second(s)

2023-09-29 14:08:12 - [MESSAGE][PASSED] - Delayed 10 second(s)

2023-09-29 14:08:12 - [TEST_STEP][PASSED] - click(findTestObject("halaman admin/input_login admin")): Object: 'Object Repository/halaman admin/input_login admin' is clicked on

2023-09-29 14:08:13 - [MESSAGE][PASSED] - Object: 'Object Repository/halaman admin/input_login admin' is clicked on

2023-09-29 14:08:13 - [TEST_STEP][FAILED] - click(findTestObject("konsumen/span_Master Market")): Unable to click on object 'Object Repository/konsumen/span_Master Market' (Root cause: com.kms.katalon.core.exception.StepFailedException: Unable to click on object 'Object Repository/konsumen/span_Master Market'
	at com.kms.katalon.core.webui.keyword.internal.WebUIKeywordMain.stepFailed(WebUIKeywordMain.groovy:64)
	at com.kms.katalon.core.webui.keyword.internal.WebUIKeywordMain.runKeyword(WebUIKeywordMain.groovy:26)
	at com.kms.katalon.core.webui.keyword.builtin.ClickKeyword.click(ClickKeyword.groovy:74)
	at com.kms.katalon.core.webui.keyword.builtin.ClickKeyword.execute(ClickKeyword.groovy:40)
	at com.kms.katalon.core.keyword.internal.KeywordExecutor.executeKeywordForPlatform(KeywordExecutor.groovy:74)
	at com.kms.katalon.core.webui.keyword.WebUiBuiltInKeywords.click(WebUiBuiltInKeywords.groovy:620)
	at com.kms.katalon.core.webui.keyword.WebUiBuiltInKeywords$click$2.call(Unknown Source)
	at TC-PC-001.run(TC-PC-001:85)
	at com.kms.katalon.core.main.ScriptEngine.run(ScriptEngine.java:194)
	at com.kms.katalon.core.main.ScriptEngine.runScriptAsRawText(ScriptEngine.java:119)
	at com.kms.katalon.core.main.TestCaseExecutor.runScript(TestCaseExecutor.java:448)
	at com.kms.katalon.core.main.TestCaseExecutor.doExecute(TestCaseExecutor.java:439)
	at com.kms.katalon.core.main.TestCaseExecutor.processExecutionPhase(TestCaseExecutor.java:418)
	at com.kms.katalon.core.main.TestCaseExecutor.accessMainPhase(TestCaseExecutor.java:410)
	at com.kms.katalon.core.main.TestCaseExecutor.execute(TestCaseExecutor.java:285)
	at com.kms.katalon.core.common.CommonExecutor.accessTestCaseMainPhase(CommonExecutor.java:65)
	at com.kms.katalon.core.main.TestSuiteExecutor.accessTestSuiteMainPhase(TestSuiteExecutor.java:148)
	at com.kms.katalon.core.main.TestSuiteExecutor.execute(TestSuiteExecutor.java:106)
	at com.kms.katalon.core.main.TestCaseMain.startTestSuite(TestCaseMain.java:187)
	at com.kms.katalon.core.main.TestCaseMain$startTestSuite$0.call(Unknown Source)
	at TempTestSuite1695971182674.run(TempTestSuite1695971182674.groovy:36)
Caused by: com.kms.katalon.core.webui.exception.WebElementNotFoundException: Web element with id: 'Object Repository/konsumen/span_Master Market' located by '(.//*[normalize-space(text()) and normalize-space(.)='E-mail Subscribe'])[1]/following::span[1]' not found
	at com.kms.katalon.core.webui.common.WebUiCommonHelper.findWebElement(WebUiCommonHelper.java:1381)
	at com.kms.katalon.core.webui.keyword.internal.WebUIAbstractKeyword.findWebElement(WebUIAbstractKeyword.groovy:27)
	at com.kms.katalon.core.webui.keyword.builtin.ClickKeyword$_click_closure1.doCall(ClickKeyword.groovy:65)
	at com.kms.katalon.core.webui.keyword.builtin.ClickKeyword$_click_closure1.call(ClickKeyword.groovy)
	at com.kms.katalon.core.webui.keyword.internal.WebUIKeywordMain.runKeyword(WebUIKeywordMain.groovy:20)
	at com.kms.katalon.core.webui.keyword.builtin.ClickKeyword.click(ClickKeyword.groovy:74)
	at com.kms.katalon.core.webui.keyword.builtin.ClickKeyword.execute(ClickKeyword.groovy:40)
	at com.kms.katalon.core.keyword.internal.KeywordExecutor.executeKeywordForPlatform(KeywordExecutor.groovy:74)
	at com.kms.katalon.core.webui.keyword.WebUiBuiltInKeywords.click(WebUiBuiltInKeywords.groovy:620)
	at com.kms.katalon.core.webui.keyword.WebUiBuiltInKeywords$click$2.call(Unknown Source)
	at Script1695566086569.run(Script1695566086569.groovy:85)
	... 13 more
)

2023-09-29 14:08:45 - [MESSAGE][INFO] - Unable to find the element located by 'By.xpath: (.//*[normalize-space(text()) and normalize-space(.)='E-mail Subscribe'])[1]/following::span[1]'. Please recheck the objects properties to make sure the desired element is located. 

2023-09-29 14:08:45 - [MESSAGE][FAILED] - Unable to click on object 'Object Repository/konsumen/span_Master Market' (Root cause: com.kms.katalon.core.exception.StepFailedException: Unable to click on object 'Object Repository/konsumen/span_Master Market'
	at com.kms.katalon.core.webui.keyword.internal.WebUIKeywordMain.stepFailed(WebUIKeywordMain.groovy:64)
	at com.kms.katalon.core.webui.keyword.internal.WebUIKeywordMain.runKeyword(WebUIKeywordMain.groovy:26)
	at com.kms.katalon.core.webui.keyword.builtin.ClickKeyword.click(ClickKeyword.groovy:74)
	at com.kms.katalon.core.webui.keyword.builtin.ClickKeyword.execute(ClickKeyword.groovy:40)
	at com.kms.katalon.core.keyword.internal.KeywordExecutor.executeKeywordForPlatform(KeywordExecutor.groovy:74)
	at com.kms.katalon.core.webui.keyword.WebUiBuiltInKeywords.click(WebUiBuiltInKeywords.groovy:620)
	at com.kms.katalon.core.webui.keyword.WebUiBuiltInKeywords$click$2.call(Unknown Source)
	at TC-PC-001.run(TC-PC-001:85)
	at com.kms.katalon.core.main.ScriptEngine.run(ScriptEngine.java:194)
	at com.kms.katalon.core.main.ScriptEngine.runScriptAsRawText(ScriptEngine.java:119)
	at com.kms.katalon.core.main.TestCaseExecutor.runScript(TestCaseExecutor.java:448)
	at com.kms.katalon.core.main.TestCaseExecutor.doExecute(TestCaseExecutor.java:439)
	at com.kms.katalon.core.main.TestCaseExecutor.processExecutionPhase(TestCaseExecutor.java:418)
	at com.kms.katalon.core.main.TestCaseExecutor.accessMainPhase(TestCaseExecutor.java:410)
	at com.kms.katalon.core.main.TestCaseExecutor.execute(TestCaseExecutor.java:285)
	at com.kms.katalon.core.common.CommonExecutor.accessTestCaseMainPhase(CommonExecutor.java:65)
	at com.kms.katalon.core.main.TestSuiteExecutor.accessTestSuiteMainPhase(TestSuiteExecutor.java:148)
	at com.kms.katalon.core.main.TestSuiteExecutor.execute(TestSuiteExecutor.java:106)
	at com.kms.katalon.core.main.TestCaseMain.startTestSuite(TestCaseMain.java:187)
	at com.kms.katalon.core.main.TestCaseMain$startTestSuite$0.call(Unknown Source)
	at TempTestSuite1695971182674.run(TempTestSuite1695971182674.groovy:36)
Caused by: com.kms.katalon.core.webui.exception.WebElementNotFoundException: Web element with id: 'Object Repository/konsumen/span_Master Market' located by '(.//*[normalize-space(text()) and normalize-space(.)='E-mail Subscribe'])[1]/following::span[1]' not found
	at com.kms.katalon.core.webui.common.WebUiCommonHelper.findWebElement(WebUiCommonHelper.java:1381)
	at com.kms.katalon.core.webui.keyword.internal.WebUIAbstractKeyword.findWebElement(WebUIAbstractKeyword.groovy:27)
	at com.kms.katalon.core.webui.keyword.builtin.ClickKeyword$_click_closure1.doCall(ClickKeyword.groovy:65)
	at com.kms.katalon.core.webui.keyword.builtin.ClickKeyword$_click_closure1.call(ClickKeyword.groovy)
	at com.kms.katalon.core.webui.keyword.internal.WebUIKeywordMain.runKeyword(WebUIKeywordMain.groovy:20)
	at com.kms.katalon.core.webui.keyword.builtin.ClickKeyword.click(ClickKeyword.groovy:74)
	at com.kms.katalon.core.webui.keyword.builtin.ClickKeyword.execute(ClickKeyword.groovy:40)
	at com.kms.katalon.core.keyword.internal.KeywordExecutor.executeKeywordForPlatform(KeywordExecutor.groovy:74)
	at com.kms.katalon.core.webui.keyword.WebUiBuiltInKeywords.click(WebUiBuiltInKeywords.groovy:620)
	at com.kms.katalon.core.webui.keyword.WebUiBuiltInKeywords$click$2.call(Unknown Source)
	at Script1695566086569.run(Script1695566086569.groovy:85)
	... 13 more
)
[[ATTACHMENT|F:\\bootcamp\\Miniproject\\Tajalapak\\Reports\\20230929_140622\\T08-Pendaftaran\\20230929_140622\\1695971325082.png]]]]></system-out>
         <system-err><![CDATA[2023-09-29 14:07:35 - [TEST_CASE][FAILED] - Test Cases/T08 - Pendaftaran/TC-PC-001: Test Cases/T08 - Pendaftaran/TC-PC-001 FAILED.
Reason:
com.kms.katalon.core.exception.StepFailedException: Unable to click on object 'Object Repository/konsumen/span_Master Market'
	at com.kms.katalon.core.webui.keyword.internal.WebUIKeywordMain.stepFailed(WebUIKeywordMain.groovy:64)
	at com.kms.katalon.core.webui.keyword.internal.WebUIKeywordMain.runKeyword(WebUIKeywordMain.groovy:26)
	at com.kms.katalon.core.webui.keyword.builtin.ClickKeyword.click(ClickKeyword.groovy:74)
	at com.kms.katalon.core.webui.keyword.builtin.ClickKeyword.execute(ClickKeyword.groovy:40)
	at com.kms.katalon.core.keyword.internal.KeywordExecutor.executeKeywordForPlatform(KeywordExecutor.groovy:74)
	at com.kms.katalon.core.webui.keyword.WebUiBuiltInKeywords.click(WebUiBuiltInKeywords.groovy:620)
	at com.kms.katalon.core.webui.keyword.WebUiBuiltInKeywords$click$2.call(Unknown Source)
	at TC-PC-001.run(TC-PC-001:85)
	at com.kms.katalon.core.main.ScriptEngine.run(ScriptEngine.java:194)
	at com.kms.katalon.core.main.ScriptEngine.runScriptAsRawText(ScriptEngine.java:119)
	at com.kms.katalon.core.main.TestCaseExecutor.runScript(TestCaseExecutor.java:448)
	at com.kms.katalon.core.main.TestCaseExecutor.doExecute(TestCaseExecutor.java:439)
	at com.kms.katalon.core.main.TestCaseExecutor.processExecutionPhase(TestCaseExecutor.java:418)
	at com.kms.katalon.core.main.TestCaseExecutor.accessMainPhase(TestCaseExecutor.java:410)
	at com.kms.katalon.core.main.TestCaseExecutor.execute(TestCaseExecutor.java:285)
	at com.kms.katalon.core.common.CommonExecutor.accessTestCaseMainPhase(CommonExecutor.java:65)
	at com.kms.katalon.core.main.TestSuiteExecutor.accessTestSuiteMainPhase(TestSuiteExecutor.java:148)
	at com.kms.katalon.core.main.TestSuiteExecutor.execute(TestSuiteExecutor.java:106)
	at com.kms.katalon.core.main.TestCaseMain.startTestSuite(TestCaseMain.java:187)
	at com.kms.katalon.core.main.TestCaseMain$startTestSuite$0.call(Unknown Source)
	at TempTestSuite1695971182674.run(TempTestSuite1695971182674.groovy:36)
Caused by: com.kms.katalon.core.webui.exception.WebElementNotFoundException: Web element with id: 'Object Repository/konsumen/span_Master Market' located by '(.//*[normalize-space(text()) and normalize-space(.)='E-mail Subscribe'])[1]/following::span[1]' not found
	at com.kms.katalon.core.webui.common.WebUiCommonHelper.findWebElement(WebUiCommonHelper.java:1381)
	at com.kms.katalon.core.webui.keyword.internal.WebUIAbstractKeyword.findWebElement(WebUIAbstractKeyword.groovy:27)
	at com.kms.katalon.core.webui.keyword.builtin.ClickKeyword$_click_closure1.doCall(ClickKeyword.groovy:65)
	at com.kms.katalon.core.webui.keyword.builtin.ClickKeyword$_click_closure1.call(ClickKeyword.groovy)
	at com.kms.katalon.core.webui.keyword.internal.WebUIKeywordMain.runKeyword(WebUIKeywordMain.groovy:20)
	... 19 more]]></system-err>
      </testcase>
      <testcase name="Test Cases/T08 - Pendaftaran/TC-PE-001" time="19.908" classname="Test Cases/T08 - Pendaftaran/TC-PE-001" status="PASSED">
         <system-out><![CDATA[2023-09-29 14:08:45 - [TEST_CASE][PASSED] - Test Cases/T08 - Pendaftaran/TC-PE-001: Test Cases/T08 - Pendaftaran/TC-PE-001

2023-09-29 14:08:47 - [TEST_STEP][PASSED] - openBrowser(urlWeb): Browser is opened with url: 'https://10.9.2.63/ecommerce/'

2023-09-29 14:08:47 - [MESSAGE][WARNING] - A browser is already opened. Closing browser and opening a new one

2023-09-29 14:08:51 - [MESSAGE][INFO] - Starting 'Firefox' driver

2023-09-29 14:08:51 - [MESSAGE][INFO] - Action delay is set to 0 milliseconds

2023-09-29 14:09:01 - [MESSAGE][PASSED] - Browser is opened with url: 'https://10.9.2.63/ecommerce/'

2023-09-29 14:09:01 - [TEST_STEP][PASSED] - maximizeWindow(): Current window maximized

2023-09-29 14:09:01 - [MESSAGE][PASSED] - Current window maximized

2023-09-29 14:09:01 - [TEST_STEP][PASSED] - verifyElementPresent(findTestObject("verifikasi halaman tajalapak sebelum daftar"), 0): Object 'Object Repository/verifikasi halaman tajalapak sebelum daftar' is present

2023-09-29 14:09:02 - [MESSAGE][WARNING] - Timeout '0' is invalid. Using default page load timeout: '30'

2023-09-29 14:09:02 - [MESSAGE][PASSED] - Object 'Object Repository/verifikasi halaman tajalapak sebelum daftar' is present

2023-09-29 14:09:02 - [TEST_STEP][PASSED] - click(findTestObject("Pendaftaran/button Register")): Object: 'Object Repository/Pendaftaran/button Register' is clicked on

2023-09-29 14:09:04 - [MESSAGE][PASSED] - Object: 'Object Repository/Pendaftaran/button Register' is clicked on

2023-09-29 14:09:04 - [TEST_STEP][PASSED] - verifyElementPresent(findTestObject("Pendaftaran/verifikasi masuk helamaan daftar"), 0): Object 'Object Repository/Pendaftaran/verifikasi masuk helamaan daftar' is present

2023-09-29 14:09:04 - [MESSAGE][WARNING] - Timeout '0' is invalid. Using default page load timeout: '30'

2023-09-29 14:09:04 - [MESSAGE][PASSED] - Object 'Object Repository/Pendaftaran/verifikasi masuk helamaan daftar' is present

2023-09-29 14:09:04 - [TEST_STEP][PASSED] - setText(findTestObject("Pendaftaran/input username"), "anata 71"): Text 'anata 71' is set on object 'Object Repository/Pendaftaran/input username'

2023-09-29 14:09:05 - [MESSAGE][PASSED] - Text 'anata 71' is set on object 'Object Repository/Pendaftaran/input username'

2023-09-29 14:09:05 - [TEST_STEP][PASSED] - alertText = getAlertText(): Get alert text successfully: 'Maaf, Tidak Boleh Menggunakan Spasi,..'

2023-09-29 14:09:05 - [MESSAGE][PASSED] - Get alert text successfully: 'Maaf, Tidak Boleh Menggunakan Spasi,..'

2023-09-29 14:09:05 - [TEST_STEP][PASSED] - verifyMatch(alertText, "Maaf, Tidak Boleh Menggunakan Spasi,..", false): Actual text 'Maaf, Tidak Boleh Menggunakan Spasi,..' and expected text 'Maaf, Tidak Boleh Menggunakan Spasi,..' are matched 

2023-09-29 14:09:05 - [MESSAGE][PASSED] - Actual text 'Maaf, Tidak Boleh Menggunakan Spasi,..' and expected text 'Maaf, Tidak Boleh Menggunakan Spasi,..' are matched]]></system-out>
         <system-err><![CDATA[]]></system-err>
      </testcase>
      <testcase name="Test Cases/T08 - Pendaftaran/TC-PE-002" time="17.037" classname="Test Cases/T08 - Pendaftaran/TC-PE-002" status="PASSED">
         <system-out><![CDATA[2023-09-29 14:09:05 - [TEST_CASE][PASSED] - Test Cases/T08 - Pendaftaran/TC-PE-002: Test Cases/T08 - Pendaftaran/TC-PE-002

2023-09-29 14:09:07 - [TEST_STEP][PASSED] - openBrowser(urlWeb): Browser is opened with url: 'https://10.9.2.63/ecommerce/'

2023-09-29 14:09:07 - [MESSAGE][WARNING] - A browser is already opened. Closing browser and opening a new one

2023-09-29 14:09:09 - [MESSAGE][INFO] - Starting 'Firefox' driver

2023-09-29 14:09:09 - [MESSAGE][INFO] - Action delay is set to 0 milliseconds

2023-09-29 14:09:17 - [MESSAGE][PASSED] - Browser is opened with url: 'https://10.9.2.63/ecommerce/'

2023-09-29 14:09:17 - [TEST_STEP][PASSED] - maximizeWindow(): Current window maximized

2023-09-29 14:09:17 - [MESSAGE][PASSED] - Current window maximized

2023-09-29 14:09:17 - [TEST_STEP][PASSED] - verifyElementPresent(findTestObject("verifikasi halaman tajalapak sebelum daftar"), 0): Object 'Object Repository/verifikasi halaman tajalapak sebelum daftar' is present

2023-09-29 14:09:17 - [MESSAGE][WARNING] - Timeout '0' is invalid. Using default page load timeout: '30'

2023-09-29 14:09:17 - [MESSAGE][PASSED] - Object 'Object Repository/verifikasi halaman tajalapak sebelum daftar' is present

2023-09-29 14:09:17 - [TEST_STEP][PASSED] - click(findTestObject("Pendaftaran/a_Login")): Object: 'Object Repository/Pendaftaran/a_Login' is clicked on

2023-09-29 14:09:18 - [MESSAGE][PASSED] - Object: 'Object Repository/Pendaftaran/a_Login' is clicked on

2023-09-29 14:09:18 - [TEST_STEP][PASSED] - verifyElementPresent(findTestObject("Pendaftaran/verifikasi MASUK di halaman Login"), 0): Object 'Object Repository/Pendaftaran/verifikasi MASUK di halaman Login' is present

2023-09-29 14:09:18 - [MESSAGE][WARNING] - Timeout '0' is invalid. Using default page load timeout: '30'

2023-09-29 14:09:19 - [MESSAGE][PASSED] - Object 'Object Repository/Pendaftaran/verifikasi MASUK di halaman Login' is present

2023-09-29 14:09:19 - [TEST_STEP][PASSED] - setText(findTestObject("Login/input_Username, Email atau No. Handphone_a"), "anata61"): Text 'anata61' is set on object 'Object Repository/Login/input_Username, Email atau No. Handphone_a'

2023-09-29 14:09:20 - [MESSAGE][PASSED] - Text 'anata61' is set on object 'Object Repository/Login/input_Username, Email atau No. Handphone_a'

2023-09-29 14:09:20 - [TEST_STEP][PASSED] - setEncryptedText(findTestObject("Login/input_Password di Login(Masuk)"), "qbkrdMwyWE4="): Text ****** has been set on object 'Object Repository/Login/input_Password di Login(Masuk)'

2023-09-29 14:09:20 - [MESSAGE][PASSED] - Text ****** has been set on object 'Object Repository/Login/input_Password di Login(Masuk)'

2023-09-29 14:09:20 - [TEST_STEP][PASSED] - click(findTestObject("Login/button_Masuk di halaman login")): Object: 'Object Repository/Login/button_Masuk di halaman login' is clicked on

2023-09-29 14:09:22 - [MESSAGE][PASSED] - Object: 'Object Repository/Login/button_Masuk di halaman login' is clicked on

2023-09-29 14:09:22 - [TEST_STEP][PASSED] - verifyElementPresent(findTestObject("Pendaftaran/verifikasi masuk helamaan daftar"), 0): Object 'Object Repository/Pendaftaran/verifikasi masuk helamaan daftar' is present

2023-09-29 14:09:22 - [MESSAGE][WARNING] - Timeout '0' is invalid. Using default page load timeout: '30'

2023-09-29 14:09:22 - [MESSAGE][PASSED] - Object 'Object Repository/Pendaftaran/verifikasi masuk helamaan daftar' is present]]></system-out>
         <system-err><![CDATA[]]></system-err>
      </testcase>
      <testcase name="Test Cases/T08 - Pendaftaran/TC-PE-003" time="15.26" classname="Test Cases/T08 - Pendaftaran/TC-PE-003" status="PASSED">
         <system-out><![CDATA[2023-09-29 14:09:23 - [TEST_CASE][PASSED] - Test Cases/T08 - Pendaftaran/TC-PE-003: Test Cases/T08 - Pendaftaran/TC-PE-003

2023-09-29 14:09:24 - [TEST_STEP][PASSED] - openBrowser(urlWeb): Browser is opened with url: 'https://10.9.2.63/ecommerce/'

2023-09-29 14:09:24 - [MESSAGE][WARNING] - A browser is already opened. Closing browser and opening a new one

2023-09-29 14:09:25 - [MESSAGE][INFO] - Starting 'Firefox' driver

2023-09-29 14:09:25 - [MESSAGE][INFO] - Action delay is set to 0 milliseconds

2023-09-29 14:09:34 - [MESSAGE][PASSED] - Browser is opened with url: 'https://10.9.2.63/ecommerce/'

2023-09-29 14:09:34 - [TEST_STEP][PASSED] - maximizeWindow(): Current window maximized

2023-09-29 14:09:34 - [MESSAGE][PASSED] - Current window maximized

2023-09-29 14:09:34 - [TEST_STEP][PASSED] - verifyElementPresent(findTestObject("verifikasi halaman tajalapak sebelum daftar"), 0): Object 'Object Repository/verifikasi halaman tajalapak sebelum daftar' is present

2023-09-29 14:09:34 - [MESSAGE][WARNING] - Timeout '0' is invalid. Using default page load timeout: '30'

2023-09-29 14:09:35 - [MESSAGE][PASSED] - Object 'Object Repository/verifikasi halaman tajalapak sebelum daftar' is present

2023-09-29 14:09:35 - [TEST_STEP][PASSED] - click(findTestObject("Pendaftaran/button Register")): Object: 'Object Repository/Pendaftaran/button Register' is clicked on

2023-09-29 14:09:36 - [MESSAGE][PASSED] - Object: 'Object Repository/Pendaftaran/button Register' is clicked on

2023-09-29 14:09:36 - [TEST_STEP][PASSED] - verifyElementPresent(findTestObject("Pendaftaran/verifikasi masuk helamaan daftar"), 0): Object 'Object Repository/Pendaftaran/verifikasi masuk helamaan daftar' is present

2023-09-29 14:09:36 - [MESSAGE][WARNING] - Timeout '0' is invalid. Using default page load timeout: '30'

2023-09-29 14:09:36 - [MESSAGE][PASSED] - Object 'Object Repository/Pendaftaran/verifikasi masuk helamaan daftar' is present

2023-09-29 14:09:36 - [TEST_STEP][PASSED] - click(findTestObject("Pendaftaran/button_Daftar")): Object: 'Object Repository/Pendaftaran/button_Daftar' is clicked on

2023-09-29 14:09:37 - [MESSAGE][PASSED] - Object: 'Object Repository/Pendaftaran/button_Daftar' is clicked on

2023-09-29 14:09:37 - [TEST_STEP][PASSED] - webDriver = getWebDriver(): null

2023-09-29 14:09:37 - [TEST_STEP][PASSED] - field_username = webDriver.findElement(By.xpath("//input[@name="username"]")): null

2023-09-29 14:09:38 - [TEST_STEP][PASSED] - error_message = webDriver.executeScript("return arguments[0].validationMessage", field_username): null

2023-09-29 14:09:38 - [TEST_STEP][PASSED] - println(error_message): null

2023-09-29 14:09:38 - [TEST_STEP][PASSED] - assert error_message == "Please fill out this field.": null]]></system-out>
         <system-err><![CDATA[]]></system-err>
      </testcase>
      <testcase name="Test Cases/T08 - Pendaftaran/TC-PF-001" time="19.997" classname="Test Cases/T08 - Pendaftaran/TC-PF-001" status="FAILED">
         <failure type="FAILED" message="Test Cases/T08 - Pendaftaran/TC-PF-001 FAILED.
Reason:
Assertion failed: 

assert error_message == &quot;please enter a valid email addres.&quot;
       |             |
       null          false

	at TC-PF-001.run(TC-PF-001:66)
	at com.kms.katalon.core.main.ScriptEngine.run(ScriptEngine.java:194)
	at com.kms.katalon.core.main.ScriptEngine.runScriptAsRawText(ScriptEngine.java:119)
	at com.kms.katalon.core.main.TestCaseExecutor.runScript(TestCaseExecutor.java:448)
	at com.kms.katalon.core.main.TestCaseExecutor.doExecute(TestCaseExecutor.java:439)
	at com.kms.katalon.core.main.TestCaseExecutor.processExecutionPhase(TestCaseExecutor.java:418)
	at com.kms.katalon.core.main.TestCaseExecutor.accessMainPhase(TestCaseExecutor.java:410)
	at com.kms.katalon.core.main.TestCaseExecutor.execute(TestCaseExecutor.java:285)
	at com.kms.katalon.core.common.CommonExecutor.accessTestCaseMainPhase(CommonExecutor.java:65)
	at com.kms.katalon.core.main.TestSuiteExecutor.accessTestSuiteMainPhase(TestSuiteExecutor.java:148)
	at com.kms.katalon.core.main.TestSuiteExecutor.execute(TestSuiteExecutor.java:106)
	at com.kms.katalon.core.main.TestCaseMain.startTestSuite(TestCaseMain.java:187)
	at com.kms.katalon.core.main.TestCaseMain$startTestSuite$0.call(Unknown Source)
	at TempTestSuite1695971182674.run(TempTestSuite1695971182674.groovy:36)
"/>
         <system-out><![CDATA[2023-09-29 14:09:38 - [TEST_CASE][FAILED] - Test Cases/T08 - Pendaftaran/TC-PF-001: Test Cases/T08 - Pendaftaran/TC-PF-001 FAILED.
Reason:
Assertion failed: 

assert error_message == "please enter a valid email addres."
       |             |
       null          false

	at TC-PF-001.run(TC-PF-001:66)
	at com.kms.katalon.core.main.ScriptEngine.run(ScriptEngine.java:194)
	at com.kms.katalon.core.main.ScriptEngine.runScriptAsRawText(ScriptEngine.java:119)
	at com.kms.katalon.core.main.TestCaseExecutor.runScript(TestCaseExecutor.java:448)
	at com.kms.katalon.core.main.TestCaseExecutor.doExecute(TestCaseExecutor.java:439)
	at com.kms.katalon.core.main.TestCaseExecutor.processExecutionPhase(TestCaseExecutor.java:418)
	at com.kms.katalon.core.main.TestCaseExecutor.accessMainPhase(TestCaseExecutor.java:410)
	at com.kms.katalon.core.main.TestCaseExecutor.execute(TestCaseExecutor.java:285)
	at com.kms.katalon.core.common.CommonExecutor.accessTestCaseMainPhase(CommonExecutor.java:65)
	at com.kms.katalon.core.main.TestSuiteExecutor.accessTestSuiteMainPhase(TestSuiteExecutor.java:148)
	at com.kms.katalon.core.main.TestSuiteExecutor.execute(TestSuiteExecutor.java:106)
	at com.kms.katalon.core.main.TestCaseMain.startTestSuite(TestCaseMain.java:187)
	at com.kms.katalon.core.main.TestCaseMain$startTestSuite$0.call(Unknown Source)
	at TempTestSuite1695971182674.run(TempTestSuite1695971182674.groovy:36)


2023-09-29 14:09:39 - [TEST_STEP][PASSED] - openBrowser(urlWeb): Browser is opened with url: 'https://10.9.2.63/ecommerce/'

2023-09-29 14:09:39 - [MESSAGE][WARNING] - A browser is already opened. Closing browser and opening a new one

2023-09-29 14:09:41 - [MESSAGE][INFO] - Starting 'Firefox' driver

2023-09-29 14:09:41 - [MESSAGE][INFO] - Action delay is set to 0 milliseconds

2023-09-29 14:09:50 - [MESSAGE][PASSED] - Browser is opened with url: 'https://10.9.2.63/ecommerce/'

2023-09-29 14:09:50 - [TEST_STEP][PASSED] - maximizeWindow(): Current window maximized

2023-09-29 14:09:50 - [MESSAGE][PASSED] - Current window maximized

2023-09-29 14:09:50 - [TEST_STEP][PASSED] - verifyElementPresent(findTestObject("verifikasi halaman tajalapak sebelum daftar"), 0): Object 'Object Repository/verifikasi halaman tajalapak sebelum daftar' is present

2023-09-29 14:09:50 - [MESSAGE][WARNING] - Timeout '0' is invalid. Using default page load timeout: '30'

2023-09-29 14:09:50 - [MESSAGE][PASSED] - Object 'Object Repository/verifikasi halaman tajalapak sebelum daftar' is present

2023-09-29 14:09:50 - [TEST_STEP][PASSED] - click(findTestObject("Pendaftaran/button Register")): Object: 'Object Repository/Pendaftaran/button Register' is clicked on

2023-09-29 14:09:52 - [MESSAGE][PASSED] - Object: 'Object Repository/Pendaftaran/button Register' is clicked on

2023-09-29 14:09:52 - [TEST_STEP][PASSED] - verifyElementPresent(findTestObject("Pendaftaran/verifikasi masuk helamaan daftar"), 0): Object 'Object Repository/Pendaftaran/verifikasi masuk helamaan daftar' is present

2023-09-29 14:09:52 - [MESSAGE][WARNING] - Timeout '0' is invalid. Using default page load timeout: '30'

2023-09-29 14:09:53 - [MESSAGE][PASSED] - Object 'Object Repository/Pendaftaran/verifikasi masuk helamaan daftar' is present

2023-09-29 14:09:53 - [TEST_STEP][PASSED] - setText(findTestObject("Pendaftaran/input username"), usn): Text 'ikana61' is set on object 'Object Repository/Pendaftaran/input username'

2023-09-29 14:09:53 - [MESSAGE][PASSED] - Text 'ikana61' is set on object 'Object Repository/Pendaftaran/input username'

2023-09-29 14:09:53 - [TEST_STEP][PASSED] - setText(findTestObject("Pendaftaran/input email"), email): Text 'ikana61' is set on object 'Object Repository/Pendaftaran/input email'

2023-09-29 14:09:54 - [MESSAGE][PASSED] - Text 'ikana61' is set on object 'Object Repository/Pendaftaran/input email'

2023-09-29 14:09:54 - [TEST_STEP][PASSED] - setText(findTestObject("Pendaftaran/input Nomor Telephon"), noHp): Text '085643219653' is set on object 'Object Repository/Pendaftaran/input Nomor Telephon'

2023-09-29 14:09:55 - [MESSAGE][PASSED] - Text '085643219653' is set on object 'Object Repository/Pendaftaran/input Nomor Telephon'

2023-09-29 14:09:55 - [TEST_STEP][PASSED] - if (toString().equalsIgnoreCase("Perempuan")): null

2023-09-29 14:09:55 - [TEST_STEP][PASSED] - setEncryptedText(findTestObject("Pendaftaran/input password"), "qbkrdMwyWE4="): Text ****** has been set on object 'Object Repository/Pendaftaran/input password'

2023-09-29 14:09:56 - [MESSAGE][PASSED] - Text ****** has been set on object 'Object Repository/Pendaftaran/input password'

2023-09-29 14:09:56 - [TEST_STEP][PASSED] - setEncryptedText(findTestObject("Pendaftaran/input konfirmasi password"), "qbkrdMwyWE4="): Text ****** has been set on object 'Object Repository/Pendaftaran/input konfirmasi password'

2023-09-29 14:09:57 - [MESSAGE][PASSED] - Text ****** has been set on object 'Object Repository/Pendaftaran/input konfirmasi password'

2023-09-29 14:09:57 - [TEST_STEP][PASSED] - click(findTestObject("Pendaftaran/button_Daftar")): Object: 'Object Repository/Pendaftaran/button_Daftar' is clicked on

2023-09-29 14:09:57 - [MESSAGE][PASSED] - Object: 'Object Repository/Pendaftaran/button_Daftar' is clicked on

2023-09-29 14:09:57 - [TEST_STEP][PASSED] - webDriver = getWebDriver(): null

2023-09-29 14:09:57 - [TEST_STEP][PASSED] - field_email = webDriver.findElement(By.xpath("(//input[@name="a"])[4]")): null

2023-09-29 14:09:58 - [TEST_STEP][PASSED] - error_message = webDriver.executeScript("return arguments[0].validationMessasge", field_email): null

2023-09-29 14:09:58 - [TEST_STEP][PASSED] - println(error_message): null

2023-09-29 14:09:58 - [TEST_STEP][FAILED] - assert error_message == "please enter a valid email addres.": Test Cases/T08 - Pendaftaran/TC-PF-001 FAILED.
Reason:
Assertion failed: 

assert error_message == "please enter a valid email addres."
       |             |
       null          false

	at TC-PF-001.run(TC-PF-001:66)
	at com.kms.katalon.core.main.ScriptEngine.run(ScriptEngine.java:194)
	at com.kms.katalon.core.main.ScriptEngine.runScriptAsRawText(ScriptEngine.java:119)
	at com.kms.katalon.core.main.TestCaseExecutor.runScript(TestCaseExecutor.java:448)
	at com.kms.katalon.core.main.TestCaseExecutor.doExecute(TestCaseExecutor.java:439)
	at com.kms.katalon.core.main.TestCaseExecutor.processExecutionPhase(TestCaseExecutor.java:418)
	at com.kms.katalon.core.main.TestCaseExecutor.accessMainPhase(TestCaseExecutor.java:410)
	at com.kms.katalon.core.main.TestCaseExecutor.execute(TestCaseExecutor.java:285)
	at com.kms.katalon.core.common.CommonExecutor.accessTestCaseMainPhase(CommonExecutor.java:65)
	at com.kms.katalon.core.main.TestSuiteExecutor.accessTestSuiteMainPhase(TestSuiteExecutor.java:148)
	at com.kms.katalon.core.main.TestSuiteExecutor.execute(TestSuiteExecutor.java:106)
	at com.kms.katalon.core.main.TestCaseMain.startTestSuite(TestCaseMain.java:187)
	at com.kms.katalon.core.main.TestCaseMain$startTestSuite$0.call(Unknown Source)
	at TempTestSuite1695971182674.run(TempTestSuite1695971182674.groovy:36)


2023-09-29 14:09:58 - [MESSAGE][FAILED] - Test Cases/T08 - Pendaftaran/TC-PF-001 FAILED.
Reason:
Assertion failed: 

assert error_message == "please enter a valid email addres."
       |             |
       null          false

	at TC-PF-001.run(TC-PF-001:66)
	at com.kms.katalon.core.main.ScriptEngine.run(ScriptEngine.java:194)
	at com.kms.katalon.core.main.ScriptEngine.runScriptAsRawText(ScriptEngine.java:119)
	at com.kms.katalon.core.main.TestCaseExecutor.runScript(TestCaseExecutor.java:448)
	at com.kms.katalon.core.main.TestCaseExecutor.doExecute(TestCaseExecutor.java:439)
	at com.kms.katalon.core.main.TestCaseExecutor.processExecutionPhase(TestCaseExecutor.java:418)
	at com.kms.katalon.core.main.TestCaseExecutor.accessMainPhase(TestCaseExecutor.java:410)
	at com.kms.katalon.core.main.TestCaseExecutor.execute(TestCaseExecutor.java:285)
	at com.kms.katalon.core.common.CommonExecutor.accessTestCaseMainPhase(CommonExecutor.java:65)
	at com.kms.katalon.core.main.TestSuiteExecutor.accessTestSuiteMainPhase(TestSuiteExecutor.java:148)
	at com.kms.katalon.core.main.TestSuiteExecutor.execute(TestSuiteExecutor.java:106)
	at com.kms.katalon.core.main.TestCaseMain.startTestSuite(TestCaseMain.java:187)
	at com.kms.katalon.core.main.TestCaseMain$startTestSuite$0.call(Unknown Source)
	at TempTestSuite1695971182674.run(TempTestSuite1695971182674.groovy:36)]]></system-out>
         <system-err><![CDATA[2023-09-29 14:09:38 - [TEST_CASE][FAILED] - Test Cases/T08 - Pendaftaran/TC-PF-001: Test Cases/T08 - Pendaftaran/TC-PF-001 FAILED.
Reason:
Assertion failed: 

assert error_message == "please enter a valid email addres."
       |             |
       null          false

	at TC-PF-001.run(TC-PF-001:66)
	at com.kms.katalon.core.main.ScriptEngine.run(ScriptEngine.java:194)
	at com.kms.katalon.core.main.ScriptEngine.runScriptAsRawText(ScriptEngine.java:119)
	at com.kms.katalon.core.main.TestCaseExecutor.runScript(TestCaseExecutor.java:448)
	at com.kms.katalon.core.main.TestCaseExecutor.doExecute(TestCaseExecutor.java:439)
	at com.kms.katalon.core.main.TestCaseExecutor.processExecutionPhase(TestCaseExecutor.java:418)
	at com.kms.katalon.core.main.TestCaseExecutor.accessMainPhase(TestCaseExecutor.java:410)
	at com.kms.katalon.core.main.TestCaseExecutor.execute(TestCaseExecutor.java:285)
	at com.kms.katalon.core.common.CommonExecutor.accessTestCaseMainPhase(CommonExecutor.java:65)
	at com.kms.katalon.core.main.TestSuiteExecutor.accessTestSuiteMainPhase(TestSuiteExecutor.java:148)
	at com.kms.katalon.core.main.TestSuiteExecutor.execute(TestSuiteExecutor.java:106)
	at com.kms.katalon.core.main.TestCaseMain.startTestSuite(TestCaseMain.java:187)
	at com.kms.katalon.core.main.TestCaseMain$startTestSuite$0.call(Unknown Source)
	at TempTestSuite1695971182674.run(TempTestSuite1695971182674.groovy:36)]]></system-err>
      </testcase>
      <testcase name="Test Cases/T08 - Pendaftaran/TC-PF-002" time="23.254" classname="Test Cases/T08 - Pendaftaran/TC-PF-002" status="PASSED">
         <system-out><![CDATA[2023-09-29 14:09:58 - [TEST_CASE][PASSED] - Test Cases/T08 - Pendaftaran/TC-PF-002: Test Cases/T08 - Pendaftaran/TC-PF-002

2023-09-29 14:09:59 - [TEST_STEP][PASSED] - openBrowser(urlWeb): Browser is opened with url: 'https://10.9.2.63/ecommerce/'

2023-09-29 14:09:59 - [MESSAGE][WARNING] - A browser is already opened. Closing browser and opening a new one

2023-09-29 14:10:01 - [MESSAGE][INFO] - Starting 'Firefox' driver

2023-09-29 14:10:01 - [MESSAGE][INFO] - Action delay is set to 0 milliseconds

2023-09-29 14:10:09 - [MESSAGE][PASSED] - Browser is opened with url: 'https://10.9.2.63/ecommerce/'

2023-09-29 14:10:09 - [TEST_STEP][PASSED] - maximizeWindow(): Current window maximized

2023-09-29 14:10:09 - [MESSAGE][PASSED] - Current window maximized

2023-09-29 14:10:09 - [TEST_STEP][PASSED] - verifyElementPresent(findTestObject("verifikasi halaman tajalapak sebelum daftar"), 0): Object 'Object Repository/verifikasi halaman tajalapak sebelum daftar' is present

2023-09-29 14:10:10 - [MESSAGE][WARNING] - Timeout '0' is invalid. Using default page load timeout: '30'

2023-09-29 14:10:10 - [MESSAGE][PASSED] - Object 'Object Repository/verifikasi halaman tajalapak sebelum daftar' is present

2023-09-29 14:10:10 - [TEST_STEP][PASSED] - click(findTestObject("Pendaftaran/button Register")): Object: 'Object Repository/Pendaftaran/button Register' is clicked on

2023-09-29 14:10:11 - [MESSAGE][PASSED] - Object: 'Object Repository/Pendaftaran/button Register' is clicked on

2023-09-29 14:10:11 - [TEST_STEP][PASSED] - verifyElementPresent(findTestObject("Pendaftaran/verifikasi masuk helamaan daftar"), 0): Object 'Object Repository/Pendaftaran/verifikasi masuk helamaan daftar' is present

2023-09-29 14:10:11 - [MESSAGE][WARNING] - Timeout '0' is invalid. Using default page load timeout: '30'

2023-09-29 14:10:12 - [MESSAGE][PASSED] - Object 'Object Repository/Pendaftaran/verifikasi masuk helamaan daftar' is present

2023-09-29 14:10:12 - [TEST_STEP][PASSED] - setText(findTestObject("Pendaftaran/input username"), usn): Text 'ikana81' is set on object 'Object Repository/Pendaftaran/input username'

2023-09-29 14:10:13 - [MESSAGE][PASSED] - Text 'ikana81' is set on object 'Object Repository/Pendaftaran/input username'

2023-09-29 14:10:13 - [TEST_STEP][PASSED] - setText(findTestObject("Pendaftaran/input email"), email): Text 'ikana81@gmail.com' is set on object 'Object Repository/Pendaftaran/input email'

2023-09-29 14:10:14 - [MESSAGE][PASSED] - Text 'ikana81@gmail.com' is set on object 'Object Repository/Pendaftaran/input email'

2023-09-29 14:10:14 - [TEST_STEP][PASSED] - setText(findTestObject("Pendaftaran/input Nomor Telephon"), noHp): Text '085643219065' is set on object 'Object Repository/Pendaftaran/input Nomor Telephon'

2023-09-29 14:10:15 - [MESSAGE][PASSED] - Text '085643219065' is set on object 'Object Repository/Pendaftaran/input Nomor Telephon'

2023-09-29 14:10:15 - [TEST_STEP][PASSED] - if (toString().equalsIgnoreCase("Perempuan")): Object 'Object Repository/Pendaftaran/pilihan Wanita_jenis_kelamin' is checked

2023-09-29 14:10:15 - [TEST_STEP][PASSED] - check(findTestObject("Pendaftaran/pilihan Wanita_jenis_kelamin")): Object 'Object Repository/Pendaftaran/pilihan Wanita_jenis_kelamin' is checked

2023-09-29 14:10:16 - [MESSAGE][PASSED] - Object 'Object Repository/Pendaftaran/pilihan Wanita_jenis_kelamin' is checked

2023-09-29 14:10:16 - [TEST_STEP][PASSED] - setEncryptedText(findTestObject("Pendaftaran/input password"), "qbkrdMwyWE4="): Text ****** has been set on object 'Object Repository/Pendaftaran/input password'

2023-09-29 14:10:17 - [MESSAGE][PASSED] - Text ****** has been set on object 'Object Repository/Pendaftaran/input password'

2023-09-29 14:10:17 - [TEST_STEP][PASSED] - setEncryptedText(findTestObject("Pendaftaran/input konfirmasi password"), "cEZ5BwTAfeQ="): Text ****** has been set on object 'Object Repository/Pendaftaran/input konfirmasi password'

2023-09-29 14:10:17 - [MESSAGE][PASSED] - Text ****** has been set on object 'Object Repository/Pendaftaran/input konfirmasi password'

2023-09-29 14:10:17 - [TEST_STEP][PASSED] - click(findTestObject("Pendaftaran/button_Daftar")): Object: 'Object Repository/Pendaftaran/button_Daftar' is clicked on

2023-09-29 14:10:20 - [MESSAGE][PASSED] - Object: 'Object Repository/Pendaftaran/button_Daftar' is clicked on

2023-09-29 14:10:20 - [TEST_STEP][PASSED] - verifyElementText(findTestObject("Pendaftaran/verifikasi error untuk password dan konfirmasi password berbeda"), "Password anda tidak Valid!"): Actual text and expected text of test object 'Object Repository/Pendaftaran/verifikasi error untuk password dan konfirmasi password berbeda' are matched.

2023-09-29 14:10:21 - [MESSAGE][PASSED] - Actual text and expected text of test object 'Object Repository/Pendaftaran/verifikasi error untuk password dan konfirmasi password berbeda' are matched.]]></system-out>
         <system-err><![CDATA[]]></system-err>
      </testcase>
      <testcase name="Test Cases/T08 - Pendaftaran/TC-PF-003" time="19.782" classname="Test Cases/T08 - Pendaftaran/TC-PF-003" status="PASSED">
         <system-out><![CDATA[2023-09-29 14:10:21 - [TEST_CASE][PASSED] - Test Cases/T08 - Pendaftaran/TC-PF-003: Test Cases/T08 - Pendaftaran/TC-PF-003

2023-09-29 14:10:23 - [TEST_STEP][PASSED] - openBrowser(urlWeb): Browser is opened with url: 'https://10.9.2.63/ecommerce/'

2023-09-29 14:10:23 - [MESSAGE][WARNING] - A browser is already opened. Closing browser and opening a new one

2023-09-29 14:10:25 - [MESSAGE][INFO] - Starting 'Firefox' driver

2023-09-29 14:10:25 - [MESSAGE][INFO] - Action delay is set to 0 milliseconds

2023-09-29 14:10:33 - [MESSAGE][PASSED] - Browser is opened with url: 'https://10.9.2.63/ecommerce/'

2023-09-29 14:10:33 - [TEST_STEP][PASSED] - maximizeWindow(): Current window maximized

2023-09-29 14:10:33 - [MESSAGE][PASSED] - Current window maximized

2023-09-29 14:10:33 - [TEST_STEP][PASSED] - verifyElementPresent(findTestObject("verifikasi halaman tajalapak sebelum daftar"), 0): Object 'Object Repository/verifikasi halaman tajalapak sebelum daftar' is present

2023-09-29 14:10:33 - [MESSAGE][WARNING] - Timeout '0' is invalid. Using default page load timeout: '30'

2023-09-29 14:10:34 - [MESSAGE][PASSED] - Object 'Object Repository/verifikasi halaman tajalapak sebelum daftar' is present

2023-09-29 14:10:34 - [TEST_STEP][PASSED] - click(findTestObject("Pendaftaran/button Register")): Object: 'Object Repository/Pendaftaran/button Register' is clicked on

2023-09-29 14:10:35 - [MESSAGE][PASSED] - Object: 'Object Repository/Pendaftaran/button Register' is clicked on

2023-09-29 14:10:35 - [TEST_STEP][PASSED] - verifyElementPresent(findTestObject("Pendaftaran/verifikasi masuk helamaan daftar"), 0): Object 'Object Repository/Pendaftaran/verifikasi masuk helamaan daftar' is present

2023-09-29 14:10:35 - [MESSAGE][WARNING] - Timeout '0' is invalid. Using default page load timeout: '30'

2023-09-29 14:10:36 - [MESSAGE][PASSED] - Object 'Object Repository/Pendaftaran/verifikasi masuk helamaan daftar' is present

2023-09-29 14:10:36 - [TEST_STEP][PASSED] - setText(findTestObject("Pendaftaran/input username"), usn): Text 'ikana80' is set on object 'Object Repository/Pendaftaran/input username'

2023-09-29 14:10:36 - [MESSAGE][PASSED] - Text 'ikana80' is set on object 'Object Repository/Pendaftaran/input username'

2023-09-29 14:10:36 - [TEST_STEP][PASSED] - setText(findTestObject("Pendaftaran/input email"), email): Text 'ikana80@gmail.com' is set on object 'Object Repository/Pendaftaran/input email'

2023-09-29 14:10:37 - [MESSAGE][PASSED] - Text 'ikana80@gmail.com' is set on object 'Object Repository/Pendaftaran/input email'

2023-09-29 14:10:37 - [TEST_STEP][PASSED] - setText(findTestObject("Pendaftaran/input Nomor Telephon"), noHp): Text '085643219653' is set on object 'Object Repository/Pendaftaran/input Nomor Telephon'

2023-09-29 14:10:38 - [MESSAGE][PASSED] - Text '085643219653' is set on object 'Object Repository/Pendaftaran/input Nomor Telephon'

2023-09-29 14:10:38 - [TEST_STEP][PASSED] - if (toString().equalsIgnoreCase("Perempuan")): Object 'Object Repository/Pendaftaran/pilihan Wanita_jenis_kelamin' is checked

2023-09-29 14:10:38 - [TEST_STEP][PASSED] - check(findTestObject("Pendaftaran/pilihan Wanita_jenis_kelamin")): Object 'Object Repository/Pendaftaran/pilihan Wanita_jenis_kelamin' is checked

2023-09-29 14:10:39 - [MESSAGE][PASSED] - Object 'Object Repository/Pendaftaran/pilihan Wanita_jenis_kelamin' is checked

2023-09-29 14:10:39 - [TEST_STEP][PASSED] - setEncryptedText(findTestObject("Pendaftaran/input password"), "qbkrdMwyWE4="): Text ****** has been set on object 'Object Repository/Pendaftaran/input password'

2023-09-29 14:10:40 - [MESSAGE][PASSED] - Text ****** has been set on object 'Object Repository/Pendaftaran/input password'

2023-09-29 14:10:40 - [TEST_STEP][PASSED] - click(findTestObject("Pendaftaran/button_Daftar")): Object: 'Object Repository/Pendaftaran/button_Daftar' is clicked on

2023-09-29 14:10:41 - [MESSAGE][PASSED] - Object: 'Object Repository/Pendaftaran/button_Daftar' is clicked on

2023-09-29 14:10:41 - [TEST_STEP][PASSED] - webDriver = getWebDriver(): null

2023-09-29 14:10:41 - [TEST_STEP][PASSED] - field_konfrim_password = webDriver.findElement(By.xpath("//input[@name="repassword"]")): null

2023-09-29 14:10:41 - [TEST_STEP][PASSED] - error_message = webDriver.executeScript("return arguments[0].validationMessage", field_konfrim_password): null

2023-09-29 14:10:41 - [TEST_STEP][PASSED] - println(error_message): null

2023-09-29 14:10:41 - [TEST_STEP][PASSED] - assert error_message == "Please fill out this field.": null]]></system-out>
         <system-err><![CDATA[]]></system-err>
      </testcase>
      <testcase name="Test Cases/T08 - Pendaftaran/TC-PF-004" time="21.276" classname="Test Cases/T08 - Pendaftaran/TC-PF-004" status="PASSED">
         <system-out><![CDATA[2023-09-29 14:10:41 - [TEST_CASE][PASSED] - Test Cases/T08 - Pendaftaran/TC-PF-004: Test Cases/T08 - Pendaftaran/TC-PF-004

2023-09-29 14:10:42 - [TEST_STEP][PASSED] - openBrowser(urlWeb): Browser is opened with url: 'https://10.9.2.63/ecommerce/'

2023-09-29 14:10:42 - [MESSAGE][WARNING] - A browser is already opened. Closing browser and opening a new one

2023-09-29 14:10:44 - [MESSAGE][INFO] - Starting 'Firefox' driver

2023-09-29 14:10:44 - [MESSAGE][INFO] - Action delay is set to 0 milliseconds

2023-09-29 14:10:52 - [MESSAGE][PASSED] - Browser is opened with url: 'https://10.9.2.63/ecommerce/'

2023-09-29 14:10:52 - [TEST_STEP][PASSED] - maximizeWindow(): Current window maximized

2023-09-29 14:10:52 - [MESSAGE][PASSED] - Current window maximized

2023-09-29 14:10:52 - [TEST_STEP][PASSED] - verifyElementPresent(findTestObject("verifikasi halaman tajalapak sebelum daftar"), 0): Object 'Object Repository/verifikasi halaman tajalapak sebelum daftar' is present

2023-09-29 14:10:52 - [MESSAGE][WARNING] - Timeout '0' is invalid. Using default page load timeout: '30'

2023-09-29 14:10:53 - [MESSAGE][PASSED] - Object 'Object Repository/verifikasi halaman tajalapak sebelum daftar' is present

2023-09-29 14:10:53 - [TEST_STEP][PASSED] - click(findTestObject("Pendaftaran/button Register")): Object: 'Object Repository/Pendaftaran/button Register' is clicked on

2023-09-29 14:10:54 - [MESSAGE][PASSED] - Object: 'Object Repository/Pendaftaran/button Register' is clicked on

2023-09-29 14:10:54 - [TEST_STEP][PASSED] - verifyElementPresent(findTestObject("Pendaftaran/verifikasi masuk helamaan daftar"), 0): Object 'Object Repository/Pendaftaran/verifikasi masuk helamaan daftar' is present

2023-09-29 14:10:54 - [MESSAGE][WARNING] - Timeout '0' is invalid. Using default page load timeout: '30'

2023-09-29 14:10:55 - [MESSAGE][PASSED] - Object 'Object Repository/Pendaftaran/verifikasi masuk helamaan daftar' is present

2023-09-29 14:10:55 - [TEST_STEP][PASSED] - setText(findTestObject("Pendaftaran/input username"), usn): Text 'anata100' is set on object 'Object Repository/Pendaftaran/input username'

2023-09-29 14:10:56 - [MESSAGE][PASSED] - Text 'anata100' is set on object 'Object Repository/Pendaftaran/input username'

2023-09-29 14:10:56 - [TEST_STEP][PASSED] - setText(findTestObject("Pendaftaran/input email"), email): Text 'ikana100@gmail.com' is set on object 'Object Repository/Pendaftaran/input email'

2023-09-29 14:10:57 - [MESSAGE][PASSED] - Text 'ikana100@gmail.com' is set on object 'Object Repository/Pendaftaran/input email'

2023-09-29 14:10:57 - [TEST_STEP][PASSED] - setText(findTestObject("Pendaftaran/input Nomor Telephon"), noHp): Text '08564' is set on object 'Object Repository/Pendaftaran/input Nomor Telephon'

2023-09-29 14:10:58 - [MESSAGE][PASSED] - Text '08564' is set on object 'Object Repository/Pendaftaran/input Nomor Telephon'

2023-09-29 14:10:58 - [TEST_STEP][PASSED] - if (toString().equalsIgnoreCase("Perempuan")): Object 'Object Repository/Pendaftaran/pilihan Wanita_jenis_kelamin' is checked

2023-09-29 14:10:58 - [TEST_STEP][PASSED] - check(findTestObject("Pendaftaran/pilihan Wanita_jenis_kelamin")): Object 'Object Repository/Pendaftaran/pilihan Wanita_jenis_kelamin' is checked

2023-09-29 14:10:59 - [MESSAGE][PASSED] - Object 'Object Repository/Pendaftaran/pilihan Wanita_jenis_kelamin' is checked

2023-09-29 14:10:59 - [TEST_STEP][PASSED] - setEncryptedText(findTestObject("Pendaftaran/input password"), "qbkrdMwyWE4="): Text ****** has been set on object 'Object Repository/Pendaftaran/input password'

2023-09-29 14:11:00 - [MESSAGE][PASSED] - Text ****** has been set on object 'Object Repository/Pendaftaran/input password'

2023-09-29 14:11:00 - [TEST_STEP][PASSED] - setEncryptedText(findTestObject("Pendaftaran/input konfirmasi password"), "qbkrdMwyWE4="): Text ****** has been set on object 'Object Repository/Pendaftaran/input konfirmasi password'

2023-09-29 14:11:00 - [MESSAGE][PASSED] - Text ****** has been set on object 'Object Repository/Pendaftaran/input konfirmasi password'

2023-09-29 14:11:00 - [TEST_STEP][PASSED] - click(findTestObject("Pendaftaran/button_Daftar")): Object: 'Object Repository/Pendaftaran/button_Daftar' is clicked on

2023-09-29 14:11:02 - [MESSAGE][PASSED] - Object: 'Object Repository/Pendaftaran/button_Daftar' is clicked on

2023-09-29 14:11:02 - [TEST_STEP][PASSED] - verifyElementText(findTestObject("Pendaftaran/GAGAL - No telpon anda tidak valid(kurang dari 11)"), "GAGAL - No telpon anda tidak valid.."): Actual text and expected text of test object 'Object Repository/Pendaftaran/GAGAL - No telpon anda tidak valid(kurang dari 11)' are matched.

2023-09-29 14:11:02 - [MESSAGE][PASSED] - Actual text and expected text of test object 'Object Repository/Pendaftaran/GAGAL - No telpon anda tidak valid(kurang dari 11)' are matched.]]></system-out>
         <system-err><![CDATA[]]></system-err>
      </testcase>
      <testcase name="Test Cases/T08 - Pendaftaran/TC-PF-005" time="24.444" classname="Test Cases/T08 - Pendaftaran/TC-PF-005" status="FAILED">
         <failure type="FAILED" message="Test Cases/T08 - Pendaftaran/TC-PF-005 FAILED.
Reason:
com.kms.katalon.core.exception.StepFailedException: Unable to verify text 'please enter valid phone number' is present 
	at com.kms.katalon.core.webui.keyword.internal.WebUIKeywordMain.stepFailed(WebUIKeywordMain.groovy:64)
	at com.kms.katalon.core.webui.keyword.internal.WebUIKeywordMain.runKeyword(WebUIKeywordMain.groovy:26)
	at com.kms.katalon.core.webui.keyword.builtin.VerifyTextPresentKeyword.verifyTextPresent(VerifyTextPresentKeyword.groovy:83)
	at com.kms.katalon.core.webui.keyword.builtin.VerifyTextPresentKeyword.execute(VerifyTextPresentKeyword.groovy:68)
	at com.kms.katalon.core.keyword.internal.KeywordExecutor.executeKeywordForPlatform(KeywordExecutor.groovy:74)
	at com.kms.katalon.core.webui.keyword.WebUiBuiltInKeywords.verifyTextPresent(WebUiBuiltInKeywords.groovy:1723)
	at com.kms.katalon.core.webui.keyword.WebUiBuiltInKeywords$verifyTextPresent$11.call(Unknown Source)
	at TC-PF-005.run(TC-PF-005:49)
	at com.kms.katalon.core.main.ScriptEngine.run(ScriptEngine.java:194)
	at com.kms.katalon.core.main.ScriptEngine.runScriptAsRawText(ScriptEngine.java:119)
	at com.kms.katalon.core.main.TestCaseExecutor.runScript(TestCaseExecutor.java:448)
	at com.kms.katalon.core.main.TestCaseExecutor.doExecute(TestCaseExecutor.java:439)
	at com.kms.katalon.core.main.TestCaseExecutor.processExecutionPhase(TestCaseExecutor.java:418)
	at com.kms.katalon.core.main.TestCaseExecutor.accessMainPhase(TestCaseExecutor.java:410)
	at com.kms.katalon.core.main.TestCaseExecutor.execute(TestCaseExecutor.java:285)
	at com.kms.katalon.core.common.CommonExecutor.accessTestCaseMainPhase(CommonExecutor.java:65)
	at com.kms.katalon.core.main.TestSuiteExecutor.accessTestSuiteMainPhase(TestSuiteExecutor.java:148)
	at com.kms.katalon.core.main.TestSuiteExecutor.execute(TestSuiteExecutor.java:106)
	at com.kms.katalon.core.main.TestCaseMain.startTestSuite(TestCaseMain.java:187)
	at com.kms.katalon.core.main.TestCaseMain$startTestSuite$0.call(Unknown Source)
	at TempTestSuite1695971182674.run(TempTestSuite1695971182674.groovy:36)
Caused by: com.kms.katalon.core.exception.StepFailedException: Text 'please enter valid phone number' is not present on page 
	at com.kms.katalon.core.webui.keyword.internal.WebUIKeywordMain.stepFailed(WebUIKeywordMain.groovy:64)
	at com.kms.katalon.core.webui.keyword.builtin.VerifyTextPresentKeyword$_verifyTextPresent_closure1.doCall(VerifyTextPresentKeyword.groovy:79)
	at com.kms.katalon.core.webui.keyword.builtin.VerifyTextPresentKeyword$_verifyTextPresent_closure1.call(VerifyTextPresentKeyword.groovy)
	at com.kms.katalon.core.webui.keyword.internal.WebUIKeywordMain.runKeyword(WebUIKeywordMain.groovy:20)
	... 19 more
"/>
         <system-out><![CDATA[2023-09-29 14:11:02 - [TEST_CASE][FAILED] - Test Cases/T08 - Pendaftaran/TC-PF-005: Test Cases/T08 - Pendaftaran/TC-PF-005 FAILED.
Reason:
com.kms.katalon.core.exception.StepFailedException: Unable to verify text 'please enter valid phone number' is present 
	at com.kms.katalon.core.webui.keyword.internal.WebUIKeywordMain.stepFailed(WebUIKeywordMain.groovy:64)
	at com.kms.katalon.core.webui.keyword.internal.WebUIKeywordMain.runKeyword(WebUIKeywordMain.groovy:26)
	at com.kms.katalon.core.webui.keyword.builtin.VerifyTextPresentKeyword.verifyTextPresent(VerifyTextPresentKeyword.groovy:83)
	at com.kms.katalon.core.webui.keyword.builtin.VerifyTextPresentKeyword.execute(VerifyTextPresentKeyword.groovy:68)
	at com.kms.katalon.core.keyword.internal.KeywordExecutor.executeKeywordForPlatform(KeywordExecutor.groovy:74)
	at com.kms.katalon.core.webui.keyword.WebUiBuiltInKeywords.verifyTextPresent(WebUiBuiltInKeywords.groovy:1723)
	at com.kms.katalon.core.webui.keyword.WebUiBuiltInKeywords$verifyTextPresent$11.call(Unknown Source)
	at TC-PF-005.run(TC-PF-005:49)
	at com.kms.katalon.core.main.ScriptEngine.run(ScriptEngine.java:194)
	at com.kms.katalon.core.main.ScriptEngine.runScriptAsRawText(ScriptEngine.java:119)
	at com.kms.katalon.core.main.TestCaseExecutor.runScript(TestCaseExecutor.java:448)
	at com.kms.katalon.core.main.TestCaseExecutor.doExecute(TestCaseExecutor.java:439)
	at com.kms.katalon.core.main.TestCaseExecutor.processExecutionPhase(TestCaseExecutor.java:418)
	at com.kms.katalon.core.main.TestCaseExecutor.accessMainPhase(TestCaseExecutor.java:410)
	at com.kms.katalon.core.main.TestCaseExecutor.execute(TestCaseExecutor.java:285)
	at com.kms.katalon.core.common.CommonExecutor.accessTestCaseMainPhase(CommonExecutor.java:65)
	at com.kms.katalon.core.main.TestSuiteExecutor.accessTestSuiteMainPhase(TestSuiteExecutor.java:148)
	at com.kms.katalon.core.main.TestSuiteExecutor.execute(TestSuiteExecutor.java:106)
	at com.kms.katalon.core.main.TestCaseMain.startTestSuite(TestCaseMain.java:187)
	at com.kms.katalon.core.main.TestCaseMain$startTestSuite$0.call(Unknown Source)
	at TempTestSuite1695971182674.run(TempTestSuite1695971182674.groovy:36)
Caused by: com.kms.katalon.core.exception.StepFailedException: Text 'please enter valid phone number' is not present on page 
	at com.kms.katalon.core.webui.keyword.internal.WebUIKeywordMain.stepFailed(WebUIKeywordMain.groovy:64)
	at com.kms.katalon.core.webui.keyword.builtin.VerifyTextPresentKeyword$_verifyTextPresent_closure1.doCall(VerifyTextPresentKeyword.groovy:79)
	at com.kms.katalon.core.webui.keyword.builtin.VerifyTextPresentKeyword$_verifyTextPresent_closure1.call(VerifyTextPresentKeyword.groovy)
	at com.kms.katalon.core.webui.keyword.internal.WebUIKeywordMain.runKeyword(WebUIKeywordMain.groovy:20)
	... 19 more


2023-09-29 14:11:04 - [TEST_STEP][PASSED] - openBrowser(urlWeb): Browser is opened with url: 'https://10.9.2.63/ecommerce/'

2023-09-29 14:11:04 - [MESSAGE][WARNING] - A browser is already opened. Closing browser and opening a new one

2023-09-29 14:11:05 - [MESSAGE][INFO] - Starting 'Firefox' driver

2023-09-29 14:11:05 - [MESSAGE][INFO] - Action delay is set to 0 milliseconds

2023-09-29 14:11:14 - [MESSAGE][PASSED] - Browser is opened with url: 'https://10.9.2.63/ecommerce/'

2023-09-29 14:11:14 - [TEST_STEP][PASSED] - maximizeWindow(): Current window maximized

2023-09-29 14:11:14 - [MESSAGE][PASSED] - Current window maximized

2023-09-29 14:11:14 - [TEST_STEP][PASSED] - verifyElementPresent(findTestObject("verifikasi halaman tajalapak sebelum daftar"), 0): Object 'Object Repository/verifikasi halaman tajalapak sebelum daftar' is present

2023-09-29 14:11:14 - [MESSAGE][WARNING] - Timeout '0' is invalid. Using default page load timeout: '30'

2023-09-29 14:11:14 - [MESSAGE][PASSED] - Object 'Object Repository/verifikasi halaman tajalapak sebelum daftar' is present

2023-09-29 14:11:14 - [TEST_STEP][PASSED] - click(findTestObject("Pendaftaran/button Register")): Object: 'Object Repository/Pendaftaran/button Register' is clicked on

2023-09-29 14:11:15 - [MESSAGE][PASSED] - Object: 'Object Repository/Pendaftaran/button Register' is clicked on

2023-09-29 14:11:15 - [TEST_STEP][PASSED] - verifyElementPresent(findTestObject("Pendaftaran/verifikasi masuk helamaan daftar"), 0): Object 'Object Repository/Pendaftaran/verifikasi masuk helamaan daftar' is present

2023-09-29 14:11:15 - [MESSAGE][WARNING] - Timeout '0' is invalid. Using default page load timeout: '30'

2023-09-29 14:11:16 - [MESSAGE][PASSED] - Object 'Object Repository/Pendaftaran/verifikasi masuk helamaan daftar' is present

2023-09-29 14:11:16 - [TEST_STEP][PASSED] - setText(findTestObject("Pendaftaran/input username"), usn): Text 'anata90' is set on object 'Object Repository/Pendaftaran/input username'

2023-09-29 14:11:17 - [MESSAGE][PASSED] - Text 'anata90' is set on object 'Object Repository/Pendaftaran/input username'

2023-09-29 14:11:17 - [TEST_STEP][PASSED] - setText(findTestObject("Pendaftaran/input email"), email): Text 'anata90@gmail.com' is set on object 'Object Repository/Pendaftaran/input email'

2023-09-29 14:11:18 - [MESSAGE][PASSED] - Text 'anata90@gmail.com' is set on object 'Object Repository/Pendaftaran/input email'

2023-09-29 14:11:18 - [TEST_STEP][PASSED] - setText(findTestObject("Pendaftaran/input Nomor Telephon"), noHp): Text '0856432187654321' is set on object 'Object Repository/Pendaftaran/input Nomor Telephon'

2023-09-29 14:11:19 - [MESSAGE][PASSED] - Text '0856432187654321' is set on object 'Object Repository/Pendaftaran/input Nomor Telephon'

2023-09-29 14:11:19 - [TEST_STEP][PASSED] - if (toString().equalsIgnoreCase("Perempuan")): Object 'Object Repository/Pendaftaran/pilihan Wanita_jenis_kelamin' is checked

2023-09-29 14:11:19 - [TEST_STEP][PASSED] - check(findTestObject("Pendaftaran/pilihan Wanita_jenis_kelamin")): Object 'Object Repository/Pendaftaran/pilihan Wanita_jenis_kelamin' is checked

2023-09-29 14:11:20 - [MESSAGE][PASSED] - Object 'Object Repository/Pendaftaran/pilihan Wanita_jenis_kelamin' is checked

2023-09-29 14:11:20 - [TEST_STEP][PASSED] - setEncryptedText(findTestObject("Pendaftaran/input password"), "qbkrdMwyWE4="): Text ****** has been set on object 'Object Repository/Pendaftaran/input password'

2023-09-29 14:11:21 - [MESSAGE][PASSED] - Text ****** has been set on object 'Object Repository/Pendaftaran/input password'

2023-09-29 14:11:21 - [TEST_STEP][PASSED] - setEncryptedText(findTestObject("Pendaftaran/input konfirmasi password"), "qbkrdMwyWE4="): Text ****** has been set on object 'Object Repository/Pendaftaran/input konfirmasi password'

2023-09-29 14:11:21 - [MESSAGE][PASSED] - Text ****** has been set on object 'Object Repository/Pendaftaran/input konfirmasi password'

2023-09-29 14:11:21 - [TEST_STEP][PASSED] - click(findTestObject("Pendaftaran/button_Daftar")): Object: 'Object Repository/Pendaftaran/button_Daftar' is clicked on

2023-09-29 14:11:25 - [MESSAGE][PASSED] - Object: 'Object Repository/Pendaftaran/button_Daftar' is clicked on

2023-09-29 14:11:25 - [TEST_STEP][FAILED] - verifyTextPresent("please enter valid phone number", false): Unable to verify text 'please enter valid phone number' is present  (Root cause: com.kms.katalon.core.exception.StepFailedException: Unable to verify text 'please enter valid phone number' is present 
	at com.kms.katalon.core.webui.keyword.internal.WebUIKeywordMain.stepFailed(WebUIKeywordMain.groovy:64)
	at com.kms.katalon.core.webui.keyword.internal.WebUIKeywordMain.runKeyword(WebUIKeywordMain.groovy:26)
	at com.kms.katalon.core.webui.keyword.builtin.VerifyTextPresentKeyword.verifyTextPresent(VerifyTextPresentKeyword.groovy:83)
	at com.kms.katalon.core.webui.keyword.builtin.VerifyTextPresentKeyword.execute(VerifyTextPresentKeyword.groovy:68)
	at com.kms.katalon.core.keyword.internal.KeywordExecutor.executeKeywordForPlatform(KeywordExecutor.groovy:74)
	at com.kms.katalon.core.webui.keyword.WebUiBuiltInKeywords.verifyTextPresent(WebUiBuiltInKeywords.groovy:1723)
	at com.kms.katalon.core.webui.keyword.WebUiBuiltInKeywords$verifyTextPresent$11.call(Unknown Source)
	at TC-PF-005.run(TC-PF-005:49)
	at com.kms.katalon.core.main.ScriptEngine.run(ScriptEngine.java:194)
	at com.kms.katalon.core.main.ScriptEngine.runScriptAsRawText(ScriptEngine.java:119)
	at com.kms.katalon.core.main.TestCaseExecutor.runScript(TestCaseExecutor.java:448)
	at com.kms.katalon.core.main.TestCaseExecutor.doExecute(TestCaseExecutor.java:439)
	at com.kms.katalon.core.main.TestCaseExecutor.processExecutionPhase(TestCaseExecutor.java:418)
	at com.kms.katalon.core.main.TestCaseExecutor.accessMainPhase(TestCaseExecutor.java:410)
	at com.kms.katalon.core.main.TestCaseExecutor.execute(TestCaseExecutor.java:285)
	at com.kms.katalon.core.common.CommonExecutor.accessTestCaseMainPhase(CommonExecutor.java:65)
	at com.kms.katalon.core.main.TestSuiteExecutor.accessTestSuiteMainPhase(TestSuiteExecutor.java:148)
	at com.kms.katalon.core.main.TestSuiteExecutor.execute(TestSuiteExecutor.java:106)
	at com.kms.katalon.core.main.TestCaseMain.startTestSuite(TestCaseMain.java:187)
	at com.kms.katalon.core.main.TestCaseMain$startTestSuite$0.call(Unknown Source)
	at TempTestSuite1695971182674.run(TempTestSuite1695971182674.groovy:36)
Caused by: com.kms.katalon.core.exception.StepFailedException: Text 'please enter valid phone number' is not present on page 
	at com.kms.katalon.core.webui.keyword.internal.WebUIKeywordMain.stepFailed(WebUIKeywordMain.groovy:64)
	at com.kms.katalon.core.webui.keyword.builtin.VerifyTextPresentKeyword$_verifyTextPresent_closure1.doCall(VerifyTextPresentKeyword.groovy:79)
	at com.kms.katalon.core.webui.keyword.builtin.VerifyTextPresentKeyword$_verifyTextPresent_closure1.call(VerifyTextPresentKeyword.groovy)
	at com.kms.katalon.core.webui.keyword.internal.WebUIKeywordMain.runKeyword(WebUIKeywordMain.groovy:20)
	... 19 more
)

2023-09-29 14:11:26 - [MESSAGE][FAILED] - Text 'please enter valid phone number' is not present on page  (Root cause: com.kms.katalon.core.exception.StepFailedException: Text 'please enter valid phone number' is not present on page 
	at com.kms.katalon.core.webui.keyword.internal.WebUIKeywordMain.stepFailed(WebUIKeywordMain.groovy:64)
	at com.kms.katalon.core.webui.keyword.builtin.VerifyTextPresentKeyword$_verifyTextPresent_closure1.doCall(VerifyTextPresentKeyword.groovy:79)
	at com.kms.katalon.core.webui.keyword.builtin.VerifyTextPresentKeyword$_verifyTextPresent_closure1.call(VerifyTextPresentKeyword.groovy)
	at com.kms.katalon.core.webui.keyword.internal.WebUIKeywordMain.runKeyword(WebUIKeywordMain.groovy:20)
	at com.kms.katalon.core.webui.keyword.builtin.VerifyTextPresentKeyword.verifyTextPresent(VerifyTextPresentKeyword.groovy:83)
	at com.kms.katalon.core.webui.keyword.builtin.VerifyTextPresentKeyword.execute(VerifyTextPresentKeyword.groovy:68)
	at com.kms.katalon.core.keyword.internal.KeywordExecutor.executeKeywordForPlatform(KeywordExecutor.groovy:74)
	at com.kms.katalon.core.webui.keyword.WebUiBuiltInKeywords.verifyTextPresent(WebUiBuiltInKeywords.groovy:1723)
	at com.kms.katalon.core.webui.keyword.WebUiBuiltInKeywords$verifyTextPresent$11.call(Unknown Source)
	at TC-PF-005.run(TC-PF-005:49)
	at com.kms.katalon.core.main.ScriptEngine.run(ScriptEngine.java:194)
	at com.kms.katalon.core.main.ScriptEngine.runScriptAsRawText(ScriptEngine.java:119)
	at com.kms.katalon.core.main.TestCaseExecutor.runScript(TestCaseExecutor.java:448)
	at com.kms.katalon.core.main.TestCaseExecutor.doExecute(TestCaseExecutor.java:439)
	at com.kms.katalon.core.main.TestCaseExecutor.processExecutionPhase(TestCaseExecutor.java:418)
	at com.kms.katalon.core.main.TestCaseExecutor.accessMainPhase(TestCaseExecutor.java:410)
	at com.kms.katalon.core.main.TestCaseExecutor.execute(TestCaseExecutor.java:285)
	at com.kms.katalon.core.common.CommonExecutor.accessTestCaseMainPhase(CommonExecutor.java:65)
	at com.kms.katalon.core.main.TestSuiteExecutor.accessTestSuiteMainPhase(TestSuiteExecutor.java:148)
	at com.kms.katalon.core.main.TestSuiteExecutor.execute(TestSuiteExecutor.java:106)
	at com.kms.katalon.core.main.TestCaseMain.startTestSuite(TestCaseMain.java:187)
	at com.kms.katalon.core.main.TestCaseMain$startTestSuite$0.call(Unknown Source)
	at TempTestSuite1695971182674.run(TempTestSuite1695971182674.groovy:36)
)

2023-09-29 14:11:27 - [MESSAGE][FAILED] - Unable to verify text 'please enter valid phone number' is present  (Root cause: com.kms.katalon.core.exception.StepFailedException: Unable to verify text 'please enter valid phone number' is present 
	at com.kms.katalon.core.webui.keyword.internal.WebUIKeywordMain.stepFailed(WebUIKeywordMain.groovy:64)
	at com.kms.katalon.core.webui.keyword.internal.WebUIKeywordMain.runKeyword(WebUIKeywordMain.groovy:26)
	at com.kms.katalon.core.webui.keyword.builtin.VerifyTextPresentKeyword.verifyTextPresent(VerifyTextPresentKeyword.groovy:83)
	at com.kms.katalon.core.webui.keyword.builtin.VerifyTextPresentKeyword.execute(VerifyTextPresentKeyword.groovy:68)
	at com.kms.katalon.core.keyword.internal.KeywordExecutor.executeKeywordForPlatform(KeywordExecutor.groovy:74)
	at com.kms.katalon.core.webui.keyword.WebUiBuiltInKeywords.verifyTextPresent(WebUiBuiltInKeywords.groovy:1723)
	at com.kms.katalon.core.webui.keyword.WebUiBuiltInKeywords$verifyTextPresent$11.call(Unknown Source)
	at TC-PF-005.run(TC-PF-005:49)
	at com.kms.katalon.core.main.ScriptEngine.run(ScriptEngine.java:194)
	at com.kms.katalon.core.main.ScriptEngine.runScriptAsRawText(ScriptEngine.java:119)
	at com.kms.katalon.core.main.TestCaseExecutor.runScript(TestCaseExecutor.java:448)
	at com.kms.katalon.core.main.TestCaseExecutor.doExecute(TestCaseExecutor.java:439)
	at com.kms.katalon.core.main.TestCaseExecutor.processExecutionPhase(TestCaseExecutor.java:418)
	at com.kms.katalon.core.main.TestCaseExecutor.accessMainPhase(TestCaseExecutor.java:410)
	at com.kms.katalon.core.main.TestCaseExecutor.execute(TestCaseExecutor.java:285)
	at com.kms.katalon.core.common.CommonExecutor.accessTestCaseMainPhase(CommonExecutor.java:65)
	at com.kms.katalon.core.main.TestSuiteExecutor.accessTestSuiteMainPhase(TestSuiteExecutor.java:148)
	at com.kms.katalon.core.main.TestSuiteExecutor.execute(TestSuiteExecutor.java:106)
	at com.kms.katalon.core.main.TestCaseMain.startTestSuite(TestCaseMain.java:187)
	at com.kms.katalon.core.main.TestCaseMain$startTestSuite$0.call(Unknown Source)
	at TempTestSuite1695971182674.run(TempTestSuite1695971182674.groovy:36)
Caused by: com.kms.katalon.core.exception.StepFailedException: Text 'please enter valid phone number' is not present on page 
	at com.kms.katalon.core.webui.keyword.internal.WebUIKeywordMain.stepFailed(WebUIKeywordMain.groovy:64)
	at com.kms.katalon.core.webui.keyword.builtin.VerifyTextPresentKeyword$_verifyTextPresent_closure1.doCall(VerifyTextPresentKeyword.groovy:79)
	at com.kms.katalon.core.webui.keyword.builtin.VerifyTextPresentKeyword$_verifyTextPresent_closure1.call(VerifyTextPresentKeyword.groovy)
	at com.kms.katalon.core.webui.keyword.internal.WebUIKeywordMain.runKeyword(WebUIKeywordMain.groovy:20)
	... 19 more
)
[[ATTACHMENT|F:\\bootcamp\\Miniproject\\Tajalapak\\Reports\\20230929_140622\\T08-Pendaftaran\\20230929_140622\\1695971486914.png]]]]></system-out>
         <system-err><![CDATA[2023-09-29 14:11:02 - [TEST_CASE][FAILED] - Test Cases/T08 - Pendaftaran/TC-PF-005: Test Cases/T08 - Pendaftaran/TC-PF-005 FAILED.
Reason:
com.kms.katalon.core.exception.StepFailedException: Unable to verify text 'please enter valid phone number' is present 
	at com.kms.katalon.core.webui.keyword.internal.WebUIKeywordMain.stepFailed(WebUIKeywordMain.groovy:64)
	at com.kms.katalon.core.webui.keyword.internal.WebUIKeywordMain.runKeyword(WebUIKeywordMain.groovy:26)
	at com.kms.katalon.core.webui.keyword.builtin.VerifyTextPresentKeyword.verifyTextPresent(VerifyTextPresentKeyword.groovy:83)
	at com.kms.katalon.core.webui.keyword.builtin.VerifyTextPresentKeyword.execute(VerifyTextPresentKeyword.groovy:68)
	at com.kms.katalon.core.keyword.internal.KeywordExecutor.executeKeywordForPlatform(KeywordExecutor.groovy:74)
	at com.kms.katalon.core.webui.keyword.WebUiBuiltInKeywords.verifyTextPresent(WebUiBuiltInKeywords.groovy:1723)
	at com.kms.katalon.core.webui.keyword.WebUiBuiltInKeywords$verifyTextPresent$11.call(Unknown Source)
	at TC-PF-005.run(TC-PF-005:49)
	at com.kms.katalon.core.main.ScriptEngine.run(ScriptEngine.java:194)
	at com.kms.katalon.core.main.ScriptEngine.runScriptAsRawText(ScriptEngine.java:119)
	at com.kms.katalon.core.main.TestCaseExecutor.runScript(TestCaseExecutor.java:448)
	at com.kms.katalon.core.main.TestCaseExecutor.doExecute(TestCaseExecutor.java:439)
	at com.kms.katalon.core.main.TestCaseExecutor.processExecutionPhase(TestCaseExecutor.java:418)
	at com.kms.katalon.core.main.TestCaseExecutor.accessMainPhase(TestCaseExecutor.java:410)
	at com.kms.katalon.core.main.TestCaseExecutor.execute(TestCaseExecutor.java:285)
	at com.kms.katalon.core.common.CommonExecutor.accessTestCaseMainPhase(CommonExecutor.java:65)
	at com.kms.katalon.core.main.TestSuiteExecutor.accessTestSuiteMainPhase(TestSuiteExecutor.java:148)
	at com.kms.katalon.core.main.TestSuiteExecutor.execute(TestSuiteExecutor.java:106)
	at com.kms.katalon.core.main.TestCaseMain.startTestSuite(TestCaseMain.java:187)
	at com.kms.katalon.core.main.TestCaseMain$startTestSuite$0.call(Unknown Source)
	at TempTestSuite1695971182674.run(TempTestSuite1695971182674.groovy:36)
Caused by: com.kms.katalon.core.exception.StepFailedException: Text 'please enter valid phone number' is not present on page 
	at com.kms.katalon.core.webui.keyword.internal.WebUIKeywordMain.stepFailed(WebUIKeywordMain.groovy:64)
	at com.kms.katalon.core.webui.keyword.builtin.VerifyTextPresentKeyword$_verifyTextPresent_closure1.doCall(VerifyTextPresentKeyword.groovy:79)
	at com.kms.katalon.core.webui.keyword.builtin.VerifyTextPresentKeyword$_verifyTextPresent_closure1.call(VerifyTextPresentKeyword.groovy)
	at com.kms.katalon.core.webui.keyword.internal.WebUIKeywordMain.runKeyword(WebUIKeywordMain.groovy:20)
	... 19 more]]></system-err>
      </testcase>
      <testcase name="Test Cases/T08 - Pendaftaran/TC-PF-006" time="22.836" classname="Test Cases/T08 - Pendaftaran/TC-PF-006" status="FAILED">
         <failure type="FAILED" message="Test Cases/T08 - Pendaftaran/TC-PF-006 FAILED.
Reason:
com.kms.katalon.core.exception.StepFailedException: Unable to verify text 'please enter valid phone number' is present 
	at com.kms.katalon.core.webui.keyword.internal.WebUIKeywordMain.stepFailed(WebUIKeywordMain.groovy:64)
	at com.kms.katalon.core.webui.keyword.internal.WebUIKeywordMain.runKeyword(WebUIKeywordMain.groovy:26)
	at com.kms.katalon.core.webui.keyword.builtin.VerifyTextPresentKeyword.verifyTextPresent(VerifyTextPresentKeyword.groovy:83)
	at com.kms.katalon.core.webui.keyword.builtin.VerifyTextPresentKeyword.execute(VerifyTextPresentKeyword.groovy:68)
	at com.kms.katalon.core.keyword.internal.KeywordExecutor.executeKeywordForPlatform(KeywordExecutor.groovy:74)
	at com.kms.katalon.core.webui.keyword.WebUiBuiltInKeywords.verifyTextPresent(WebUiBuiltInKeywords.groovy:1723)
	at com.kms.katalon.core.webui.keyword.WebUiBuiltInKeywords$verifyTextPresent$11.call(Unknown Source)
	at TC-PF-006.run(TC-PF-006:49)
	at com.kms.katalon.core.main.ScriptEngine.run(ScriptEngine.java:194)
	at com.kms.katalon.core.main.ScriptEngine.runScriptAsRawText(ScriptEngine.java:119)
	at com.kms.katalon.core.main.TestCaseExecutor.runScript(TestCaseExecutor.java:448)
	at com.kms.katalon.core.main.TestCaseExecutor.doExecute(TestCaseExecutor.java:439)
	at com.kms.katalon.core.main.TestCaseExecutor.processExecutionPhase(TestCaseExecutor.java:418)
	at com.kms.katalon.core.main.TestCaseExecutor.accessMainPhase(TestCaseExecutor.java:410)
	at com.kms.katalon.core.main.TestCaseExecutor.execute(TestCaseExecutor.java:285)
	at com.kms.katalon.core.common.CommonExecutor.accessTestCaseMainPhase(CommonExecutor.java:65)
	at com.kms.katalon.core.main.TestSuiteExecutor.accessTestSuiteMainPhase(TestSuiteExecutor.java:148)
	at com.kms.katalon.core.main.TestSuiteExecutor.execute(TestSuiteExecutor.java:106)
	at com.kms.katalon.core.main.TestCaseMain.startTestSuite(TestCaseMain.java:187)
	at com.kms.katalon.core.main.TestCaseMain$startTestSuite$0.call(Unknown Source)
	at TempTestSuite1695971182674.run(TempTestSuite1695971182674.groovy:36)
Caused by: com.kms.katalon.core.exception.StepFailedException: Text 'please enter valid phone number' is not present on page 
	at com.kms.katalon.core.webui.keyword.internal.WebUIKeywordMain.stepFailed(WebUIKeywordMain.groovy:64)
	at com.kms.katalon.core.webui.keyword.builtin.VerifyTextPresentKeyword$_verifyTextPresent_closure1.doCall(VerifyTextPresentKeyword.groovy:79)
	at com.kms.katalon.core.webui.keyword.builtin.VerifyTextPresentKeyword$_verifyTextPresent_closure1.call(VerifyTextPresentKeyword.groovy)
	at com.kms.katalon.core.webui.keyword.internal.WebUIKeywordMain.runKeyword(WebUIKeywordMain.groovy:20)
	... 19 more
"/>
         <system-out><![CDATA[2023-09-29 14:11:27 - [TEST_CASE][FAILED] - Test Cases/T08 - Pendaftaran/TC-PF-006: Test Cases/T08 - Pendaftaran/TC-PF-006 FAILED.
Reason:
com.kms.katalon.core.exception.StepFailedException: Unable to verify text 'please enter valid phone number' is present 
	at com.kms.katalon.core.webui.keyword.internal.WebUIKeywordMain.stepFailed(WebUIKeywordMain.groovy:64)
	at com.kms.katalon.core.webui.keyword.internal.WebUIKeywordMain.runKeyword(WebUIKeywordMain.groovy:26)
	at com.kms.katalon.core.webui.keyword.builtin.VerifyTextPresentKeyword.verifyTextPresent(VerifyTextPresentKeyword.groovy:83)
	at com.kms.katalon.core.webui.keyword.builtin.VerifyTextPresentKeyword.execute(VerifyTextPresentKeyword.groovy:68)
	at com.kms.katalon.core.keyword.internal.KeywordExecutor.executeKeywordForPlatform(KeywordExecutor.groovy:74)
	at com.kms.katalon.core.webui.keyword.WebUiBuiltInKeywords.verifyTextPresent(WebUiBuiltInKeywords.groovy:1723)
	at com.kms.katalon.core.webui.keyword.WebUiBuiltInKeywords$verifyTextPresent$11.call(Unknown Source)
	at TC-PF-006.run(TC-PF-006:49)
	at com.kms.katalon.core.main.ScriptEngine.run(ScriptEngine.java:194)
	at com.kms.katalon.core.main.ScriptEngine.runScriptAsRawText(ScriptEngine.java:119)
	at com.kms.katalon.core.main.TestCaseExecutor.runScript(TestCaseExecutor.java:448)
	at com.kms.katalon.core.main.TestCaseExecutor.doExecute(TestCaseExecutor.java:439)
	at com.kms.katalon.core.main.TestCaseExecutor.processExecutionPhase(TestCaseExecutor.java:418)
	at com.kms.katalon.core.main.TestCaseExecutor.accessMainPhase(TestCaseExecutor.java:410)
	at com.kms.katalon.core.main.TestCaseExecutor.execute(TestCaseExecutor.java:285)
	at com.kms.katalon.core.common.CommonExecutor.accessTestCaseMainPhase(CommonExecutor.java:65)
	at com.kms.katalon.core.main.TestSuiteExecutor.accessTestSuiteMainPhase(TestSuiteExecutor.java:148)
	at com.kms.katalon.core.main.TestSuiteExecutor.execute(TestSuiteExecutor.java:106)
	at com.kms.katalon.core.main.TestCaseMain.startTestSuite(TestCaseMain.java:187)
	at com.kms.katalon.core.main.TestCaseMain$startTestSuite$0.call(Unknown Source)
	at TempTestSuite1695971182674.run(TempTestSuite1695971182674.groovy:36)
Caused by: com.kms.katalon.core.exception.StepFailedException: Text 'please enter valid phone number' is not present on page 
	at com.kms.katalon.core.webui.keyword.internal.WebUIKeywordMain.stepFailed(WebUIKeywordMain.groovy:64)
	at com.kms.katalon.core.webui.keyword.builtin.VerifyTextPresentKeyword$_verifyTextPresent_closure1.doCall(VerifyTextPresentKeyword.groovy:79)
	at com.kms.katalon.core.webui.keyword.builtin.VerifyTextPresentKeyword$_verifyTextPresent_closure1.call(VerifyTextPresentKeyword.groovy)
	at com.kms.katalon.core.webui.keyword.internal.WebUIKeywordMain.runKeyword(WebUIKeywordMain.groovy:20)
	... 19 more


2023-09-29 14:11:28 - [TEST_STEP][PASSED] - openBrowser(urlWeb): Browser is opened with url: 'https://10.9.2.63/ecommerce/'

2023-09-29 14:11:28 - [MESSAGE][WARNING] - A browser is already opened. Closing browser and opening a new one

2023-09-29 14:11:30 - [MESSAGE][INFO] - Starting 'Firefox' driver

2023-09-29 14:11:30 - [MESSAGE][INFO] - Action delay is set to 0 milliseconds

2023-09-29 14:11:38 - [MESSAGE][PASSED] - Browser is opened with url: 'https://10.9.2.63/ecommerce/'

2023-09-29 14:11:38 - [TEST_STEP][PASSED] - maximizeWindow(): Current window maximized

2023-09-29 14:11:38 - [MESSAGE][PASSED] - Current window maximized

2023-09-29 14:11:38 - [TEST_STEP][PASSED] - verifyElementPresent(findTestObject("verifikasi halaman tajalapak sebelum daftar"), 0): Object 'Object Repository/verifikasi halaman tajalapak sebelum daftar' is present

2023-09-29 14:11:38 - [MESSAGE][WARNING] - Timeout '0' is invalid. Using default page load timeout: '30'

2023-09-29 14:11:38 - [MESSAGE][PASSED] - Object 'Object Repository/verifikasi halaman tajalapak sebelum daftar' is present

2023-09-29 14:11:38 - [TEST_STEP][PASSED] - click(findTestObject("Pendaftaran/button Register")): Object: 'Object Repository/Pendaftaran/button Register' is clicked on

2023-09-29 14:11:39 - [MESSAGE][PASSED] - Object: 'Object Repository/Pendaftaran/button Register' is clicked on

2023-09-29 14:11:39 - [TEST_STEP][PASSED] - verifyElementPresent(findTestObject("Pendaftaran/verifikasi masuk helamaan daftar"), 0): Object 'Object Repository/Pendaftaran/verifikasi masuk helamaan daftar' is present

2023-09-29 14:11:39 - [MESSAGE][WARNING] - Timeout '0' is invalid. Using default page load timeout: '30'

2023-09-29 14:11:40 - [MESSAGE][PASSED] - Object 'Object Repository/Pendaftaran/verifikasi masuk helamaan daftar' is present

2023-09-29 14:11:40 - [TEST_STEP][PASSED] - setText(findTestObject("Pendaftaran/input username"), usn): Text 'anata72' is set on object 'Object Repository/Pendaftaran/input username'

2023-09-29 14:11:41 - [MESSAGE][PASSED] - Text 'anata72' is set on object 'Object Repository/Pendaftaran/input username'

2023-09-29 14:11:41 - [TEST_STEP][PASSED] - setText(findTestObject("Pendaftaran/input email"), email): Text 'anata72@gmail.com' is set on object 'Object Repository/Pendaftaran/input email'

2023-09-29 14:11:42 - [MESSAGE][PASSED] - Text 'anata72@gmail.com' is set on object 'Object Repository/Pendaftaran/input email'

2023-09-29 14:11:42 - [TEST_STEP][PASSED] - setText(findTestObject("Pendaftaran/input Nomor Telephon"), noHp): Text '+6285643218765' is set on object 'Object Repository/Pendaftaran/input Nomor Telephon'

2023-09-29 14:11:42 - [MESSAGE][PASSED] - Text '+6285643218765' is set on object 'Object Repository/Pendaftaran/input Nomor Telephon'

2023-09-29 14:11:42 - [TEST_STEP][PASSED] - if (toString().equalsIgnoreCase("Perempuan")): Object 'Object Repository/Pendaftaran/pilihan Wanita_jenis_kelamin' is checked

2023-09-29 14:11:42 - [TEST_STEP][PASSED] - check(findTestObject("Pendaftaran/pilihan Wanita_jenis_kelamin")): Object 'Object Repository/Pendaftaran/pilihan Wanita_jenis_kelamin' is checked

2023-09-29 14:11:43 - [MESSAGE][PASSED] - Object 'Object Repository/Pendaftaran/pilihan Wanita_jenis_kelamin' is checked

2023-09-29 14:11:43 - [TEST_STEP][PASSED] - setEncryptedText(findTestObject("Pendaftaran/input password"), "qbkrdMwyWE4="): Text ****** has been set on object 'Object Repository/Pendaftaran/input password'

2023-09-29 14:11:44 - [MESSAGE][PASSED] - Text ****** has been set on object 'Object Repository/Pendaftaran/input password'

2023-09-29 14:11:44 - [TEST_STEP][PASSED] - setEncryptedText(findTestObject("Pendaftaran/input konfirmasi password"), "qbkrdMwyWE4="): Text ****** has been set on object 'Object Repository/Pendaftaran/input konfirmasi password'

2023-09-29 14:11:45 - [MESSAGE][PASSED] - Text ****** has been set on object 'Object Repository/Pendaftaran/input konfirmasi password'

2023-09-29 14:11:45 - [TEST_STEP][PASSED] - click(findTestObject("Pendaftaran/button_Daftar")): Object: 'Object Repository/Pendaftaran/button_Daftar' is clicked on

2023-09-29 14:11:48 - [MESSAGE][PASSED] - Object: 'Object Repository/Pendaftaran/button_Daftar' is clicked on

2023-09-29 14:11:48 - [TEST_STEP][FAILED] - verifyTextPresent("please enter valid phone number", false): Unable to verify text 'please enter valid phone number' is present  (Root cause: com.kms.katalon.core.exception.StepFailedException: Unable to verify text 'please enter valid phone number' is present 
	at com.kms.katalon.core.webui.keyword.internal.WebUIKeywordMain.stepFailed(WebUIKeywordMain.groovy:64)
	at com.kms.katalon.core.webui.keyword.internal.WebUIKeywordMain.runKeyword(WebUIKeywordMain.groovy:26)
	at com.kms.katalon.core.webui.keyword.builtin.VerifyTextPresentKeyword.verifyTextPresent(VerifyTextPresentKeyword.groovy:83)
	at com.kms.katalon.core.webui.keyword.builtin.VerifyTextPresentKeyword.execute(VerifyTextPresentKeyword.groovy:68)
	at com.kms.katalon.core.keyword.internal.KeywordExecutor.executeKeywordForPlatform(KeywordExecutor.groovy:74)
	at com.kms.katalon.core.webui.keyword.WebUiBuiltInKeywords.verifyTextPresent(WebUiBuiltInKeywords.groovy:1723)
	at com.kms.katalon.core.webui.keyword.WebUiBuiltInKeywords$verifyTextPresent$11.call(Unknown Source)
	at TC-PF-006.run(TC-PF-006:49)
	at com.kms.katalon.core.main.ScriptEngine.run(ScriptEngine.java:194)
	at com.kms.katalon.core.main.ScriptEngine.runScriptAsRawText(ScriptEngine.java:119)
	at com.kms.katalon.core.main.TestCaseExecutor.runScript(TestCaseExecutor.java:448)
	at com.kms.katalon.core.main.TestCaseExecutor.doExecute(TestCaseExecutor.java:439)
	at com.kms.katalon.core.main.TestCaseExecutor.processExecutionPhase(TestCaseExecutor.java:418)
	at com.kms.katalon.core.main.TestCaseExecutor.accessMainPhase(TestCaseExecutor.java:410)
	at com.kms.katalon.core.main.TestCaseExecutor.execute(TestCaseExecutor.java:285)
	at com.kms.katalon.core.common.CommonExecutor.accessTestCaseMainPhase(CommonExecutor.java:65)
	at com.kms.katalon.core.main.TestSuiteExecutor.accessTestSuiteMainPhase(TestSuiteExecutor.java:148)
	at com.kms.katalon.core.main.TestSuiteExecutor.execute(TestSuiteExecutor.java:106)
	at com.kms.katalon.core.main.TestCaseMain.startTestSuite(TestCaseMain.java:187)
	at com.kms.katalon.core.main.TestCaseMain$startTestSuite$0.call(Unknown Source)
	at TempTestSuite1695971182674.run(TempTestSuite1695971182674.groovy:36)
Caused by: com.kms.katalon.core.exception.StepFailedException: Text 'please enter valid phone number' is not present on page 
	at com.kms.katalon.core.webui.keyword.internal.WebUIKeywordMain.stepFailed(WebUIKeywordMain.groovy:64)
	at com.kms.katalon.core.webui.keyword.builtin.VerifyTextPresentKeyword$_verifyTextPresent_closure1.doCall(VerifyTextPresentKeyword.groovy:79)
	at com.kms.katalon.core.webui.keyword.builtin.VerifyTextPresentKeyword$_verifyTextPresent_closure1.call(VerifyTextPresentKeyword.groovy)
	at com.kms.katalon.core.webui.keyword.internal.WebUIKeywordMain.runKeyword(WebUIKeywordMain.groovy:20)
	... 19 more
)

2023-09-29 14:11:50 - [MESSAGE][FAILED] - Text 'please enter valid phone number' is not present on page  (Root cause: com.kms.katalon.core.exception.StepFailedException: Text 'please enter valid phone number' is not present on page 
	at com.kms.katalon.core.webui.keyword.internal.WebUIKeywordMain.stepFailed(WebUIKeywordMain.groovy:64)
	at com.kms.katalon.core.webui.keyword.builtin.VerifyTextPresentKeyword$_verifyTextPresent_closure1.doCall(VerifyTextPresentKeyword.groovy:79)
	at com.kms.katalon.core.webui.keyword.builtin.VerifyTextPresentKeyword$_verifyTextPresent_closure1.call(VerifyTextPresentKeyword.groovy)
	at com.kms.katalon.core.webui.keyword.internal.WebUIKeywordMain.runKeyword(WebUIKeywordMain.groovy:20)
	at com.kms.katalon.core.webui.keyword.builtin.VerifyTextPresentKeyword.verifyTextPresent(VerifyTextPresentKeyword.groovy:83)
	at com.kms.katalon.core.webui.keyword.builtin.VerifyTextPresentKeyword.execute(VerifyTextPresentKeyword.groovy:68)
	at com.kms.katalon.core.keyword.internal.KeywordExecutor.executeKeywordForPlatform(KeywordExecutor.groovy:74)
	at com.kms.katalon.core.webui.keyword.WebUiBuiltInKeywords.verifyTextPresent(WebUiBuiltInKeywords.groovy:1723)
	at com.kms.katalon.core.webui.keyword.WebUiBuiltInKeywords$verifyTextPresent$11.call(Unknown Source)
	at TC-PF-006.run(TC-PF-006:49)
	at com.kms.katalon.core.main.ScriptEngine.run(ScriptEngine.java:194)
	at com.kms.katalon.core.main.ScriptEngine.runScriptAsRawText(ScriptEngine.java:119)
	at com.kms.katalon.core.main.TestCaseExecutor.runScript(TestCaseExecutor.java:448)
	at com.kms.katalon.core.main.TestCaseExecutor.doExecute(TestCaseExecutor.java:439)
	at com.kms.katalon.core.main.TestCaseExecutor.processExecutionPhase(TestCaseExecutor.java:418)
	at com.kms.katalon.core.main.TestCaseExecutor.accessMainPhase(TestCaseExecutor.java:410)
	at com.kms.katalon.core.main.TestCaseExecutor.execute(TestCaseExecutor.java:285)
	at com.kms.katalon.core.common.CommonExecutor.accessTestCaseMainPhase(CommonExecutor.java:65)
	at com.kms.katalon.core.main.TestSuiteExecutor.accessTestSuiteMainPhase(TestSuiteExecutor.java:148)
	at com.kms.katalon.core.main.TestSuiteExecutor.execute(TestSuiteExecutor.java:106)
	at com.kms.katalon.core.main.TestCaseMain.startTestSuite(TestCaseMain.java:187)
	at com.kms.katalon.core.main.TestCaseMain$startTestSuite$0.call(Unknown Source)
	at TempTestSuite1695971182674.run(TempTestSuite1695971182674.groovy:36)
)

2023-09-29 14:11:50 - [MESSAGE][FAILED] - Unable to verify text 'please enter valid phone number' is present  (Root cause: com.kms.katalon.core.exception.StepFailedException: Unable to verify text 'please enter valid phone number' is present 
	at com.kms.katalon.core.webui.keyword.internal.WebUIKeywordMain.stepFailed(WebUIKeywordMain.groovy:64)
	at com.kms.katalon.core.webui.keyword.internal.WebUIKeywordMain.runKeyword(WebUIKeywordMain.groovy:26)
	at com.kms.katalon.core.webui.keyword.builtin.VerifyTextPresentKeyword.verifyTextPresent(VerifyTextPresentKeyword.groovy:83)
	at com.kms.katalon.core.webui.keyword.builtin.VerifyTextPresentKeyword.execute(VerifyTextPresentKeyword.groovy:68)
	at com.kms.katalon.core.keyword.internal.KeywordExecutor.executeKeywordForPlatform(KeywordExecutor.groovy:74)
	at com.kms.katalon.core.webui.keyword.WebUiBuiltInKeywords.verifyTextPresent(WebUiBuiltInKeywords.groovy:1723)
	at com.kms.katalon.core.webui.keyword.WebUiBuiltInKeywords$verifyTextPresent$11.call(Unknown Source)
	at TC-PF-006.run(TC-PF-006:49)
	at com.kms.katalon.core.main.ScriptEngine.run(ScriptEngine.java:194)
	at com.kms.katalon.core.main.ScriptEngine.runScriptAsRawText(ScriptEngine.java:119)
	at com.kms.katalon.core.main.TestCaseExecutor.runScript(TestCaseExecutor.java:448)
	at com.kms.katalon.core.main.TestCaseExecutor.doExecute(TestCaseExecutor.java:439)
	at com.kms.katalon.core.main.TestCaseExecutor.processExecutionPhase(TestCaseExecutor.java:418)
	at com.kms.katalon.core.main.TestCaseExecutor.accessMainPhase(TestCaseExecutor.java:410)
	at com.kms.katalon.core.main.TestCaseExecutor.execute(TestCaseExecutor.java:285)
	at com.kms.katalon.core.common.CommonExecutor.accessTestCaseMainPhase(CommonExecutor.java:65)
	at com.kms.katalon.core.main.TestSuiteExecutor.accessTestSuiteMainPhase(TestSuiteExecutor.java:148)
	at com.kms.katalon.core.main.TestSuiteExecutor.execute(TestSuiteExecutor.java:106)
	at com.kms.katalon.core.main.TestCaseMain.startTestSuite(TestCaseMain.java:187)
	at com.kms.katalon.core.main.TestCaseMain$startTestSuite$0.call(Unknown Source)
	at TempTestSuite1695971182674.run(TempTestSuite1695971182674.groovy:36)
Caused by: com.kms.katalon.core.exception.StepFailedException: Text 'please enter valid phone number' is not present on page 
	at com.kms.katalon.core.webui.keyword.internal.WebUIKeywordMain.stepFailed(WebUIKeywordMain.groovy:64)
	at com.kms.katalon.core.webui.keyword.builtin.VerifyTextPresentKeyword$_verifyTextPresent_closure1.doCall(VerifyTextPresentKeyword.groovy:79)
	at com.kms.katalon.core.webui.keyword.builtin.VerifyTextPresentKeyword$_verifyTextPresent_closure1.call(VerifyTextPresentKeyword.groovy)
	at com.kms.katalon.core.webui.keyword.internal.WebUIKeywordMain.runKeyword(WebUIKeywordMain.groovy:20)
	... 19 more
)
[[ATTACHMENT|F:\\bootcamp\\Miniproject\\Tajalapak\\Reports\\20230929_140622\\T08-Pendaftaran\\20230929_140622\\1695971510114.png]]]]></system-out>
         <system-err><![CDATA[2023-09-29 14:11:27 - [TEST_CASE][FAILED] - Test Cases/T08 - Pendaftaran/TC-PF-006: Test Cases/T08 - Pendaftaran/TC-PF-006 FAILED.
Reason:
com.kms.katalon.core.exception.StepFailedException: Unable to verify text 'please enter valid phone number' is present 
	at com.kms.katalon.core.webui.keyword.internal.WebUIKeywordMain.stepFailed(WebUIKeywordMain.groovy:64)
	at com.kms.katalon.core.webui.keyword.internal.WebUIKeywordMain.runKeyword(WebUIKeywordMain.groovy:26)
	at com.kms.katalon.core.webui.keyword.builtin.VerifyTextPresentKeyword.verifyTextPresent(VerifyTextPresentKeyword.groovy:83)
	at com.kms.katalon.core.webui.keyword.builtin.VerifyTextPresentKeyword.execute(VerifyTextPresentKeyword.groovy:68)
	at com.kms.katalon.core.keyword.internal.KeywordExecutor.executeKeywordForPlatform(KeywordExecutor.groovy:74)
	at com.kms.katalon.core.webui.keyword.WebUiBuiltInKeywords.verifyTextPresent(WebUiBuiltInKeywords.groovy:1723)
	at com.kms.katalon.core.webui.keyword.WebUiBuiltInKeywords$verifyTextPresent$11.call(Unknown Source)
	at TC-PF-006.run(TC-PF-006:49)
	at com.kms.katalon.core.main.ScriptEngine.run(ScriptEngine.java:194)
	at com.kms.katalon.core.main.ScriptEngine.runScriptAsRawText(ScriptEngine.java:119)
	at com.kms.katalon.core.main.TestCaseExecutor.runScript(TestCaseExecutor.java:448)
	at com.kms.katalon.core.main.TestCaseExecutor.doExecute(TestCaseExecutor.java:439)
	at com.kms.katalon.core.main.TestCaseExecutor.processExecutionPhase(TestCaseExecutor.java:418)
	at com.kms.katalon.core.main.TestCaseExecutor.accessMainPhase(TestCaseExecutor.java:410)
	at com.kms.katalon.core.main.TestCaseExecutor.execute(TestCaseExecutor.java:285)
	at com.kms.katalon.core.common.CommonExecutor.accessTestCaseMainPhase(CommonExecutor.java:65)
	at com.kms.katalon.core.main.TestSuiteExecutor.accessTestSuiteMainPhase(TestSuiteExecutor.java:148)
	at com.kms.katalon.core.main.TestSuiteExecutor.execute(TestSuiteExecutor.java:106)
	at com.kms.katalon.core.main.TestCaseMain.startTestSuite(TestCaseMain.java:187)
	at com.kms.katalon.core.main.TestCaseMain$startTestSuite$0.call(Unknown Source)
	at TempTestSuite1695971182674.run(TempTestSuite1695971182674.groovy:36)
Caused by: com.kms.katalon.core.exception.StepFailedException: Text 'please enter valid phone number' is not present on page 
	at com.kms.katalon.core.webui.keyword.internal.WebUIKeywordMain.stepFailed(WebUIKeywordMain.groovy:64)
	at com.kms.katalon.core.webui.keyword.builtin.VerifyTextPresentKeyword$_verifyTextPresent_closure1.doCall(VerifyTextPresentKeyword.groovy:79)
	at com.kms.katalon.core.webui.keyword.builtin.VerifyTextPresentKeyword$_verifyTextPresent_closure1.call(VerifyTextPresentKeyword.groovy)
	at com.kms.katalon.core.webui.keyword.internal.WebUIKeywordMain.runKeyword(WebUIKeywordMain.groovy:20)
	... 19 more]]></system-err>
      </testcase>
      <testcase name="Test Cases/T08 - Pendaftaran/TC-PF-007" time="25.25" classname="Test Cases/T08 - Pendaftaran/TC-PF-007" status="FAILED">
         <failure type="FAILED" message="Test Cases/T08 - Pendaftaran/TC-PF-007 FAILED.
Reason:
com.kms.katalon.core.exception.StepFailedException: Unable to verify text 'password must include alpanumeric' is present 
	at com.kms.katalon.core.webui.keyword.internal.WebUIKeywordMain.stepFailed(WebUIKeywordMain.groovy:64)
	at com.kms.katalon.core.webui.keyword.internal.WebUIKeywordMain.runKeyword(WebUIKeywordMain.groovy:26)
	at com.kms.katalon.core.webui.keyword.builtin.VerifyTextPresentKeyword.verifyTextPresent(VerifyTextPresentKeyword.groovy:83)
	at com.kms.katalon.core.webui.keyword.builtin.VerifyTextPresentKeyword.execute(VerifyTextPresentKeyword.groovy:68)
	at com.kms.katalon.core.keyword.internal.KeywordExecutor.executeKeywordForPlatform(KeywordExecutor.groovy:74)
	at com.kms.katalon.core.webui.keyword.WebUiBuiltInKeywords.verifyTextPresent(WebUiBuiltInKeywords.groovy:1723)
	at com.kms.katalon.core.webui.keyword.WebUiBuiltInKeywords$verifyTextPresent$11.call(Unknown Source)
	at TC-PF-007.run(TC-PF-007:49)
	at com.kms.katalon.core.main.ScriptEngine.run(ScriptEngine.java:194)
	at com.kms.katalon.core.main.ScriptEngine.runScriptAsRawText(ScriptEngine.java:119)
	at com.kms.katalon.core.main.TestCaseExecutor.runScript(TestCaseExecutor.java:448)
	at com.kms.katalon.core.main.TestCaseExecutor.doExecute(TestCaseExecutor.java:439)
	at com.kms.katalon.core.main.TestCaseExecutor.processExecutionPhase(TestCaseExecutor.java:418)
	at com.kms.katalon.core.main.TestCaseExecutor.accessMainPhase(TestCaseExecutor.java:410)
	at com.kms.katalon.core.main.TestCaseExecutor.execute(TestCaseExecutor.java:285)
	at com.kms.katalon.core.common.CommonExecutor.accessTestCaseMainPhase(CommonExecutor.java:65)
	at com.kms.katalon.core.main.TestSuiteExecutor.accessTestSuiteMainPhase(TestSuiteExecutor.java:148)
	at com.kms.katalon.core.main.TestSuiteExecutor.execute(TestSuiteExecutor.java:106)
	at com.kms.katalon.core.main.TestCaseMain.startTestSuite(TestCaseMain.java:187)
	at com.kms.katalon.core.main.TestCaseMain$startTestSuite$0.call(Unknown Source)
	at TempTestSuite1695971182674.run(TempTestSuite1695971182674.groovy:36)
Caused by: com.kms.katalon.core.exception.StepFailedException: Text 'password must include alpanumeric' is not present on page 
	at com.kms.katalon.core.webui.keyword.internal.WebUIKeywordMain.stepFailed(WebUIKeywordMain.groovy:64)
	at com.kms.katalon.core.webui.keyword.builtin.VerifyTextPresentKeyword$_verifyTextPresent_closure1.doCall(VerifyTextPresentKeyword.groovy:79)
	at com.kms.katalon.core.webui.keyword.builtin.VerifyTextPresentKeyword$_verifyTextPresent_closure1.call(VerifyTextPresentKeyword.groovy)
	at com.kms.katalon.core.webui.keyword.internal.WebUIKeywordMain.runKeyword(WebUIKeywordMain.groovy:20)
	... 19 more
"/>
         <system-out><![CDATA[2023-09-29 14:11:50 - [TEST_CASE][FAILED] - Test Cases/T08 - Pendaftaran/TC-PF-007: Test Cases/T08 - Pendaftaran/TC-PF-007 FAILED.
Reason:
com.kms.katalon.core.exception.StepFailedException: Unable to verify text 'password must include alpanumeric' is present 
	at com.kms.katalon.core.webui.keyword.internal.WebUIKeywordMain.stepFailed(WebUIKeywordMain.groovy:64)
	at com.kms.katalon.core.webui.keyword.internal.WebUIKeywordMain.runKeyword(WebUIKeywordMain.groovy:26)
	at com.kms.katalon.core.webui.keyword.builtin.VerifyTextPresentKeyword.verifyTextPresent(VerifyTextPresentKeyword.groovy:83)
	at com.kms.katalon.core.webui.keyword.builtin.VerifyTextPresentKeyword.execute(VerifyTextPresentKeyword.groovy:68)
	at com.kms.katalon.core.keyword.internal.KeywordExecutor.executeKeywordForPlatform(KeywordExecutor.groovy:74)
	at com.kms.katalon.core.webui.keyword.WebUiBuiltInKeywords.verifyTextPresent(WebUiBuiltInKeywords.groovy:1723)
	at com.kms.katalon.core.webui.keyword.WebUiBuiltInKeywords$verifyTextPresent$11.call(Unknown Source)
	at TC-PF-007.run(TC-PF-007:49)
	at com.kms.katalon.core.main.ScriptEngine.run(ScriptEngine.java:194)
	at com.kms.katalon.core.main.ScriptEngine.runScriptAsRawText(ScriptEngine.java:119)
	at com.kms.katalon.core.main.TestCaseExecutor.runScript(TestCaseExecutor.java:448)
	at com.kms.katalon.core.main.TestCaseExecutor.doExecute(TestCaseExecutor.java:439)
	at com.kms.katalon.core.main.TestCaseExecutor.processExecutionPhase(TestCaseExecutor.java:418)
	at com.kms.katalon.core.main.TestCaseExecutor.accessMainPhase(TestCaseExecutor.java:410)
	at com.kms.katalon.core.main.TestCaseExecutor.execute(TestCaseExecutor.java:285)
	at com.kms.katalon.core.common.CommonExecutor.accessTestCaseMainPhase(CommonExecutor.java:65)
	at com.kms.katalon.core.main.TestSuiteExecutor.accessTestSuiteMainPhase(TestSuiteExecutor.java:148)
	at com.kms.katalon.core.main.TestSuiteExecutor.execute(TestSuiteExecutor.java:106)
	at com.kms.katalon.core.main.TestCaseMain.startTestSuite(TestCaseMain.java:187)
	at com.kms.katalon.core.main.TestCaseMain$startTestSuite$0.call(Unknown Source)
	at TempTestSuite1695971182674.run(TempTestSuite1695971182674.groovy:36)
Caused by: com.kms.katalon.core.exception.StepFailedException: Text 'password must include alpanumeric' is not present on page 
	at com.kms.katalon.core.webui.keyword.internal.WebUIKeywordMain.stepFailed(WebUIKeywordMain.groovy:64)
	at com.kms.katalon.core.webui.keyword.builtin.VerifyTextPresentKeyword$_verifyTextPresent_closure1.doCall(VerifyTextPresentKeyword.groovy:79)
	at com.kms.katalon.core.webui.keyword.builtin.VerifyTextPresentKeyword$_verifyTextPresent_closure1.call(VerifyTextPresentKeyword.groovy)
	at com.kms.katalon.core.webui.keyword.internal.WebUIKeywordMain.runKeyword(WebUIKeywordMain.groovy:20)
	... 19 more


2023-09-29 14:11:51 - [TEST_STEP][PASSED] - openBrowser(urlWeb): Browser is opened with url: 'https://10.9.2.63/ecommerce/'

2023-09-29 14:11:51 - [MESSAGE][WARNING] - A browser is already opened. Closing browser and opening a new one

2023-09-29 14:11:53 - [MESSAGE][INFO] - Starting 'Firefox' driver

2023-09-29 14:11:53 - [MESSAGE][INFO] - Action delay is set to 0 milliseconds

2023-09-29 14:12:01 - [MESSAGE][PASSED] - Browser is opened with url: 'https://10.9.2.63/ecommerce/'

2023-09-29 14:12:01 - [TEST_STEP][PASSED] - maximizeWindow(): Current window maximized

2023-09-29 14:12:01 - [MESSAGE][PASSED] - Current window maximized

2023-09-29 14:12:01 - [TEST_STEP][PASSED] - verifyElementPresent(findTestObject("verifikasi halaman tajalapak sebelum daftar"), 0): Object 'Object Repository/verifikasi halaman tajalapak sebelum daftar' is present

2023-09-29 14:12:01 - [MESSAGE][WARNING] - Timeout '0' is invalid. Using default page load timeout: '30'

2023-09-29 14:12:02 - [MESSAGE][PASSED] - Object 'Object Repository/verifikasi halaman tajalapak sebelum daftar' is present

2023-09-29 14:12:02 - [TEST_STEP][PASSED] - click(findTestObject("Pendaftaran/button Register")): Object: 'Object Repository/Pendaftaran/button Register' is clicked on

2023-09-29 14:12:03 - [MESSAGE][PASSED] - Object: 'Object Repository/Pendaftaran/button Register' is clicked on

2023-09-29 14:12:03 - [TEST_STEP][PASSED] - verifyElementPresent(findTestObject("Pendaftaran/verifikasi masuk helamaan daftar"), 0): Object 'Object Repository/Pendaftaran/verifikasi masuk helamaan daftar' is present

2023-09-29 14:12:03 - [MESSAGE][WARNING] - Timeout '0' is invalid. Using default page load timeout: '30'

2023-09-29 14:12:04 - [MESSAGE][PASSED] - Object 'Object Repository/Pendaftaran/verifikasi masuk helamaan daftar' is present

2023-09-29 14:12:04 - [TEST_STEP][PASSED] - setText(findTestObject("Pendaftaran/input username"), usn): Text 'anata73' is set on object 'Object Repository/Pendaftaran/input username'

2023-09-29 14:12:05 - [MESSAGE][PASSED] - Text 'anata73' is set on object 'Object Repository/Pendaftaran/input username'

2023-09-29 14:12:05 - [TEST_STEP][PASSED] - setText(findTestObject("Pendaftaran/input email"), email): Text 'anata73@gmail.com' is set on object 'Object Repository/Pendaftaran/input email'

2023-09-29 14:12:06 - [MESSAGE][PASSED] - Text 'anata73@gmail.com' is set on object 'Object Repository/Pendaftaran/input email'

2023-09-29 14:12:06 - [TEST_STEP][PASSED] - setText(findTestObject("Pendaftaran/input Nomor Telephon"), noHp): Text '085643218765' is set on object 'Object Repository/Pendaftaran/input Nomor Telephon'

2023-09-29 14:12:07 - [MESSAGE][PASSED] - Text '085643218765' is set on object 'Object Repository/Pendaftaran/input Nomor Telephon'

2023-09-29 14:12:07 - [TEST_STEP][PASSED] - if (toString().equalsIgnoreCase("Perempuan")): Object 'Object Repository/Pendaftaran/pilihan Wanita_jenis_kelamin' is checked

2023-09-29 14:12:07 - [TEST_STEP][PASSED] - check(findTestObject("Pendaftaran/pilihan Wanita_jenis_kelamin")): Object 'Object Repository/Pendaftaran/pilihan Wanita_jenis_kelamin' is checked

2023-09-29 14:12:08 - [MESSAGE][PASSED] - Object 'Object Repository/Pendaftaran/pilihan Wanita_jenis_kelamin' is checked

2023-09-29 14:12:08 - [TEST_STEP][PASSED] - setEncryptedText(findTestObject("Pendaftaran/input password"), "NqvfBr/61hkKg4Ngn0KWJw=="): Text ****** has been set on object 'Object Repository/Pendaftaran/input password'

2023-09-29 14:12:09 - [MESSAGE][PASSED] - Text ****** has been set on object 'Object Repository/Pendaftaran/input password'

2023-09-29 14:12:09 - [TEST_STEP][PASSED] - setEncryptedText(findTestObject("Pendaftaran/input konfirmasi password"), "NqvfBr/61hkKg4Ngn0KWJw=="): Text ****** has been set on object 'Object Repository/Pendaftaran/input konfirmasi password'

2023-09-29 14:12:09 - [MESSAGE][PASSED] - Text ****** has been set on object 'Object Repository/Pendaftaran/input konfirmasi password'

2023-09-29 14:12:09 - [TEST_STEP][PASSED] - click(findTestObject("Pendaftaran/button_Daftar")): Object: 'Object Repository/Pendaftaran/button_Daftar' is clicked on

2023-09-29 14:12:14 - [MESSAGE][PASSED] - Object: 'Object Repository/Pendaftaran/button_Daftar' is clicked on

2023-09-29 14:12:14 - [TEST_STEP][FAILED] - verifyTextPresent("password must include alpanumeric", false): Unable to verify text 'password must include alpanumeric' is present  (Root cause: com.kms.katalon.core.exception.StepFailedException: Unable to verify text 'password must include alpanumeric' is present 
	at com.kms.katalon.core.webui.keyword.internal.WebUIKeywordMain.stepFailed(WebUIKeywordMain.groovy:64)
	at com.kms.katalon.core.webui.keyword.internal.WebUIKeywordMain.runKeyword(WebUIKeywordMain.groovy:26)
	at com.kms.katalon.core.webui.keyword.builtin.VerifyTextPresentKeyword.verifyTextPresent(VerifyTextPresentKeyword.groovy:83)
	at com.kms.katalon.core.webui.keyword.builtin.VerifyTextPresentKeyword.execute(VerifyTextPresentKeyword.groovy:68)
	at com.kms.katalon.core.keyword.internal.KeywordExecutor.executeKeywordForPlatform(KeywordExecutor.groovy:74)
	at com.kms.katalon.core.webui.keyword.WebUiBuiltInKeywords.verifyTextPresent(WebUiBuiltInKeywords.groovy:1723)
	at com.kms.katalon.core.webui.keyword.WebUiBuiltInKeywords$verifyTextPresent$11.call(Unknown Source)
	at TC-PF-007.run(TC-PF-007:49)
	at com.kms.katalon.core.main.ScriptEngine.run(ScriptEngine.java:194)
	at com.kms.katalon.core.main.ScriptEngine.runScriptAsRawText(ScriptEngine.java:119)
	at com.kms.katalon.core.main.TestCaseExecutor.runScript(TestCaseExecutor.java:448)
	at com.kms.katalon.core.main.TestCaseExecutor.doExecute(TestCaseExecutor.java:439)
	at com.kms.katalon.core.main.TestCaseExecutor.processExecutionPhase(TestCaseExecutor.java:418)
	at com.kms.katalon.core.main.TestCaseExecutor.accessMainPhase(TestCaseExecutor.java:410)
	at com.kms.katalon.core.main.TestCaseExecutor.execute(TestCaseExecutor.java:285)
	at com.kms.katalon.core.common.CommonExecutor.accessTestCaseMainPhase(CommonExecutor.java:65)
	at com.kms.katalon.core.main.TestSuiteExecutor.accessTestSuiteMainPhase(TestSuiteExecutor.java:148)
	at com.kms.katalon.core.main.TestSuiteExecutor.execute(TestSuiteExecutor.java:106)
	at com.kms.katalon.core.main.TestCaseMain.startTestSuite(TestCaseMain.java:187)
	at com.kms.katalon.core.main.TestCaseMain$startTestSuite$0.call(Unknown Source)
	at TempTestSuite1695971182674.run(TempTestSuite1695971182674.groovy:36)
Caused by: com.kms.katalon.core.exception.StepFailedException: Text 'password must include alpanumeric' is not present on page 
	at com.kms.katalon.core.webui.keyword.internal.WebUIKeywordMain.stepFailed(WebUIKeywordMain.groovy:64)
	at com.kms.katalon.core.webui.keyword.builtin.VerifyTextPresentKeyword$_verifyTextPresent_closure1.doCall(VerifyTextPresentKeyword.groovy:79)
	at com.kms.katalon.core.webui.keyword.builtin.VerifyTextPresentKeyword$_verifyTextPresent_closure1.call(VerifyTextPresentKeyword.groovy)
	at com.kms.katalon.core.webui.keyword.internal.WebUIKeywordMain.runKeyword(WebUIKeywordMain.groovy:20)
	... 19 more
)

2023-09-29 14:12:15 - [MESSAGE][FAILED] - Text 'password must include alpanumeric' is not present on page  (Root cause: com.kms.katalon.core.exception.StepFailedException: Text 'password must include alpanumeric' is not present on page 
	at com.kms.katalon.core.webui.keyword.internal.WebUIKeywordMain.stepFailed(WebUIKeywordMain.groovy:64)
	at com.kms.katalon.core.webui.keyword.builtin.VerifyTextPresentKeyword$_verifyTextPresent_closure1.doCall(VerifyTextPresentKeyword.groovy:79)
	at com.kms.katalon.core.webui.keyword.builtin.VerifyTextPresentKeyword$_verifyTextPresent_closure1.call(VerifyTextPresentKeyword.groovy)
	at com.kms.katalon.core.webui.keyword.internal.WebUIKeywordMain.runKeyword(WebUIKeywordMain.groovy:20)
	at com.kms.katalon.core.webui.keyword.builtin.VerifyTextPresentKeyword.verifyTextPresent(VerifyTextPresentKeyword.groovy:83)
	at com.kms.katalon.core.webui.keyword.builtin.VerifyTextPresentKeyword.execute(VerifyTextPresentKeyword.groovy:68)
	at com.kms.katalon.core.keyword.internal.KeywordExecutor.executeKeywordForPlatform(KeywordExecutor.groovy:74)
	at com.kms.katalon.core.webui.keyword.WebUiBuiltInKeywords.verifyTextPresent(WebUiBuiltInKeywords.groovy:1723)
	at com.kms.katalon.core.webui.keyword.WebUiBuiltInKeywords$verifyTextPresent$11.call(Unknown Source)
	at TC-PF-007.run(TC-PF-007:49)
	at com.kms.katalon.core.main.ScriptEngine.run(ScriptEngine.java:194)
	at com.kms.katalon.core.main.ScriptEngine.runScriptAsRawText(ScriptEngine.java:119)
	at com.kms.katalon.core.main.TestCaseExecutor.runScript(TestCaseExecutor.java:448)
	at com.kms.katalon.core.main.TestCaseExecutor.doExecute(TestCaseExecutor.java:439)
	at com.kms.katalon.core.main.TestCaseExecutor.processExecutionPhase(TestCaseExecutor.java:418)
	at com.kms.katalon.core.main.TestCaseExecutor.accessMainPhase(TestCaseExecutor.java:410)
	at com.kms.katalon.core.main.TestCaseExecutor.execute(TestCaseExecutor.java:285)
	at com.kms.katalon.core.common.CommonExecutor.accessTestCaseMainPhase(CommonExecutor.java:65)
	at com.kms.katalon.core.main.TestSuiteExecutor.accessTestSuiteMainPhase(TestSuiteExecutor.java:148)
	at com.kms.katalon.core.main.TestSuiteExecutor.execute(TestSuiteExecutor.java:106)
	at com.kms.katalon.core.main.TestCaseMain.startTestSuite(TestCaseMain.java:187)
	at com.kms.katalon.core.main.TestCaseMain$startTestSuite$0.call(Unknown Source)
	at TempTestSuite1695971182674.run(TempTestSuite1695971182674.groovy:36)
)

2023-09-29 14:12:15 - [MESSAGE][FAILED] - Unable to verify text 'password must include alpanumeric' is present  (Root cause: com.kms.katalon.core.exception.StepFailedException: Unable to verify text 'password must include alpanumeric' is present 
	at com.kms.katalon.core.webui.keyword.internal.WebUIKeywordMain.stepFailed(WebUIKeywordMain.groovy:64)
	at com.kms.katalon.core.webui.keyword.internal.WebUIKeywordMain.runKeyword(WebUIKeywordMain.groovy:26)
	at com.kms.katalon.core.webui.keyword.builtin.VerifyTextPresentKeyword.verifyTextPresent(VerifyTextPresentKeyword.groovy:83)
	at com.kms.katalon.core.webui.keyword.builtin.VerifyTextPresentKeyword.execute(VerifyTextPresentKeyword.groovy:68)
	at com.kms.katalon.core.keyword.internal.KeywordExecutor.executeKeywordForPlatform(KeywordExecutor.groovy:74)
	at com.kms.katalon.core.webui.keyword.WebUiBuiltInKeywords.verifyTextPresent(WebUiBuiltInKeywords.groovy:1723)
	at com.kms.katalon.core.webui.keyword.WebUiBuiltInKeywords$verifyTextPresent$11.call(Unknown Source)
	at TC-PF-007.run(TC-PF-007:49)
	at com.kms.katalon.core.main.ScriptEngine.run(ScriptEngine.java:194)
	at com.kms.katalon.core.main.ScriptEngine.runScriptAsRawText(ScriptEngine.java:119)
	at com.kms.katalon.core.main.TestCaseExecutor.runScript(TestCaseExecutor.java:448)
	at com.kms.katalon.core.main.TestCaseExecutor.doExecute(TestCaseExecutor.java:439)
	at com.kms.katalon.core.main.TestCaseExecutor.processExecutionPhase(TestCaseExecutor.java:418)
	at com.kms.katalon.core.main.TestCaseExecutor.accessMainPhase(TestCaseExecutor.java:410)
	at com.kms.katalon.core.main.TestCaseExecutor.execute(TestCaseExecutor.java:285)
	at com.kms.katalon.core.common.CommonExecutor.accessTestCaseMainPhase(CommonExecutor.java:65)
	at com.kms.katalon.core.main.TestSuiteExecutor.accessTestSuiteMainPhase(TestSuiteExecutor.java:148)
	at com.kms.katalon.core.main.TestSuiteExecutor.execute(TestSuiteExecutor.java:106)
	at com.kms.katalon.core.main.TestCaseMain.startTestSuite(TestCaseMain.java:187)
	at com.kms.katalon.core.main.TestCaseMain$startTestSuite$0.call(Unknown Source)
	at TempTestSuite1695971182674.run(TempTestSuite1695971182674.groovy:36)
Caused by: com.kms.katalon.core.exception.StepFailedException: Text 'password must include alpanumeric' is not present on page 
	at com.kms.katalon.core.webui.keyword.internal.WebUIKeywordMain.stepFailed(WebUIKeywordMain.groovy:64)
	at com.kms.katalon.core.webui.keyword.builtin.VerifyTextPresentKeyword$_verifyTextPresent_closure1.doCall(VerifyTextPresentKeyword.groovy:79)
	at com.kms.katalon.core.webui.keyword.builtin.VerifyTextPresentKeyword$_verifyTextPresent_closure1.call(VerifyTextPresentKeyword.groovy)
	at com.kms.katalon.core.webui.keyword.internal.WebUIKeywordMain.runKeyword(WebUIKeywordMain.groovy:20)
	... 19 more
)
[[ATTACHMENT|F:\\bootcamp\\Miniproject\\Tajalapak\\Reports\\20230929_140622\\T08-Pendaftaran\\20230929_140622\\1695971535231.png]]]]></system-out>
         <system-err><![CDATA[2023-09-29 14:11:50 - [TEST_CASE][FAILED] - Test Cases/T08 - Pendaftaran/TC-PF-007: Test Cases/T08 - Pendaftaran/TC-PF-007 FAILED.
Reason:
com.kms.katalon.core.exception.StepFailedException: Unable to verify text 'password must include alpanumeric' is present 
	at com.kms.katalon.core.webui.keyword.internal.WebUIKeywordMain.stepFailed(WebUIKeywordMain.groovy:64)
	at com.kms.katalon.core.webui.keyword.internal.WebUIKeywordMain.runKeyword(WebUIKeywordMain.groovy:26)
	at com.kms.katalon.core.webui.keyword.builtin.VerifyTextPresentKeyword.verifyTextPresent(VerifyTextPresentKeyword.groovy:83)
	at com.kms.katalon.core.webui.keyword.builtin.VerifyTextPresentKeyword.execute(VerifyTextPresentKeyword.groovy:68)
	at com.kms.katalon.core.keyword.internal.KeywordExecutor.executeKeywordForPlatform(KeywordExecutor.groovy:74)
	at com.kms.katalon.core.webui.keyword.WebUiBuiltInKeywords.verifyTextPresent(WebUiBuiltInKeywords.groovy:1723)
	at com.kms.katalon.core.webui.keyword.WebUiBuiltInKeywords$verifyTextPresent$11.call(Unknown Source)
	at TC-PF-007.run(TC-PF-007:49)
	at com.kms.katalon.core.main.ScriptEngine.run(ScriptEngine.java:194)
	at com.kms.katalon.core.main.ScriptEngine.runScriptAsRawText(ScriptEngine.java:119)
	at com.kms.katalon.core.main.TestCaseExecutor.runScript(TestCaseExecutor.java:448)
	at com.kms.katalon.core.main.TestCaseExecutor.doExecute(TestCaseExecutor.java:439)
	at com.kms.katalon.core.main.TestCaseExecutor.processExecutionPhase(TestCaseExecutor.java:418)
	at com.kms.katalon.core.main.TestCaseExecutor.accessMainPhase(TestCaseExecutor.java:410)
	at com.kms.katalon.core.main.TestCaseExecutor.execute(TestCaseExecutor.java:285)
	at com.kms.katalon.core.common.CommonExecutor.accessTestCaseMainPhase(CommonExecutor.java:65)
	at com.kms.katalon.core.main.TestSuiteExecutor.accessTestSuiteMainPhase(TestSuiteExecutor.java:148)
	at com.kms.katalon.core.main.TestSuiteExecutor.execute(TestSuiteExecutor.java:106)
	at com.kms.katalon.core.main.TestCaseMain.startTestSuite(TestCaseMain.java:187)
	at com.kms.katalon.core.main.TestCaseMain$startTestSuite$0.call(Unknown Source)
	at TempTestSuite1695971182674.run(TempTestSuite1695971182674.groovy:36)
Caused by: com.kms.katalon.core.exception.StepFailedException: Text 'password must include alpanumeric' is not present on page 
	at com.kms.katalon.core.webui.keyword.internal.WebUIKeywordMain.stepFailed(WebUIKeywordMain.groovy:64)
	at com.kms.katalon.core.webui.keyword.builtin.VerifyTextPresentKeyword$_verifyTextPresent_closure1.doCall(VerifyTextPresentKeyword.groovy:79)
	at com.kms.katalon.core.webui.keyword.builtin.VerifyTextPresentKeyword$_verifyTextPresent_closure1.call(VerifyTextPresentKeyword.groovy)
	at com.kms.katalon.core.webui.keyword.internal.WebUIKeywordMain.runKeyword(WebUIKeywordMain.groovy:20)
	... 19 more]]></system-err>
      </testcase>
      <testcase name="Test Cases/T08 - Pendaftaran/TC-PF-008" time="23.704" classname="Test Cases/T08 - Pendaftaran/TC-PF-008" status="PASSED">
         <system-out><![CDATA[2023-09-29 14:12:15 - [TEST_CASE][PASSED] - Test Cases/T08 - Pendaftaran/TC-PF-008: Test Cases/T08 - Pendaftaran/TC-PF-008

2023-09-29 14:12:16 - [TEST_STEP][PASSED] - openBrowser(urlWeb): Browser is opened with url: 'https://10.9.2.63/ecommerce/'

2023-09-29 14:12:16 - [MESSAGE][WARNING] - A browser is already opened. Closing browser and opening a new one

2023-09-29 14:12:18 - [MESSAGE][INFO] - Starting 'Firefox' driver

2023-09-29 14:12:18 - [MESSAGE][INFO] - Action delay is set to 0 milliseconds

2023-09-29 14:12:27 - [MESSAGE][PASSED] - Browser is opened with url: 'https://10.9.2.63/ecommerce/'

2023-09-29 14:12:27 - [TEST_STEP][PASSED] - maximizeWindow(): Current window maximized

2023-09-29 14:12:27 - [MESSAGE][PASSED] - Current window maximized

2023-09-29 14:12:27 - [TEST_STEP][PASSED] - verifyElementPresent(findTestObject("verifikasi halaman tajalapak sebelum daftar"), 0): Object 'Object Repository/verifikasi halaman tajalapak sebelum daftar' is present

2023-09-29 14:12:27 - [MESSAGE][WARNING] - Timeout '0' is invalid. Using default page load timeout: '30'

2023-09-29 14:12:27 - [MESSAGE][PASSED] - Object 'Object Repository/verifikasi halaman tajalapak sebelum daftar' is present

2023-09-29 14:12:27 - [TEST_STEP][PASSED] - click(findTestObject("Pendaftaran/button Register")): Object: 'Object Repository/Pendaftaran/button Register' is clicked on

2023-09-29 14:12:29 - [MESSAGE][PASSED] - Object: 'Object Repository/Pendaftaran/button Register' is clicked on

2023-09-29 14:12:29 - [TEST_STEP][PASSED] - verifyElementPresent(findTestObject("Pendaftaran/verifikasi masuk helamaan daftar"), 0): Object 'Object Repository/Pendaftaran/verifikasi masuk helamaan daftar' is present

2023-09-29 14:12:30 - [MESSAGE][WARNING] - Timeout '0' is invalid. Using default page load timeout: '30'

2023-09-29 14:12:30 - [MESSAGE][PASSED] - Object 'Object Repository/Pendaftaran/verifikasi masuk helamaan daftar' is present

2023-09-29 14:12:30 - [TEST_STEP][PASSED] - setText(findTestObject("Pendaftaran/input username"), usn): Text 'ikanana' is set on object 'Object Repository/Pendaftaran/input username'

2023-09-29 14:12:31 - [MESSAGE][PASSED] - Text 'ikanana' is set on object 'Object Repository/Pendaftaran/input username'

2023-09-29 14:12:31 - [TEST_STEP][PASSED] - setText(findTestObject("Pendaftaran/input email"), email): Text 'ikana71@gmail.com' is set on object 'Object Repository/Pendaftaran/input email'

2023-09-29 14:12:32 - [MESSAGE][PASSED] - Text 'ikana71@gmail.com' is set on object 'Object Repository/Pendaftaran/input email'

2023-09-29 14:12:32 - [TEST_STEP][PASSED] - setText(findTestObject("Pendaftaran/input Nomor Telephon"), noHp): Text '085643218731' is set on object 'Object Repository/Pendaftaran/input Nomor Telephon'

2023-09-29 14:12:33 - [MESSAGE][PASSED] - Text '085643218731' is set on object 'Object Repository/Pendaftaran/input Nomor Telephon'

2023-09-29 14:12:33 - [TEST_STEP][PASSED] - if (toString().equalsIgnoreCase("Perempuan")): Object 'Object Repository/Pendaftaran/pilihan Wanita_jenis_kelamin' is checked

2023-09-29 14:12:33 - [TEST_STEP][PASSED] - check(findTestObject("Pendaftaran/pilihan Wanita_jenis_kelamin")): Object 'Object Repository/Pendaftaran/pilihan Wanita_jenis_kelamin' is checked

2023-09-29 14:12:34 - [MESSAGE][PASSED] - Object 'Object Repository/Pendaftaran/pilihan Wanita_jenis_kelamin' is checked

2023-09-29 14:12:34 - [TEST_STEP][PASSED] - setEncryptedText(findTestObject("Pendaftaran/input password"), "qbkrdMwyWE4="): Text ****** has been set on object 'Object Repository/Pendaftaran/input password'

2023-09-29 14:12:35 - [MESSAGE][PASSED] - Text ****** has been set on object 'Object Repository/Pendaftaran/input password'

2023-09-29 14:12:35 - [TEST_STEP][PASSED] - setEncryptedText(findTestObject("Pendaftaran/input konfirmasi password"), "qbkrdMwyWE4="): Text ****** has been set on object 'Object Repository/Pendaftaran/input konfirmasi password'

2023-09-29 14:12:36 - [MESSAGE][PASSED] - Text ****** has been set on object 'Object Repository/Pendaftaran/input konfirmasi password'

2023-09-29 14:12:36 - [TEST_STEP][PASSED] - click(findTestObject("Pendaftaran/button_Daftar")): Object: 'Object Repository/Pendaftaran/button_Daftar' is clicked on

2023-09-29 14:12:38 - [MESSAGE][PASSED] - Object: 'Object Repository/Pendaftaran/button_Daftar' is clicked on

2023-09-29 14:12:38 - [TEST_STEP][PASSED] - verifyElementText(findTestObject("Pendaftaran/daftar ulang dengan email username dan no hp yang sama"), "Username/Email/No Telpon Telah Digunakan!"): Actual text and expected text of test object 'Object Repository/Pendaftaran/daftar ulang dengan email username dan no hp yang sama' are matched.

2023-09-29 14:12:39 - [MESSAGE][PASSED] - Actual text and expected text of test object 'Object Repository/Pendaftaran/daftar ulang dengan email username dan no hp yang sama' are matched.]]></system-out>
         <system-err><![CDATA[]]></system-err>
      </testcase>
      <testcase name="Test Cases/T08 - Pendaftaran/TC-PF-009" time="25.765" classname="Test Cases/T08 - Pendaftaran/TC-PF-009" status="ERROR">
         <error type="ERROR" message="Test Cases/T08 - Pendaftaran/TC-PF-009 FAILED.
Reason:
org.openqa.selenium.NoSuchElementException: Unable to locate element: //input[@name=&quot;username&quot;]
For documentation on this error, please visit: https://www.seleniumhq.org/exceptions/no_such_element.html
Build info: version: '3.141.59', revision: 'e82be7d358', time: '2018-11-14T08:25:53'
System info: host: 'DESKTOP-22KTP91', ip: '10.9.2.65', os.name: 'Windows 10', os.arch: 'amd64', os.version: '10.0', java.version: '1.8.0_362'
Driver info: com.kms.katalon.core.webui.driver.firefox.CGeckoDriver
Capabilities {acceptInsecureCerts: true, browserName: firefox, browserVersion: 117.0.1, javascriptEnabled: true, moz:accessibilityChecks: false, moz:buildID: 20230912013654, moz:geckodriverVersion: 0.33.0, moz:headless: false, moz:platformVersion: 10.0, moz:processID: 17024, moz:profile: C:\Users\USER\AppData\Local..., moz:shutdownTimeout: 60000, moz:webdriverClick: true, moz:windowless: false, pageLoadStrategy: normal, platform: WINDOWS, platformName: WINDOWS, proxy: Proxy(direct), setWindowRect: true, strictFileInteractability: false, timeouts: {implicit: 0, pageLoad: 300000, script: 30000}, unhandledPromptBehavior: dismiss and notify}
Session ID: 4eb04189-79db-4688-96fb-7acb00df86c9
*** Element info: {Using=xpath, value=//input[@name=&quot;username&quot;]}
	at org.openqa.selenium.remote.http.W3CHttpResponseCodec.createException(W3CHttpResponseCodec.java:187)
	at org.openqa.selenium.remote.http.W3CHttpResponseCodec.decode(W3CHttpResponseCodec.java:122)
	at org.openqa.selenium.remote.http.W3CHttpResponseCodec.decode(W3CHttpResponseCodec.java:49)
	at org.openqa.selenium.remote.HttpCommandExecutor.execute(HttpCommandExecutor.java:158)
	at org.openqa.selenium.remote.service.DriverCommandExecutor.execute(DriverCommandExecutor.java:83)
	at org.openqa.selenium.remote.RemoteWebDriver.execute(RemoteWebDriver.java:552)
	at com.kms.katalon.selenium.driver.CFirefoxDriver.execute(CFirefoxDriver.java:27)
	at org.openqa.selenium.remote.RemoteWebDriver.findElement(RemoteWebDriver.java:323)
	at org.openqa.selenium.remote.RemoteWebDriver.findElementByXPath(RemoteWebDriver.java:428)
	at org.openqa.selenium.By$ByXPath.findElement(By.java:353)
	at org.openqa.selenium.remote.RemoteWebDriver.findElement(RemoteWebDriver.java:315)
	at org.openqa.selenium.support.events.EventFiringWebDriver.lambda$new$1(EventFiringWebDriver.java:105)
	at com.sun.proxy.$Proxy10.findElement(Unknown Source)
	at org.openqa.selenium.support.events.EventFiringWebDriver.findElement(EventFiringWebDriver.java:194)
	at org.openqa.selenium.WebDriver$findElement.call(Unknown Source)
	at TC-PF-009.run(TC-PF-009:55)
	at com.kms.katalon.core.main.ScriptEngine.run(ScriptEngine.java:194)
	at com.kms.katalon.core.main.ScriptEngine.runScriptAsRawText(ScriptEngine.java:119)
	at com.kms.katalon.core.main.TestCaseExecutor.runScript(TestCaseExecutor.java:448)
	at com.kms.katalon.core.main.TestCaseExecutor.doExecute(TestCaseExecutor.java:439)
	at com.kms.katalon.core.main.TestCaseExecutor.processExecutionPhase(TestCaseExecutor.java:418)
	at com.kms.katalon.core.main.TestCaseExecutor.accessMainPhase(TestCaseExecutor.java:410)
	at com.kms.katalon.core.main.TestCaseExecutor.execute(TestCaseExecutor.java:285)
	at com.kms.katalon.core.common.CommonExecutor.accessTestCaseMainPhase(CommonExecutor.java:65)
	at com.kms.katalon.core.main.TestSuiteExecutor.accessTestSuiteMainPhase(TestSuiteExecutor.java:148)
	at com.kms.katalon.core.main.TestSuiteExecutor.execute(TestSuiteExecutor.java:106)
	at com.kms.katalon.core.main.TestCaseMain.startTestSuite(TestCaseMain.java:187)
	at com.kms.katalon.core.main.TestCaseMain$startTestSuite$0.call(Unknown Source)
	at TempTestSuite1695971182674.run(TempTestSuite1695971182674.groovy:36)
"/>
         <system-out><![CDATA[2023-09-29 14:12:39 - [TEST_CASE][ERROR] - Test Cases/T08 - Pendaftaran/TC-PF-009: Test Cases/T08 - Pendaftaran/TC-PF-009 FAILED.
Reason:
org.openqa.selenium.NoSuchElementException: Unable to locate element: //input[@name="username"]
For documentation on this error, please visit: https://www.seleniumhq.org/exceptions/no_such_element.html
Build info: version: '3.141.59', revision: 'e82be7d358', time: '2018-11-14T08:25:53'
System info: host: 'DESKTOP-22KTP91', ip: '10.9.2.65', os.name: 'Windows 10', os.arch: 'amd64', os.version: '10.0', java.version: '1.8.0_362'
Driver info: com.kms.katalon.core.webui.driver.firefox.CGeckoDriver
Capabilities {acceptInsecureCerts: true, browserName: firefox, browserVersion: 117.0.1, javascriptEnabled: true, moz:accessibilityChecks: false, moz:buildID: 20230912013654, moz:geckodriverVersion: 0.33.0, moz:headless: false, moz:platformVersion: 10.0, moz:processID: 17024, moz:profile: C:\Users\USER\AppData\Local..., moz:shutdownTimeout: 60000, moz:webdriverClick: true, moz:windowless: false, pageLoadStrategy: normal, platform: WINDOWS, platformName: WINDOWS, proxy: Proxy(direct), setWindowRect: true, strictFileInteractability: false, timeouts: {implicit: 0, pageLoad: 300000, script: 30000}, unhandledPromptBehavior: dismiss and notify}
Session ID: 4eb04189-79db-4688-96fb-7acb00df86c9
*** Element info: {Using=xpath, value=//input[@name="username"]}
	at org.openqa.selenium.remote.http.W3CHttpResponseCodec.createException(W3CHttpResponseCodec.java:187)
	at org.openqa.selenium.remote.http.W3CHttpResponseCodec.decode(W3CHttpResponseCodec.java:122)
	at org.openqa.selenium.remote.http.W3CHttpResponseCodec.decode(W3CHttpResponseCodec.java:49)
	at org.openqa.selenium.remote.HttpCommandExecutor.execute(HttpCommandExecutor.java:158)
	at org.openqa.selenium.remote.service.DriverCommandExecutor.execute(DriverCommandExecutor.java:83)
	at org.openqa.selenium.remote.RemoteWebDriver.execute(RemoteWebDriver.java:552)
	at com.kms.katalon.selenium.driver.CFirefoxDriver.execute(CFirefoxDriver.java:27)
	at org.openqa.selenium.remote.RemoteWebDriver.findElement(RemoteWebDriver.java:323)
	at org.openqa.selenium.remote.RemoteWebDriver.findElementByXPath(RemoteWebDriver.java:428)
	at org.openqa.selenium.By$ByXPath.findElement(By.java:353)
	at org.openqa.selenium.remote.RemoteWebDriver.findElement(RemoteWebDriver.java:315)
	at org.openqa.selenium.support.events.EventFiringWebDriver.lambda$new$1(EventFiringWebDriver.java:105)
	at com.sun.proxy.$Proxy10.findElement(Unknown Source)
	at org.openqa.selenium.support.events.EventFiringWebDriver.findElement(EventFiringWebDriver.java:194)
	at org.openqa.selenium.WebDriver$findElement.call(Unknown Source)
	at TC-PF-009.run(TC-PF-009:55)
	at com.kms.katalon.core.main.ScriptEngine.run(ScriptEngine.java:194)
	at com.kms.katalon.core.main.ScriptEngine.runScriptAsRawText(ScriptEngine.java:119)
	at com.kms.katalon.core.main.TestCaseExecutor.runScript(TestCaseExecutor.java:448)
	at com.kms.katalon.core.main.TestCaseExecutor.doExecute(TestCaseExecutor.java:439)
	at com.kms.katalon.core.main.TestCaseExecutor.processExecutionPhase(TestCaseExecutor.java:418)
	at com.kms.katalon.core.main.TestCaseExecutor.accessMainPhase(TestCaseExecutor.java:410)
	at com.kms.katalon.core.main.TestCaseExecutor.execute(TestCaseExecutor.java:285)
	at com.kms.katalon.core.common.CommonExecutor.accessTestCaseMainPhase(CommonExecutor.java:65)
	at com.kms.katalon.core.main.TestSuiteExecutor.accessTestSuiteMainPhase(TestSuiteExecutor.java:148)
	at com.kms.katalon.core.main.TestSuiteExecutor.execute(TestSuiteExecutor.java:106)
	at com.kms.katalon.core.main.TestCaseMain.startTestSuite(TestCaseMain.java:187)
	at com.kms.katalon.core.main.TestCaseMain$startTestSuite$0.call(Unknown Source)
	at TempTestSuite1695971182674.run(TempTestSuite1695971182674.groovy:36)


2023-09-29 14:12:41 - [TEST_STEP][PASSED] - openBrowser(urlWeb): Browser is opened with url: 'https://10.9.2.63/ecommerce/'

2023-09-29 14:12:41 - [MESSAGE][WARNING] - A browser is already opened. Closing browser and opening a new one

2023-09-29 14:12:42 - [MESSAGE][INFO] - Starting 'Firefox' driver

2023-09-29 14:12:42 - [MESSAGE][INFO] - Action delay is set to 0 milliseconds

2023-09-29 14:12:52 - [MESSAGE][PASSED] - Browser is opened with url: 'https://10.9.2.63/ecommerce/'

2023-09-29 14:12:52 - [TEST_STEP][PASSED] - maximizeWindow(): Current window maximized

2023-09-29 14:12:52 - [MESSAGE][PASSED] - Current window maximized

2023-09-29 14:12:52 - [TEST_STEP][PASSED] - verifyElementPresent(findTestObject("verifikasi halaman tajalapak sebelum daftar"), 0): Object 'Object Repository/verifikasi halaman tajalapak sebelum daftar' is present

2023-09-29 14:12:52 - [MESSAGE][WARNING] - Timeout '0' is invalid. Using default page load timeout: '30'

2023-09-29 14:12:52 - [MESSAGE][PASSED] - Object 'Object Repository/verifikasi halaman tajalapak sebelum daftar' is present

2023-09-29 14:12:52 - [TEST_STEP][PASSED] - click(findTestObject("Pendaftaran/button Register")): Object: 'Object Repository/Pendaftaran/button Register' is clicked on

2023-09-29 14:12:54 - [MESSAGE][PASSED] - Object: 'Object Repository/Pendaftaran/button Register' is clicked on

2023-09-29 14:12:54 - [TEST_STEP][PASSED] - verifyElementPresent(findTestObject("Pendaftaran/verifikasi masuk helamaan daftar"), 0): Object 'Object Repository/Pendaftaran/verifikasi masuk helamaan daftar' is present

2023-09-29 14:12:54 - [MESSAGE][WARNING] - Timeout '0' is invalid. Using default page load timeout: '30'

2023-09-29 14:12:54 - [MESSAGE][PASSED] - Object 'Object Repository/Pendaftaran/verifikasi masuk helamaan daftar' is present

2023-09-29 14:12:54 - [TEST_STEP][PASSED] - setText(findTestObject("Pendaftaran/input username"), username): Text 'AkulahCintaDiLangitPrudenceLovelyPrincessOfAwanampwn' is set on object 'Object Repository/Pendaftaran/input username'

2023-09-29 14:12:55 - [MESSAGE][PASSED] - Text 'AkulahCintaDiLangitPrudenceLovelyPrincessOfAwanampwn' is set on object 'Object Repository/Pendaftaran/input username'

2023-09-29 14:12:55 - [TEST_STEP][PASSED] - setText(findTestObject("Pendaftaran/input email"), email): Text 'akulah@gmail.com' is set on object 'Object Repository/Pendaftaran/input email'

2023-09-29 14:12:56 - [MESSAGE][PASSED] - Text 'akulah@gmail.com' is set on object 'Object Repository/Pendaftaran/input email'

2023-09-29 14:12:56 - [TEST_STEP][PASSED] - setText(findTestObject("Pendaftaran/input Nomor Telephon"), noHP): Text '085643253214' is set on object 'Object Repository/Pendaftaran/input Nomor Telephon'

2023-09-29 14:12:57 - [MESSAGE][PASSED] - Text '085643253214' is set on object 'Object Repository/Pendaftaran/input Nomor Telephon'

2023-09-29 14:12:57 - [TEST_STEP][PASSED] - if (toString().equalsIgnoreCase("Perempuan")): Object 'Object Repository/Pendaftaran/pilihan Wanita_jenis_kelamin' is checked

2023-09-29 14:12:57 - [TEST_STEP][PASSED] - check(findTestObject("Pendaftaran/pilihan Wanita_jenis_kelamin")): Object 'Object Repository/Pendaftaran/pilihan Wanita_jenis_kelamin' is checked

2023-09-29 14:12:58 - [MESSAGE][PASSED] - Object 'Object Repository/Pendaftaran/pilihan Wanita_jenis_kelamin' is checked

2023-09-29 14:12:58 - [TEST_STEP][PASSED] - setEncryptedText(findTestObject("Pendaftaran/input password"), "8MbLm3cRDkc/jsWL6sX6LA=="): Text ****** has been set on object 'Object Repository/Pendaftaran/input password'

2023-09-29 14:12:59 - [MESSAGE][PASSED] - Text ****** has been set on object 'Object Repository/Pendaftaran/input password'

2023-09-29 14:12:59 - [TEST_STEP][PASSED] - setEncryptedText(findTestObject("Pendaftaran/input konfirmasi password"), "8MbLm3cRDkc/jsWL6sX6LA=="): Text ****** has been set on object 'Object Repository/Pendaftaran/input konfirmasi password'

2023-09-29 14:13:00 - [MESSAGE][PASSED] - Text ****** has been set on object 'Object Repository/Pendaftaran/input konfirmasi password'

2023-09-29 14:13:00 - [TEST_STEP][PASSED] - click(findTestObject("Pendaftaran/button_Daftar")): Object: 'Object Repository/Pendaftaran/button_Daftar' is clicked on

2023-09-29 14:13:04 - [MESSAGE][PASSED] - Object: 'Object Repository/Pendaftaran/button_Daftar' is clicked on

2023-09-29 14:13:04 - [TEST_STEP][PASSED] - webDriver = getWebDriver(): null

2023-09-29 14:13:04 - [TEST_STEP][ERROR] - field_username = webDriver.findElement(By.xpath("//input[@name="username"]")): Test Cases/T08 - Pendaftaran/TC-PF-009 FAILED.
Reason:
org.openqa.selenium.NoSuchElementException: Unable to locate element: //input[@name="username"]
For documentation on this error, please visit: https://www.seleniumhq.org/exceptions/no_such_element.html
Build info: version: '3.141.59', revision: 'e82be7d358', time: '2018-11-14T08:25:53'
System info: host: 'DESKTOP-22KTP91', ip: '10.9.2.65', os.name: 'Windows 10', os.arch: 'amd64', os.version: '10.0', java.version: '1.8.0_362'
Driver info: com.kms.katalon.core.webui.driver.firefox.CGeckoDriver
Capabilities {acceptInsecureCerts: true, browserName: firefox, browserVersion: 117.0.1, javascriptEnabled: true, moz:accessibilityChecks: false, moz:buildID: 20230912013654, moz:geckodriverVersion: 0.33.0, moz:headless: false, moz:platformVersion: 10.0, moz:processID: 17024, moz:profile: C:\Users\USER\AppData\Local..., moz:shutdownTimeout: 60000, moz:webdriverClick: true, moz:windowless: false, pageLoadStrategy: normal, platform: WINDOWS, platformName: WINDOWS, proxy: Proxy(direct), setWindowRect: true, strictFileInteractability: false, timeouts: {implicit: 0, pageLoad: 300000, script: 30000}, unhandledPromptBehavior: dismiss and notify}
Session ID: 4eb04189-79db-4688-96fb-7acb00df86c9
*** Element info: {Using=xpath, value=//input[@name="username"]}
	at org.openqa.selenium.remote.http.W3CHttpResponseCodec.createException(W3CHttpResponseCodec.java:187)
	at org.openqa.selenium.remote.http.W3CHttpResponseCodec.decode(W3CHttpResponseCodec.java:122)
	at org.openqa.selenium.remote.http.W3CHttpResponseCodec.decode(W3CHttpResponseCodec.java:49)
	at org.openqa.selenium.remote.HttpCommandExecutor.execute(HttpCommandExecutor.java:158)
	at org.openqa.selenium.remote.service.DriverCommandExecutor.execute(DriverCommandExecutor.java:83)
	at org.openqa.selenium.remote.RemoteWebDriver.execute(RemoteWebDriver.java:552)
	at com.kms.katalon.selenium.driver.CFirefoxDriver.execute(CFirefoxDriver.java:27)
	at org.openqa.selenium.remote.RemoteWebDriver.findElement(RemoteWebDriver.java:323)
	at org.openqa.selenium.remote.RemoteWebDriver.findElementByXPath(RemoteWebDriver.java:428)
	at org.openqa.selenium.By$ByXPath.findElement(By.java:353)
	at org.openqa.selenium.remote.RemoteWebDriver.findElement(RemoteWebDriver.java:315)
	at org.openqa.selenium.support.events.EventFiringWebDriver.lambda$new$1(EventFiringWebDriver.java:105)
	at com.sun.proxy.$Proxy10.findElement(Unknown Source)
	at org.openqa.selenium.support.events.EventFiringWebDriver.findElement(EventFiringWebDriver.java:194)
	at org.openqa.selenium.WebDriver$findElement.call(Unknown Source)
	at TC-PF-009.run(TC-PF-009:55)
	at com.kms.katalon.core.main.ScriptEngine.run(ScriptEngine.java:194)
	at com.kms.katalon.core.main.ScriptEngine.runScriptAsRawText(ScriptEngine.java:119)
	at com.kms.katalon.core.main.TestCaseExecutor.runScript(TestCaseExecutor.java:448)
	at com.kms.katalon.core.main.TestCaseExecutor.doExecute(TestCaseExecutor.java:439)
	at com.kms.katalon.core.main.TestCaseExecutor.processExecutionPhase(TestCaseExecutor.java:418)
	at com.kms.katalon.core.main.TestCaseExecutor.accessMainPhase(TestCaseExecutor.java:410)
	at com.kms.katalon.core.main.TestCaseExecutor.execute(TestCaseExecutor.java:285)
	at com.kms.katalon.core.common.CommonExecutor.accessTestCaseMainPhase(CommonExecutor.java:65)
	at com.kms.katalon.core.main.TestSuiteExecutor.accessTestSuiteMainPhase(TestSuiteExecutor.java:148)
	at com.kms.katalon.core.main.TestSuiteExecutor.execute(TestSuiteExecutor.java:106)
	at com.kms.katalon.core.main.TestCaseMain.startTestSuite(TestCaseMain.java:187)
	at com.kms.katalon.core.main.TestCaseMain$startTestSuite$0.call(Unknown Source)
	at TempTestSuite1695971182674.run(TempTestSuite1695971182674.groovy:36)


2023-09-29 14:13:05 - [MESSAGE][ERROR] - Test Cases/T08 - Pendaftaran/TC-PF-009 FAILED.
Reason:
org.openqa.selenium.NoSuchElementException: Unable to locate element: //input[@name="username"]
For documentation on this error, please visit: https://www.seleniumhq.org/exceptions/no_such_element.html
Build info: version: '3.141.59', revision: 'e82be7d358', time: '2018-11-14T08:25:53'
System info: host: 'DESKTOP-22KTP91', ip: '10.9.2.65', os.name: 'Windows 10', os.arch: 'amd64', os.version: '10.0', java.version: '1.8.0_362'
Driver info: com.kms.katalon.core.webui.driver.firefox.CGeckoDriver
Capabilities {acceptInsecureCerts: true, browserName: firefox, browserVersion: 117.0.1, javascriptEnabled: true, moz:accessibilityChecks: false, moz:buildID: 20230912013654, moz:geckodriverVersion: 0.33.0, moz:headless: false, moz:platformVersion: 10.0, moz:processID: 17024, moz:profile: C:\Users\USER\AppData\Local..., moz:shutdownTimeout: 60000, moz:webdriverClick: true, moz:windowless: false, pageLoadStrategy: normal, platform: WINDOWS, platformName: WINDOWS, proxy: Proxy(direct), setWindowRect: true, strictFileInteractability: false, timeouts: {implicit: 0, pageLoad: 300000, script: 30000}, unhandledPromptBehavior: dismiss and notify}
Session ID: 4eb04189-79db-4688-96fb-7acb00df86c9
*** Element info: {Using=xpath, value=//input[@name="username"]}
	at org.openqa.selenium.remote.http.W3CHttpResponseCodec.createException(W3CHttpResponseCodec.java:187)
	at org.openqa.selenium.remote.http.W3CHttpResponseCodec.decode(W3CHttpResponseCodec.java:122)
	at org.openqa.selenium.remote.http.W3CHttpResponseCodec.decode(W3CHttpResponseCodec.java:49)
	at org.openqa.selenium.remote.HttpCommandExecutor.execute(HttpCommandExecutor.java:158)
	at org.openqa.selenium.remote.service.DriverCommandExecutor.execute(DriverCommandExecutor.java:83)
	at org.openqa.selenium.remote.RemoteWebDriver.execute(RemoteWebDriver.java:552)
	at com.kms.katalon.selenium.driver.CFirefoxDriver.execute(CFirefoxDriver.java:27)
	at org.openqa.selenium.remote.RemoteWebDriver.findElement(RemoteWebDriver.java:323)
	at org.openqa.selenium.remote.RemoteWebDriver.findElementByXPath(RemoteWebDriver.java:428)
	at org.openqa.selenium.By$ByXPath.findElement(By.java:353)
	at org.openqa.selenium.remote.RemoteWebDriver.findElement(RemoteWebDriver.java:315)
	at org.openqa.selenium.support.events.EventFiringWebDriver.lambda$new$1(EventFiringWebDriver.java:105)
	at com.sun.proxy.$Proxy10.findElement(Unknown Source)
	at org.openqa.selenium.support.events.EventFiringWebDriver.findElement(EventFiringWebDriver.java:194)
	at org.openqa.selenium.WebDriver$findElement.call(Unknown Source)
	at TC-PF-009.run(TC-PF-009:55)
	at com.kms.katalon.core.main.ScriptEngine.run(ScriptEngine.java:194)
	at com.kms.katalon.core.main.ScriptEngine.runScriptAsRawText(ScriptEngine.java:119)
	at com.kms.katalon.core.main.TestCaseExecutor.runScript(TestCaseExecutor.java:448)
	at com.kms.katalon.core.main.TestCaseExecutor.doExecute(TestCaseExecutor.java:439)
	at com.kms.katalon.core.main.TestCaseExecutor.processExecutionPhase(TestCaseExecutor.java:418)
	at com.kms.katalon.core.main.TestCaseExecutor.accessMainPhase(TestCaseExecutor.java:410)
	at com.kms.katalon.core.main.TestCaseExecutor.execute(TestCaseExecutor.java:285)
	at com.kms.katalon.core.common.CommonExecutor.accessTestCaseMainPhase(CommonExecutor.java:65)
	at com.kms.katalon.core.main.TestSuiteExecutor.accessTestSuiteMainPhase(TestSuiteExecutor.java:148)
	at com.kms.katalon.core.main.TestSuiteExecutor.execute(TestSuiteExecutor.java:106)
	at com.kms.katalon.core.main.TestCaseMain.startTestSuite(TestCaseMain.java:187)
	at com.kms.katalon.core.main.TestCaseMain$startTestSuite$0.call(Unknown Source)
	at TempTestSuite1695971182674.run(TempTestSuite1695971182674.groovy:36)]]></system-out>
         <system-err><![CDATA[2023-09-29 14:12:39 - [TEST_CASE][ERROR] - Test Cases/T08 - Pendaftaran/TC-PF-009: Test Cases/T08 - Pendaftaran/TC-PF-009 FAILED.
Reason:
org.openqa.selenium.NoSuchElementException: Unable to locate element: //input[@name="username"]
For documentation on this error, please visit: https://www.seleniumhq.org/exceptions/no_such_element.html
Build info: version: '3.141.59', revision: 'e82be7d358', time: '2018-11-14T08:25:53'
System info: host: 'DESKTOP-22KTP91', ip: '10.9.2.65', os.name: 'Windows 10', os.arch: 'amd64', os.version: '10.0', java.version: '1.8.0_362'
Driver info: com.kms.katalon.core.webui.driver.firefox.CGeckoDriver
Capabilities {acceptInsecureCerts: true, browserName: firefox, browserVersion: 117.0.1, javascriptEnabled: true, moz:accessibilityChecks: false, moz:buildID: 20230912013654, moz:geckodriverVersion: 0.33.0, moz:headless: false, moz:platformVersion: 10.0, moz:processID: 17024, moz:profile: C:\Users\USER\AppData\Local..., moz:shutdownTimeout: 60000, moz:webdriverClick: true, moz:windowless: false, pageLoadStrategy: normal, platform: WINDOWS, platformName: WINDOWS, proxy: Proxy(direct), setWindowRect: true, strictFileInteractability: false, timeouts: {implicit: 0, pageLoad: 300000, script: 30000}, unhandledPromptBehavior: dismiss and notify}
Session ID: 4eb04189-79db-4688-96fb-7acb00df86c9
*** Element info: {Using=xpath, value=//input[@name="username"]}
	at org.openqa.selenium.remote.http.W3CHttpResponseCodec.createException(W3CHttpResponseCodec.java:187)
	at org.openqa.selenium.remote.http.W3CHttpResponseCodec.decode(W3CHttpResponseCodec.java:122)
	at org.openqa.selenium.remote.http.W3CHttpResponseCodec.decode(W3CHttpResponseCodec.java:49)
	at org.openqa.selenium.remote.HttpCommandExecutor.execute(HttpCommandExecutor.java:158)
	at org.openqa.selenium.remote.service.DriverCommandExecutor.execute(DriverCommandExecutor.java:83)
	at org.openqa.selenium.remote.RemoteWebDriver.execute(RemoteWebDriver.java:552)
	at com.kms.katalon.selenium.driver.CFirefoxDriver.execute(CFirefoxDriver.java:27)
	at org.openqa.selenium.remote.RemoteWebDriver.findElement(RemoteWebDriver.java:323)
	at org.openqa.selenium.remote.RemoteWebDriver.findElementByXPath(RemoteWebDriver.java:428)
	at org.openqa.selenium.By$ByXPath.findElement(By.java:353)
	at org.openqa.selenium.remote.RemoteWebDriver.findElement(RemoteWebDriver.java:315)
	at org.openqa.selenium.support.events.EventFiringWebDriver.lambda$new$1(EventFiringWebDriver.java:105)
	at com.sun.proxy.$Proxy10.findElement(Unknown Source)
	at org.openqa.selenium.support.events.EventFiringWebDriver.findElement(EventFiringWebDriver.java:194)
	at org.openqa.selenium.WebDriver$findElement.call(Unknown Source)
	at TC-PF-009.run(TC-PF-009:55)
	at com.kms.katalon.core.main.ScriptEngine.run(ScriptEngine.java:194)
	at com.kms.katalon.core.main.ScriptEngine.runScriptAsRawText(ScriptEngine.java:119)
	at com.kms.katalon.core.main.TestCaseExecutor.runScript(TestCaseExecutor.java:448)
	at com.kms.katalon.core.main.TestCaseExecutor.doExecute(TestCaseExecutor.java:439)
	at com.kms.katalon.core.main.TestCaseExecutor.processExecutionPhase(TestCaseExecutor.java:418)
	at com.kms.katalon.core.main.TestCaseExecutor.accessMainPhase(TestCaseExecutor.java:410)
	at com.kms.katalon.core.main.TestCaseExecutor.execute(TestCaseExecutor.java:285)
	at com.kms.katalon.core.common.CommonExecutor.accessTestCaseMainPhase(CommonExecutor.java:65)
	at com.kms.katalon.core.main.TestSuiteExecutor.accessTestSuiteMainPhase(TestSuiteExecutor.java:148)
	at com.kms.katalon.core.main.TestSuiteExecutor.execute(TestSuiteExecutor.java:106)
	at com.kms.katalon.core.main.TestCaseMain.startTestSuite(TestCaseMain.java:187)
	at com.kms.katalon.core.main.TestCaseMain$startTestSuite$0.call(Unknown Source)
	at TempTestSuite1695971182674.run(TempTestSuite1695971182674.groovy:36)]]></system-err>
      </testcase>
      <testcase name="Test Cases/T08 - Pendaftaran/TC-PF-010" time="23.781" classname="Test Cases/T08 - Pendaftaran/TC-PF-010" status="FAILED">
         <failure type="FAILED" message="Test Cases/T08 - Pendaftaran/TC-PF-010 FAILED.
Reason:
com.kms.katalon.core.exception.StepFailedException: Unable to verify text 'please input an valid usernme' is present 
	at com.kms.katalon.core.webui.keyword.internal.WebUIKeywordMain.stepFailed(WebUIKeywordMain.groovy:64)
	at com.kms.katalon.core.webui.keyword.internal.WebUIKeywordMain.runKeyword(WebUIKeywordMain.groovy:26)
	at com.kms.katalon.core.webui.keyword.builtin.VerifyTextPresentKeyword.verifyTextPresent(VerifyTextPresentKeyword.groovy:83)
	at com.kms.katalon.core.webui.keyword.builtin.VerifyTextPresentKeyword.execute(VerifyTextPresentKeyword.groovy:68)
	at com.kms.katalon.core.keyword.internal.KeywordExecutor.executeKeywordForPlatform(KeywordExecutor.groovy:74)
	at com.kms.katalon.core.webui.keyword.WebUiBuiltInKeywords.verifyTextPresent(WebUiBuiltInKeywords.groovy:1723)
	at com.kms.katalon.core.webui.keyword.WebUiBuiltInKeywords$verifyTextPresent$11.call(Unknown Source)
	at TC-PF-010.run(TC-PF-010:49)
	at com.kms.katalon.core.main.ScriptEngine.run(ScriptEngine.java:194)
	at com.kms.katalon.core.main.ScriptEngine.runScriptAsRawText(ScriptEngine.java:119)
	at com.kms.katalon.core.main.TestCaseExecutor.runScript(TestCaseExecutor.java:448)
	at com.kms.katalon.core.main.TestCaseExecutor.doExecute(TestCaseExecutor.java:439)
	at com.kms.katalon.core.main.TestCaseExecutor.processExecutionPhase(TestCaseExecutor.java:418)
	at com.kms.katalon.core.main.TestCaseExecutor.accessMainPhase(TestCaseExecutor.java:410)
	at com.kms.katalon.core.main.TestCaseExecutor.execute(TestCaseExecutor.java:285)
	at com.kms.katalon.core.common.CommonExecutor.accessTestCaseMainPhase(CommonExecutor.java:65)
	at com.kms.katalon.core.main.TestSuiteExecutor.accessTestSuiteMainPhase(TestSuiteExecutor.java:148)
	at com.kms.katalon.core.main.TestSuiteExecutor.execute(TestSuiteExecutor.java:106)
	at com.kms.katalon.core.main.TestCaseMain.startTestSuite(TestCaseMain.java:187)
	at com.kms.katalon.core.main.TestCaseMain$startTestSuite$0.call(Unknown Source)
	at TempTestSuite1695971182674.run(TempTestSuite1695971182674.groovy:36)
Caused by: com.kms.katalon.core.exception.StepFailedException: Text 'please input an valid usernme' is not present on page 
	at com.kms.katalon.core.webui.keyword.internal.WebUIKeywordMain.stepFailed(WebUIKeywordMain.groovy:64)
	at com.kms.katalon.core.webui.keyword.builtin.VerifyTextPresentKeyword$_verifyTextPresent_closure1.doCall(VerifyTextPresentKeyword.groovy:79)
	at com.kms.katalon.core.webui.keyword.builtin.VerifyTextPresentKeyword$_verifyTextPresent_closure1.call(VerifyTextPresentKeyword.groovy)
	at com.kms.katalon.core.webui.keyword.internal.WebUIKeywordMain.runKeyword(WebUIKeywordMain.groovy:20)
	... 19 more
"/>
         <system-out><![CDATA[2023-09-29 14:13:05 - [TEST_CASE][FAILED] - Test Cases/T08 - Pendaftaran/TC-PF-010: Test Cases/T08 - Pendaftaran/TC-PF-010 FAILED.
Reason:
com.kms.katalon.core.exception.StepFailedException: Unable to verify text 'please input an valid usernme' is present 
	at com.kms.katalon.core.webui.keyword.internal.WebUIKeywordMain.stepFailed(WebUIKeywordMain.groovy:64)
	at com.kms.katalon.core.webui.keyword.internal.WebUIKeywordMain.runKeyword(WebUIKeywordMain.groovy:26)
	at com.kms.katalon.core.webui.keyword.builtin.VerifyTextPresentKeyword.verifyTextPresent(VerifyTextPresentKeyword.groovy:83)
	at com.kms.katalon.core.webui.keyword.builtin.VerifyTextPresentKeyword.execute(VerifyTextPresentKeyword.groovy:68)
	at com.kms.katalon.core.keyword.internal.KeywordExecutor.executeKeywordForPlatform(KeywordExecutor.groovy:74)
	at com.kms.katalon.core.webui.keyword.WebUiBuiltInKeywords.verifyTextPresent(WebUiBuiltInKeywords.groovy:1723)
	at com.kms.katalon.core.webui.keyword.WebUiBuiltInKeywords$verifyTextPresent$11.call(Unknown Source)
	at TC-PF-010.run(TC-PF-010:49)
	at com.kms.katalon.core.main.ScriptEngine.run(ScriptEngine.java:194)
	at com.kms.katalon.core.main.ScriptEngine.runScriptAsRawText(ScriptEngine.java:119)
	at com.kms.katalon.core.main.TestCaseExecutor.runScript(TestCaseExecutor.java:448)
	at com.kms.katalon.core.main.TestCaseExecutor.doExecute(TestCaseExecutor.java:439)
	at com.kms.katalon.core.main.TestCaseExecutor.processExecutionPhase(TestCaseExecutor.java:418)
	at com.kms.katalon.core.main.TestCaseExecutor.accessMainPhase(TestCaseExecutor.java:410)
	at com.kms.katalon.core.main.TestCaseExecutor.execute(TestCaseExecutor.java:285)
	at com.kms.katalon.core.common.CommonExecutor.accessTestCaseMainPhase(CommonExecutor.java:65)
	at com.kms.katalon.core.main.TestSuiteExecutor.accessTestSuiteMainPhase(TestSuiteExecutor.java:148)
	at com.kms.katalon.core.main.TestSuiteExecutor.execute(TestSuiteExecutor.java:106)
	at com.kms.katalon.core.main.TestCaseMain.startTestSuite(TestCaseMain.java:187)
	at com.kms.katalon.core.main.TestCaseMain$startTestSuite$0.call(Unknown Source)
	at TempTestSuite1695971182674.run(TempTestSuite1695971182674.groovy:36)
Caused by: com.kms.katalon.core.exception.StepFailedException: Text 'please input an valid usernme' is not present on page 
	at com.kms.katalon.core.webui.keyword.internal.WebUIKeywordMain.stepFailed(WebUIKeywordMain.groovy:64)
	at com.kms.katalon.core.webui.keyword.builtin.VerifyTextPresentKeyword$_verifyTextPresent_closure1.doCall(VerifyTextPresentKeyword.groovy:79)
	at com.kms.katalon.core.webui.keyword.builtin.VerifyTextPresentKeyword$_verifyTextPresent_closure1.call(VerifyTextPresentKeyword.groovy)
	at com.kms.katalon.core.webui.keyword.internal.WebUIKeywordMain.runKeyword(WebUIKeywordMain.groovy:20)
	... 19 more


2023-09-29 14:13:06 - [TEST_STEP][PASSED] - openBrowser(urlWeb): Browser is opened with url: 'https://10.9.2.63/ecommerce/'

2023-09-29 14:13:06 - [MESSAGE][WARNING] - A browser is already opened. Closing browser and opening a new one

2023-09-29 14:13:08 - [MESSAGE][INFO] - Starting 'Firefox' driver

2023-09-29 14:13:08 - [MESSAGE][INFO] - Action delay is set to 0 milliseconds

2023-09-29 14:13:16 - [MESSAGE][PASSED] - Browser is opened with url: 'https://10.9.2.63/ecommerce/'

2023-09-29 14:13:16 - [TEST_STEP][PASSED] - maximizeWindow(): Current window maximized

2023-09-29 14:13:16 - [MESSAGE][PASSED] - Current window maximized

2023-09-29 14:13:16 - [TEST_STEP][PASSED] - verifyElementPresent(findTestObject("verifikasi halaman tajalapak sebelum daftar"), 0): Object 'Object Repository/verifikasi halaman tajalapak sebelum daftar' is present

2023-09-29 14:13:16 - [MESSAGE][WARNING] - Timeout '0' is invalid. Using default page load timeout: '30'

2023-09-29 14:13:16 - [MESSAGE][PASSED] - Object 'Object Repository/verifikasi halaman tajalapak sebelum daftar' is present

2023-09-29 14:13:16 - [TEST_STEP][PASSED] - click(findTestObject("Pendaftaran/button Register")): Object: 'Object Repository/Pendaftaran/button Register' is clicked on

2023-09-29 14:13:18 - [MESSAGE][PASSED] - Object: 'Object Repository/Pendaftaran/button Register' is clicked on

2023-09-29 14:13:18 - [TEST_STEP][PASSED] - verifyElementPresent(findTestObject("Pendaftaran/verifikasi masuk helamaan daftar"), 0): Object 'Object Repository/Pendaftaran/verifikasi masuk helamaan daftar' is present

2023-09-29 14:13:18 - [MESSAGE][WARNING] - Timeout '0' is invalid. Using default page load timeout: '30'

2023-09-29 14:13:18 - [MESSAGE][PASSED] - Object 'Object Repository/Pendaftaran/verifikasi masuk helamaan daftar' is present

2023-09-29 14:13:18 - [TEST_STEP][PASSED] - setText(findTestObject("Pendaftaran/input username"), username): Text '-' is set on object 'Object Repository/Pendaftaran/input username'

2023-09-29 14:13:19 - [MESSAGE][PASSED] - Text '-' is set on object 'Object Repository/Pendaftaran/input username'

2023-09-29 14:13:19 - [TEST_STEP][PASSED] - setText(findTestObject("Pendaftaran/input email"), email): Text 'jondu@gmail.com' is set on object 'Object Repository/Pendaftaran/input email'

2023-09-29 14:13:20 - [MESSAGE][PASSED] - Text 'jondu@gmail.com' is set on object 'Object Repository/Pendaftaran/input email'

2023-09-29 14:13:20 - [TEST_STEP][PASSED] - setText(findTestObject("Pendaftaran/input Nomor Telephon"), noHP): Text '085643565656' is set on object 'Object Repository/Pendaftaran/input Nomor Telephon'

2023-09-29 14:13:21 - [MESSAGE][PASSED] - Text '085643565656' is set on object 'Object Repository/Pendaftaran/input Nomor Telephon'

2023-09-29 14:13:21 - [TEST_STEP][PASSED] - if (toString().equalsIgnoreCase("Perempuan")): null

2023-09-29 14:13:21 - [TEST_STEP][PASSED] - else if (toString().equalsIgnoreCase("Laki-laki")): Object 'Object Repository/Pendaftaran/pilihan Pria' is checked

2023-09-29 14:13:21 - [TEST_STEP][PASSED] - check(findTestObject("Object Repository/Pendaftaran/pilihan Pria")): Object 'Object Repository/Pendaftaran/pilihan Pria' is checked

2023-09-29 14:13:22 - [MESSAGE][PASSED] - Object 'Object Repository/Pendaftaran/pilihan Pria' is checked

2023-09-29 14:13:22 - [TEST_STEP][PASSED] - setEncryptedText(findTestObject("Pendaftaran/input password"), "8MbLm3cRDkc/jsWL6sX6LA=="): Text ****** has been set on object 'Object Repository/Pendaftaran/input password'

2023-09-29 14:13:22 - [MESSAGE][PASSED] - Text ****** has been set on object 'Object Repository/Pendaftaran/input password'

2023-09-29 14:13:22 - [TEST_STEP][PASSED] - setEncryptedText(findTestObject("Pendaftaran/input konfirmasi password"), "8MbLm3cRDkc/jsWL6sX6LA=="): Text ****** has been set on object 'Object Repository/Pendaftaran/input konfirmasi password'

2023-09-29 14:13:23 - [MESSAGE][PASSED] - Text ****** has been set on object 'Object Repository/Pendaftaran/input konfirmasi password'

2023-09-29 14:13:23 - [TEST_STEP][PASSED] - click(findTestObject("Pendaftaran/button_Daftar")): Object: 'Object Repository/Pendaftaran/button_Daftar' is clicked on

2023-09-29 14:13:27 - [MESSAGE][PASSED] - Object: 'Object Repository/Pendaftaran/button_Daftar' is clicked on

2023-09-29 14:13:27 - [TEST_STEP][FAILED] - verifyTextPresent("please input an valid usernme", false): Unable to verify text 'please input an valid usernme' is present  (Root cause: com.kms.katalon.core.exception.StepFailedException: Unable to verify text 'please input an valid usernme' is present 
	at com.kms.katalon.core.webui.keyword.internal.WebUIKeywordMain.stepFailed(WebUIKeywordMain.groovy:64)
	at com.kms.katalon.core.webui.keyword.internal.WebUIKeywordMain.runKeyword(WebUIKeywordMain.groovy:26)
	at com.kms.katalon.core.webui.keyword.builtin.VerifyTextPresentKeyword.verifyTextPresent(VerifyTextPresentKeyword.groovy:83)
	at com.kms.katalon.core.webui.keyword.builtin.VerifyTextPresentKeyword.execute(VerifyTextPresentKeyword.groovy:68)
	at com.kms.katalon.core.keyword.internal.KeywordExecutor.executeKeywordForPlatform(KeywordExecutor.groovy:74)
	at com.kms.katalon.core.webui.keyword.WebUiBuiltInKeywords.verifyTextPresent(WebUiBuiltInKeywords.groovy:1723)
	at com.kms.katalon.core.webui.keyword.WebUiBuiltInKeywords$verifyTextPresent$11.call(Unknown Source)
	at TC-PF-010.run(TC-PF-010:49)
	at com.kms.katalon.core.main.ScriptEngine.run(ScriptEngine.java:194)
	at com.kms.katalon.core.main.ScriptEngine.runScriptAsRawText(ScriptEngine.java:119)
	at com.kms.katalon.core.main.TestCaseExecutor.runScript(TestCaseExecutor.java:448)
	at com.kms.katalon.core.main.TestCaseExecutor.doExecute(TestCaseExecutor.java:439)
	at com.kms.katalon.core.main.TestCaseExecutor.processExecutionPhase(TestCaseExecutor.java:418)
	at com.kms.katalon.core.main.TestCaseExecutor.accessMainPhase(TestCaseExecutor.java:410)
	at com.kms.katalon.core.main.TestCaseExecutor.execute(TestCaseExecutor.java:285)
	at com.kms.katalon.core.common.CommonExecutor.accessTestCaseMainPhase(CommonExecutor.java:65)
	at com.kms.katalon.core.main.TestSuiteExecutor.accessTestSuiteMainPhase(TestSuiteExecutor.java:148)
	at com.kms.katalon.core.main.TestSuiteExecutor.execute(TestSuiteExecutor.java:106)
	at com.kms.katalon.core.main.TestCaseMain.startTestSuite(TestCaseMain.java:187)
	at com.kms.katalon.core.main.TestCaseMain$startTestSuite$0.call(Unknown Source)
	at TempTestSuite1695971182674.run(TempTestSuite1695971182674.groovy:36)
Caused by: com.kms.katalon.core.exception.StepFailedException: Text 'please input an valid usernme' is not present on page 
	at com.kms.katalon.core.webui.keyword.internal.WebUIKeywordMain.stepFailed(WebUIKeywordMain.groovy:64)
	at com.kms.katalon.core.webui.keyword.builtin.VerifyTextPresentKeyword$_verifyTextPresent_closure1.doCall(VerifyTextPresentKeyword.groovy:79)
	at com.kms.katalon.core.webui.keyword.builtin.VerifyTextPresentKeyword$_verifyTextPresent_closure1.call(VerifyTextPresentKeyword.groovy)
	at com.kms.katalon.core.webui.keyword.internal.WebUIKeywordMain.runKeyword(WebUIKeywordMain.groovy:20)
	... 19 more
)

2023-09-29 14:13:28 - [MESSAGE][FAILED] - Text 'please input an valid usernme' is not present on page  (Root cause: com.kms.katalon.core.exception.StepFailedException: Text 'please input an valid usernme' is not present on page 
	at com.kms.katalon.core.webui.keyword.internal.WebUIKeywordMain.stepFailed(WebUIKeywordMain.groovy:64)
	at com.kms.katalon.core.webui.keyword.builtin.VerifyTextPresentKeyword$_verifyTextPresent_closure1.doCall(VerifyTextPresentKeyword.groovy:79)
	at com.kms.katalon.core.webui.keyword.builtin.VerifyTextPresentKeyword$_verifyTextPresent_closure1.call(VerifyTextPresentKeyword.groovy)
	at com.kms.katalon.core.webui.keyword.internal.WebUIKeywordMain.runKeyword(WebUIKeywordMain.groovy:20)
	at com.kms.katalon.core.webui.keyword.builtin.VerifyTextPresentKeyword.verifyTextPresent(VerifyTextPresentKeyword.groovy:83)
	at com.kms.katalon.core.webui.keyword.builtin.VerifyTextPresentKeyword.execute(VerifyTextPresentKeyword.groovy:68)
	at com.kms.katalon.core.keyword.internal.KeywordExecutor.executeKeywordForPlatform(KeywordExecutor.groovy:74)
	at com.kms.katalon.core.webui.keyword.WebUiBuiltInKeywords.verifyTextPresent(WebUiBuiltInKeywords.groovy:1723)
	at com.kms.katalon.core.webui.keyword.WebUiBuiltInKeywords$verifyTextPresent$11.call(Unknown Source)
	at TC-PF-010.run(TC-PF-010:49)
	at com.kms.katalon.core.main.ScriptEngine.run(ScriptEngine.java:194)
	at com.kms.katalon.core.main.ScriptEngine.runScriptAsRawText(ScriptEngine.java:119)
	at com.kms.katalon.core.main.TestCaseExecutor.runScript(TestCaseExecutor.java:448)
	at com.kms.katalon.core.main.TestCaseExecutor.doExecute(TestCaseExecutor.java:439)
	at com.kms.katalon.core.main.TestCaseExecutor.processExecutionPhase(TestCaseExecutor.java:418)
	at com.kms.katalon.core.main.TestCaseExecutor.accessMainPhase(TestCaseExecutor.java:410)
	at com.kms.katalon.core.main.TestCaseExecutor.execute(TestCaseExecutor.java:285)
	at com.kms.katalon.core.common.CommonExecutor.accessTestCaseMainPhase(CommonExecutor.java:65)
	at com.kms.katalon.core.main.TestSuiteExecutor.accessTestSuiteMainPhase(TestSuiteExecutor.java:148)
	at com.kms.katalon.core.main.TestSuiteExecutor.execute(TestSuiteExecutor.java:106)
	at com.kms.katalon.core.main.TestCaseMain.startTestSuite(TestCaseMain.java:187)
	at com.kms.katalon.core.main.TestCaseMain$startTestSuite$0.call(Unknown Source)
	at TempTestSuite1695971182674.run(TempTestSuite1695971182674.groovy:36)
)

2023-09-29 14:13:29 - [MESSAGE][FAILED] - Unable to verify text 'please input an valid usernme' is present  (Root cause: com.kms.katalon.core.exception.StepFailedException: Unable to verify text 'please input an valid usernme' is present 
	at com.kms.katalon.core.webui.keyword.internal.WebUIKeywordMain.stepFailed(WebUIKeywordMain.groovy:64)
	at com.kms.katalon.core.webui.keyword.internal.WebUIKeywordMain.runKeyword(WebUIKeywordMain.groovy:26)
	at com.kms.katalon.core.webui.keyword.builtin.VerifyTextPresentKeyword.verifyTextPresent(VerifyTextPresentKeyword.groovy:83)
	at com.kms.katalon.core.webui.keyword.builtin.VerifyTextPresentKeyword.execute(VerifyTextPresentKeyword.groovy:68)
	at com.kms.katalon.core.keyword.internal.KeywordExecutor.executeKeywordForPlatform(KeywordExecutor.groovy:74)
	at com.kms.katalon.core.webui.keyword.WebUiBuiltInKeywords.verifyTextPresent(WebUiBuiltInKeywords.groovy:1723)
	at com.kms.katalon.core.webui.keyword.WebUiBuiltInKeywords$verifyTextPresent$11.call(Unknown Source)
	at TC-PF-010.run(TC-PF-010:49)
	at com.kms.katalon.core.main.ScriptEngine.run(ScriptEngine.java:194)
	at com.kms.katalon.core.main.ScriptEngine.runScriptAsRawText(ScriptEngine.java:119)
	at com.kms.katalon.core.main.TestCaseExecutor.runScript(TestCaseExecutor.java:448)
	at com.kms.katalon.core.main.TestCaseExecutor.doExecute(TestCaseExecutor.java:439)
	at com.kms.katalon.core.main.TestCaseExecutor.processExecutionPhase(TestCaseExecutor.java:418)
	at com.kms.katalon.core.main.TestCaseExecutor.accessMainPhase(TestCaseExecutor.java:410)
	at com.kms.katalon.core.main.TestCaseExecutor.execute(TestCaseExecutor.java:285)
	at com.kms.katalon.core.common.CommonExecutor.accessTestCaseMainPhase(CommonExecutor.java:65)
	at com.kms.katalon.core.main.TestSuiteExecutor.accessTestSuiteMainPhase(TestSuiteExecutor.java:148)
	at com.kms.katalon.core.main.TestSuiteExecutor.execute(TestSuiteExecutor.java:106)
	at com.kms.katalon.core.main.TestCaseMain.startTestSuite(TestCaseMain.java:187)
	at com.kms.katalon.core.main.TestCaseMain$startTestSuite$0.call(Unknown Source)
	at TempTestSuite1695971182674.run(TempTestSuite1695971182674.groovy:36)
Caused by: com.kms.katalon.core.exception.StepFailedException: Text 'please input an valid usernme' is not present on page 
	at com.kms.katalon.core.webui.keyword.internal.WebUIKeywordMain.stepFailed(WebUIKeywordMain.groovy:64)
	at com.kms.katalon.core.webui.keyword.builtin.VerifyTextPresentKeyword$_verifyTextPresent_closure1.doCall(VerifyTextPresentKeyword.groovy:79)
	at com.kms.katalon.core.webui.keyword.builtin.VerifyTextPresentKeyword$_verifyTextPresent_closure1.call(VerifyTextPresentKeyword.groovy)
	at com.kms.katalon.core.webui.keyword.internal.WebUIKeywordMain.runKeyword(WebUIKeywordMain.groovy:20)
	... 19 more
)
[[ATTACHMENT|F:\\bootcamp\\Miniproject\\Tajalapak\\Reports\\20230929_140622\\T08-Pendaftaran\\20230929_140622\\1695971608704.png]]]]></system-out>
         <system-err><![CDATA[2023-09-29 14:13:05 - [TEST_CASE][FAILED] - Test Cases/T08 - Pendaftaran/TC-PF-010: Test Cases/T08 - Pendaftaran/TC-PF-010 FAILED.
Reason:
com.kms.katalon.core.exception.StepFailedException: Unable to verify text 'please input an valid usernme' is present 
	at com.kms.katalon.core.webui.keyword.internal.WebUIKeywordMain.stepFailed(WebUIKeywordMain.groovy:64)
	at com.kms.katalon.core.webui.keyword.internal.WebUIKeywordMain.runKeyword(WebUIKeywordMain.groovy:26)
	at com.kms.katalon.core.webui.keyword.builtin.VerifyTextPresentKeyword.verifyTextPresent(VerifyTextPresentKeyword.groovy:83)
	at com.kms.katalon.core.webui.keyword.builtin.VerifyTextPresentKeyword.execute(VerifyTextPresentKeyword.groovy:68)
	at com.kms.katalon.core.keyword.internal.KeywordExecutor.executeKeywordForPlatform(KeywordExecutor.groovy:74)
	at com.kms.katalon.core.webui.keyword.WebUiBuiltInKeywords.verifyTextPresent(WebUiBuiltInKeywords.groovy:1723)
	at com.kms.katalon.core.webui.keyword.WebUiBuiltInKeywords$verifyTextPresent$11.call(Unknown Source)
	at TC-PF-010.run(TC-PF-010:49)
	at com.kms.katalon.core.main.ScriptEngine.run(ScriptEngine.java:194)
	at com.kms.katalon.core.main.ScriptEngine.runScriptAsRawText(ScriptEngine.java:119)
	at com.kms.katalon.core.main.TestCaseExecutor.runScript(TestCaseExecutor.java:448)
	at com.kms.katalon.core.main.TestCaseExecutor.doExecute(TestCaseExecutor.java:439)
	at com.kms.katalon.core.main.TestCaseExecutor.processExecutionPhase(TestCaseExecutor.java:418)
	at com.kms.katalon.core.main.TestCaseExecutor.accessMainPhase(TestCaseExecutor.java:410)
	at com.kms.katalon.core.main.TestCaseExecutor.execute(TestCaseExecutor.java:285)
	at com.kms.katalon.core.common.CommonExecutor.accessTestCaseMainPhase(CommonExecutor.java:65)
	at com.kms.katalon.core.main.TestSuiteExecutor.accessTestSuiteMainPhase(TestSuiteExecutor.java:148)
	at com.kms.katalon.core.main.TestSuiteExecutor.execute(TestSuiteExecutor.java:106)
	at com.kms.katalon.core.main.TestCaseMain.startTestSuite(TestCaseMain.java:187)
	at com.kms.katalon.core.main.TestCaseMain$startTestSuite$0.call(Unknown Source)
	at TempTestSuite1695971182674.run(TempTestSuite1695971182674.groovy:36)
Caused by: com.kms.katalon.core.exception.StepFailedException: Text 'please input an valid usernme' is not present on page 
	at com.kms.katalon.core.webui.keyword.internal.WebUIKeywordMain.stepFailed(WebUIKeywordMain.groovy:64)
	at com.kms.katalon.core.webui.keyword.builtin.VerifyTextPresentKeyword$_verifyTextPresent_closure1.doCall(VerifyTextPresentKeyword.groovy:79)
	at com.kms.katalon.core.webui.keyword.builtin.VerifyTextPresentKeyword$_verifyTextPresent_closure1.call(VerifyTextPresentKeyword.groovy)
	at com.kms.katalon.core.webui.keyword.internal.WebUIKeywordMain.runKeyword(WebUIKeywordMain.groovy:20)
	... 19 more]]></system-err>
      </testcase>
      <testcase name="Test Cases/T08 - Pendaftaran/TC-PF-011" time="24.64" classname="Test Cases/T08 - Pendaftaran/TC-PF-011" status="FAILED">
         <failure type="FAILED" message="Test Cases/T08 - Pendaftaran/TC-PF-011 FAILED.
Reason:
com.kms.katalon.core.exception.StepFailedException: Unable to verify text 'Minimum length of this field must be equal or greater than 7 characters' is present 
	at com.kms.katalon.core.webui.keyword.internal.WebUIKeywordMain.stepFailed(WebUIKeywordMain.groovy:64)
	at com.kms.katalon.core.webui.keyword.internal.WebUIKeywordMain.runKeyword(WebUIKeywordMain.groovy:26)
	at com.kms.katalon.core.webui.keyword.builtin.VerifyTextPresentKeyword.verifyTextPresent(VerifyTextPresentKeyword.groovy:83)
	at com.kms.katalon.core.webui.keyword.builtin.VerifyTextPresentKeyword.execute(VerifyTextPresentKeyword.groovy:68)
	at com.kms.katalon.core.keyword.internal.KeywordExecutor.executeKeywordForPlatform(KeywordExecutor.groovy:74)
	at com.kms.katalon.core.webui.keyword.WebUiBuiltInKeywords.verifyTextPresent(WebUiBuiltInKeywords.groovy:1723)
	at com.kms.katalon.core.webui.keyword.WebUiBuiltInKeywords$verifyTextPresent$11.call(Unknown Source)
	at TC-PF-011.run(TC-PF-011:49)
	at com.kms.katalon.core.main.ScriptEngine.run(ScriptEngine.java:194)
	at com.kms.katalon.core.main.ScriptEngine.runScriptAsRawText(ScriptEngine.java:119)
	at com.kms.katalon.core.main.TestCaseExecutor.runScript(TestCaseExecutor.java:448)
	at com.kms.katalon.core.main.TestCaseExecutor.doExecute(TestCaseExecutor.java:439)
	at com.kms.katalon.core.main.TestCaseExecutor.processExecutionPhase(TestCaseExecutor.java:418)
	at com.kms.katalon.core.main.TestCaseExecutor.accessMainPhase(TestCaseExecutor.java:410)
	at com.kms.katalon.core.main.TestCaseExecutor.execute(TestCaseExecutor.java:285)
	at com.kms.katalon.core.common.CommonExecutor.accessTestCaseMainPhase(CommonExecutor.java:65)
	at com.kms.katalon.core.main.TestSuiteExecutor.accessTestSuiteMainPhase(TestSuiteExecutor.java:148)
	at com.kms.katalon.core.main.TestSuiteExecutor.execute(TestSuiteExecutor.java:106)
	at com.kms.katalon.core.main.TestCaseMain.startTestSuite(TestCaseMain.java:187)
	at com.kms.katalon.core.main.TestCaseMain$startTestSuite$0.call(Unknown Source)
	at TempTestSuite1695971182674.run(TempTestSuite1695971182674.groovy:36)
Caused by: com.kms.katalon.core.exception.StepFailedException: Text 'Minimum length of this field must be equal or greater than 7 characters' is not present on page 
	at com.kms.katalon.core.webui.keyword.internal.WebUIKeywordMain.stepFailed(WebUIKeywordMain.groovy:64)
	at com.kms.katalon.core.webui.keyword.builtin.VerifyTextPresentKeyword$_verifyTextPresent_closure1.doCall(VerifyTextPresentKeyword.groovy:79)
	at com.kms.katalon.core.webui.keyword.builtin.VerifyTextPresentKeyword$_verifyTextPresent_closure1.call(VerifyTextPresentKeyword.groovy)
	at com.kms.katalon.core.webui.keyword.internal.WebUIKeywordMain.runKeyword(WebUIKeywordMain.groovy:20)
	... 19 more
"/>
         <system-out><![CDATA[2023-09-29 14:13:29 - [TEST_CASE][FAILED] - Test Cases/T08 - Pendaftaran/TC-PF-011: Test Cases/T08 - Pendaftaran/TC-PF-011 FAILED.
Reason:
com.kms.katalon.core.exception.StepFailedException: Unable to verify text 'Minimum length of this field must be equal or greater than 7 characters' is present 
	at com.kms.katalon.core.webui.keyword.internal.WebUIKeywordMain.stepFailed(WebUIKeywordMain.groovy:64)
	at com.kms.katalon.core.webui.keyword.internal.WebUIKeywordMain.runKeyword(WebUIKeywordMain.groovy:26)
	at com.kms.katalon.core.webui.keyword.builtin.VerifyTextPresentKeyword.verifyTextPresent(VerifyTextPresentKeyword.groovy:83)
	at com.kms.katalon.core.webui.keyword.builtin.VerifyTextPresentKeyword.execute(VerifyTextPresentKeyword.groovy:68)
	at com.kms.katalon.core.keyword.internal.KeywordExecutor.executeKeywordForPlatform(KeywordExecutor.groovy:74)
	at com.kms.katalon.core.webui.keyword.WebUiBuiltInKeywords.verifyTextPresent(WebUiBuiltInKeywords.groovy:1723)
	at com.kms.katalon.core.webui.keyword.WebUiBuiltInKeywords$verifyTextPresent$11.call(Unknown Source)
	at TC-PF-011.run(TC-PF-011:49)
	at com.kms.katalon.core.main.ScriptEngine.run(ScriptEngine.java:194)
	at com.kms.katalon.core.main.ScriptEngine.runScriptAsRawText(ScriptEngine.java:119)
	at com.kms.katalon.core.main.TestCaseExecutor.runScript(TestCaseExecutor.java:448)
	at com.kms.katalon.core.main.TestCaseExecutor.doExecute(TestCaseExecutor.java:439)
	at com.kms.katalon.core.main.TestCaseExecutor.processExecutionPhase(TestCaseExecutor.java:418)
	at com.kms.katalon.core.main.TestCaseExecutor.accessMainPhase(TestCaseExecutor.java:410)
	at com.kms.katalon.core.main.TestCaseExecutor.execute(TestCaseExecutor.java:285)
	at com.kms.katalon.core.common.CommonExecutor.accessTestCaseMainPhase(CommonExecutor.java:65)
	at com.kms.katalon.core.main.TestSuiteExecutor.accessTestSuiteMainPhase(TestSuiteExecutor.java:148)
	at com.kms.katalon.core.main.TestSuiteExecutor.execute(TestSuiteExecutor.java:106)
	at com.kms.katalon.core.main.TestCaseMain.startTestSuite(TestCaseMain.java:187)
	at com.kms.katalon.core.main.TestCaseMain$startTestSuite$0.call(Unknown Source)
	at TempTestSuite1695971182674.run(TempTestSuite1695971182674.groovy:36)
Caused by: com.kms.katalon.core.exception.StepFailedException: Text 'Minimum length of this field must be equal or greater than 7 characters' is not present on page 
	at com.kms.katalon.core.webui.keyword.internal.WebUIKeywordMain.stepFailed(WebUIKeywordMain.groovy:64)
	at com.kms.katalon.core.webui.keyword.builtin.VerifyTextPresentKeyword$_verifyTextPresent_closure1.doCall(VerifyTextPresentKeyword.groovy:79)
	at com.kms.katalon.core.webui.keyword.builtin.VerifyTextPresentKeyword$_verifyTextPresent_closure1.call(VerifyTextPresentKeyword.groovy)
	at com.kms.katalon.core.webui.keyword.internal.WebUIKeywordMain.runKeyword(WebUIKeywordMain.groovy:20)
	... 19 more


2023-09-29 14:13:30 - [TEST_STEP][PASSED] - openBrowser(urlWeb): Browser is opened with url: 'https://10.9.2.63/ecommerce/'

2023-09-29 14:13:30 - [MESSAGE][WARNING] - A browser is already opened. Closing browser and opening a new one

2023-09-29 14:13:31 - [MESSAGE][INFO] - Starting 'Firefox' driver

2023-09-29 14:13:31 - [MESSAGE][INFO] - Action delay is set to 0 milliseconds

2023-09-29 14:13:40 - [MESSAGE][PASSED] - Browser is opened with url: 'https://10.9.2.63/ecommerce/'

2023-09-29 14:13:40 - [TEST_STEP][PASSED] - maximizeWindow(): Current window maximized

2023-09-29 14:13:40 - [MESSAGE][PASSED] - Current window maximized

2023-09-29 14:13:40 - [TEST_STEP][PASSED] - verifyElementPresent(findTestObject("verifikasi halaman tajalapak sebelum daftar"), 0): Object 'Object Repository/verifikasi halaman tajalapak sebelum daftar' is present

2023-09-29 14:13:40 - [MESSAGE][WARNING] - Timeout '0' is invalid. Using default page load timeout: '30'

2023-09-29 14:13:40 - [MESSAGE][PASSED] - Object 'Object Repository/verifikasi halaman tajalapak sebelum daftar' is present

2023-09-29 14:13:40 - [TEST_STEP][PASSED] - click(findTestObject("Pendaftaran/button Register")): Object: 'Object Repository/Pendaftaran/button Register' is clicked on

2023-09-29 14:13:42 - [MESSAGE][PASSED] - Object: 'Object Repository/Pendaftaran/button Register' is clicked on

2023-09-29 14:13:42 - [TEST_STEP][PASSED] - verifyElementPresent(findTestObject("Pendaftaran/verifikasi masuk helamaan daftar"), 0): Object 'Object Repository/Pendaftaran/verifikasi masuk helamaan daftar' is present

2023-09-29 14:13:42 - [MESSAGE][WARNING] - Timeout '0' is invalid. Using default page load timeout: '30'

2023-09-29 14:13:42 - [MESSAGE][PASSED] - Object 'Object Repository/Pendaftaran/verifikasi masuk helamaan daftar' is present

2023-09-29 14:13:42 - [TEST_STEP][PASSED] - setText(findTestObject("Pendaftaran/input username"), username): Text 'johndue' is set on object 'Object Repository/Pendaftaran/input username'

2023-09-29 14:13:43 - [MESSAGE][PASSED] - Text 'johndue' is set on object 'Object Repository/Pendaftaran/input username'

2023-09-29 14:13:43 - [TEST_STEP][PASSED] - setText(findTestObject("Pendaftaran/input email"), email): Text 'johndue@gmail.com' is set on object 'Object Repository/Pendaftaran/input email'

2023-09-29 14:13:44 - [MESSAGE][PASSED] - Text 'johndue@gmail.com' is set on object 'Object Repository/Pendaftaran/input email'

2023-09-29 14:13:44 - [TEST_STEP][PASSED] - setText(findTestObject("Pendaftaran/input Nomor Telephon"), noHP): Text '085621213131' is set on object 'Object Repository/Pendaftaran/input Nomor Telephon'

2023-09-29 14:13:45 - [MESSAGE][PASSED] - Text '085621213131' is set on object 'Object Repository/Pendaftaran/input Nomor Telephon'

2023-09-29 14:13:45 - [TEST_STEP][PASSED] - if (toString().equalsIgnoreCase("Perempuan")): null

2023-09-29 14:13:45 - [TEST_STEP][PASSED] - else if (toString().equalsIgnoreCase("Laki-laki")): Object 'Object Repository/Pendaftaran/pilihan Pria' is checked

2023-09-29 14:13:45 - [TEST_STEP][PASSED] - check(findTestObject("Object Repository/Pendaftaran/pilihan Pria")): Object 'Object Repository/Pendaftaran/pilihan Pria' is checked

2023-09-29 14:13:46 - [MESSAGE][PASSED] - Object 'Object Repository/Pendaftaran/pilihan Pria' is checked

2023-09-29 14:13:46 - [TEST_STEP][PASSED] - setEncryptedText(findTestObject("Pendaftaran/input password"), "3t/5BPxJM2g="): Text ****** has been set on object 'Object Repository/Pendaftaran/input password'

2023-09-29 14:13:46 - [MESSAGE][PASSED] - Text ****** has been set on object 'Object Repository/Pendaftaran/input password'

2023-09-29 14:13:46 - [TEST_STEP][PASSED] - setEncryptedText(findTestObject("Pendaftaran/input konfirmasi password"), "3t/5BPxJM2g="): Text ****** has been set on object 'Object Repository/Pendaftaran/input konfirmasi password'

2023-09-29 14:13:47 - [MESSAGE][PASSED] - Text ****** has been set on object 'Object Repository/Pendaftaran/input konfirmasi password'

2023-09-29 14:13:47 - [TEST_STEP][PASSED] - click(findTestObject("Pendaftaran/button_Daftar")): Object: 'Object Repository/Pendaftaran/button_Daftar' is clicked on

2023-09-29 14:13:51 - [MESSAGE][PASSED] - Object: 'Object Repository/Pendaftaran/button_Daftar' is clicked on

2023-09-29 14:13:51 - [TEST_STEP][FAILED] - verifyTextPresent("Minimum length of this field must be equal or greater than 7 characters", false): Unable to verify text 'Minimum length of this field must be equal or greater than 7 characters' is present  (Root cause: com.kms.katalon.core.exception.StepFailedException: Unable to verify text 'Minimum length of this field must be equal or greater than 7 characters' is present 
	at com.kms.katalon.core.webui.keyword.internal.WebUIKeywordMain.stepFailed(WebUIKeywordMain.groovy:64)
	at com.kms.katalon.core.webui.keyword.internal.WebUIKeywordMain.runKeyword(WebUIKeywordMain.groovy:26)
	at com.kms.katalon.core.webui.keyword.builtin.VerifyTextPresentKeyword.verifyTextPresent(VerifyTextPresentKeyword.groovy:83)
	at com.kms.katalon.core.webui.keyword.builtin.VerifyTextPresentKeyword.execute(VerifyTextPresentKeyword.groovy:68)
	at com.kms.katalon.core.keyword.internal.KeywordExecutor.executeKeywordForPlatform(KeywordExecutor.groovy:74)
	at com.kms.katalon.core.webui.keyword.WebUiBuiltInKeywords.verifyTextPresent(WebUiBuiltInKeywords.groovy:1723)
	at com.kms.katalon.core.webui.keyword.WebUiBuiltInKeywords$verifyTextPresent$11.call(Unknown Source)
	at TC-PF-011.run(TC-PF-011:49)
	at com.kms.katalon.core.main.ScriptEngine.run(ScriptEngine.java:194)
	at com.kms.katalon.core.main.ScriptEngine.runScriptAsRawText(ScriptEngine.java:119)
	at com.kms.katalon.core.main.TestCaseExecutor.runScript(TestCaseExecutor.java:448)
	at com.kms.katalon.core.main.TestCaseExecutor.doExecute(TestCaseExecutor.java:439)
	at com.kms.katalon.core.main.TestCaseExecutor.processExecutionPhase(TestCaseExecutor.java:418)
	at com.kms.katalon.core.main.TestCaseExecutor.accessMainPhase(TestCaseExecutor.java:410)
	at com.kms.katalon.core.main.TestCaseExecutor.execute(TestCaseExecutor.java:285)
	at com.kms.katalon.core.common.CommonExecutor.accessTestCaseMainPhase(CommonExecutor.java:65)
	at com.kms.katalon.core.main.TestSuiteExecutor.accessTestSuiteMainPhase(TestSuiteExecutor.java:148)
	at com.kms.katalon.core.main.TestSuiteExecutor.execute(TestSuiteExecutor.java:106)
	at com.kms.katalon.core.main.TestCaseMain.startTestSuite(TestCaseMain.java:187)
	at com.kms.katalon.core.main.TestCaseMain$startTestSuite$0.call(Unknown Source)
	at TempTestSuite1695971182674.run(TempTestSuite1695971182674.groovy:36)
Caused by: com.kms.katalon.core.exception.StepFailedException: Text 'Minimum length of this field must be equal or greater than 7 characters' is not present on page 
	at com.kms.katalon.core.webui.keyword.internal.WebUIKeywordMain.stepFailed(WebUIKeywordMain.groovy:64)
	at com.kms.katalon.core.webui.keyword.builtin.VerifyTextPresentKeyword$_verifyTextPresent_closure1.doCall(VerifyTextPresentKeyword.groovy:79)
	at com.kms.katalon.core.webui.keyword.builtin.VerifyTextPresentKeyword$_verifyTextPresent_closure1.call(VerifyTextPresentKeyword.groovy)
	at com.kms.katalon.core.webui.keyword.internal.WebUIKeywordMain.runKeyword(WebUIKeywordMain.groovy:20)
	... 19 more
)

2023-09-29 14:13:53 - [MESSAGE][FAILED] - Text 'Minimum length of this field must be equal or greater than 7 characters' is not present on page  (Root cause: com.kms.katalon.core.exception.StepFailedException: Text 'Minimum length of this field must be equal or greater than 7 characters' is not present on page 
	at com.kms.katalon.core.webui.keyword.internal.WebUIKeywordMain.stepFailed(WebUIKeywordMain.groovy:64)
	at com.kms.katalon.core.webui.keyword.builtin.VerifyTextPresentKeyword$_verifyTextPresent_closure1.doCall(VerifyTextPresentKeyword.groovy:79)
	at com.kms.katalon.core.webui.keyword.builtin.VerifyTextPresentKeyword$_verifyTextPresent_closure1.call(VerifyTextPresentKeyword.groovy)
	at com.kms.katalon.core.webui.keyword.internal.WebUIKeywordMain.runKeyword(WebUIKeywordMain.groovy:20)
	at com.kms.katalon.core.webui.keyword.builtin.VerifyTextPresentKeyword.verifyTextPresent(VerifyTextPresentKeyword.groovy:83)
	at com.kms.katalon.core.webui.keyword.builtin.VerifyTextPresentKeyword.execute(VerifyTextPresentKeyword.groovy:68)
	at com.kms.katalon.core.keyword.internal.KeywordExecutor.executeKeywordForPlatform(KeywordExecutor.groovy:74)
	at com.kms.katalon.core.webui.keyword.WebUiBuiltInKeywords.verifyTextPresent(WebUiBuiltInKeywords.groovy:1723)
	at com.kms.katalon.core.webui.keyword.WebUiBuiltInKeywords$verifyTextPresent$11.call(Unknown Source)
	at TC-PF-011.run(TC-PF-011:49)
	at com.kms.katalon.core.main.ScriptEngine.run(ScriptEngine.java:194)
	at com.kms.katalon.core.main.ScriptEngine.runScriptAsRawText(ScriptEngine.java:119)
	at com.kms.katalon.core.main.TestCaseExecutor.runScript(TestCaseExecutor.java:448)
	at com.kms.katalon.core.main.TestCaseExecutor.doExecute(TestCaseExecutor.java:439)
	at com.kms.katalon.core.main.TestCaseExecutor.processExecutionPhase(TestCaseExecutor.java:418)
	at com.kms.katalon.core.main.TestCaseExecutor.accessMainPhase(TestCaseExecutor.java:410)
	at com.kms.katalon.core.main.TestCaseExecutor.execute(TestCaseExecutor.java:285)
	at com.kms.katalon.core.common.CommonExecutor.accessTestCaseMainPhase(CommonExecutor.java:65)
	at com.kms.katalon.core.main.TestSuiteExecutor.accessTestSuiteMainPhase(TestSuiteExecutor.java:148)
	at com.kms.katalon.core.main.TestSuiteExecutor.execute(TestSuiteExecutor.java:106)
	at com.kms.katalon.core.main.TestCaseMain.startTestSuite(TestCaseMain.java:187)
	at com.kms.katalon.core.main.TestCaseMain$startTestSuite$0.call(Unknown Source)
	at TempTestSuite1695971182674.run(TempTestSuite1695971182674.groovy:36)
)

2023-09-29 14:13:53 - [MESSAGE][FAILED] - Unable to verify text 'Minimum length of this field must be equal or greater than 7 characters' is present  (Root cause: com.kms.katalon.core.exception.StepFailedException: Unable to verify text 'Minimum length of this field must be equal or greater than 7 characters' is present 
	at com.kms.katalon.core.webui.keyword.internal.WebUIKeywordMain.stepFailed(WebUIKeywordMain.groovy:64)
	at com.kms.katalon.core.webui.keyword.internal.WebUIKeywordMain.runKeyword(WebUIKeywordMain.groovy:26)
	at com.kms.katalon.core.webui.keyword.builtin.VerifyTextPresentKeyword.verifyTextPresent(VerifyTextPresentKeyword.groovy:83)
	at com.kms.katalon.core.webui.keyword.builtin.VerifyTextPresentKeyword.execute(VerifyTextPresentKeyword.groovy:68)
	at com.kms.katalon.core.keyword.internal.KeywordExecutor.executeKeywordForPlatform(KeywordExecutor.groovy:74)
	at com.kms.katalon.core.webui.keyword.WebUiBuiltInKeywords.verifyTextPresent(WebUiBuiltInKeywords.groovy:1723)
	at com.kms.katalon.core.webui.keyword.WebUiBuiltInKeywords$verifyTextPresent$11.call(Unknown Source)
	at TC-PF-011.run(TC-PF-011:49)
	at com.kms.katalon.core.main.ScriptEngine.run(ScriptEngine.java:194)
	at com.kms.katalon.core.main.ScriptEngine.runScriptAsRawText(ScriptEngine.java:119)
	at com.kms.katalon.core.main.TestCaseExecutor.runScript(TestCaseExecutor.java:448)
	at com.kms.katalon.core.main.TestCaseExecutor.doExecute(TestCaseExecutor.java:439)
	at com.kms.katalon.core.main.TestCaseExecutor.processExecutionPhase(TestCaseExecutor.java:418)
	at com.kms.katalon.core.main.TestCaseExecutor.accessMainPhase(TestCaseExecutor.java:410)
	at com.kms.katalon.core.main.TestCaseExecutor.execute(TestCaseExecutor.java:285)
	at com.kms.katalon.core.common.CommonExecutor.accessTestCaseMainPhase(CommonExecutor.java:65)
	at com.kms.katalon.core.main.TestSuiteExecutor.accessTestSuiteMainPhase(TestSuiteExecutor.java:148)
	at com.kms.katalon.core.main.TestSuiteExecutor.execute(TestSuiteExecutor.java:106)
	at com.kms.katalon.core.main.TestCaseMain.startTestSuite(TestCaseMain.java:187)
	at com.kms.katalon.core.main.TestCaseMain$startTestSuite$0.call(Unknown Source)
	at TempTestSuite1695971182674.run(TempTestSuite1695971182674.groovy:36)
Caused by: com.kms.katalon.core.exception.StepFailedException: Text 'Minimum length of this field must be equal or greater than 7 characters' is not present on page 
	at com.kms.katalon.core.webui.keyword.internal.WebUIKeywordMain.stepFailed(WebUIKeywordMain.groovy:64)
	at com.kms.katalon.core.webui.keyword.builtin.VerifyTextPresentKeyword$_verifyTextPresent_closure1.doCall(VerifyTextPresentKeyword.groovy:79)
	at com.kms.katalon.core.webui.keyword.builtin.VerifyTextPresentKeyword$_verifyTextPresent_closure1.call(VerifyTextPresentKeyword.groovy)
	at com.kms.katalon.core.webui.keyword.internal.WebUIKeywordMain.runKeyword(WebUIKeywordMain.groovy:20)
	... 19 more
)
[[ATTACHMENT|F:\\bootcamp\\Miniproject\\Tajalapak\\Reports\\20230929_140622\\T08-Pendaftaran\\20230929_140622\\1695971633340.png]]]]></system-out>
         <system-err><![CDATA[2023-09-29 14:13:29 - [TEST_CASE][FAILED] - Test Cases/T08 - Pendaftaran/TC-PF-011: Test Cases/T08 - Pendaftaran/TC-PF-011 FAILED.
Reason:
com.kms.katalon.core.exception.StepFailedException: Unable to verify text 'Minimum length of this field must be equal or greater than 7 characters' is present 
	at com.kms.katalon.core.webui.keyword.internal.WebUIKeywordMain.stepFailed(WebUIKeywordMain.groovy:64)
	at com.kms.katalon.core.webui.keyword.internal.WebUIKeywordMain.runKeyword(WebUIKeywordMain.groovy:26)
	at com.kms.katalon.core.webui.keyword.builtin.VerifyTextPresentKeyword.verifyTextPresent(VerifyTextPresentKeyword.groovy:83)
	at com.kms.katalon.core.webui.keyword.builtin.VerifyTextPresentKeyword.execute(VerifyTextPresentKeyword.groovy:68)
	at com.kms.katalon.core.keyword.internal.KeywordExecutor.executeKeywordForPlatform(KeywordExecutor.groovy:74)
	at com.kms.katalon.core.webui.keyword.WebUiBuiltInKeywords.verifyTextPresent(WebUiBuiltInKeywords.groovy:1723)
	at com.kms.katalon.core.webui.keyword.WebUiBuiltInKeywords$verifyTextPresent$11.call(Unknown Source)
	at TC-PF-011.run(TC-PF-011:49)
	at com.kms.katalon.core.main.ScriptEngine.run(ScriptEngine.java:194)
	at com.kms.katalon.core.main.ScriptEngine.runScriptAsRawText(ScriptEngine.java:119)
	at com.kms.katalon.core.main.TestCaseExecutor.runScript(TestCaseExecutor.java:448)
	at com.kms.katalon.core.main.TestCaseExecutor.doExecute(TestCaseExecutor.java:439)
	at com.kms.katalon.core.main.TestCaseExecutor.processExecutionPhase(TestCaseExecutor.java:418)
	at com.kms.katalon.core.main.TestCaseExecutor.accessMainPhase(TestCaseExecutor.java:410)
	at com.kms.katalon.core.main.TestCaseExecutor.execute(TestCaseExecutor.java:285)
	at com.kms.katalon.core.common.CommonExecutor.accessTestCaseMainPhase(CommonExecutor.java:65)
	at com.kms.katalon.core.main.TestSuiteExecutor.accessTestSuiteMainPhase(TestSuiteExecutor.java:148)
	at com.kms.katalon.core.main.TestSuiteExecutor.execute(TestSuiteExecutor.java:106)
	at com.kms.katalon.core.main.TestCaseMain.startTestSuite(TestCaseMain.java:187)
	at com.kms.katalon.core.main.TestCaseMain$startTestSuite$0.call(Unknown Source)
	at TempTestSuite1695971182674.run(TempTestSuite1695971182674.groovy:36)
Caused by: com.kms.katalon.core.exception.StepFailedException: Text 'Minimum length of this field must be equal or greater than 7 characters' is not present on page 
	at com.kms.katalon.core.webui.keyword.internal.WebUIKeywordMain.stepFailed(WebUIKeywordMain.groovy:64)
	at com.kms.katalon.core.webui.keyword.builtin.VerifyTextPresentKeyword$_verifyTextPresent_closure1.doCall(VerifyTextPresentKeyword.groovy:79)
	at com.kms.katalon.core.webui.keyword.builtin.VerifyTextPresentKeyword$_verifyTextPresent_closure1.call(VerifyTextPresentKeyword.groovy)
	at com.kms.katalon.core.webui.keyword.internal.WebUIKeywordMain.runKeyword(WebUIKeywordMain.groovy:20)
	... 19 more]]></system-err>
      </testcase>
      <testcase name="Test Cases/T08 - Pendaftaran/TC-PF-012" time="20.861" classname="Test Cases/T08 - Pendaftaran/TC-PF-012" status="PASSED">
         <system-out><![CDATA[2023-09-29 14:13:53 - [TEST_CASE][PASSED] - Test Cases/T08 - Pendaftaran/TC-PF-012: Test Cases/T08 - Pendaftaran/TC-PF-012

2023-09-29 14:13:55 - [TEST_STEP][PASSED] - openBrowser(urlWeb): Browser is opened with url: 'https://10.9.2.63/ecommerce/'

2023-09-29 14:13:55 - [MESSAGE][WARNING] - A browser is already opened. Closing browser and opening a new one

2023-09-29 14:13:56 - [MESSAGE][INFO] - Starting 'Firefox' driver

2023-09-29 14:13:56 - [MESSAGE][INFO] - Action delay is set to 0 milliseconds

2023-09-29 14:14:05 - [MESSAGE][PASSED] - Browser is opened with url: 'https://10.9.2.63/ecommerce/'

2023-09-29 14:14:05 - [TEST_STEP][PASSED] - maximizeWindow(): Current window maximized

2023-09-29 14:14:05 - [MESSAGE][PASSED] - Current window maximized

2023-09-29 14:14:05 - [TEST_STEP][PASSED] - verifyElementPresent(findTestObject("verifikasi halaman tajalapak sebelum daftar"), 0): Object 'Object Repository/verifikasi halaman tajalapak sebelum daftar' is present

2023-09-29 14:14:06 - [MESSAGE][WARNING] - Timeout '0' is invalid. Using default page load timeout: '30'

2023-09-29 14:14:06 - [MESSAGE][PASSED] - Object 'Object Repository/verifikasi halaman tajalapak sebelum daftar' is present

2023-09-29 14:14:06 - [TEST_STEP][PASSED] - click(findTestObject("Pendaftaran/button Register")): Object: 'Object Repository/Pendaftaran/button Register' is clicked on

2023-09-29 14:14:07 - [MESSAGE][PASSED] - Object: 'Object Repository/Pendaftaran/button Register' is clicked on

2023-09-29 14:14:07 - [TEST_STEP][PASSED] - verifyElementPresent(findTestObject("Pendaftaran/verifikasi masuk helamaan daftar"), 0): Object 'Object Repository/Pendaftaran/verifikasi masuk helamaan daftar' is present

2023-09-29 14:14:07 - [MESSAGE][WARNING] - Timeout '0' is invalid. Using default page load timeout: '30'

2023-09-29 14:14:08 - [MESSAGE][PASSED] - Object 'Object Repository/Pendaftaran/verifikasi masuk helamaan daftar' is present

2023-09-29 14:14:08 - [TEST_STEP][PASSED] - setText(findTestObject("Pendaftaran/input username"), username): Text 'johandangdue' is set on object 'Object Repository/Pendaftaran/input username'

2023-09-29 14:14:09 - [MESSAGE][PASSED] - Text 'johandangdue' is set on object 'Object Repository/Pendaftaran/input username'

2023-09-29 14:14:09 - [TEST_STEP][PASSED] - setText(findTestObject("Pendaftaran/input email"), email): Text 'johanduer@gmail.com' is set on object 'Object Repository/Pendaftaran/input email'

2023-09-29 14:14:10 - [MESSAGE][PASSED] - Text 'johanduer@gmail.com' is set on object 'Object Repository/Pendaftaran/input email'

2023-09-29 14:14:10 - [TEST_STEP][PASSED] - setText(findTestObject("Pendaftaran/input Nomor Telephon"), noHP): Text '085e4E9ss432' is set on object 'Object Repository/Pendaftaran/input Nomor Telephon'

2023-09-29 14:14:11 - [MESSAGE][PASSED] - Text '085e4E9ss432' is set on object 'Object Repository/Pendaftaran/input Nomor Telephon'

2023-09-29 14:14:11 - [TEST_STEP][PASSED] - if (toString().equalsIgnoreCase("Perempuan")): null

2023-09-29 14:14:11 - [TEST_STEP][PASSED] - else if (toString().equalsIgnoreCase("Laki-laki")): Object 'Object Repository/Pendaftaran/pilihan Pria' is checked

2023-09-29 14:14:11 - [TEST_STEP][PASSED] - check(findTestObject("Object Repository/Pendaftaran/pilihan Pria")): Object 'Object Repository/Pendaftaran/pilihan Pria' is checked

2023-09-29 14:14:11 - [MESSAGE][PASSED] - Object 'Object Repository/Pendaftaran/pilihan Pria' is checked

2023-09-29 14:14:11 - [TEST_STEP][PASSED] - setEncryptedText(findTestObject("Pendaftaran/input password"), "qbkrdMwyWE4="): Text ****** has been set on object 'Object Repository/Pendaftaran/input password'

2023-09-29 14:14:13 - [MESSAGE][PASSED] - Text ****** has been set on object 'Object Repository/Pendaftaran/input password'

2023-09-29 14:14:13 - [TEST_STEP][PASSED] - setEncryptedText(findTestObject("Pendaftaran/input konfirmasi password"), "qbkrdMwyWE4="): Text ****** has been set on object 'Object Repository/Pendaftaran/input konfirmasi password'

2023-09-29 14:14:13 - [MESSAGE][PASSED] - Text ****** has been set on object 'Object Repository/Pendaftaran/input konfirmasi password'

2023-09-29 14:14:13 - [TEST_STEP][PASSED] - click(findTestObject("Pendaftaran/button_Daftar")): Object: 'Object Repository/Pendaftaran/button_Daftar' is clicked on

2023-09-29 14:14:14 - [MESSAGE][PASSED] - Object: 'Object Repository/Pendaftaran/button_Daftar' is clicked on

2023-09-29 14:14:14 - [TEST_STEP][PASSED] - webDriver = getWebDriver(): null

2023-09-29 14:14:14 - [TEST_STEP][PASSED] - field_no = webDriver.findElement(By.xpath("(//input[@name="b"])[4]")): null

2023-09-29 14:14:14 - [TEST_STEP][PASSED] - error_message = webDriver.executeScript("return arguments[0].validationMessage", field_no): null

2023-09-29 14:14:14 - [TEST_STEP][PASSED] - println(error_message): null

2023-09-29 14:14:14 - [TEST_STEP][PASSED] - assert error_message == "Please enter a number.": null]]></system-out>
         <system-err><![CDATA[]]></system-err>
      </testcase>
      <testcase name="Test Cases/T08 - Pendaftaran/TC-PF-013" time="20.502" classname="Test Cases/T08 - Pendaftaran/TC-PF-013" status="PASSED">
         <system-out><![CDATA[2023-09-29 14:14:14 - [TEST_CASE][PASSED] - Test Cases/T08 - Pendaftaran/TC-PF-013: Test Cases/T08 - Pendaftaran/TC-PF-013

2023-09-29 14:14:16 - [TEST_STEP][PASSED] - openBrowser(urlWeb): Browser is opened with url: 'https://10.9.2.63/ecommerce/'

2023-09-29 14:14:16 - [MESSAGE][WARNING] - A browser is already opened. Closing browser and opening a new one

2023-09-29 14:14:18 - [MESSAGE][INFO] - Starting 'Firefox' driver

2023-09-29 14:14:18 - [MESSAGE][INFO] - Action delay is set to 0 milliseconds

2023-09-29 14:14:26 - [MESSAGE][PASSED] - Browser is opened with url: 'https://10.9.2.63/ecommerce/'

2023-09-29 14:14:26 - [TEST_STEP][PASSED] - maximizeWindow(): Current window maximized

2023-09-29 14:14:26 - [MESSAGE][PASSED] - Current window maximized

2023-09-29 14:14:26 - [TEST_STEP][PASSED] - verifyElementPresent(findTestObject("verifikasi halaman tajalapak sebelum daftar"), 0): Object 'Object Repository/verifikasi halaman tajalapak sebelum daftar' is present

2023-09-29 14:14:27 - [MESSAGE][WARNING] - Timeout '0' is invalid. Using default page load timeout: '30'

2023-09-29 14:14:27 - [MESSAGE][PASSED] - Object 'Object Repository/verifikasi halaman tajalapak sebelum daftar' is present

2023-09-29 14:14:27 - [TEST_STEP][PASSED] - click(findTestObject("Pendaftaran/button Register")): Object: 'Object Repository/Pendaftaran/button Register' is clicked on

2023-09-29 14:14:28 - [MESSAGE][PASSED] - Object: 'Object Repository/Pendaftaran/button Register' is clicked on

2023-09-29 14:14:28 - [TEST_STEP][PASSED] - verifyElementPresent(findTestObject("Pendaftaran/verifikasi masuk helamaan daftar"), 0): Object 'Object Repository/Pendaftaran/verifikasi masuk helamaan daftar' is present

2023-09-29 14:14:28 - [MESSAGE][WARNING] - Timeout '0' is invalid. Using default page load timeout: '30'

2023-09-29 14:14:29 - [MESSAGE][PASSED] - Object 'Object Repository/Pendaftaran/verifikasi masuk helamaan daftar' is present

2023-09-29 14:14:29 - [TEST_STEP][PASSED] - setText(findTestObject("Pendaftaran/input username"), username): Text 'johnduet' is set on object 'Object Repository/Pendaftaran/input username'

2023-09-29 14:14:30 - [MESSAGE][PASSED] - Text 'johnduet' is set on object 'Object Repository/Pendaftaran/input username'

2023-09-29 14:14:30 - [TEST_STEP][PASSED] - setText(findTestObject("Pendaftaran/input email"), email): Text 'johnduet@gmail.com' is set on object 'Object Repository/Pendaftaran/input email'

2023-09-29 14:14:31 - [MESSAGE][PASSED] - Text 'johnduet@gmail.com' is set on object 'Object Repository/Pendaftaran/input email'

2023-09-29 14:14:31 - [TEST_STEP][PASSED] - setText(findTestObject("Pendaftaran/input Nomor Telephon"), noHP): Text 'obsgziqwqwrt' is set on object 'Object Repository/Pendaftaran/input Nomor Telephon'

2023-09-29 14:14:32 - [MESSAGE][PASSED] - Text 'obsgziqwqwrt' is set on object 'Object Repository/Pendaftaran/input Nomor Telephon'

2023-09-29 14:14:32 - [TEST_STEP][PASSED] - if (toString().equalsIgnoreCase("Perempuan")): null

2023-09-29 14:14:32 - [TEST_STEP][PASSED] - else if (toString().equalsIgnoreCase("Laki-laki")): Object 'Object Repository/Pendaftaran/pilihan Pria' is checked

2023-09-29 14:14:32 - [TEST_STEP][PASSED] - check(findTestObject("Object Repository/Pendaftaran/pilihan Pria")): Object 'Object Repository/Pendaftaran/pilihan Pria' is checked

2023-09-29 14:14:32 - [MESSAGE][PASSED] - Object 'Object Repository/Pendaftaran/pilihan Pria' is checked

2023-09-29 14:14:32 - [TEST_STEP][PASSED] - setEncryptedText(findTestObject("Pendaftaran/input password"), "qbkrdMwyWE4="): Text ****** has been set on object 'Object Repository/Pendaftaran/input password'

2023-09-29 14:14:33 - [MESSAGE][PASSED] - Text ****** has been set on object 'Object Repository/Pendaftaran/input password'

2023-09-29 14:14:33 - [TEST_STEP][PASSED] - setEncryptedText(findTestObject("Pendaftaran/input konfirmasi password"), "qbkrdMwyWE4="): Text ****** has been set on object 'Object Repository/Pendaftaran/input konfirmasi password'

2023-09-29 14:14:34 - [MESSAGE][PASSED] - Text ****** has been set on object 'Object Repository/Pendaftaran/input konfirmasi password'

2023-09-29 14:14:34 - [TEST_STEP][PASSED] - click(findTestObject("Pendaftaran/button_Daftar")): Object: 'Object Repository/Pendaftaran/button_Daftar' is clicked on

2023-09-29 14:14:35 - [MESSAGE][PASSED] - Object: 'Object Repository/Pendaftaran/button_Daftar' is clicked on

2023-09-29 14:14:35 - [TEST_STEP][PASSED] - webDriver = getWebDriver(): null

2023-09-29 14:14:35 - [TEST_STEP][PASSED] - field_no = webDriver.findElement(By.xpath("(//input[@name="b"])[4]")): null

2023-09-29 14:14:35 - [TEST_STEP][PASSED] - error_message = webDriver.executeScript("return arguments[0].validationMessage", field_no): null

2023-09-29 14:14:35 - [TEST_STEP][PASSED] - println(error_message): null

2023-09-29 14:14:35 - [TEST_STEP][PASSED] - assert error_message == "Please enter a number.": null]]></system-out>
         <system-err><![CDATA[]]></system-err>
      </testcase>
      <testcase name="Test Cases/T08 - Pendaftaran/TC-PF-014" time="20.111" classname="Test Cases/T08 - Pendaftaran/TC-PF-014" status="PASSED">
         <system-out><![CDATA[2023-09-29 14:14:35 - [TEST_CASE][PASSED] - Test Cases/T08 - Pendaftaran/TC-PF-014: Test Cases/T08 - Pendaftaran/TC-PF-014

2023-09-29 14:14:37 - [TEST_STEP][PASSED] - openBrowser(urlWeb): Browser is opened with url: 'https://10.9.2.63/ecommerce/'

2023-09-29 14:14:37 - [MESSAGE][WARNING] - A browser is already opened. Closing browser and opening a new one

2023-09-29 14:14:38 - [MESSAGE][INFO] - Starting 'Firefox' driver

2023-09-29 14:14:38 - [MESSAGE][INFO] - Action delay is set to 0 milliseconds

2023-09-29 14:14:47 - [MESSAGE][PASSED] - Browser is opened with url: 'https://10.9.2.63/ecommerce/'

2023-09-29 14:14:47 - [TEST_STEP][PASSED] - maximizeWindow(): Current window maximized

2023-09-29 14:14:47 - [MESSAGE][PASSED] - Current window maximized

2023-09-29 14:14:47 - [TEST_STEP][PASSED] - verifyElementPresent(findTestObject("verifikasi halaman tajalapak sebelum daftar"), 0): Object 'Object Repository/verifikasi halaman tajalapak sebelum daftar' is present

2023-09-29 14:14:47 - [MESSAGE][WARNING] - Timeout '0' is invalid. Using default page load timeout: '30'

2023-09-29 14:14:47 - [MESSAGE][PASSED] - Object 'Object Repository/verifikasi halaman tajalapak sebelum daftar' is present

2023-09-29 14:14:47 - [TEST_STEP][PASSED] - click(findTestObject("Pendaftaran/button Register")): Object: 'Object Repository/Pendaftaran/button Register' is clicked on

2023-09-29 14:14:48 - [MESSAGE][PASSED] - Object: 'Object Repository/Pendaftaran/button Register' is clicked on

2023-09-29 14:14:48 - [TEST_STEP][PASSED] - verifyElementPresent(findTestObject("Pendaftaran/verifikasi masuk helamaan daftar"), 0): Object 'Object Repository/Pendaftaran/verifikasi masuk helamaan daftar' is present

2023-09-29 14:14:49 - [MESSAGE][WARNING] - Timeout '0' is invalid. Using default page load timeout: '30'

2023-09-29 14:14:49 - [MESSAGE][PASSED] - Object 'Object Repository/Pendaftaran/verifikasi masuk helamaan daftar' is present

2023-09-29 14:14:49 - [TEST_STEP][PASSED] - setText(findTestObject("Pendaftaran/input username"), username): Text 'johanduar' is set on object 'Object Repository/Pendaftaran/input username'

2023-09-29 14:14:50 - [MESSAGE][PASSED] - Text 'johanduar' is set on object 'Object Repository/Pendaftaran/input username'

2023-09-29 14:14:50 - [TEST_STEP][PASSED] - setText(findTestObject("Pendaftaran/input email"), email): Text 'johanduar@gmail.com' is set on object 'Object Repository/Pendaftaran/input email'

2023-09-29 14:14:51 - [MESSAGE][PASSED] - Text 'johanduar@gmail.com' is set on object 'Object Repository/Pendaftaran/input email'

2023-09-29 14:14:51 - [TEST_STEP][PASSED] - setText(findTestObject("Pendaftaran/input Nomor Telephon"), noHP): Text '085g2i@1%131' is set on object 'Object Repository/Pendaftaran/input Nomor Telephon'

2023-09-29 14:14:52 - [MESSAGE][PASSED] - Text '085g2i@1%131' is set on object 'Object Repository/Pendaftaran/input Nomor Telephon'

2023-09-29 14:14:52 - [TEST_STEP][PASSED] - if (toString().equalsIgnoreCase("Perempuan")): null

2023-09-29 14:14:52 - [TEST_STEP][PASSED] - else if (toString().equalsIgnoreCase("Laki-laki")): Object 'Object Repository/Pendaftaran/pilihan Pria' is checked

2023-09-29 14:14:52 - [TEST_STEP][PASSED] - check(findTestObject("Object Repository/Pendaftaran/pilihan Pria")): Object 'Object Repository/Pendaftaran/pilihan Pria' is checked

2023-09-29 14:14:52 - [MESSAGE][PASSED] - Object 'Object Repository/Pendaftaran/pilihan Pria' is checked

2023-09-29 14:14:52 - [TEST_STEP][PASSED] - setEncryptedText(findTestObject("Pendaftaran/input password"), "qbkrdMwyWE4="): Text ****** has been set on object 'Object Repository/Pendaftaran/input password'

2023-09-29 14:14:53 - [MESSAGE][PASSED] - Text ****** has been set on object 'Object Repository/Pendaftaran/input password'

2023-09-29 14:14:53 - [TEST_STEP][PASSED] - setEncryptedText(findTestObject("Pendaftaran/input konfirmasi password"), "qbkrdMwyWE4="): Text ****** has been set on object 'Object Repository/Pendaftaran/input konfirmasi password'

2023-09-29 14:14:54 - [MESSAGE][PASSED] - Text ****** has been set on object 'Object Repository/Pendaftaran/input konfirmasi password'

2023-09-29 14:14:54 - [TEST_STEP][PASSED] - click(findTestObject("Pendaftaran/button_Daftar")): Object: 'Object Repository/Pendaftaran/button_Daftar' is clicked on

2023-09-29 14:14:55 - [MESSAGE][PASSED] - Object: 'Object Repository/Pendaftaran/button_Daftar' is clicked on

2023-09-29 14:14:55 - [TEST_STEP][PASSED] - webDriver = getWebDriver(): null

2023-09-29 14:14:55 - [TEST_STEP][PASSED] - field_no = webDriver.findElement(By.xpath("(//input[@name="b"])[4]")): null

2023-09-29 14:14:55 - [TEST_STEP][PASSED] - error_message = webDriver.executeScript("return arguments[0].validationMessage", field_no): null

2023-09-29 14:14:55 - [TEST_STEP][PASSED] - println(error_message): null

2023-09-29 14:14:55 - [TEST_STEP][PASSED] - assert error_message == "Please enter a number.": null]]></system-out>
         <system-err><![CDATA[]]></system-err>
      </testcase>
      <testcase name="Test Cases/T08 - Pendaftaran/TC-PF-015" time="19.507" classname="Test Cases/T08 - Pendaftaran/TC-PF-015" status="PASSED">
         <system-out><![CDATA[2023-09-29 14:14:55 - [TEST_CASE][PASSED] - Test Cases/T08 - Pendaftaran/TC-PF-015: Test Cases/T08 - Pendaftaran/TC-PF-015

2023-09-29 14:14:57 - [TEST_STEP][PASSED] - openBrowser(urlWeb): Browser is opened with url: 'https://10.9.2.63/ecommerce/'

2023-09-29 14:14:57 - [MESSAGE][WARNING] - A browser is already opened. Closing browser and opening a new one

2023-09-29 14:14:58 - [MESSAGE][INFO] - Starting 'Firefox' driver

2023-09-29 14:14:58 - [MESSAGE][INFO] - Action delay is set to 0 milliseconds

2023-09-29 14:15:06 - [MESSAGE][PASSED] - Browser is opened with url: 'https://10.9.2.63/ecommerce/'

2023-09-29 14:15:06 - [TEST_STEP][PASSED] - maximizeWindow(): Current window maximized

2023-09-29 14:15:06 - [MESSAGE][PASSED] - Current window maximized

2023-09-29 14:15:06 - [TEST_STEP][PASSED] - verifyElementPresent(findTestObject("verifikasi halaman tajalapak sebelum daftar"), 0): Object 'Object Repository/verifikasi halaman tajalapak sebelum daftar' is present

2023-09-29 14:15:07 - [MESSAGE][WARNING] - Timeout '0' is invalid. Using default page load timeout: '30'

2023-09-29 14:15:07 - [MESSAGE][PASSED] - Object 'Object Repository/verifikasi halaman tajalapak sebelum daftar' is present

2023-09-29 14:15:07 - [TEST_STEP][PASSED] - click(findTestObject("Pendaftaran/button Register")): Object: 'Object Repository/Pendaftaran/button Register' is clicked on

2023-09-29 14:15:08 - [MESSAGE][PASSED] - Object: 'Object Repository/Pendaftaran/button Register' is clicked on

2023-09-29 14:15:08 - [TEST_STEP][PASSED] - verifyElementPresent(findTestObject("Pendaftaran/verifikasi masuk helamaan daftar"), 0): Object 'Object Repository/Pendaftaran/verifikasi masuk helamaan daftar' is present

2023-09-29 14:15:08 - [MESSAGE][WARNING] - Timeout '0' is invalid. Using default page load timeout: '30'

2023-09-29 14:15:09 - [MESSAGE][PASSED] - Object 'Object Repository/Pendaftaran/verifikasi masuk helamaan daftar' is present

2023-09-29 14:15:09 - [TEST_STEP][PASSED] - setText(findTestObject("Pendaftaran/input username"), username): Text 'johndoez' is set on object 'Object Repository/Pendaftaran/input username'

2023-09-29 14:15:10 - [MESSAGE][PASSED] - Text 'johndoez' is set on object 'Object Repository/Pendaftaran/input username'

2023-09-29 14:15:10 - [TEST_STEP][PASSED] - setText(findTestObject("Pendaftaran/input email"), email): Text 'johndoez@gmail.com' is set on object 'Object Repository/Pendaftaran/input email'

2023-09-29 14:15:11 - [MESSAGE][PASSED] - Text 'johndoez@gmail.com' is set on object 'Object Repository/Pendaftaran/input email'

2023-09-29 14:15:11 - [TEST_STEP][PASSED] - setText(findTestObject("Pendaftaran/input Nomor Telephon"), noHP): Text '%$#@!)(*&^+=' is set on object 'Object Repository/Pendaftaran/input Nomor Telephon'

2023-09-29 14:15:12 - [MESSAGE][PASSED] - Text '%$#@!)(*&^+=' is set on object 'Object Repository/Pendaftaran/input Nomor Telephon'

2023-09-29 14:15:12 - [TEST_STEP][PASSED] - if (toString().equalsIgnoreCase("Perempuan")): null

2023-09-29 14:15:12 - [TEST_STEP][PASSED] - else if (toString().equalsIgnoreCase("Laki-laki")): Object 'Object Repository/Pendaftaran/pilihan Pria' is checked

2023-09-29 14:15:12 - [TEST_STEP][PASSED] - check(findTestObject("Object Repository/Pendaftaran/pilihan Pria")): Object 'Object Repository/Pendaftaran/pilihan Pria' is checked

2023-09-29 14:15:12 - [MESSAGE][PASSED] - Object 'Object Repository/Pendaftaran/pilihan Pria' is checked

2023-09-29 14:15:12 - [TEST_STEP][PASSED] - setEncryptedText(findTestObject("Pendaftaran/input password"), "qbkrdMwyWE4="): Text ****** has been set on object 'Object Repository/Pendaftaran/input password'

2023-09-29 14:15:13 - [MESSAGE][PASSED] - Text ****** has been set on object 'Object Repository/Pendaftaran/input password'

2023-09-29 14:15:13 - [TEST_STEP][PASSED] - setEncryptedText(findTestObject("Pendaftaran/input konfirmasi password"), "qbkrdMwyWE4="): Text ****** has been set on object 'Object Repository/Pendaftaran/input konfirmasi password'

2023-09-29 14:15:14 - [MESSAGE][PASSED] - Text ****** has been set on object 'Object Repository/Pendaftaran/input konfirmasi password'

2023-09-29 14:15:14 - [TEST_STEP][PASSED] - click(findTestObject("Pendaftaran/button_Daftar")): Object: 'Object Repository/Pendaftaran/button_Daftar' is clicked on

2023-09-29 14:15:14 - [MESSAGE][PASSED] - Object: 'Object Repository/Pendaftaran/button_Daftar' is clicked on

2023-09-29 14:15:14 - [TEST_STEP][PASSED] - webDriver = getWebDriver(): null

2023-09-29 14:15:14 - [TEST_STEP][PASSED] - field_no = webDriver.findElement(By.xpath("(//input[@name="b"])[4]")): null

2023-09-29 14:15:15 - [TEST_STEP][PASSED] - error_message = webDriver.executeScript("return arguments[0].validationMessage", field_no): null

2023-09-29 14:15:15 - [TEST_STEP][PASSED] - println(error_message): null

2023-09-29 14:15:15 - [TEST_STEP][PASSED] - assert error_message == "Please enter a number.": null]]></system-out>
         <system-err><![CDATA[]]></system-err>
      </testcase>
      <testcase name="Test Cases/T08 - Pendaftaran/TC-PDS-001" time="35.89" classname="Test Cases/T08 - Pendaftaran/TC-PDS-001" status="PASSED">
         <system-out><![CDATA[2023-09-29 14:15:15 - [TEST_CASE][PASSED] - Test Cases/T08 - Pendaftaran/TC-PDS-001: Test Cases/T08 - Pendaftaran/TC-PDS-001

2023-09-29 14:15:16 - [TEST_STEP][PASSED] - openBrowser("https://10.9.2.63/ecommerce/administrator/"): Browser is opened with url: 'https://10.9.2.63/ecommerce/administrator/'

2023-09-29 14:15:16 - [MESSAGE][WARNING] - A browser is already opened. Closing browser and opening a new one

2023-09-29 14:15:18 - [MESSAGE][INFO] - Starting 'Firefox' driver

2023-09-29 14:15:18 - [MESSAGE][INFO] - Action delay is set to 0 milliseconds

2023-09-29 14:15:24 - [MESSAGE][PASSED] - Browser is opened with url: 'https://10.9.2.63/ecommerce/administrator/'

2023-09-29 14:15:24 - [TEST_STEP][PASSED] - maximizeWindow(): Current window maximized

2023-09-29 14:15:25 - [MESSAGE][PASSED] - Current window maximized

2023-09-29 14:15:25 - [TEST_STEP][PASSED] - setText(findTestObject("delete akun/input usn admin"), "admin"): Text 'admin' is set on object 'Object Repository/delete akun/input usn admin'

2023-09-29 14:15:26 - [MESSAGE][PASSED] - Text 'admin' is set on object 'Object Repository/delete akun/input usn admin'

2023-09-29 14:15:26 - [TEST_STEP][PASSED] - setEncryptedText(findTestObject("delete akun/input password admin"), "374mkdZ/lqyNS21oH+MJZQ=="): Text ****** has been set on object 'Object Repository/delete akun/input password admin'

2023-09-29 14:15:27 - [MESSAGE][PASSED] - Text ****** has been set on object 'Object Repository/delete akun/input password admin'

2023-09-29 14:15:27 - [TEST_STEP][PASSED] - delay(10): Delayed 10 second(s)

2023-09-29 14:15:37 - [MESSAGE][PASSED] - Delayed 10 second(s)

2023-09-29 14:15:37 - [TEST_STEP][PASSED] - click(findTestObject("delete akun/button signin di web admin")): Object: 'Object Repository/delete akun/button signin di web admin' is clicked on

2023-09-29 14:15:38 - [MESSAGE][PASSED] - Object: 'Object Repository/delete akun/button signin di web admin' is clicked on

2023-09-29 14:15:38 - [TEST_STEP][PASSED] - click(findTestObject("delete akun/a_Konsumen")): Object: 'Object Repository/delete akun/a_Konsumen' is clicked on

2023-09-29 14:15:43 - [MESSAGE][PASSED] - Object: 'Object Repository/delete akun/a_Konsumen' is clicked on

2023-09-29 14:15:43 - [TEST_STEP][PASSED] - setText(findTestObject("delete akun/input search nama konsumen"), noHp): Text '085643955432' is set on object 'Object Repository/delete akun/input search nama konsumen'

2023-09-29 14:15:49 - [MESSAGE][PASSED] - Text '085643955432' is set on object 'Object Repository/delete akun/input search nama konsumen'

2023-09-29 14:15:49 - [TEST_STEP][PASSED] - click(findTestObject("delete akun/untuk delete akun")): Object: 'Object Repository/delete akun/untuk delete akun' is clicked on

2023-09-29 14:15:51 - [MESSAGE][PASSED] - Object: 'Object Repository/delete akun/untuk delete akun' is clicked on

2023-09-29 14:15:51 - [TEST_STEP][PASSED] - acceptAlert(): Alert accepted

2023-09-29 14:15:51 - [MESSAGE][PASSED] - Alert accepted]]></system-out>
         <system-err><![CDATA[]]></system-err>
      </testcase>
      <system-out><![CDATA[2023-09-29 14:06:39 - [TEST_SUITE][FAILED] - T08-Pendaftaran: Test Cases/T08 - Pendaftaran/TC-PC-001 FAILED.
Reason:
com.kms.katalon.core.exception.StepFailedException: Unable to click on object 'Object Repository/konsumen/span_Master Market'
	at com.kms.katalon.core.webui.keyword.internal.WebUIKeywordMain.stepFailed(WebUIKeywordMain.groovy:64)
	at com.kms.katalon.core.webui.keyword.internal.WebUIKeywordMain.runKeyword(WebUIKeywordMain.groovy:26)
	at com.kms.katalon.core.webui.keyword.builtin.ClickKeyword.click(ClickKeyword.groovy:74)
	at com.kms.katalon.core.webui.keyword.builtin.ClickKeyword.execute(ClickKeyword.groovy:40)
	at com.kms.katalon.core.keyword.internal.KeywordExecutor.executeKeywordForPlatform(KeywordExecutor.groovy:74)
	at com.kms.katalon.core.webui.keyword.WebUiBuiltInKeywords.click(WebUiBuiltInKeywords.groovy:620)
	at com.kms.katalon.core.webui.keyword.WebUiBuiltInKeywords$click$2.call(Unknown Source)
	at TC-PC-001.run(TC-PC-001:85)
	at com.kms.katalon.core.main.ScriptEngine.run(ScriptEngine.java:194)
	at com.kms.katalon.core.main.ScriptEngine.runScriptAsRawText(ScriptEngine.java:119)
	at com.kms.katalon.core.main.TestCaseExecutor.runScript(TestCaseExecutor.java:448)
	at com.kms.katalon.core.main.TestCaseExecutor.doExecute(TestCaseExecutor.java:439)
	at com.kms.katalon.core.main.TestCaseExecutor.processExecutionPhase(TestCaseExecutor.java:418)
	at com.kms.katalon.core.main.TestCaseExecutor.accessMainPhase(TestCaseExecutor.java:410)
	at com.kms.katalon.core.main.TestCaseExecutor.execute(TestCaseExecutor.java:285)
	at com.kms.katalon.core.common.CommonExecutor.accessTestCaseMainPhase(CommonExecutor.java:65)
	at com.kms.katalon.core.main.TestSuiteExecutor.accessTestSuiteMainPhase(TestSuiteExecutor.java:148)
	at com.kms.katalon.core.main.TestSuiteExecutor.execute(TestSuiteExecutor.java:106)
	at com.kms.katalon.core.main.TestCaseMain.startTestSuite(TestCaseMain.java:187)
	at com.kms.katalon.core.main.TestCaseMain$startTestSuite$0.call(Unknown Source)
	at TempTestSuite1695971182674.run(TempTestSuite1695971182674.groovy:36)
Caused by: com.kms.katalon.core.webui.exception.WebElementNotFoundException: Web element with id: 'Object Repository/konsumen/span_Master Market' located by '(.//*[normalize-space(text()) and normalize-space(.)='E-mail Subscribe'])[1]/following::span[1]' not found
	at com.kms.katalon.core.webui.common.WebUiCommonHelper.findWebElement(WebUiCommonHelper.java:1381)
	at com.kms.katalon.core.webui.keyword.internal.WebUIAbstractKeyword.findWebElement(WebUIAbstractKeyword.groovy:27)
	at com.kms.katalon.core.webui.keyword.builtin.ClickKeyword$_click_closure1.doCall(ClickKeyword.groovy:65)
	at com.kms.katalon.core.webui.keyword.builtin.ClickKeyword$_click_closure1.call(ClickKeyword.groovy)
	at com.kms.katalon.core.webui.keyword.internal.WebUIKeywordMain.runKeyword(WebUIKeywordMain.groovy:20)
	... 19 more]]></system-out>
      <system-err><![CDATA[2023-09-29 14:06:39 - [TEST_SUITE][FAILED] - T08-Pendaftaran: Test Cases/T08 - Pendaftaran/TC-PC-001 FAILED.
Reason:
com.kms.katalon.core.exception.StepFailedException: Unable to click on object 'Object Repository/konsumen/span_Master Market'
	at com.kms.katalon.core.webui.keyword.internal.WebUIKeywordMain.stepFailed(WebUIKeywordMain.groovy:64)
	at com.kms.katalon.core.webui.keyword.internal.WebUIKeywordMain.runKeyword(WebUIKeywordMain.groovy:26)
	at com.kms.katalon.core.webui.keyword.builtin.ClickKeyword.click(ClickKeyword.groovy:74)
	at com.kms.katalon.core.webui.keyword.builtin.ClickKeyword.execute(ClickKeyword.groovy:40)
	at com.kms.katalon.core.keyword.internal.KeywordExecutor.executeKeywordForPlatform(KeywordExecutor.groovy:74)
	at com.kms.katalon.core.webui.keyword.WebUiBuiltInKeywords.click(WebUiBuiltInKeywords.groovy:620)
	at com.kms.katalon.core.webui.keyword.WebUiBuiltInKeywords$click$2.call(Unknown Source)
	at TC-PC-001.run(TC-PC-001:85)
	at com.kms.katalon.core.main.ScriptEngine.run(ScriptEngine.java:194)
	at com.kms.katalon.core.main.ScriptEngine.runScriptAsRawText(ScriptEngine.java:119)
	at com.kms.katalon.core.main.TestCaseExecutor.runScript(TestCaseExecutor.java:448)
	at com.kms.katalon.core.main.TestCaseExecutor.doExecute(TestCaseExecutor.java:439)
	at com.kms.katalon.core.main.TestCaseExecutor.processExecutionPhase(TestCaseExecutor.java:418)
	at com.kms.katalon.core.main.TestCaseExecutor.accessMainPhase(TestCaseExecutor.java:410)
	at com.kms.katalon.core.main.TestCaseExecutor.execute(TestCaseExecutor.java:285)
	at com.kms.katalon.core.common.CommonExecutor.accessTestCaseMainPhase(CommonExecutor.java:65)
	at com.kms.katalon.core.main.TestSuiteExecutor.accessTestSuiteMainPhase(TestSuiteExecutor.java:148)
	at com.kms.katalon.core.main.TestSuiteExecutor.execute(TestSuiteExecutor.java:106)
	at com.kms.katalon.core.main.TestCaseMain.startTestSuite(TestCaseMain.java:187)
	at com.kms.katalon.core.main.TestCaseMain$startTestSuite$0.call(Unknown Source)
	at TempTestSuite1695971182674.run(TempTestSuite1695971182674.groovy:36)
Caused by: com.kms.katalon.core.webui.exception.WebElementNotFoundException: Web element with id: 'Object Repository/konsumen/span_Master Market' located by '(.//*[normalize-space(text()) and normalize-space(.)='E-mail Subscribe'])[1]/following::span[1]' not found
	at com.kms.katalon.core.webui.common.WebUiCommonHelper.findWebElement(WebUiCommonHelper.java:1381)
	at com.kms.katalon.core.webui.keyword.internal.WebUIAbstractKeyword.findWebElement(WebUIAbstractKeyword.groovy:27)
	at com.kms.katalon.core.webui.keyword.builtin.ClickKeyword$_click_closure1.doCall(ClickKeyword.groovy:65)
	at com.kms.katalon.core.webui.keyword.builtin.ClickKeyword$_click_closure1.call(ClickKeyword.groovy)
	at com.kms.katalon.core.webui.keyword.internal.WebUIKeywordMain.runKeyword(WebUIKeywordMain.groovy:20)
	... 19 more]]></system-err>
   </testsuite>
</testsuites>
