<?xml version="1.0" encoding="UTF-8"?>
<testsuites name="T08-Pendaftaran" time="583.755" tests="22" failures="7" errors="0">
   <testsuite name="T08-Pendaftaran" tests="22" failures="7" errors="0" time="583.755" skipped="0" timestamp="2023-10-03 10:37:52" hostname="USER - DESKTOP-22KTP91" id="Test Suites/T08-Pendaftaran">
      <properties>
         <property name="deviceName" value=""/>
         <property name="devicePlatform" value=""/>
         <property name="logFolder" value="F:\\bootcamp\\Miniproject\\Tajalapak\\Reports\\20231003_103628\\T08-Pendaftaran\\20231003_103628"/>
         <property name="logFiles" value="F:\\bootcamp\\Miniproject\\Tajalapak\\Reports\\20231003_103628\\T08-Pendaftaran\\20231003_103628\\execution0.log"/>
         <property name="attachments" value="F:\\bootcamp\\Miniproject\\Tajalapak\\Reports\\20231003_103628\\T08-Pendaftaran\\20231003_103628\\1696304573154.png, F:\\bootcamp\\Miniproject\\Tajalapak\\Reports\\20231003_103628\\T08-Pendaftaran\\20231003_103628\\1696304600343.png, F:\\bootcamp\\Miniproject\\Tajalapak\\Reports\\20231003_103628\\T08-Pendaftaran\\20231003_103628\\1696304627652.png, F:\\bootcamp\\Miniproject\\Tajalapak\\Reports\\20231003_103628\\T08-Pendaftaran\\20231003_103628\\1696304701578.png, F:\\bootcamp\\Miniproject\\Tajalapak\\Reports\\20231003_103628\\T08-Pendaftaran\\20231003_103628\\1696304728075.png, F:\\bootcamp\\Miniproject\\Tajalapak\\Reports\\20231003_103628\\T08-Pendaftaran\\20231003_103628\\1696304855796.png, F:\\bootcamp\\Miniproject\\Tajalapak\\Reports\\20231003_103628\\T08-Pendaftaran\\20231003_103628\\1696304856307.png"/>
         <property name="hostName" value="USER - DESKTOP-22KTP91"/>
         <property name="os" value="Windows 10 64bit"/>
         <property name="katalonVersion" value="8.6.5.208"/>
         <property name="browser" value="Firefox 117.0"/>
         <property name="hostAddress" value="10.9.2.48"/>
         <property name="sessionId" value="ebce74b4-e7d8-4c48-9187-288a687f4cbc"/>
         <property name="seleniumVersion" value="3.141.59"/>
         <property name="proxyInformation" value="ProxyInformation { proxyOption=NO_PROXY, proxyServerType=HTTP, username=, password=********, proxyServerAddress=, proxyServerPort=0, executionList=&quot;&quot;, isApplyToDesiredCapabilities=true }"/>
         <property name="platform" value="Windows 10"/>
      </properties>
      <testcase name="Test Cases/T08 - Pendaftaran/TC-PS-001" time="29.432" classname="Test Cases/T08 - Pendaftaran/TC-PS-001" status="PASSED">
         <system-out><![CDATA[2023-10-03 10:37:53 - [TEST_CASE][PASSED] - Test Cases/T08 - Pendaftaran/TC-PS-001: Test Cases/T08 - Pendaftaran/TC-PS-001

2023-10-03 10:37:54 - [TEST_STEP][PASSED] - openBrowser(urlWeb): Browser is opened with url: 'https://10.9.2.63/ecommerce/'

2023-10-03 10:37:55 - [MESSAGE][INFO] - Starting 'Firefox' driver

2023-10-03 10:37:55 - [MESSAGE][INFO] - Action delay is set to 0 milliseconds

2023-10-03 10:38:08 - [MESSAGE][PASSED] - Browser is opened with url: 'https://10.9.2.63/ecommerce/'

2023-10-03 10:38:08 - [TEST_STEP][PASSED] - maximizeWindow(): Current window maximized

2023-10-03 10:38:08 - [MESSAGE][PASSED] - Current window maximized

2023-10-03 10:38:08 - [TEST_STEP][PASSED] - verifyElementPresent(findTestObject("verifikasi halaman tajalapak sebelum daftar"), 0): Object 'Object Repository/verifikasi halaman tajalapak sebelum daftar' is present

2023-10-03 10:38:08 - [MESSAGE][WARNING] - Timeout '0' is invalid. Using default page load timeout: '30'

2023-10-03 10:38:09 - [MESSAGE][PASSED] - Object 'Object Repository/verifikasi halaman tajalapak sebelum daftar' is present

2023-10-03 10:38:09 - [TEST_STEP][PASSED] - click(findTestObject("Pendaftaran/button Register")): Object: 'Object Repository/Pendaftaran/button Register' is clicked on

2023-10-03 10:38:10 - [MESSAGE][PASSED] - Object: 'Object Repository/Pendaftaran/button Register' is clicked on

2023-10-03 10:38:10 - [TEST_STEP][PASSED] - verifyElementPresent(findTestObject("Pendaftaran/verifikasi masuk helamaan daftar"), 0): Object 'Object Repository/Pendaftaran/verifikasi masuk helamaan daftar' is present

2023-10-03 10:38:10 - [MESSAGE][WARNING] - Timeout '0' is invalid. Using default page load timeout: '30'

2023-10-03 10:38:11 - [MESSAGE][PASSED] - Object 'Object Repository/Pendaftaran/verifikasi masuk helamaan daftar' is present

2023-10-03 10:38:11 - [TEST_STEP][PASSED] - setText(findTestObject("Pendaftaran/input username"), username): Text 'ikana' is set on object 'Object Repository/Pendaftaran/input username'

2023-10-03 10:38:12 - [MESSAGE][PASSED] - Text 'ikana' is set on object 'Object Repository/Pendaftaran/input username'

2023-10-03 10:38:12 - [TEST_STEP][PASSED] - setText(findTestObject("Pendaftaran/input email"), email): Text 'ikana71@gmail.com' is set on object 'Object Repository/Pendaftaran/input email'

2023-10-03 10:38:13 - [MESSAGE][PASSED] - Text 'ikana71@gmail.com' is set on object 'Object Repository/Pendaftaran/input email'

2023-10-03 10:38:13 - [TEST_STEP][PASSED] - setText(findTestObject("Pendaftaran/input Nomor Telephon"), noHP): Text '085643955432' is set on object 'Object Repository/Pendaftaran/input Nomor Telephon'

2023-10-03 10:38:14 - [MESSAGE][PASSED] - Text '085643955432' is set on object 'Object Repository/Pendaftaran/input Nomor Telephon'

2023-10-03 10:38:14 - [TEST_STEP][PASSED] - if (toString().equalsIgnoreCase("Perempuan")): Object 'Object Repository/Pendaftaran/pilihan Wanita_jenis_kelamin' is checked

2023-10-03 10:38:14 - [TEST_STEP][PASSED] - check(findTestObject("Pendaftaran/pilihan Wanita_jenis_kelamin")): Object 'Object Repository/Pendaftaran/pilihan Wanita_jenis_kelamin' is checked

2023-10-03 10:38:14 - [MESSAGE][PASSED] - Object 'Object Repository/Pendaftaran/pilihan Wanita_jenis_kelamin' is checked

2023-10-03 10:38:14 - [TEST_STEP][PASSED] - setEncryptedText(findTestObject("Pendaftaran/input password"), "8MbLm3cRDkc/jsWL6sX6LA=="): Text ****** has been set on object 'Object Repository/Pendaftaran/input password'

2023-10-03 10:38:15 - [MESSAGE][PASSED] - Text ****** has been set on object 'Object Repository/Pendaftaran/input password'

2023-10-03 10:38:15 - [TEST_STEP][PASSED] - setEncryptedText(findTestObject("Pendaftaran/input konfirmasi password"), "8MbLm3cRDkc/jsWL6sX6LA=="): Text ****** has been set on object 'Object Repository/Pendaftaran/input konfirmasi password'

2023-10-03 10:38:16 - [MESSAGE][PASSED] - Text ****** has been set on object 'Object Repository/Pendaftaran/input konfirmasi password'

2023-10-03 10:38:16 - [TEST_STEP][PASSED] - click(findTestObject("Pendaftaran/button_Daftar")): Object: 'Object Repository/Pendaftaran/button_Daftar' is clicked on

2023-10-03 10:38:20 - [MESSAGE][PASSED] - Object: 'Object Repository/Pendaftaran/button_Daftar' is clicked on

2023-10-03 10:38:20 - [TEST_STEP][PASSED] - verifyElementPresent(findTestObject("Pendaftaran/verifikasi berhasil daftar"), 0): Object 'Object Repository/Pendaftaran/verifikasi berhasil daftar' is present

2023-10-03 10:38:20 - [MESSAGE][WARNING] - Timeout '0' is invalid. Using default page load timeout: '30'

2023-10-03 10:38:21 - [MESSAGE][PASSED] - Object 'Object Repository/Pendaftaran/verifikasi berhasil daftar' is present

2023-10-03 10:38:21 - [TEST_STEP][PASSED] - usn = getAttribute(findTestObject("Object Repository/Pendaftaran/hasil username NEW"), "value"): Attribute 'value' of object 'Object Repository/Pendaftaran/hasil username NEW' is: 'ikana'

2023-10-03 10:38:21 - [MESSAGE][PASSED] - Attribute 'value' of object 'Object Repository/Pendaftaran/hasil username NEW' is: 'ikana'

2023-10-03 10:38:21 - [TEST_STEP][PASSED] - Email = getAttribute(findTestObject("Object Repository/Pendaftaran/hasil email"), "value"): Attribute 'value' of object 'Object Repository/Pendaftaran/hasil email' is: 'ikana71@gmail.com'

2023-10-03 10:38:22 - [MESSAGE][PASSED] - Attribute 'value' of object 'Object Repository/Pendaftaran/hasil email' is: 'ikana71@gmail.com'

2023-10-03 10:38:22 - [TEST_STEP][PASSED] - nomorHp = getAttribute(findTestObject("Object Repository/Pendaftaran/hasil nomor hp"), "value"): Attribute 'value' of object 'Object Repository/Pendaftaran/hasil nomor hp' is: '085643955432'

2023-10-03 10:38:22 - [MESSAGE][PASSED] - Attribute 'value' of object 'Object Repository/Pendaftaran/hasil nomor hp' is: '085643955432'

2023-10-03 10:38:22 - [TEST_STEP][PASSED] - if (toString().equalsIgnoreCase("Perempuan")): Object 'Object Repository/Pendaftaran/input Perempuan' is checked

2023-10-03 10:38:22 - [TEST_STEP][PASSED] - verifyElementChecked(findTestObject("Object Repository/Pendaftaran/input Perempuan"), 2): Object 'Object Repository/Pendaftaran/input Perempuan' is checked

2023-10-03 10:38:23 - [MESSAGE][PASSED] - Object 'Object Repository/Pendaftaran/input Perempuan' is checked

2023-10-03 10:38:23 - [TEST_STEP][PASSED] - assert trim().equalsIgnoreCase(usn.trim()): null

2023-10-03 10:38:23 - [TEST_STEP][PASSED] - assert trim().equalsIgnoreCase(Email.trim()): null

2023-10-03 10:38:23 - [TEST_STEP][PASSED] - assert trim().equalsIgnoreCase(nomorHp.trim()): null]]></system-out>
         <system-err><![CDATA[]]></system-err>
      </testcase>
      <testcase name="Test Cases/T08 - Pendaftaran/TC-PS-002" time="28.061" classname="Test Cases/T08 - Pendaftaran/TC-PS-002" status="PASSED">
         <system-out><![CDATA[2023-10-03 10:38:23 - [TEST_CASE][PASSED] - Test Cases/T08 - Pendaftaran/TC-PS-002: Test Cases/T08 - Pendaftaran/TC-PS-002

2023-10-03 10:38:24 - [TEST_STEP][PASSED] - openBrowser(urlWeb): Browser is opened with url: 'https://10.9.2.63/ecommerce/'

2023-10-03 10:38:24 - [MESSAGE][WARNING] - A browser is already opened. Closing browser and opening a new one

2023-10-03 10:38:26 - [MESSAGE][INFO] - Starting 'Firefox' driver

2023-10-03 10:38:26 - [MESSAGE][INFO] - Action delay is set to 0 milliseconds

2023-10-03 10:38:34 - [MESSAGE][PASSED] - Browser is opened with url: 'https://10.9.2.63/ecommerce/'

2023-10-03 10:38:34 - [TEST_STEP][PASSED] - maximizeWindow(): Current window maximized

2023-10-03 10:38:35 - [MESSAGE][PASSED] - Current window maximized

2023-10-03 10:38:35 - [TEST_STEP][PASSED] - click(findTestObject("Pendaftaran/a_Login")): Object: 'Object Repository/Pendaftaran/a_Login' is clicked on

2023-10-03 10:38:36 - [MESSAGE][PASSED] - Object: 'Object Repository/Pendaftaran/a_Login' is clicked on

2023-10-03 10:38:36 - [TEST_STEP][PASSED] - verifyElementPresent(findTestObject("Pendaftaran/verifikasi MASUK di halaman Login"), 0): Object 'Object Repository/Pendaftaran/verifikasi MASUK di halaman Login' is present

2023-10-03 10:38:36 - [MESSAGE][WARNING] - Timeout '0' is invalid. Using default page load timeout: '30'

2023-10-03 10:38:36 - [MESSAGE][PASSED] - Object 'Object Repository/Pendaftaran/verifikasi MASUK di halaman Login' is present

2023-10-03 10:38:36 - [TEST_STEP][PASSED] - click(findTestObject("Pendaftaran/a_Daftar sekarang")): Object: 'Object Repository/Pendaftaran/a_Daftar sekarang' is clicked on

2023-10-03 10:38:37 - [MESSAGE][PASSED] - Object: 'Object Repository/Pendaftaran/a_Daftar sekarang' is clicked on

2023-10-03 10:38:37 - [TEST_STEP][PASSED] - verifyElementPresent(findTestObject("Pendaftaran/verifikasi masuk helamaan daftar"), 0): Object 'Object Repository/Pendaftaran/verifikasi masuk helamaan daftar' is present

2023-10-03 10:38:38 - [MESSAGE][WARNING] - Timeout '0' is invalid. Using default page load timeout: '30'

2023-10-03 10:38:38 - [MESSAGE][PASSED] - Object 'Object Repository/Pendaftaran/verifikasi masuk helamaan daftar' is present

2023-10-03 10:38:38 - [TEST_STEP][PASSED] - setText(findTestObject("Pendaftaran/input username"), username): Text 'nanaokta' is set on object 'Object Repository/Pendaftaran/input username'

2023-10-03 10:38:39 - [MESSAGE][PASSED] - Text 'nanaokta' is set on object 'Object Repository/Pendaftaran/input username'

2023-10-03 10:38:39 - [TEST_STEP][PASSED] - setText(findTestObject("Pendaftaran/input email"), email): Text 'nanaokta71@gmail.com' is set on object 'Object Repository/Pendaftaran/input email'

2023-10-03 10:38:40 - [MESSAGE][PASSED] - Text 'nanaokta71@gmail.com' is set on object 'Object Repository/Pendaftaran/input email'

2023-10-03 10:38:40 - [TEST_STEP][PASSED] - setText(findTestObject("Pendaftaran/input Nomor Telephon"), noHP): Text '085643217856' is set on object 'Object Repository/Pendaftaran/input Nomor Telephon'

2023-10-03 10:38:41 - [MESSAGE][PASSED] - Text '085643217856' is set on object 'Object Repository/Pendaftaran/input Nomor Telephon'

2023-10-03 10:38:41 - [TEST_STEP][PASSED] - if (toString().equalsIgnoreCase("Perempuan")): Object 'Object Repository/Pendaftaran/pilihan Wanita_jenis_kelamin' is checked

2023-10-03 10:38:41 - [TEST_STEP][PASSED] - check(findTestObject("Pendaftaran/pilihan Wanita_jenis_kelamin")): Object 'Object Repository/Pendaftaran/pilihan Wanita_jenis_kelamin' is checked

2023-10-03 10:38:42 - [MESSAGE][PASSED] - Object 'Object Repository/Pendaftaran/pilihan Wanita_jenis_kelamin' is checked

2023-10-03 10:38:42 - [TEST_STEP][PASSED] - check(findTestObject("Pendaftaran/pilihan Wanita_jenis_kelamin")): Object 'Object Repository/Pendaftaran/pilihan Wanita_jenis_kelamin' is checked

2023-10-03 10:38:42 - [MESSAGE][PASSED] - Object 'Object Repository/Pendaftaran/pilihan Wanita_jenis_kelamin' is checked

2023-10-03 10:38:42 - [TEST_STEP][PASSED] - setEncryptedText(findTestObject("Pendaftaran/input password"), "qbkrdMwyWE4="): Text ****** has been set on object 'Object Repository/Pendaftaran/input password'

2023-10-03 10:38:43 - [MESSAGE][PASSED] - Text ****** has been set on object 'Object Repository/Pendaftaran/input password'

2023-10-03 10:38:43 - [TEST_STEP][PASSED] - setEncryptedText(findTestObject("Pendaftaran/input konfirmasi password"), "qbkrdMwyWE4="): Text ****** has been set on object 'Object Repository/Pendaftaran/input konfirmasi password'

2023-10-03 10:38:44 - [MESSAGE][PASSED] - Text ****** has been set on object 'Object Repository/Pendaftaran/input konfirmasi password'

2023-10-03 10:38:44 - [TEST_STEP][PASSED] - click(findTestObject("Pendaftaran/button_Daftar")): Object: 'Object Repository/Pendaftaran/button_Daftar' is clicked on

2023-10-03 10:38:48 - [MESSAGE][PASSED] - Object: 'Object Repository/Pendaftaran/button_Daftar' is clicked on

2023-10-03 10:38:48 - [TEST_STEP][PASSED] - verifyElementPresent(findTestObject("Pendaftaran/verifikasi berhasil daftar NEW"), 0): Object 'Object Repository/Pendaftaran/verifikasi berhasil daftar NEW' is present

2023-10-03 10:38:48 - [MESSAGE][WARNING] - Timeout '0' is invalid. Using default page load timeout: '30'

2023-10-03 10:38:49 - [MESSAGE][PASSED] - Object 'Object Repository/Pendaftaran/verifikasi berhasil daftar NEW' is present

2023-10-03 10:38:49 - [TEST_STEP][PASSED] - usn = getAttribute(findTestObject("Object Repository/Pendaftaran/hasil username NEW"), "value"): Attribute 'value' of object 'Object Repository/Pendaftaran/hasil username NEW' is: 'nanaokta'

2023-10-03 10:38:49 - [MESSAGE][PASSED] - Attribute 'value' of object 'Object Repository/Pendaftaran/hasil username NEW' is: 'nanaokta'

2023-10-03 10:38:49 - [TEST_STEP][PASSED] - Email = getAttribute(findTestObject("Object Repository/Pendaftaran/hasil email"), "value"): Attribute 'value' of object 'Object Repository/Pendaftaran/hasil email' is: 'nanaokta71@gmail.com'

2023-10-03 10:38:50 - [MESSAGE][PASSED] - Attribute 'value' of object 'Object Repository/Pendaftaran/hasil email' is: 'nanaokta71@gmail.com'

2023-10-03 10:38:50 - [TEST_STEP][PASSED] - nomorHP = getAttribute(findTestObject("Object Repository/Pendaftaran/hasil nomor hp"), "value"): Attribute 'value' of object 'Object Repository/Pendaftaran/hasil nomor hp' is: '085643217856'

2023-10-03 10:38:50 - [MESSAGE][PASSED] - Attribute 'value' of object 'Object Repository/Pendaftaran/hasil nomor hp' is: '085643217856'

2023-10-03 10:38:50 - [TEST_STEP][PASSED] - if (toString().equalsIgnoreCase("Perempuan")): Object 'Object Repository/Pendaftaran/input Perempuan' is checked

2023-10-03 10:38:50 - [TEST_STEP][PASSED] - verifyElementChecked(findTestObject("Object Repository/Pendaftaran/input Perempuan"), 2): Object 'Object Repository/Pendaftaran/input Perempuan' is checked

2023-10-03 10:38:51 - [MESSAGE][PASSED] - Object 'Object Repository/Pendaftaran/input Perempuan' is checked

2023-10-03 10:38:51 - [TEST_STEP][PASSED] - assert trim().equalsIgnoreCase(username.trim()): null

2023-10-03 10:38:51 - [TEST_STEP][PASSED] - assert trim().equalsIgnoreCase(email.trim()): null

2023-10-03 10:38:51 - [TEST_STEP][PASSED] - assert trim().equalsIgnoreCase(noHP.trim()): null]]></system-out>
         <system-err><![CDATA[]]></system-err>
      </testcase>
      <testcase name="Test Cases/T08 - Pendaftaran/TC-PC-001" time="74.807" classname="Test Cases/T08 - Pendaftaran/TC-PC-001" status="PASSED">
         <system-out><![CDATA[2023-10-03 10:38:51 - [TEST_CASE][PASSED] - Test Cases/T08 - Pendaftaran/TC-PC-001: Test Cases/T08 - Pendaftaran/TC-PC-001

2023-10-03 10:38:52 - [TEST_STEP][PASSED] - openBrowser(urlWeb): Browser is opened with url: 'https://10.9.2.63/ecommerce/'

2023-10-03 10:38:52 - [MESSAGE][WARNING] - A browser is already opened. Closing browser and opening a new one

2023-10-03 10:38:54 - [MESSAGE][INFO] - Starting 'Firefox' driver

2023-10-03 10:38:54 - [MESSAGE][INFO] - Action delay is set to 0 milliseconds

2023-10-03 10:39:04 - [MESSAGE][PASSED] - Browser is opened with url: 'https://10.9.2.63/ecommerce/'

2023-10-03 10:39:04 - [TEST_STEP][PASSED] - maximizeWindow(): Current window maximized

2023-10-03 10:39:04 - [MESSAGE][PASSED] - Current window maximized

2023-10-03 10:39:04 - [TEST_STEP][PASSED] - verifyElementPresent(findTestObject("verifikasi halaman tajalapak sebelum daftar"), 0): Object 'Object Repository/verifikasi halaman tajalapak sebelum daftar' is present

2023-10-03 10:39:04 - [MESSAGE][WARNING] - Timeout '0' is invalid. Using default page load timeout: '30'

2023-10-03 10:39:04 - [MESSAGE][PASSED] - Object 'Object Repository/verifikasi halaman tajalapak sebelum daftar' is present

2023-10-03 10:39:04 - [TEST_STEP][PASSED] - click(findTestObject("Pendaftaran/button Register")): Object: 'Object Repository/Pendaftaran/button Register' is clicked on

2023-10-03 10:39:05 - [MESSAGE][PASSED] - Object: 'Object Repository/Pendaftaran/button Register' is clicked on

2023-10-03 10:39:05 - [TEST_STEP][PASSED] - verifyElementPresent(findTestObject("Pendaftaran/verifikasi masuk helamaan daftar"), 0): Object 'Object Repository/Pendaftaran/verifikasi masuk helamaan daftar' is present

2023-10-03 10:39:06 - [MESSAGE][WARNING] - Timeout '0' is invalid. Using default page load timeout: '30'

2023-10-03 10:39:06 - [MESSAGE][PASSED] - Object 'Object Repository/Pendaftaran/verifikasi masuk helamaan daftar' is present

2023-10-03 10:39:06 - [TEST_STEP][PASSED] - setText(findTestObject("Pendaftaran/input username"), username): Text 'johandue' is set on object 'Object Repository/Pendaftaran/input username'

2023-10-03 10:39:07 - [MESSAGE][PASSED] - Text 'johandue' is set on object 'Object Repository/Pendaftaran/input username'

2023-10-03 10:39:07 - [TEST_STEP][PASSED] - setText(findTestObject("Pendaftaran/input email"), email): Text 'johandue@gmail.com' is set on object 'Object Repository/Pendaftaran/input email'

2023-10-03 10:39:08 - [MESSAGE][PASSED] - Text 'johandue@gmail.com' is set on object 'Object Repository/Pendaftaran/input email'

2023-10-03 10:39:08 - [TEST_STEP][PASSED] - setText(findTestObject("Pendaftaran/input Nomor Telephon"), noHP): Text '085690909090' is set on object 'Object Repository/Pendaftaran/input Nomor Telephon'

2023-10-03 10:39:09 - [MESSAGE][PASSED] - Text '085690909090' is set on object 'Object Repository/Pendaftaran/input Nomor Telephon'

2023-10-03 10:39:09 - [TEST_STEP][PASSED] - if (toString().equalsIgnoreCase("Perempuan")): null

2023-10-03 10:39:09 - [TEST_STEP][PASSED] - else if (toString().equalsIgnoreCase("Laki-laki")): Object 'Object Repository/Pendaftaran/pilihan Pria' is checked

2023-10-03 10:39:09 - [TEST_STEP][PASSED] - check(findTestObject("Object Repository/Pendaftaran/pilihan Pria")): Object 'Object Repository/Pendaftaran/pilihan Pria' is checked

2023-10-03 10:39:10 - [MESSAGE][PASSED] - Object 'Object Repository/Pendaftaran/pilihan Pria' is checked

2023-10-03 10:39:10 - [TEST_STEP][PASSED] - setEncryptedText(findTestObject("Pendaftaran/input password"), "8MbLm3cRDkc/jsWL6sX6LA=="): Text ****** has been set on object 'Object Repository/Pendaftaran/input password'

2023-10-03 10:39:11 - [MESSAGE][PASSED] - Text ****** has been set on object 'Object Repository/Pendaftaran/input password'

2023-10-03 10:39:11 - [TEST_STEP][PASSED] - setEncryptedText(findTestObject("Pendaftaran/input konfirmasi password"), "8MbLm3cRDkc/jsWL6sX6LA=="): Text ****** has been set on object 'Object Repository/Pendaftaran/input konfirmasi password'

2023-10-03 10:39:12 - [MESSAGE][PASSED] - Text ****** has been set on object 'Object Repository/Pendaftaran/input konfirmasi password'

2023-10-03 10:39:12 - [TEST_STEP][PASSED] - click(findTestObject("Pendaftaran/button_Daftar")): Object: 'Object Repository/Pendaftaran/button_Daftar' is clicked on

2023-10-03 10:39:16 - [MESSAGE][PASSED] - Object: 'Object Repository/Pendaftaran/button_Daftar' is clicked on

2023-10-03 10:39:16 - [TEST_STEP][PASSED] - verifyElementPresent(findTestObject("Pendaftaran/verifikasi berhasil daftar"), 0): Object 'Object Repository/Pendaftaran/verifikasi berhasil daftar' is present

2023-10-03 10:39:16 - [MESSAGE][WARNING] - Timeout '0' is invalid. Using default page load timeout: '30'

2023-10-03 10:39:17 - [MESSAGE][PASSED] - Object 'Object Repository/Pendaftaran/verifikasi berhasil daftar' is present

2023-10-03 10:39:17 - [TEST_STEP][PASSED] - usn = getAttribute(findTestObject("Object Repository/Pendaftaran/hasil username NEW"), "value"): Attribute 'value' of object 'Object Repository/Pendaftaran/hasil username NEW' is: 'johandue'

2023-10-03 10:39:18 - [MESSAGE][PASSED] - Attribute 'value' of object 'Object Repository/Pendaftaran/hasil username NEW' is: 'johandue'

2023-10-03 10:39:18 - [TEST_STEP][PASSED] - Email = getAttribute(findTestObject("Object Repository/Pendaftaran/hasil email"), "value"): Attribute 'value' of object 'Object Repository/Pendaftaran/hasil email' is: 'johandue@gmail.com'

2023-10-03 10:39:18 - [MESSAGE][PASSED] - Attribute 'value' of object 'Object Repository/Pendaftaran/hasil email' is: 'johandue@gmail.com'

2023-10-03 10:39:18 - [TEST_STEP][PASSED] - nomorHp = getAttribute(findTestObject("Object Repository/Pendaftaran/hasil nomor hp"), "value"): Attribute 'value' of object 'Object Repository/Pendaftaran/hasil nomor hp' is: '085690909090'

2023-10-03 10:39:19 - [MESSAGE][PASSED] - Attribute 'value' of object 'Object Repository/Pendaftaran/hasil nomor hp' is: '085690909090'

2023-10-03 10:39:19 - [TEST_STEP][PASSED] - if (toString().equalsIgnoreCase("Perempuan")): null

2023-10-03 10:39:19 - [TEST_STEP][PASSED] - else if (toString().equalsIgnoreCase("Laki-laki")): Object 'Object Repository/Pendaftaran/input_Laki-laki' is checked

2023-10-03 10:39:19 - [TEST_STEP][PASSED] - verifyElementChecked(findTestObject("Object Repository/Pendaftaran/input_Laki-laki"), 2): Object 'Object Repository/Pendaftaran/input_Laki-laki' is checked

2023-10-03 10:39:19 - [MESSAGE][PASSED] - Object 'Object Repository/Pendaftaran/input_Laki-laki' is checked

2023-10-03 10:39:19 - [TEST_STEP][PASSED] - assert trim().equalsIgnoreCase(usn.trim()): null

2023-10-03 10:39:19 - [TEST_STEP][PASSED] - assert trim().equalsIgnoreCase(Email.trim()): null

2023-10-03 10:39:19 - [TEST_STEP][PASSED] - assert trim().equalsIgnoreCase(nomorHp.trim()): null

2023-10-03 10:39:19 - [TEST_STEP][PASSED] - navigateToUrl("https://10.9.2.63/ecommerce/administrator/"): Navigate to 'https://10.9.2.63/ecommerce/administrator/' successfully

2023-10-03 10:39:20 - [MESSAGE][PASSED] - Navigate to 'https://10.9.2.63/ecommerce/administrator/' successfully

2023-10-03 10:39:20 - [TEST_STEP][PASSED] - verifyElementPresent(findTestObject("halaman admin/verifikasi masuk masuk website admin"), 0): Object 'Object Repository/halaman admin/verifikasi masuk masuk website admin' is present

2023-10-03 10:39:20 - [MESSAGE][WARNING] - Timeout '0' is invalid. Using default page load timeout: '30'

2023-10-03 10:39:20 - [MESSAGE][PASSED] - Object 'Object Repository/halaman admin/verifikasi masuk masuk website admin' is present

2023-10-03 10:39:20 - [TEST_STEP][PASSED] - setText(findTestObject("halaman admin/input_ADMIN_a"), "admin"): Text 'admin' is set on object 'Object Repository/halaman admin/input_ADMIN_a'

2023-10-03 10:39:21 - [MESSAGE][PASSED] - Text 'admin' is set on object 'Object Repository/halaman admin/input_ADMIN_a'

2023-10-03 10:39:21 - [TEST_STEP][PASSED] - setEncryptedText(findTestObject("halaman admin/input_ADMIN_password"), "374mkdZ/lqyNS21oH+MJZQ=="): Text ****** has been set on object 'Object Repository/halaman admin/input_ADMIN_password'

2023-10-03 10:39:22 - [MESSAGE][PASSED] - Text ****** has been set on object 'Object Repository/halaman admin/input_ADMIN_password'

2023-10-03 10:39:22 - [TEST_STEP][PASSED] - delay(10): Delayed 10 second(s)

2023-10-03 10:39:32 - [MESSAGE][PASSED] - Delayed 10 second(s)

2023-10-03 10:39:32 - [TEST_STEP][PASSED] - click(findTestObject("halaman admin/input_login admin")): Object: 'Object Repository/halaman admin/input_login admin' is clicked on

2023-10-03 10:39:34 - [MESSAGE][PASSED] - Object: 'Object Repository/halaman admin/input_login admin' is clicked on

2023-10-03 10:39:34 - [TEST_STEP][PASSED] - click(findTestObject("konsumen/span_Master Market")): Object: 'Object Repository/konsumen/span_Master Market' is clicked on

2023-10-03 10:39:41 - [MESSAGE][PASSED] - Object: 'Object Repository/konsumen/span_Master Market' is clicked on

2023-10-03 10:39:41 - [TEST_STEP][PASSED] - click(findTestObject("konsumen/Konsumen master market")): Object: 'Object Repository/konsumen/Konsumen master market' is clicked on

2023-10-03 10:39:43 - [MESSAGE][PASSED] - Object: 'Object Repository/konsumen/Konsumen master market' is clicked on

2023-10-03 10:39:43 - [TEST_STEP][PASSED] - click(findTestObject("konsumen/search di konsumen")): Object: 'Object Repository/konsumen/search di konsumen' is clicked on

2023-10-03 10:39:49 - [MESSAGE][PASSED] - Object: 'Object Repository/konsumen/search di konsumen' is clicked on

2023-10-03 10:39:49 - [TEST_STEP][PASSED] - setText(findTestObject("konsumen/search di konsumen"), noHP): Text '085690909090' is set on object 'Object Repository/konsumen/search di konsumen'

2023-10-03 10:39:50 - [MESSAGE][PASSED] - Text '085690909090' is set on object 'Object Repository/konsumen/search di konsumen'

2023-10-03 10:39:50 - [TEST_STEP][PASSED] - click(findTestObject("konsumen/edit data konsumen")): Object: 'Object Repository/konsumen/edit data konsumen' is clicked on

2023-10-03 10:39:56 - [MESSAGE][PASSED] - Object: 'Object Repository/konsumen/edit data konsumen' is clicked on

2023-10-03 10:39:56 - [TEST_STEP][PASSED] - user = getAttribute(findTestObject("Object Repository/konsumen/input_Username_bb"), "value"): Attribute 'value' of object 'Object Repository/konsumen/input_Username_bb' is: 'johandue'

2023-10-03 10:40:03 - [MESSAGE][PASSED] - Attribute 'value' of object 'Object Repository/konsumen/input_Username_bb' is: 'johandue'

2023-10-03 10:40:03 - [TEST_STEP][PASSED] - println(user): null

2023-10-03 10:40:03 - [TEST_STEP][PASSED] - mail = getAttribute(findTestObject("Object Repository/konsumen/input_Alamat Email_c"), "value"): Attribute 'value' of object 'Object Repository/konsumen/input_Alamat Email_c' is: 'johandue@gmail.com'

2023-10-03 10:40:04 - [MESSAGE][PASSED] - Attribute 'value' of object 'Object Repository/konsumen/input_Alamat Email_c' is: 'johandue@gmail.com'

2023-10-03 10:40:04 - [TEST_STEP][PASSED] - number = getAttribute(findTestObject("Object Repository/konsumen/input_No Hp_k"), "value"): Attribute 'value' of object 'Object Repository/konsumen/input_No Hp_k' is: '085690909090'

2023-10-03 10:40:05 - [MESSAGE][PASSED] - Attribute 'value' of object 'Object Repository/konsumen/input_No Hp_k' is: '085690909090'

2023-10-03 10:40:05 - [TEST_STEP][PASSED] - assert trim().equalsIgnoreCase(username.trim()): null

2023-10-03 10:40:05 - [TEST_STEP][PASSED] - assert trim().equalsIgnoreCase(email.trim()): null

2023-10-03 10:40:05 - [TEST_STEP][PASSED] - assert trim().equalsIgnoreCase(noHP.trim()): null

2023-10-03 10:40:05 - [TEST_STEP][PASSED] - if (toString().equalsIgnoreCase("Perempuan")): null

2023-10-03 10:40:05 - [TEST_STEP][PASSED] - else if (toString().equalsIgnoreCase("Laki-laki")): Object 'Object Repository/konsumen/jk laki-laki' is checked

2023-10-03 10:40:05 - [TEST_STEP][PASSED] - verifyElementChecked(findTestObject("Object Repository/konsumen/jk laki-laki"), 2): Object 'Object Repository/konsumen/jk laki-laki' is checked

2023-10-03 10:40:06 - [MESSAGE][PASSED] - Object 'Object Repository/konsumen/jk laki-laki' is checked]]></system-out>
         <system-err><![CDATA[]]></system-err>
      </testcase>
      <testcase name="Test Cases/T08 - Pendaftaran/TC-PE-001" time="16.994" classname="Test Cases/T08 - Pendaftaran/TC-PE-001" status="PASSED">
         <system-out><![CDATA[2023-10-03 10:40:06 - [TEST_CASE][PASSED] - Test Cases/T08 - Pendaftaran/TC-PE-001: Test Cases/T08 - Pendaftaran/TC-PE-001

2023-10-03 10:40:07 - [TEST_STEP][PASSED] - openBrowser(urlWeb): Browser is opened with url: 'https://10.9.2.63/ecommerce/'

2023-10-03 10:40:07 - [MESSAGE][WARNING] - A browser is already opened. Closing browser and opening a new one

2023-10-03 10:40:09 - [MESSAGE][INFO] - Starting 'Firefox' driver

2023-10-03 10:40:09 - [MESSAGE][INFO] - Action delay is set to 0 milliseconds

2023-10-03 10:40:18 - [MESSAGE][PASSED] - Browser is opened with url: 'https://10.9.2.63/ecommerce/'

2023-10-03 10:40:18 - [TEST_STEP][PASSED] - maximizeWindow(): Current window maximized

2023-10-03 10:40:18 - [MESSAGE][PASSED] - Current window maximized

2023-10-03 10:40:18 - [TEST_STEP][PASSED] - verifyElementPresent(findTestObject("verifikasi halaman tajalapak sebelum daftar"), 0): Object 'Object Repository/verifikasi halaman tajalapak sebelum daftar' is present

2023-10-03 10:40:19 - [MESSAGE][WARNING] - Timeout '0' is invalid. Using default page load timeout: '30'

2023-10-03 10:40:19 - [MESSAGE][PASSED] - Object 'Object Repository/verifikasi halaman tajalapak sebelum daftar' is present

2023-10-03 10:40:19 - [TEST_STEP][PASSED] - click(findTestObject("Pendaftaran/button Register")): Object: 'Object Repository/Pendaftaran/button Register' is clicked on

2023-10-03 10:40:21 - [MESSAGE][PASSED] - Object: 'Object Repository/Pendaftaran/button Register' is clicked on

2023-10-03 10:40:21 - [TEST_STEP][PASSED] - verifyElementPresent(findTestObject("Pendaftaran/verifikasi masuk helamaan daftar"), 0): Object 'Object Repository/Pendaftaran/verifikasi masuk helamaan daftar' is present

2023-10-03 10:40:21 - [MESSAGE][WARNING] - Timeout '0' is invalid. Using default page load timeout: '30'

2023-10-03 10:40:21 - [MESSAGE][PASSED] - Object 'Object Repository/Pendaftaran/verifikasi masuk helamaan daftar' is present

2023-10-03 10:40:21 - [TEST_STEP][PASSED] - setText(findTestObject("Pendaftaran/input username"), "anata 71"): Text 'anata 71' is set on object 'Object Repository/Pendaftaran/input username'

2023-10-03 10:40:23 - [MESSAGE][PASSED] - Text 'anata 71' is set on object 'Object Repository/Pendaftaran/input username'

2023-10-03 10:40:23 - [TEST_STEP][PASSED] - alertText = getAlertText(): Get alert text successfully: 'Maaf, Tidak Boleh Menggunakan Spasi,..'

2023-10-03 10:40:23 - [MESSAGE][PASSED] - Get alert text successfully: 'Maaf, Tidak Boleh Menggunakan Spasi,..'

2023-10-03 10:40:23 - [TEST_STEP][PASSED] - verifyMatch(alertText, "Maaf, Tidak Boleh Menggunakan Spasi,..", false): Actual text 'Maaf, Tidak Boleh Menggunakan Spasi,..' and expected text 'Maaf, Tidak Boleh Menggunakan Spasi,..' are matched 

2023-10-03 10:40:23 - [MESSAGE][PASSED] - Actual text 'Maaf, Tidak Boleh Menggunakan Spasi,..' and expected text 'Maaf, Tidak Boleh Menggunakan Spasi,..' are matched]]></system-out>
         <system-err><![CDATA[]]></system-err>
      </testcase>
      <testcase name="Test Cases/T08 - Pendaftaran/TC-PE-002" time="16.687" classname="Test Cases/T08 - Pendaftaran/TC-PE-002" status="PASSED">
         <system-out><![CDATA[2023-10-03 10:40:23 - [TEST_CASE][PASSED] - Test Cases/T08 - Pendaftaran/TC-PE-002: Test Cases/T08 - Pendaftaran/TC-PE-002

2023-10-03 10:40:24 - [TEST_STEP][PASSED] - openBrowser(urlWeb): Browser is opened with url: 'https://10.9.2.63/ecommerce/'

2023-10-03 10:40:24 - [MESSAGE][WARNING] - A browser is already opened. Closing browser and opening a new one

2023-10-03 10:40:26 - [MESSAGE][INFO] - Starting 'Firefox' driver

2023-10-03 10:40:26 - [MESSAGE][INFO] - Action delay is set to 0 milliseconds

2023-10-03 10:40:34 - [MESSAGE][PASSED] - Browser is opened with url: 'https://10.9.2.63/ecommerce/'

2023-10-03 10:40:34 - [TEST_STEP][PASSED] - maximizeWindow(): Current window maximized

2023-10-03 10:40:34 - [MESSAGE][PASSED] - Current window maximized

2023-10-03 10:40:34 - [TEST_STEP][PASSED] - verifyElementPresent(findTestObject("verifikasi halaman tajalapak sebelum daftar"), 0): Object 'Object Repository/verifikasi halaman tajalapak sebelum daftar' is present

2023-10-03 10:40:34 - [MESSAGE][WARNING] - Timeout '0' is invalid. Using default page load timeout: '30'

2023-10-03 10:40:34 - [MESSAGE][PASSED] - Object 'Object Repository/verifikasi halaman tajalapak sebelum daftar' is present

2023-10-03 10:40:34 - [TEST_STEP][PASSED] - click(findTestObject("Pendaftaran/a_Login")): Object: 'Object Repository/Pendaftaran/a_Login' is clicked on

2023-10-03 10:40:35 - [MESSAGE][PASSED] - Object: 'Object Repository/Pendaftaran/a_Login' is clicked on

2023-10-03 10:40:35 - [TEST_STEP][PASSED] - verifyElementPresent(findTestObject("Pendaftaran/verifikasi MASUK di halaman Login"), 0): Object 'Object Repository/Pendaftaran/verifikasi MASUK di halaman Login' is present

2023-10-03 10:40:36 - [MESSAGE][WARNING] - Timeout '0' is invalid. Using default page load timeout: '30'

2023-10-03 10:40:36 - [MESSAGE][PASSED] - Object 'Object Repository/Pendaftaran/verifikasi MASUK di halaman Login' is present

2023-10-03 10:40:36 - [TEST_STEP][PASSED] - setText(findTestObject("Login/input_Username, Email atau No. Handphone_a"), "anata61"): Text 'anata61' is set on object 'Object Repository/Login/input_Username, Email atau No. Handphone_a'

2023-10-03 10:40:37 - [MESSAGE][PASSED] - Text 'anata61' is set on object 'Object Repository/Login/input_Username, Email atau No. Handphone_a'

2023-10-03 10:40:37 - [TEST_STEP][PASSED] - setEncryptedText(findTestObject("Login/input_Password di Login(Masuk)"), "qbkrdMwyWE4="): Text ****** has been set on object 'Object Repository/Login/input_Password di Login(Masuk)'

2023-10-03 10:40:37 - [MESSAGE][PASSED] - Text ****** has been set on object 'Object Repository/Login/input_Password di Login(Masuk)'

2023-10-03 10:40:37 - [TEST_STEP][PASSED] - click(findTestObject("Login/button_Masuk di halaman login")): Object: 'Object Repository/Login/button_Masuk di halaman login' is clicked on

2023-10-03 10:40:39 - [MESSAGE][PASSED] - Object: 'Object Repository/Login/button_Masuk di halaman login' is clicked on

2023-10-03 10:40:39 - [TEST_STEP][PASSED] - verifyElementPresent(findTestObject("Pendaftaran/verifikasi masuk helamaan daftar"), 0): Object 'Object Repository/Pendaftaran/verifikasi masuk helamaan daftar' is present

2023-10-03 10:40:39 - [MESSAGE][WARNING] - Timeout '0' is invalid. Using default page load timeout: '30'

2023-10-03 10:40:39 - [MESSAGE][PASSED] - Object 'Object Repository/Pendaftaran/verifikasi masuk helamaan daftar' is present]]></system-out>
         <system-err><![CDATA[]]></system-err>
      </testcase>
      <testcase name="Test Cases/T08 - Pendaftaran/TC-PE-003" time="15.863" classname="Test Cases/T08 - Pendaftaran/TC-PE-003" status="PASSED">
         <system-out><![CDATA[2023-10-03 10:40:40 - [TEST_CASE][PASSED] - Test Cases/T08 - Pendaftaran/TC-PE-003: Test Cases/T08 - Pendaftaran/TC-PE-003

2023-10-03 10:40:41 - [TEST_STEP][PASSED] - openBrowser(urlWeb): Browser is opened with url: 'https://10.9.2.63/ecommerce/'

2023-10-03 10:40:41 - [MESSAGE][WARNING] - A browser is already opened. Closing browser and opening a new one

2023-10-03 10:40:42 - [MESSAGE][INFO] - Starting 'Firefox' driver

2023-10-03 10:40:42 - [MESSAGE][INFO] - Action delay is set to 0 milliseconds

2023-10-03 10:40:52 - [MESSAGE][PASSED] - Browser is opened with url: 'https://10.9.2.63/ecommerce/'

2023-10-03 10:40:52 - [TEST_STEP][PASSED] - maximizeWindow(): Current window maximized

2023-10-03 10:40:52 - [MESSAGE][PASSED] - Current window maximized

2023-10-03 10:40:52 - [TEST_STEP][PASSED] - verifyElementPresent(findTestObject("verifikasi halaman tajalapak sebelum daftar"), 0): Object 'Object Repository/verifikasi halaman tajalapak sebelum daftar' is present

2023-10-03 10:40:52 - [MESSAGE][WARNING] - Timeout '0' is invalid. Using default page load timeout: '30'

2023-10-03 10:40:52 - [MESSAGE][PASSED] - Object 'Object Repository/verifikasi halaman tajalapak sebelum daftar' is present

2023-10-03 10:40:52 - [TEST_STEP][PASSED] - click(findTestObject("Pendaftaran/button Register")): Object: 'Object Repository/Pendaftaran/button Register' is clicked on

2023-10-03 10:40:53 - [MESSAGE][PASSED] - Object: 'Object Repository/Pendaftaran/button Register' is clicked on

2023-10-03 10:40:53 - [TEST_STEP][PASSED] - verifyElementPresent(findTestObject("Pendaftaran/verifikasi masuk helamaan daftar"), 0): Object 'Object Repository/Pendaftaran/verifikasi masuk helamaan daftar' is present

2023-10-03 10:40:54 - [MESSAGE][WARNING] - Timeout '0' is invalid. Using default page load timeout: '30'

2023-10-03 10:40:54 - [MESSAGE][PASSED] - Object 'Object Repository/Pendaftaran/verifikasi masuk helamaan daftar' is present

2023-10-03 10:40:54 - [TEST_STEP][PASSED] - click(findTestObject("Pendaftaran/button_Daftar")): Object: 'Object Repository/Pendaftaran/button_Daftar' is clicked on

2023-10-03 10:40:55 - [MESSAGE][PASSED] - Object: 'Object Repository/Pendaftaran/button_Daftar' is clicked on

2023-10-03 10:40:55 - [TEST_STEP][PASSED] - webDriver = getWebDriver(): null

2023-10-03 10:40:55 - [TEST_STEP][PASSED] - field_username = webDriver.findElement(By.xpath("//input[@name="username"]")): null

2023-10-03 10:40:55 - [TEST_STEP][PASSED] - error_message = webDriver.executeScript("return arguments[0].validationMessage", field_username): null

2023-10-03 10:40:55 - [TEST_STEP][PASSED] - println(error_message): null

2023-10-03 10:40:55 - [TEST_STEP][PASSED] - assert error_message == "Please fill out this field.": null]]></system-out>
         <system-err><![CDATA[]]></system-err>
      </testcase>
      <testcase name="Test Cases/T08 - Pendaftaran/TC-PF-001" time="21.22" classname="Test Cases/T08 - Pendaftaran/TC-PF-001" status="PASSED">
         <system-out><![CDATA[2023-10-03 10:40:56 - [TEST_CASE][PASSED] - Test Cases/T08 - Pendaftaran/TC-PF-001: Test Cases/T08 - Pendaftaran/TC-PF-001

2023-10-03 10:40:57 - [TEST_STEP][PASSED] - openBrowser(urlWeb): Browser is opened with url: 'https://10.9.2.63/ecommerce/'

2023-10-03 10:40:57 - [MESSAGE][WARNING] - A browser is already opened. Closing browser and opening a new one

2023-10-03 10:40:59 - [MESSAGE][INFO] - Starting 'Firefox' driver

2023-10-03 10:40:59 - [MESSAGE][INFO] - Action delay is set to 0 milliseconds

2023-10-03 10:41:08 - [MESSAGE][PASSED] - Browser is opened with url: 'https://10.9.2.63/ecommerce/'

2023-10-03 10:41:08 - [TEST_STEP][PASSED] - maximizeWindow(): Current window maximized

2023-10-03 10:41:08 - [MESSAGE][PASSED] - Current window maximized

2023-10-03 10:41:08 - [TEST_STEP][PASSED] - verifyElementPresent(findTestObject("verifikasi halaman tajalapak sebelum daftar"), 0): Object 'Object Repository/verifikasi halaman tajalapak sebelum daftar' is present

2023-10-03 10:41:08 - [MESSAGE][WARNING] - Timeout '0' is invalid. Using default page load timeout: '30'

2023-10-03 10:41:09 - [MESSAGE][PASSED] - Object 'Object Repository/verifikasi halaman tajalapak sebelum daftar' is present

2023-10-03 10:41:09 - [TEST_STEP][PASSED] - click(findTestObject("Pendaftaran/button Register")): Object: 'Object Repository/Pendaftaran/button Register' is clicked on

2023-10-03 10:41:10 - [MESSAGE][PASSED] - Object: 'Object Repository/Pendaftaran/button Register' is clicked on

2023-10-03 10:41:10 - [TEST_STEP][PASSED] - verifyElementPresent(findTestObject("Pendaftaran/verifikasi masuk helamaan daftar"), 0): Object 'Object Repository/Pendaftaran/verifikasi masuk helamaan daftar' is present

2023-10-03 10:41:10 - [MESSAGE][WARNING] - Timeout '0' is invalid. Using default page load timeout: '30'

2023-10-03 10:41:11 - [MESSAGE][PASSED] - Object 'Object Repository/Pendaftaran/verifikasi masuk helamaan daftar' is present

2023-10-03 10:41:11 - [TEST_STEP][PASSED] - setText(findTestObject("Pendaftaran/input username"), usn): Text 'ikana61' is set on object 'Object Repository/Pendaftaran/input username'

2023-10-03 10:41:12 - [MESSAGE][PASSED] - Text 'ikana61' is set on object 'Object Repository/Pendaftaran/input username'

2023-10-03 10:41:12 - [TEST_STEP][PASSED] - setText(findTestObject("Pendaftaran/input email"), email): Text 'ikana61' is set on object 'Object Repository/Pendaftaran/input email'

2023-10-03 10:41:13 - [MESSAGE][PASSED] - Text 'ikana61' is set on object 'Object Repository/Pendaftaran/input email'

2023-10-03 10:41:13 - [TEST_STEP][PASSED] - setText(findTestObject("Pendaftaran/input Nomor Telephon"), noHp): Text '085643219653' is set on object 'Object Repository/Pendaftaran/input Nomor Telephon'

2023-10-03 10:41:13 - [MESSAGE][PASSED] - Text '085643219653' is set on object 'Object Repository/Pendaftaran/input Nomor Telephon'

2023-10-03 10:41:13 - [TEST_STEP][PASSED] - if (toString().equalsIgnoreCase("Perempuan")): Object 'Object Repository/Pendaftaran/pilihan Wanita_jenis_kelamin' is checked

2023-10-03 10:41:13 - [TEST_STEP][PASSED] - check(findTestObject("Pendaftaran/pilihan Wanita_jenis_kelamin")): Object 'Object Repository/Pendaftaran/pilihan Wanita_jenis_kelamin' is checked

2023-10-03 10:41:14 - [MESSAGE][PASSED] - Object 'Object Repository/Pendaftaran/pilihan Wanita_jenis_kelamin' is checked

2023-10-03 10:41:14 - [TEST_STEP][PASSED] - setEncryptedText(findTestObject("Pendaftaran/input password"), "qbkrdMwyWE4="): Text ****** has been set on object 'Object Repository/Pendaftaran/input password'

2023-10-03 10:41:15 - [MESSAGE][PASSED] - Text ****** has been set on object 'Object Repository/Pendaftaran/input password'

2023-10-03 10:41:15 - [TEST_STEP][PASSED] - setEncryptedText(findTestObject("Pendaftaran/input konfirmasi password"), "qbkrdMwyWE4="): Text ****** has been set on object 'Object Repository/Pendaftaran/input konfirmasi password'

2023-10-03 10:41:16 - [MESSAGE][PASSED] - Text ****** has been set on object 'Object Repository/Pendaftaran/input konfirmasi password'

2023-10-03 10:41:16 - [TEST_STEP][PASSED] - click(findTestObject("Pendaftaran/button_Daftar")): Object: 'Object Repository/Pendaftaran/button_Daftar' is clicked on

2023-10-03 10:41:16 - [MESSAGE][PASSED] - Object: 'Object Repository/Pendaftaran/button_Daftar' is clicked on

2023-10-03 10:41:16 - [TEST_STEP][PASSED] - webDriver = getWebDriver(): null

2023-10-03 10:41:16 - [TEST_STEP][PASSED] - field_email = webDriver.findElement(By.xpath("(//input[@name="a"])[4]")): null

2023-10-03 10:41:17 - [TEST_STEP][PASSED] - error_message = webDriver.executeScript("return arguments[0].validationMessage", field_email): null

2023-10-03 10:41:17 - [TEST_STEP][PASSED] - println(error_message): null

2023-10-03 10:41:17 - [TEST_STEP][PASSED] - assert error_message == "Please enter an email address.": null]]></system-out>
         <system-err><![CDATA[]]></system-err>
      </testcase>
      <testcase name="Test Cases/T08 - Pendaftaran/TC-PF-002" time="24.06" classname="Test Cases/T08 - Pendaftaran/TC-PF-002" status="PASSED">
         <system-out><![CDATA[2023-10-03 10:41:17 - [TEST_CASE][PASSED] - Test Cases/T08 - Pendaftaran/TC-PF-002: Test Cases/T08 - Pendaftaran/TC-PF-002

2023-10-03 10:41:18 - [TEST_STEP][PASSED] - openBrowser(urlWeb): Browser is opened with url: 'https://10.9.2.63/ecommerce/'

2023-10-03 10:41:18 - [MESSAGE][WARNING] - A browser is already opened. Closing browser and opening a new one

2023-10-03 10:41:20 - [MESSAGE][INFO] - Starting 'Firefox' driver

2023-10-03 10:41:20 - [MESSAGE][INFO] - Action delay is set to 0 milliseconds

2023-10-03 10:41:30 - [MESSAGE][PASSED] - Browser is opened with url: 'https://10.9.2.63/ecommerce/'

2023-10-03 10:41:30 - [TEST_STEP][PASSED] - maximizeWindow(): Current window maximized

2023-10-03 10:41:30 - [MESSAGE][PASSED] - Current window maximized

2023-10-03 10:41:30 - [TEST_STEP][PASSED] - verifyElementPresent(findTestObject("verifikasi halaman tajalapak sebelum daftar"), 0): Object 'Object Repository/verifikasi halaman tajalapak sebelum daftar' is present

2023-10-03 10:41:30 - [MESSAGE][WARNING] - Timeout '0' is invalid. Using default page load timeout: '30'

2023-10-03 10:41:31 - [MESSAGE][PASSED] - Object 'Object Repository/verifikasi halaman tajalapak sebelum daftar' is present

2023-10-03 10:41:31 - [TEST_STEP][PASSED] - click(findTestObject("Pendaftaran/button Register")): Object: 'Object Repository/Pendaftaran/button Register' is clicked on

2023-10-03 10:41:32 - [MESSAGE][PASSED] - Object: 'Object Repository/Pendaftaran/button Register' is clicked on

2023-10-03 10:41:32 - [TEST_STEP][PASSED] - verifyElementPresent(findTestObject("Pendaftaran/verifikasi masuk helamaan daftar"), 0): Object 'Object Repository/Pendaftaran/verifikasi masuk helamaan daftar' is present

2023-10-03 10:41:32 - [MESSAGE][WARNING] - Timeout '0' is invalid. Using default page load timeout: '30'

2023-10-03 10:41:33 - [MESSAGE][PASSED] - Object 'Object Repository/Pendaftaran/verifikasi masuk helamaan daftar' is present

2023-10-03 10:41:33 - [TEST_STEP][PASSED] - setText(findTestObject("Pendaftaran/input username"), usn): Text 'ikana81' is set on object 'Object Repository/Pendaftaran/input username'

2023-10-03 10:41:34 - [MESSAGE][PASSED] - Text 'ikana81' is set on object 'Object Repository/Pendaftaran/input username'

2023-10-03 10:41:34 - [TEST_STEP][PASSED] - setText(findTestObject("Pendaftaran/input email"), email): Text 'ikana81@gmail.com' is set on object 'Object Repository/Pendaftaran/input email'

2023-10-03 10:41:34 - [MESSAGE][PASSED] - Text 'ikana81@gmail.com' is set on object 'Object Repository/Pendaftaran/input email'

2023-10-03 10:41:34 - [TEST_STEP][PASSED] - setText(findTestObject("Pendaftaran/input Nomor Telephon"), noHp): Text '085643219065' is set on object 'Object Repository/Pendaftaran/input Nomor Telephon'

2023-10-03 10:41:35 - [MESSAGE][PASSED] - Text '085643219065' is set on object 'Object Repository/Pendaftaran/input Nomor Telephon'

2023-10-03 10:41:35 - [TEST_STEP][PASSED] - if (toString().equalsIgnoreCase("Perempuan")): Object 'Object Repository/Pendaftaran/pilihan Wanita_jenis_kelamin' is checked

2023-10-03 10:41:35 - [TEST_STEP][PASSED] - check(findTestObject("Pendaftaran/pilihan Wanita_jenis_kelamin")): Object 'Object Repository/Pendaftaran/pilihan Wanita_jenis_kelamin' is checked

2023-10-03 10:41:36 - [MESSAGE][PASSED] - Object 'Object Repository/Pendaftaran/pilihan Wanita_jenis_kelamin' is checked

2023-10-03 10:41:36 - [TEST_STEP][PASSED] - setEncryptedText(findTestObject("Pendaftaran/input password"), "qbkrdMwyWE4="): Text ****** has been set on object 'Object Repository/Pendaftaran/input password'

2023-10-03 10:41:37 - [MESSAGE][PASSED] - Text ****** has been set on object 'Object Repository/Pendaftaran/input password'

2023-10-03 10:41:37 - [TEST_STEP][PASSED] - setEncryptedText(findTestObject("Pendaftaran/input konfirmasi password"), "cEZ5BwTAfeQ="): Text ****** has been set on object 'Object Repository/Pendaftaran/input konfirmasi password'

2023-10-03 10:41:38 - [MESSAGE][PASSED] - Text ****** has been set on object 'Object Repository/Pendaftaran/input konfirmasi password'

2023-10-03 10:41:38 - [TEST_STEP][PASSED] - click(findTestObject("Pendaftaran/button_Daftar")): Object: 'Object Repository/Pendaftaran/button_Daftar' is clicked on

2023-10-03 10:41:40 - [MESSAGE][PASSED] - Object: 'Object Repository/Pendaftaran/button_Daftar' is clicked on

2023-10-03 10:41:40 - [TEST_STEP][PASSED] - verifyElementText(findTestObject("Pendaftaran/verifikasi error untuk password dan konfirmasi password berbeda"), "Password anda tidak Valid!"): Actual text and expected text of test object 'Object Repository/Pendaftaran/verifikasi error untuk password dan konfirmasi password berbeda' are matched.

2023-10-03 10:41:41 - [MESSAGE][PASSED] - Actual text and expected text of test object 'Object Repository/Pendaftaran/verifikasi error untuk password dan konfirmasi password berbeda' are matched.]]></system-out>
         <system-err><![CDATA[]]></system-err>
      </testcase>
      <testcase name="Test Cases/T08 - Pendaftaran/TC-PF-003" time="20.993" classname="Test Cases/T08 - Pendaftaran/TC-PF-003" status="PASSED">
         <system-out><![CDATA[2023-10-03 10:41:41 - [TEST_CASE][PASSED] - Test Cases/T08 - Pendaftaran/TC-PF-003: Test Cases/T08 - Pendaftaran/TC-PF-003

2023-10-03 10:41:42 - [TEST_STEP][PASSED] - openBrowser(urlWeb): Browser is opened with url: 'https://10.9.2.63/ecommerce/'

2023-10-03 10:41:42 - [MESSAGE][WARNING] - A browser is already opened. Closing browser and opening a new one

2023-10-03 10:41:44 - [MESSAGE][INFO] - Starting 'Firefox' driver

2023-10-03 10:41:44 - [MESSAGE][INFO] - Action delay is set to 0 milliseconds

2023-10-03 10:41:53 - [MESSAGE][PASSED] - Browser is opened with url: 'https://10.9.2.63/ecommerce/'

2023-10-03 10:41:53 - [TEST_STEP][PASSED] - maximizeWindow(): Current window maximized

2023-10-03 10:41:53 - [MESSAGE][PASSED] - Current window maximized

2023-10-03 10:41:53 - [TEST_STEP][PASSED] - verifyElementPresent(findTestObject("verifikasi halaman tajalapak sebelum daftar"), 0): Object 'Object Repository/verifikasi halaman tajalapak sebelum daftar' is present

2023-10-03 10:41:53 - [MESSAGE][WARNING] - Timeout '0' is invalid. Using default page load timeout: '30'

2023-10-03 10:41:54 - [MESSAGE][PASSED] - Object 'Object Repository/verifikasi halaman tajalapak sebelum daftar' is present

2023-10-03 10:41:54 - [TEST_STEP][PASSED] - click(findTestObject("Pendaftaran/button Register")): Object: 'Object Repository/Pendaftaran/button Register' is clicked on

2023-10-03 10:41:55 - [MESSAGE][PASSED] - Object: 'Object Repository/Pendaftaran/button Register' is clicked on

2023-10-03 10:41:55 - [TEST_STEP][PASSED] - verifyElementPresent(findTestObject("Pendaftaran/verifikasi masuk helamaan daftar"), 0): Object 'Object Repository/Pendaftaran/verifikasi masuk helamaan daftar' is present

2023-10-03 10:41:55 - [MESSAGE][WARNING] - Timeout '0' is invalid. Using default page load timeout: '30'

2023-10-03 10:41:56 - [MESSAGE][PASSED] - Object 'Object Repository/Pendaftaran/verifikasi masuk helamaan daftar' is present

2023-10-03 10:41:56 - [TEST_STEP][PASSED] - setText(findTestObject("Pendaftaran/input username"), usn): Text 'ikana80' is set on object 'Object Repository/Pendaftaran/input username'

2023-10-03 10:41:57 - [MESSAGE][PASSED] - Text 'ikana80' is set on object 'Object Repository/Pendaftaran/input username'

2023-10-03 10:41:57 - [TEST_STEP][PASSED] - setText(findTestObject("Pendaftaran/input email"), email): Text 'ikana80@gmail.com' is set on object 'Object Repository/Pendaftaran/input email'

2023-10-03 10:41:58 - [MESSAGE][PASSED] - Text 'ikana80@gmail.com' is set on object 'Object Repository/Pendaftaran/input email'

2023-10-03 10:41:58 - [TEST_STEP][PASSED] - setText(findTestObject("Pendaftaran/input Nomor Telephon"), noHp): Text '085643219653' is set on object 'Object Repository/Pendaftaran/input Nomor Telephon'

2023-10-03 10:41:59 - [MESSAGE][PASSED] - Text '085643219653' is set on object 'Object Repository/Pendaftaran/input Nomor Telephon'

2023-10-03 10:41:59 - [TEST_STEP][PASSED] - if (toString().equalsIgnoreCase("Perempuan")): Object 'Object Repository/Pendaftaran/pilihan Wanita_jenis_kelamin' is checked

2023-10-03 10:41:59 - [TEST_STEP][PASSED] - check(findTestObject("Pendaftaran/pilihan Wanita_jenis_kelamin")): Object 'Object Repository/Pendaftaran/pilihan Wanita_jenis_kelamin' is checked

2023-10-03 10:42:00 - [MESSAGE][PASSED] - Object 'Object Repository/Pendaftaran/pilihan Wanita_jenis_kelamin' is checked

2023-10-03 10:42:00 - [TEST_STEP][PASSED] - setEncryptedText(findTestObject("Pendaftaran/input password"), "qbkrdMwyWE4="): Text ****** has been set on object 'Object Repository/Pendaftaran/input password'

2023-10-03 10:42:00 - [MESSAGE][PASSED] - Text ****** has been set on object 'Object Repository/Pendaftaran/input password'

2023-10-03 10:42:00 - [TEST_STEP][PASSED] - click(findTestObject("Pendaftaran/button_Daftar")): Object: 'Object Repository/Pendaftaran/button_Daftar' is clicked on

2023-10-03 10:42:01 - [MESSAGE][PASSED] - Object: 'Object Repository/Pendaftaran/button_Daftar' is clicked on

2023-10-03 10:42:01 - [TEST_STEP][PASSED] - webDriver = getWebDriver(): null

2023-10-03 10:42:01 - [TEST_STEP][PASSED] - field_konfrim_password = webDriver.findElement(By.xpath("//input[@name="repassword"]")): null

2023-10-03 10:42:02 - [TEST_STEP][PASSED] - error_message = webDriver.executeScript("return arguments[0].validationMessage", field_konfrim_password): null

2023-10-03 10:42:02 - [TEST_STEP][PASSED] - println(error_message): null

2023-10-03 10:42:02 - [TEST_STEP][PASSED] - assert error_message == "Please fill out this field.": null]]></system-out>
         <system-err><![CDATA[]]></system-err>
      </testcase>
      <testcase name="Test Cases/T08 - Pendaftaran/TC-PF-004" time="23.702" classname="Test Cases/T08 - Pendaftaran/TC-PF-004" status="PASSED">
         <system-out><![CDATA[2023-10-03 10:42:02 - [TEST_CASE][PASSED] - Test Cases/T08 - Pendaftaran/TC-PF-004: Test Cases/T08 - Pendaftaran/TC-PF-004

2023-10-03 10:42:03 - [TEST_STEP][PASSED] - openBrowser(urlWeb): Browser is opened with url: 'https://10.9.2.63/ecommerce/'

2023-10-03 10:42:03 - [MESSAGE][WARNING] - A browser is already opened. Closing browser and opening a new one

2023-10-03 10:42:05 - [MESSAGE][INFO] - Starting 'Firefox' driver

2023-10-03 10:42:05 - [MESSAGE][INFO] - Action delay is set to 0 milliseconds

2023-10-03 10:42:15 - [MESSAGE][PASSED] - Browser is opened with url: 'https://10.9.2.63/ecommerce/'

2023-10-03 10:42:15 - [TEST_STEP][PASSED] - maximizeWindow(): Current window maximized

2023-10-03 10:42:15 - [MESSAGE][PASSED] - Current window maximized

2023-10-03 10:42:15 - [TEST_STEP][PASSED] - verifyElementPresent(findTestObject("verifikasi halaman tajalapak sebelum daftar"), 0): Object 'Object Repository/verifikasi halaman tajalapak sebelum daftar' is present

2023-10-03 10:42:15 - [MESSAGE][WARNING] - Timeout '0' is invalid. Using default page load timeout: '30'

2023-10-03 10:42:15 - [MESSAGE][PASSED] - Object 'Object Repository/verifikasi halaman tajalapak sebelum daftar' is present

2023-10-03 10:42:15 - [TEST_STEP][PASSED] - click(findTestObject("Pendaftaran/button Register")): Object: 'Object Repository/Pendaftaran/button Register' is clicked on

2023-10-03 10:42:17 - [MESSAGE][PASSED] - Object: 'Object Repository/Pendaftaran/button Register' is clicked on

2023-10-03 10:42:17 - [TEST_STEP][PASSED] - verifyElementPresent(findTestObject("Pendaftaran/verifikasi masuk helamaan daftar"), 0): Object 'Object Repository/Pendaftaran/verifikasi masuk helamaan daftar' is present

2023-10-03 10:42:17 - [MESSAGE][WARNING] - Timeout '0' is invalid. Using default page load timeout: '30'

2023-10-03 10:42:17 - [MESSAGE][PASSED] - Object 'Object Repository/Pendaftaran/verifikasi masuk helamaan daftar' is present

2023-10-03 10:42:17 - [TEST_STEP][PASSED] - setText(findTestObject("Pendaftaran/input username"), usn): Text 'anata100' is set on object 'Object Repository/Pendaftaran/input username'

2023-10-03 10:42:18 - [MESSAGE][PASSED] - Text 'anata100' is set on object 'Object Repository/Pendaftaran/input username'

2023-10-03 10:42:18 - [TEST_STEP][PASSED] - setText(findTestObject("Pendaftaran/input email"), email): Text 'ikana100@gmail.com' is set on object 'Object Repository/Pendaftaran/input email'

2023-10-03 10:42:19 - [MESSAGE][PASSED] - Text 'ikana100@gmail.com' is set on object 'Object Repository/Pendaftaran/input email'

2023-10-03 10:42:19 - [TEST_STEP][PASSED] - setText(findTestObject("Pendaftaran/input Nomor Telephon"), noHp): Text '08564' is set on object 'Object Repository/Pendaftaran/input Nomor Telephon'

2023-10-03 10:42:20 - [MESSAGE][PASSED] - Text '08564' is set on object 'Object Repository/Pendaftaran/input Nomor Telephon'

2023-10-03 10:42:20 - [TEST_STEP][PASSED] - if (toString().equalsIgnoreCase("Perempuan")): Object 'Object Repository/Pendaftaran/pilihan Wanita_jenis_kelamin' is checked

2023-10-03 10:42:20 - [TEST_STEP][PASSED] - check(findTestObject("Pendaftaran/pilihan Wanita_jenis_kelamin")): Object 'Object Repository/Pendaftaran/pilihan Wanita_jenis_kelamin' is checked

2023-10-03 10:42:21 - [MESSAGE][PASSED] - Object 'Object Repository/Pendaftaran/pilihan Wanita_jenis_kelamin' is checked

2023-10-03 10:42:21 - [TEST_STEP][PASSED] - setEncryptedText(findTestObject("Pendaftaran/input password"), "qbkrdMwyWE4="): Text ****** has been set on object 'Object Repository/Pendaftaran/input password'

2023-10-03 10:42:22 - [MESSAGE][PASSED] - Text ****** has been set on object 'Object Repository/Pendaftaran/input password'

2023-10-03 10:42:22 - [TEST_STEP][PASSED] - setEncryptedText(findTestObject("Pendaftaran/input konfirmasi password"), "qbkrdMwyWE4="): Text ****** has been set on object 'Object Repository/Pendaftaran/input konfirmasi password'

2023-10-03 10:42:23 - [MESSAGE][PASSED] - Text ****** has been set on object 'Object Repository/Pendaftaran/input konfirmasi password'

2023-10-03 10:42:23 - [TEST_STEP][PASSED] - click(findTestObject("Pendaftaran/button_Daftar")): Object: 'Object Repository/Pendaftaran/button_Daftar' is clicked on

2023-10-03 10:42:25 - [MESSAGE][PASSED] - Object: 'Object Repository/Pendaftaran/button_Daftar' is clicked on

2023-10-03 10:42:25 - [TEST_STEP][PASSED] - verifyElementText(findTestObject("Pendaftaran/GAGAL - No telpon anda tidak valid(kurang dari 11)"), "GAGAL - No telpon anda tidak valid.."): Actual text and expected text of test object 'Object Repository/Pendaftaran/GAGAL - No telpon anda tidak valid(kurang dari 11)' are matched.

2023-10-03 10:42:26 - [MESSAGE][PASSED] - Actual text and expected text of test object 'Object Repository/Pendaftaran/GAGAL - No telpon anda tidak valid(kurang dari 11)' are matched.]]></system-out>
         <system-err><![CDATA[]]></system-err>
      </testcase>
      <testcase name="Test Cases/T08 - Pendaftaran/TC-PF-005" time="27.644" classname="Test Cases/T08 - Pendaftaran/TC-PF-005" status="FAILED">
         <failure type="FAILED" message="Test Cases/T08 - Pendaftaran/TC-PF-005 FAILED.
Reason:
com.kms.katalon.core.exception.StepFailedException: Unable to verify text 'please enter valid phone number' is present 
	at com.kms.katalon.core.webui.keyword.internal.WebUIKeywordMain.stepFailed(WebUIKeywordMain.groovy:64)
	at com.kms.katalon.core.webui.keyword.internal.WebUIKeywordMain.runKeyword(WebUIKeywordMain.groovy:26)
	at com.kms.katalon.core.webui.keyword.builtin.VerifyTextPresentKeyword.verifyTextPresent(VerifyTextPresentKeyword.groovy:83)
	at com.kms.katalon.core.webui.keyword.builtin.VerifyTextPresentKeyword.execute(VerifyTextPresentKeyword.groovy:68)
	at com.kms.katalon.core.keyword.internal.KeywordExecutor.executeKeywordForPlatform(KeywordExecutor.groovy:74)
	at com.kms.katalon.core.webui.keyword.WebUiBuiltInKeywords.verifyTextPresent(WebUiBuiltInKeywords.groovy:1723)
	at com.kms.katalon.core.webui.keyword.WebUiBuiltInKeywords$verifyTextPresent$11.call(Unknown Source)
	at TC-PF-005.run(TC-PF-005:49)
	at com.kms.katalon.core.main.ScriptEngine.run(ScriptEngine.java:194)
	at com.kms.katalon.core.main.ScriptEngine.runScriptAsRawText(ScriptEngine.java:119)
	at com.kms.katalon.core.main.TestCaseExecutor.runScript(TestCaseExecutor.java:448)
	at com.kms.katalon.core.main.TestCaseExecutor.doExecute(TestCaseExecutor.java:439)
	at com.kms.katalon.core.main.TestCaseExecutor.processExecutionPhase(TestCaseExecutor.java:418)
	at com.kms.katalon.core.main.TestCaseExecutor.accessMainPhase(TestCaseExecutor.java:410)
	at com.kms.katalon.core.main.TestCaseExecutor.execute(TestCaseExecutor.java:285)
	at com.kms.katalon.core.common.CommonExecutor.accessTestCaseMainPhase(CommonExecutor.java:65)
	at com.kms.katalon.core.main.TestSuiteExecutor.accessTestSuiteMainPhase(TestSuiteExecutor.java:148)
	at com.kms.katalon.core.main.TestSuiteExecutor.execute(TestSuiteExecutor.java:106)
	at com.kms.katalon.core.main.TestCaseMain.startTestSuite(TestCaseMain.java:187)
	at com.kms.katalon.core.main.TestCaseMain$startTestSuite$0.call(Unknown Source)
	at TempTestSuite1696304188794.run(TempTestSuite1696304188794.groovy:36)
Caused by: com.kms.katalon.core.exception.StepFailedException: Text 'please enter valid phone number' is not present on page 
	at com.kms.katalon.core.webui.keyword.internal.WebUIKeywordMain.stepFailed(WebUIKeywordMain.groovy:64)
	at com.kms.katalon.core.webui.keyword.builtin.VerifyTextPresentKeyword$_verifyTextPresent_closure1.doCall(VerifyTextPresentKeyword.groovy:79)
	at com.kms.katalon.core.webui.keyword.builtin.VerifyTextPresentKeyword$_verifyTextPresent_closure1.call(VerifyTextPresentKeyword.groovy)
	at com.kms.katalon.core.webui.keyword.internal.WebUIKeywordMain.runKeyword(WebUIKeywordMain.groovy:20)
	... 19 more
"/>
         <system-out><![CDATA[2023-10-03 10:42:26 - [TEST_CASE][FAILED] - Test Cases/T08 - Pendaftaran/TC-PF-005: Test Cases/T08 - Pendaftaran/TC-PF-005 FAILED.
Reason:
com.kms.katalon.core.exception.StepFailedException: Unable to verify text 'please enter valid phone number' is present 
	at com.kms.katalon.core.webui.keyword.internal.WebUIKeywordMain.stepFailed(WebUIKeywordMain.groovy:64)
	at com.kms.katalon.core.webui.keyword.internal.WebUIKeywordMain.runKeyword(WebUIKeywordMain.groovy:26)
	at com.kms.katalon.core.webui.keyword.builtin.VerifyTextPresentKeyword.verifyTextPresent(VerifyTextPresentKeyword.groovy:83)
	at com.kms.katalon.core.webui.keyword.builtin.VerifyTextPresentKeyword.execute(VerifyTextPresentKeyword.groovy:68)
	at com.kms.katalon.core.keyword.internal.KeywordExecutor.executeKeywordForPlatform(KeywordExecutor.groovy:74)
	at com.kms.katalon.core.webui.keyword.WebUiBuiltInKeywords.verifyTextPresent(WebUiBuiltInKeywords.groovy:1723)
	at com.kms.katalon.core.webui.keyword.WebUiBuiltInKeywords$verifyTextPresent$11.call(Unknown Source)
	at TC-PF-005.run(TC-PF-005:49)
	at com.kms.katalon.core.main.ScriptEngine.run(ScriptEngine.java:194)
	at com.kms.katalon.core.main.ScriptEngine.runScriptAsRawText(ScriptEngine.java:119)
	at com.kms.katalon.core.main.TestCaseExecutor.runScript(TestCaseExecutor.java:448)
	at com.kms.katalon.core.main.TestCaseExecutor.doExecute(TestCaseExecutor.java:439)
	at com.kms.katalon.core.main.TestCaseExecutor.processExecutionPhase(TestCaseExecutor.java:418)
	at com.kms.katalon.core.main.TestCaseExecutor.accessMainPhase(TestCaseExecutor.java:410)
	at com.kms.katalon.core.main.TestCaseExecutor.execute(TestCaseExecutor.java:285)
	at com.kms.katalon.core.common.CommonExecutor.accessTestCaseMainPhase(CommonExecutor.java:65)
	at com.kms.katalon.core.main.TestSuiteExecutor.accessTestSuiteMainPhase(TestSuiteExecutor.java:148)
	at com.kms.katalon.core.main.TestSuiteExecutor.execute(TestSuiteExecutor.java:106)
	at com.kms.katalon.core.main.TestCaseMain.startTestSuite(TestCaseMain.java:187)
	at com.kms.katalon.core.main.TestCaseMain$startTestSuite$0.call(Unknown Source)
	at TempTestSuite1696304188794.run(TempTestSuite1696304188794.groovy:36)
Caused by: com.kms.katalon.core.exception.StepFailedException: Text 'please enter valid phone number' is not present on page 
	at com.kms.katalon.core.webui.keyword.internal.WebUIKeywordMain.stepFailed(WebUIKeywordMain.groovy:64)
	at com.kms.katalon.core.webui.keyword.builtin.VerifyTextPresentKeyword$_verifyTextPresent_closure1.doCall(VerifyTextPresentKeyword.groovy:79)
	at com.kms.katalon.core.webui.keyword.builtin.VerifyTextPresentKeyword$_verifyTextPresent_closure1.call(VerifyTextPresentKeyword.groovy)
	at com.kms.katalon.core.webui.keyword.internal.WebUIKeywordMain.runKeyword(WebUIKeywordMain.groovy:20)
	... 19 more


2023-10-03 10:42:27 - [TEST_STEP][PASSED] - openBrowser(urlWeb): Browser is opened with url: 'https://10.9.2.63/ecommerce/'

2023-10-03 10:42:27 - [MESSAGE][WARNING] - A browser is already opened. Closing browser and opening a new one

2023-10-03 10:42:29 - [MESSAGE][INFO] - Starting 'Firefox' driver

2023-10-03 10:42:29 - [MESSAGE][INFO] - Action delay is set to 0 milliseconds

2023-10-03 10:42:38 - [MESSAGE][PASSED] - Browser is opened with url: 'https://10.9.2.63/ecommerce/'

2023-10-03 10:42:38 - [TEST_STEP][PASSED] - maximizeWindow(): Current window maximized

2023-10-03 10:42:38 - [MESSAGE][PASSED] - Current window maximized

2023-10-03 10:42:38 - [TEST_STEP][PASSED] - verifyElementPresent(findTestObject("verifikasi halaman tajalapak sebelum daftar"), 0): Object 'Object Repository/verifikasi halaman tajalapak sebelum daftar' is present

2023-10-03 10:42:38 - [MESSAGE][WARNING] - Timeout '0' is invalid. Using default page load timeout: '30'

2023-10-03 10:42:39 - [MESSAGE][PASSED] - Object 'Object Repository/verifikasi halaman tajalapak sebelum daftar' is present

2023-10-03 10:42:39 - [TEST_STEP][PASSED] - click(findTestObject("Pendaftaran/button Register")): Object: 'Object Repository/Pendaftaran/button Register' is clicked on

2023-10-03 10:42:40 - [MESSAGE][PASSED] - Object: 'Object Repository/Pendaftaran/button Register' is clicked on

2023-10-03 10:42:40 - [TEST_STEP][PASSED] - verifyElementPresent(findTestObject("Pendaftaran/verifikasi masuk helamaan daftar"), 0): Object 'Object Repository/Pendaftaran/verifikasi masuk helamaan daftar' is present

2023-10-03 10:42:40 - [MESSAGE][WARNING] - Timeout '0' is invalid. Using default page load timeout: '30'

2023-10-03 10:42:41 - [MESSAGE][PASSED] - Object 'Object Repository/Pendaftaran/verifikasi masuk helamaan daftar' is present

2023-10-03 10:42:41 - [TEST_STEP][PASSED] - setText(findTestObject("Pendaftaran/input username"), usn): Text 'anata90' is set on object 'Object Repository/Pendaftaran/input username'

2023-10-03 10:42:42 - [MESSAGE][PASSED] - Text 'anata90' is set on object 'Object Repository/Pendaftaran/input username'

2023-10-03 10:42:42 - [TEST_STEP][PASSED] - setText(findTestObject("Pendaftaran/input email"), email): Text 'anata90@gmail.com' is set on object 'Object Repository/Pendaftaran/input email'

2023-10-03 10:42:43 - [MESSAGE][PASSED] - Text 'anata90@gmail.com' is set on object 'Object Repository/Pendaftaran/input email'

2023-10-03 10:42:43 - [TEST_STEP][PASSED] - setText(findTestObject("Pendaftaran/input Nomor Telephon"), noHp): Text '0856432187654321' is set on object 'Object Repository/Pendaftaran/input Nomor Telephon'

2023-10-03 10:42:44 - [MESSAGE][PASSED] - Text '0856432187654321' is set on object 'Object Repository/Pendaftaran/input Nomor Telephon'

2023-10-03 10:42:44 - [TEST_STEP][PASSED] - if (toString().equalsIgnoreCase("Perempuan")): Object 'Object Repository/Pendaftaran/pilihan Wanita_jenis_kelamin' is checked

2023-10-03 10:42:44 - [TEST_STEP][PASSED] - check(findTestObject("Pendaftaran/pilihan Wanita_jenis_kelamin")): Object 'Object Repository/Pendaftaran/pilihan Wanita_jenis_kelamin' is checked

2023-10-03 10:42:44 - [MESSAGE][PASSED] - Object 'Object Repository/Pendaftaran/pilihan Wanita_jenis_kelamin' is checked

2023-10-03 10:42:44 - [TEST_STEP][PASSED] - setEncryptedText(findTestObject("Pendaftaran/input password"), "qbkrdMwyWE4="): Text ****** has been set on object 'Object Repository/Pendaftaran/input password'

2023-10-03 10:42:46 - [MESSAGE][PASSED] - Text ****** has been set on object 'Object Repository/Pendaftaran/input password'

2023-10-03 10:42:46 - [TEST_STEP][PASSED] - setEncryptedText(findTestObject("Pendaftaran/input konfirmasi password"), "qbkrdMwyWE4="): Text ****** has been set on object 'Object Repository/Pendaftaran/input konfirmasi password'

2023-10-03 10:42:47 - [MESSAGE][PASSED] - Text ****** has been set on object 'Object Repository/Pendaftaran/input konfirmasi password'

2023-10-03 10:42:47 - [TEST_STEP][PASSED] - click(findTestObject("Pendaftaran/button_Daftar")): Object: 'Object Repository/Pendaftaran/button_Daftar' is clicked on

2023-10-03 10:42:51 - [MESSAGE][PASSED] - Object: 'Object Repository/Pendaftaran/button_Daftar' is clicked on

2023-10-03 10:42:51 - [TEST_STEP][FAILED] - verifyTextPresent("please enter valid phone number", false): Unable to verify text 'please enter valid phone number' is present  (Root cause: com.kms.katalon.core.exception.StepFailedException: Unable to verify text 'please enter valid phone number' is present 
	at com.kms.katalon.core.webui.keyword.internal.WebUIKeywordMain.stepFailed(WebUIKeywordMain.groovy:64)
	at com.kms.katalon.core.webui.keyword.internal.WebUIKeywordMain.runKeyword(WebUIKeywordMain.groovy:26)
	at com.kms.katalon.core.webui.keyword.builtin.VerifyTextPresentKeyword.verifyTextPresent(VerifyTextPresentKeyword.groovy:83)
	at com.kms.katalon.core.webui.keyword.builtin.VerifyTextPresentKeyword.execute(VerifyTextPresentKeyword.groovy:68)
	at com.kms.katalon.core.keyword.internal.KeywordExecutor.executeKeywordForPlatform(KeywordExecutor.groovy:74)
	at com.kms.katalon.core.webui.keyword.WebUiBuiltInKeywords.verifyTextPresent(WebUiBuiltInKeywords.groovy:1723)
	at com.kms.katalon.core.webui.keyword.WebUiBuiltInKeywords$verifyTextPresent$11.call(Unknown Source)
	at TC-PF-005.run(TC-PF-005:49)
	at com.kms.katalon.core.main.ScriptEngine.run(ScriptEngine.java:194)
	at com.kms.katalon.core.main.ScriptEngine.runScriptAsRawText(ScriptEngine.java:119)
	at com.kms.katalon.core.main.TestCaseExecutor.runScript(TestCaseExecutor.java:448)
	at com.kms.katalon.core.main.TestCaseExecutor.doExecute(TestCaseExecutor.java:439)
	at com.kms.katalon.core.main.TestCaseExecutor.processExecutionPhase(TestCaseExecutor.java:418)
	at com.kms.katalon.core.main.TestCaseExecutor.accessMainPhase(TestCaseExecutor.java:410)
	at com.kms.katalon.core.main.TestCaseExecutor.execute(TestCaseExecutor.java:285)
	at com.kms.katalon.core.common.CommonExecutor.accessTestCaseMainPhase(CommonExecutor.java:65)
	at com.kms.katalon.core.main.TestSuiteExecutor.accessTestSuiteMainPhase(TestSuiteExecutor.java:148)
	at com.kms.katalon.core.main.TestSuiteExecutor.execute(TestSuiteExecutor.java:106)
	at com.kms.katalon.core.main.TestCaseMain.startTestSuite(TestCaseMain.java:187)
	at com.kms.katalon.core.main.TestCaseMain$startTestSuite$0.call(Unknown Source)
	at TempTestSuite1696304188794.run(TempTestSuite1696304188794.groovy:36)
Caused by: com.kms.katalon.core.exception.StepFailedException: Text 'please enter valid phone number' is not present on page 
	at com.kms.katalon.core.webui.keyword.internal.WebUIKeywordMain.stepFailed(WebUIKeywordMain.groovy:64)
	at com.kms.katalon.core.webui.keyword.builtin.VerifyTextPresentKeyword$_verifyTextPresent_closure1.doCall(VerifyTextPresentKeyword.groovy:79)
	at com.kms.katalon.core.webui.keyword.builtin.VerifyTextPresentKeyword$_verifyTextPresent_closure1.call(VerifyTextPresentKeyword.groovy)
	at com.kms.katalon.core.webui.keyword.internal.WebUIKeywordMain.runKeyword(WebUIKeywordMain.groovy:20)
	... 19 more
)

2023-10-03 10:42:53 - [MESSAGE][FAILED] - Text 'please enter valid phone number' is not present on page  (Root cause: com.kms.katalon.core.exception.StepFailedException: Text 'please enter valid phone number' is not present on page 
	at com.kms.katalon.core.webui.keyword.internal.WebUIKeywordMain.stepFailed(WebUIKeywordMain.groovy:64)
	at com.kms.katalon.core.webui.keyword.builtin.VerifyTextPresentKeyword$_verifyTextPresent_closure1.doCall(VerifyTextPresentKeyword.groovy:79)
	at com.kms.katalon.core.webui.keyword.builtin.VerifyTextPresentKeyword$_verifyTextPresent_closure1.call(VerifyTextPresentKeyword.groovy)
	at com.kms.katalon.core.webui.keyword.internal.WebUIKeywordMain.runKeyword(WebUIKeywordMain.groovy:20)
	at com.kms.katalon.core.webui.keyword.builtin.VerifyTextPresentKeyword.verifyTextPresent(VerifyTextPresentKeyword.groovy:83)
	at com.kms.katalon.core.webui.keyword.builtin.VerifyTextPresentKeyword.execute(VerifyTextPresentKeyword.groovy:68)
	at com.kms.katalon.core.keyword.internal.KeywordExecutor.executeKeywordForPlatform(KeywordExecutor.groovy:74)
	at com.kms.katalon.core.webui.keyword.WebUiBuiltInKeywords.verifyTextPresent(WebUiBuiltInKeywords.groovy:1723)
	at com.kms.katalon.core.webui.keyword.WebUiBuiltInKeywords$verifyTextPresent$11.call(Unknown Source)
	at TC-PF-005.run(TC-PF-005:49)
	at com.kms.katalon.core.main.ScriptEngine.run(ScriptEngine.java:194)
	at com.kms.katalon.core.main.ScriptEngine.runScriptAsRawText(ScriptEngine.java:119)
	at com.kms.katalon.core.main.TestCaseExecutor.runScript(TestCaseExecutor.java:448)
	at com.kms.katalon.core.main.TestCaseExecutor.doExecute(TestCaseExecutor.java:439)
	at com.kms.katalon.core.main.TestCaseExecutor.processExecutionPhase(TestCaseExecutor.java:418)
	at com.kms.katalon.core.main.TestCaseExecutor.accessMainPhase(TestCaseExecutor.java:410)
	at com.kms.katalon.core.main.TestCaseExecutor.execute(TestCaseExecutor.java:285)
	at com.kms.katalon.core.common.CommonExecutor.accessTestCaseMainPhase(CommonExecutor.java:65)
	at com.kms.katalon.core.main.TestSuiteExecutor.accessTestSuiteMainPhase(TestSuiteExecutor.java:148)
	at com.kms.katalon.core.main.TestSuiteExecutor.execute(TestSuiteExecutor.java:106)
	at com.kms.katalon.core.main.TestCaseMain.startTestSuite(TestCaseMain.java:187)
	at com.kms.katalon.core.main.TestCaseMain$startTestSuite$0.call(Unknown Source)
	at TempTestSuite1696304188794.run(TempTestSuite1696304188794.groovy:36)
)

2023-10-03 10:42:53 - [MESSAGE][FAILED] - Unable to verify text 'please enter valid phone number' is present  (Root cause: com.kms.katalon.core.exception.StepFailedException: Unable to verify text 'please enter valid phone number' is present 
	at com.kms.katalon.core.webui.keyword.internal.WebUIKeywordMain.stepFailed(WebUIKeywordMain.groovy:64)
	at com.kms.katalon.core.webui.keyword.internal.WebUIKeywordMain.runKeyword(WebUIKeywordMain.groovy:26)
	at com.kms.katalon.core.webui.keyword.builtin.VerifyTextPresentKeyword.verifyTextPresent(VerifyTextPresentKeyword.groovy:83)
	at com.kms.katalon.core.webui.keyword.builtin.VerifyTextPresentKeyword.execute(VerifyTextPresentKeyword.groovy:68)
	at com.kms.katalon.core.keyword.internal.KeywordExecutor.executeKeywordForPlatform(KeywordExecutor.groovy:74)
	at com.kms.katalon.core.webui.keyword.WebUiBuiltInKeywords.verifyTextPresent(WebUiBuiltInKeywords.groovy:1723)
	at com.kms.katalon.core.webui.keyword.WebUiBuiltInKeywords$verifyTextPresent$11.call(Unknown Source)
	at TC-PF-005.run(TC-PF-005:49)
	at com.kms.katalon.core.main.ScriptEngine.run(ScriptEngine.java:194)
	at com.kms.katalon.core.main.ScriptEngine.runScriptAsRawText(ScriptEngine.java:119)
	at com.kms.katalon.core.main.TestCaseExecutor.runScript(TestCaseExecutor.java:448)
	at com.kms.katalon.core.main.TestCaseExecutor.doExecute(TestCaseExecutor.java:439)
	at com.kms.katalon.core.main.TestCaseExecutor.processExecutionPhase(TestCaseExecutor.java:418)
	at com.kms.katalon.core.main.TestCaseExecutor.accessMainPhase(TestCaseExecutor.java:410)
	at com.kms.katalon.core.main.TestCaseExecutor.execute(TestCaseExecutor.java:285)
	at com.kms.katalon.core.common.CommonExecutor.accessTestCaseMainPhase(CommonExecutor.java:65)
	at com.kms.katalon.core.main.TestSuiteExecutor.accessTestSuiteMainPhase(TestSuiteExecutor.java:148)
	at com.kms.katalon.core.main.TestSuiteExecutor.execute(TestSuiteExecutor.java:106)
	at com.kms.katalon.core.main.TestCaseMain.startTestSuite(TestCaseMain.java:187)
	at com.kms.katalon.core.main.TestCaseMain$startTestSuite$0.call(Unknown Source)
	at TempTestSuite1696304188794.run(TempTestSuite1696304188794.groovy:36)
Caused by: com.kms.katalon.core.exception.StepFailedException: Text 'please enter valid phone number' is not present on page 
	at com.kms.katalon.core.webui.keyword.internal.WebUIKeywordMain.stepFailed(WebUIKeywordMain.groovy:64)
	at com.kms.katalon.core.webui.keyword.builtin.VerifyTextPresentKeyword$_verifyTextPresent_closure1.doCall(VerifyTextPresentKeyword.groovy:79)
	at com.kms.katalon.core.webui.keyword.builtin.VerifyTextPresentKeyword$_verifyTextPresent_closure1.call(VerifyTextPresentKeyword.groovy)
	at com.kms.katalon.core.webui.keyword.internal.WebUIKeywordMain.runKeyword(WebUIKeywordMain.groovy:20)
	... 19 more
)
[[ATTACHMENT|F:\\bootcamp\\Miniproject\\Tajalapak\\Reports\\20231003_103628\\T08-Pendaftaran\\20231003_103628\\1696304573154.png]]]]></system-out>
         <system-err><![CDATA[2023-10-03 10:42:26 - [TEST_CASE][FAILED] - Test Cases/T08 - Pendaftaran/TC-PF-005: Test Cases/T08 - Pendaftaran/TC-PF-005 FAILED.
Reason:
com.kms.katalon.core.exception.StepFailedException: Unable to verify text 'please enter valid phone number' is present 
	at com.kms.katalon.core.webui.keyword.internal.WebUIKeywordMain.stepFailed(WebUIKeywordMain.groovy:64)
	at com.kms.katalon.core.webui.keyword.internal.WebUIKeywordMain.runKeyword(WebUIKeywordMain.groovy:26)
	at com.kms.katalon.core.webui.keyword.builtin.VerifyTextPresentKeyword.verifyTextPresent(VerifyTextPresentKeyword.groovy:83)
	at com.kms.katalon.core.webui.keyword.builtin.VerifyTextPresentKeyword.execute(VerifyTextPresentKeyword.groovy:68)
	at com.kms.katalon.core.keyword.internal.KeywordExecutor.executeKeywordForPlatform(KeywordExecutor.groovy:74)
	at com.kms.katalon.core.webui.keyword.WebUiBuiltInKeywords.verifyTextPresent(WebUiBuiltInKeywords.groovy:1723)
	at com.kms.katalon.core.webui.keyword.WebUiBuiltInKeywords$verifyTextPresent$11.call(Unknown Source)
	at TC-PF-005.run(TC-PF-005:49)
	at com.kms.katalon.core.main.ScriptEngine.run(ScriptEngine.java:194)
	at com.kms.katalon.core.main.ScriptEngine.runScriptAsRawText(ScriptEngine.java:119)
	at com.kms.katalon.core.main.TestCaseExecutor.runScript(TestCaseExecutor.java:448)
	at com.kms.katalon.core.main.TestCaseExecutor.doExecute(TestCaseExecutor.java:439)
	at com.kms.katalon.core.main.TestCaseExecutor.processExecutionPhase(TestCaseExecutor.java:418)
	at com.kms.katalon.core.main.TestCaseExecutor.accessMainPhase(TestCaseExecutor.java:410)
	at com.kms.katalon.core.main.TestCaseExecutor.execute(TestCaseExecutor.java:285)
	at com.kms.katalon.core.common.CommonExecutor.accessTestCaseMainPhase(CommonExecutor.java:65)
	at com.kms.katalon.core.main.TestSuiteExecutor.accessTestSuiteMainPhase(TestSuiteExecutor.java:148)
	at com.kms.katalon.core.main.TestSuiteExecutor.execute(TestSuiteExecutor.java:106)
	at com.kms.katalon.core.main.TestCaseMain.startTestSuite(TestCaseMain.java:187)
	at com.kms.katalon.core.main.TestCaseMain$startTestSuite$0.call(Unknown Source)
	at TempTestSuite1696304188794.run(TempTestSuite1696304188794.groovy:36)
Caused by: com.kms.katalon.core.exception.StepFailedException: Text 'please enter valid phone number' is not present on page 
	at com.kms.katalon.core.webui.keyword.internal.WebUIKeywordMain.stepFailed(WebUIKeywordMain.groovy:64)
	at com.kms.katalon.core.webui.keyword.builtin.VerifyTextPresentKeyword$_verifyTextPresent_closure1.doCall(VerifyTextPresentKeyword.groovy:79)
	at com.kms.katalon.core.webui.keyword.builtin.VerifyTextPresentKeyword$_verifyTextPresent_closure1.call(VerifyTextPresentKeyword.groovy)
	at com.kms.katalon.core.webui.keyword.internal.WebUIKeywordMain.runKeyword(WebUIKeywordMain.groovy:20)
	... 19 more]]></system-err>
      </testcase>
      <testcase name="Test Cases/T08 - Pendaftaran/TC-PF-006" time="27.082" classname="Test Cases/T08 - Pendaftaran/TC-PF-006" status="FAILED">
         <failure type="FAILED" message="Test Cases/T08 - Pendaftaran/TC-PF-006 FAILED.
Reason:
com.kms.katalon.core.exception.StepFailedException: Unable to verify text 'please enter valid phone number' is present 
	at com.kms.katalon.core.webui.keyword.internal.WebUIKeywordMain.stepFailed(WebUIKeywordMain.groovy:64)
	at com.kms.katalon.core.webui.keyword.internal.WebUIKeywordMain.runKeyword(WebUIKeywordMain.groovy:26)
	at com.kms.katalon.core.webui.keyword.builtin.VerifyTextPresentKeyword.verifyTextPresent(VerifyTextPresentKeyword.groovy:83)
	at com.kms.katalon.core.webui.keyword.builtin.VerifyTextPresentKeyword.execute(VerifyTextPresentKeyword.groovy:68)
	at com.kms.katalon.core.keyword.internal.KeywordExecutor.executeKeywordForPlatform(KeywordExecutor.groovy:74)
	at com.kms.katalon.core.webui.keyword.WebUiBuiltInKeywords.verifyTextPresent(WebUiBuiltInKeywords.groovy:1723)
	at com.kms.katalon.core.webui.keyword.WebUiBuiltInKeywords$verifyTextPresent$11.call(Unknown Source)
	at TC-PF-006.run(TC-PF-006:49)
	at com.kms.katalon.core.main.ScriptEngine.run(ScriptEngine.java:194)
	at com.kms.katalon.core.main.ScriptEngine.runScriptAsRawText(ScriptEngine.java:119)
	at com.kms.katalon.core.main.TestCaseExecutor.runScript(TestCaseExecutor.java:448)
	at com.kms.katalon.core.main.TestCaseExecutor.doExecute(TestCaseExecutor.java:439)
	at com.kms.katalon.core.main.TestCaseExecutor.processExecutionPhase(TestCaseExecutor.java:418)
	at com.kms.katalon.core.main.TestCaseExecutor.accessMainPhase(TestCaseExecutor.java:410)
	at com.kms.katalon.core.main.TestCaseExecutor.execute(TestCaseExecutor.java:285)
	at com.kms.katalon.core.common.CommonExecutor.accessTestCaseMainPhase(CommonExecutor.java:65)
	at com.kms.katalon.core.main.TestSuiteExecutor.accessTestSuiteMainPhase(TestSuiteExecutor.java:148)
	at com.kms.katalon.core.main.TestSuiteExecutor.execute(TestSuiteExecutor.java:106)
	at com.kms.katalon.core.main.TestCaseMain.startTestSuite(TestCaseMain.java:187)
	at com.kms.katalon.core.main.TestCaseMain$startTestSuite$0.call(Unknown Source)
	at TempTestSuite1696304188794.run(TempTestSuite1696304188794.groovy:36)
Caused by: com.kms.katalon.core.exception.StepFailedException: Text 'please enter valid phone number' is not present on page 
	at com.kms.katalon.core.webui.keyword.internal.WebUIKeywordMain.stepFailed(WebUIKeywordMain.groovy:64)
	at com.kms.katalon.core.webui.keyword.builtin.VerifyTextPresentKeyword$_verifyTextPresent_closure1.doCall(VerifyTextPresentKeyword.groovy:79)
	at com.kms.katalon.core.webui.keyword.builtin.VerifyTextPresentKeyword$_verifyTextPresent_closure1.call(VerifyTextPresentKeyword.groovy)
	at com.kms.katalon.core.webui.keyword.internal.WebUIKeywordMain.runKeyword(WebUIKeywordMain.groovy:20)
	... 19 more
"/>
         <system-out><![CDATA[2023-10-03 10:42:53 - [TEST_CASE][FAILED] - Test Cases/T08 - Pendaftaran/TC-PF-006: Test Cases/T08 - Pendaftaran/TC-PF-006 FAILED.
Reason:
com.kms.katalon.core.exception.StepFailedException: Unable to verify text 'please enter valid phone number' is present 
	at com.kms.katalon.core.webui.keyword.internal.WebUIKeywordMain.stepFailed(WebUIKeywordMain.groovy:64)
	at com.kms.katalon.core.webui.keyword.internal.WebUIKeywordMain.runKeyword(WebUIKeywordMain.groovy:26)
	at com.kms.katalon.core.webui.keyword.builtin.VerifyTextPresentKeyword.verifyTextPresent(VerifyTextPresentKeyword.groovy:83)
	at com.kms.katalon.core.webui.keyword.builtin.VerifyTextPresentKeyword.execute(VerifyTextPresentKeyword.groovy:68)
	at com.kms.katalon.core.keyword.internal.KeywordExecutor.executeKeywordForPlatform(KeywordExecutor.groovy:74)
	at com.kms.katalon.core.webui.keyword.WebUiBuiltInKeywords.verifyTextPresent(WebUiBuiltInKeywords.groovy:1723)
	at com.kms.katalon.core.webui.keyword.WebUiBuiltInKeywords$verifyTextPresent$11.call(Unknown Source)
	at TC-PF-006.run(TC-PF-006:49)
	at com.kms.katalon.core.main.ScriptEngine.run(ScriptEngine.java:194)
	at com.kms.katalon.core.main.ScriptEngine.runScriptAsRawText(ScriptEngine.java:119)
	at com.kms.katalon.core.main.TestCaseExecutor.runScript(TestCaseExecutor.java:448)
	at com.kms.katalon.core.main.TestCaseExecutor.doExecute(TestCaseExecutor.java:439)
	at com.kms.katalon.core.main.TestCaseExecutor.processExecutionPhase(TestCaseExecutor.java:418)
	at com.kms.katalon.core.main.TestCaseExecutor.accessMainPhase(TestCaseExecutor.java:410)
	at com.kms.katalon.core.main.TestCaseExecutor.execute(TestCaseExecutor.java:285)
	at com.kms.katalon.core.common.CommonExecutor.accessTestCaseMainPhase(CommonExecutor.java:65)
	at com.kms.katalon.core.main.TestSuiteExecutor.accessTestSuiteMainPhase(TestSuiteExecutor.java:148)
	at com.kms.katalon.core.main.TestSuiteExecutor.execute(TestSuiteExecutor.java:106)
	at com.kms.katalon.core.main.TestCaseMain.startTestSuite(TestCaseMain.java:187)
	at com.kms.katalon.core.main.TestCaseMain$startTestSuite$0.call(Unknown Source)
	at TempTestSuite1696304188794.run(TempTestSuite1696304188794.groovy:36)
Caused by: com.kms.katalon.core.exception.StepFailedException: Text 'please enter valid phone number' is not present on page 
	at com.kms.katalon.core.webui.keyword.internal.WebUIKeywordMain.stepFailed(WebUIKeywordMain.groovy:64)
	at com.kms.katalon.core.webui.keyword.builtin.VerifyTextPresentKeyword$_verifyTextPresent_closure1.doCall(VerifyTextPresentKeyword.groovy:79)
	at com.kms.katalon.core.webui.keyword.builtin.VerifyTextPresentKeyword$_verifyTextPresent_closure1.call(VerifyTextPresentKeyword.groovy)
	at com.kms.katalon.core.webui.keyword.internal.WebUIKeywordMain.runKeyword(WebUIKeywordMain.groovy:20)
	... 19 more


2023-10-03 10:42:55 - [TEST_STEP][PASSED] - openBrowser(urlWeb): Browser is opened with url: 'https://10.9.2.63/ecommerce/'

2023-10-03 10:42:55 - [MESSAGE][WARNING] - A browser is already opened. Closing browser and opening a new one

2023-10-03 10:42:58 - [MESSAGE][INFO] - Starting 'Firefox' driver

2023-10-03 10:42:58 - [MESSAGE][INFO] - Action delay is set to 0 milliseconds

2023-10-03 10:43:06 - [MESSAGE][PASSED] - Browser is opened with url: 'https://10.9.2.63/ecommerce/'

2023-10-03 10:43:06 - [TEST_STEP][PASSED] - maximizeWindow(): Current window maximized

2023-10-03 10:43:06 - [MESSAGE][PASSED] - Current window maximized

2023-10-03 10:43:06 - [TEST_STEP][PASSED] - verifyElementPresent(findTestObject("verifikasi halaman tajalapak sebelum daftar"), 0): Object 'Object Repository/verifikasi halaman tajalapak sebelum daftar' is present

2023-10-03 10:43:07 - [MESSAGE][WARNING] - Timeout '0' is invalid. Using default page load timeout: '30'

2023-10-03 10:43:07 - [MESSAGE][PASSED] - Object 'Object Repository/verifikasi halaman tajalapak sebelum daftar' is present

2023-10-03 10:43:07 - [TEST_STEP][PASSED] - click(findTestObject("Pendaftaran/button Register")): Object: 'Object Repository/Pendaftaran/button Register' is clicked on

2023-10-03 10:43:08 - [MESSAGE][PASSED] - Object: 'Object Repository/Pendaftaran/button Register' is clicked on

2023-10-03 10:43:08 - [TEST_STEP][PASSED] - verifyElementPresent(findTestObject("Pendaftaran/verifikasi masuk helamaan daftar"), 0): Object 'Object Repository/Pendaftaran/verifikasi masuk helamaan daftar' is present

2023-10-03 10:43:08 - [MESSAGE][WARNING] - Timeout '0' is invalid. Using default page load timeout: '30'

2023-10-03 10:43:09 - [MESSAGE][PASSED] - Object 'Object Repository/Pendaftaran/verifikasi masuk helamaan daftar' is present

2023-10-03 10:43:09 - [TEST_STEP][PASSED] - setText(findTestObject("Pendaftaran/input username"), usn): Text 'anata72' is set on object 'Object Repository/Pendaftaran/input username'

2023-10-03 10:43:10 - [MESSAGE][PASSED] - Text 'anata72' is set on object 'Object Repository/Pendaftaran/input username'

2023-10-03 10:43:10 - [TEST_STEP][PASSED] - setText(findTestObject("Pendaftaran/input email"), email): Text 'anata72@gmail.com' is set on object 'Object Repository/Pendaftaran/input email'

2023-10-03 10:43:11 - [MESSAGE][PASSED] - Text 'anata72@gmail.com' is set on object 'Object Repository/Pendaftaran/input email'

2023-10-03 10:43:11 - [TEST_STEP][PASSED] - setText(findTestObject("Pendaftaran/input Nomor Telephon"), noHp): Text '+6285643218765' is set on object 'Object Repository/Pendaftaran/input Nomor Telephon'

2023-10-03 10:43:12 - [MESSAGE][PASSED] - Text '+6285643218765' is set on object 'Object Repository/Pendaftaran/input Nomor Telephon'

2023-10-03 10:43:12 - [TEST_STEP][PASSED] - if (toString().equalsIgnoreCase("Perempuan")): Object 'Object Repository/Pendaftaran/pilihan Wanita_jenis_kelamin' is checked

2023-10-03 10:43:12 - [TEST_STEP][PASSED] - check(findTestObject("Pendaftaran/pilihan Wanita_jenis_kelamin")): Object 'Object Repository/Pendaftaran/pilihan Wanita_jenis_kelamin' is checked

2023-10-03 10:43:13 - [MESSAGE][PASSED] - Object 'Object Repository/Pendaftaran/pilihan Wanita_jenis_kelamin' is checked

2023-10-03 10:43:13 - [TEST_STEP][PASSED] - setEncryptedText(findTestObject("Pendaftaran/input password"), "qbkrdMwyWE4="): Text ****** has been set on object 'Object Repository/Pendaftaran/input password'

2023-10-03 10:43:13 - [MESSAGE][PASSED] - Text ****** has been set on object 'Object Repository/Pendaftaran/input password'

2023-10-03 10:43:13 - [TEST_STEP][PASSED] - setEncryptedText(findTestObject("Pendaftaran/input konfirmasi password"), "qbkrdMwyWE4="): Text ****** has been set on object 'Object Repository/Pendaftaran/input konfirmasi password'

2023-10-03 10:43:14 - [MESSAGE][PASSED] - Text ****** has been set on object 'Object Repository/Pendaftaran/input konfirmasi password'

2023-10-03 10:43:14 - [TEST_STEP][PASSED] - click(findTestObject("Pendaftaran/button_Daftar")): Object: 'Object Repository/Pendaftaran/button_Daftar' is clicked on

2023-10-03 10:43:18 - [MESSAGE][PASSED] - Object: 'Object Repository/Pendaftaran/button_Daftar' is clicked on

2023-10-03 10:43:18 - [TEST_STEP][FAILED] - verifyTextPresent("please enter valid phone number", false): Unable to verify text 'please enter valid phone number' is present  (Root cause: com.kms.katalon.core.exception.StepFailedException: Unable to verify text 'please enter valid phone number' is present 
	at com.kms.katalon.core.webui.keyword.internal.WebUIKeywordMain.stepFailed(WebUIKeywordMain.groovy:64)
	at com.kms.katalon.core.webui.keyword.internal.WebUIKeywordMain.runKeyword(WebUIKeywordMain.groovy:26)
	at com.kms.katalon.core.webui.keyword.builtin.VerifyTextPresentKeyword.verifyTextPresent(VerifyTextPresentKeyword.groovy:83)
	at com.kms.katalon.core.webui.keyword.builtin.VerifyTextPresentKeyword.execute(VerifyTextPresentKeyword.groovy:68)
	at com.kms.katalon.core.keyword.internal.KeywordExecutor.executeKeywordForPlatform(KeywordExecutor.groovy:74)
	at com.kms.katalon.core.webui.keyword.WebUiBuiltInKeywords.verifyTextPresent(WebUiBuiltInKeywords.groovy:1723)
	at com.kms.katalon.core.webui.keyword.WebUiBuiltInKeywords$verifyTextPresent$11.call(Unknown Source)
	at TC-PF-006.run(TC-PF-006:49)
	at com.kms.katalon.core.main.ScriptEngine.run(ScriptEngine.java:194)
	at com.kms.katalon.core.main.ScriptEngine.runScriptAsRawText(ScriptEngine.java:119)
	at com.kms.katalon.core.main.TestCaseExecutor.runScript(TestCaseExecutor.java:448)
	at com.kms.katalon.core.main.TestCaseExecutor.doExecute(TestCaseExecutor.java:439)
	at com.kms.katalon.core.main.TestCaseExecutor.processExecutionPhase(TestCaseExecutor.java:418)
	at com.kms.katalon.core.main.TestCaseExecutor.accessMainPhase(TestCaseExecutor.java:410)
	at com.kms.katalon.core.main.TestCaseExecutor.execute(TestCaseExecutor.java:285)
	at com.kms.katalon.core.common.CommonExecutor.accessTestCaseMainPhase(CommonExecutor.java:65)
	at com.kms.katalon.core.main.TestSuiteExecutor.accessTestSuiteMainPhase(TestSuiteExecutor.java:148)
	at com.kms.katalon.core.main.TestSuiteExecutor.execute(TestSuiteExecutor.java:106)
	at com.kms.katalon.core.main.TestCaseMain.startTestSuite(TestCaseMain.java:187)
	at com.kms.katalon.core.main.TestCaseMain$startTestSuite$0.call(Unknown Source)
	at TempTestSuite1696304188794.run(TempTestSuite1696304188794.groovy:36)
Caused by: com.kms.katalon.core.exception.StepFailedException: Text 'please enter valid phone number' is not present on page 
	at com.kms.katalon.core.webui.keyword.internal.WebUIKeywordMain.stepFailed(WebUIKeywordMain.groovy:64)
	at com.kms.katalon.core.webui.keyword.builtin.VerifyTextPresentKeyword$_verifyTextPresent_closure1.doCall(VerifyTextPresentKeyword.groovy:79)
	at com.kms.katalon.core.webui.keyword.builtin.VerifyTextPresentKeyword$_verifyTextPresent_closure1.call(VerifyTextPresentKeyword.groovy)
	at com.kms.katalon.core.webui.keyword.internal.WebUIKeywordMain.runKeyword(WebUIKeywordMain.groovy:20)
	... 19 more
)

2023-10-03 10:43:20 - [MESSAGE][FAILED] - Text 'please enter valid phone number' is not present on page  (Root cause: com.kms.katalon.core.exception.StepFailedException: Text 'please enter valid phone number' is not present on page 
	at com.kms.katalon.core.webui.keyword.internal.WebUIKeywordMain.stepFailed(WebUIKeywordMain.groovy:64)
	at com.kms.katalon.core.webui.keyword.builtin.VerifyTextPresentKeyword$_verifyTextPresent_closure1.doCall(VerifyTextPresentKeyword.groovy:79)
	at com.kms.katalon.core.webui.keyword.builtin.VerifyTextPresentKeyword$_verifyTextPresent_closure1.call(VerifyTextPresentKeyword.groovy)
	at com.kms.katalon.core.webui.keyword.internal.WebUIKeywordMain.runKeyword(WebUIKeywordMain.groovy:20)
	at com.kms.katalon.core.webui.keyword.builtin.VerifyTextPresentKeyword.verifyTextPresent(VerifyTextPresentKeyword.groovy:83)
	at com.kms.katalon.core.webui.keyword.builtin.VerifyTextPresentKeyword.execute(VerifyTextPresentKeyword.groovy:68)
	at com.kms.katalon.core.keyword.internal.KeywordExecutor.executeKeywordForPlatform(KeywordExecutor.groovy:74)
	at com.kms.katalon.core.webui.keyword.WebUiBuiltInKeywords.verifyTextPresent(WebUiBuiltInKeywords.groovy:1723)
	at com.kms.katalon.core.webui.keyword.WebUiBuiltInKeywords$verifyTextPresent$11.call(Unknown Source)
	at TC-PF-006.run(TC-PF-006:49)
	at com.kms.katalon.core.main.ScriptEngine.run(ScriptEngine.java:194)
	at com.kms.katalon.core.main.ScriptEngine.runScriptAsRawText(ScriptEngine.java:119)
	at com.kms.katalon.core.main.TestCaseExecutor.runScript(TestCaseExecutor.java:448)
	at com.kms.katalon.core.main.TestCaseExecutor.doExecute(TestCaseExecutor.java:439)
	at com.kms.katalon.core.main.TestCaseExecutor.processExecutionPhase(TestCaseExecutor.java:418)
	at com.kms.katalon.core.main.TestCaseExecutor.accessMainPhase(TestCaseExecutor.java:410)
	at com.kms.katalon.core.main.TestCaseExecutor.execute(TestCaseExecutor.java:285)
	at com.kms.katalon.core.common.CommonExecutor.accessTestCaseMainPhase(CommonExecutor.java:65)
	at com.kms.katalon.core.main.TestSuiteExecutor.accessTestSuiteMainPhase(TestSuiteExecutor.java:148)
	at com.kms.katalon.core.main.TestSuiteExecutor.execute(TestSuiteExecutor.java:106)
	at com.kms.katalon.core.main.TestCaseMain.startTestSuite(TestCaseMain.java:187)
	at com.kms.katalon.core.main.TestCaseMain$startTestSuite$0.call(Unknown Source)
	at TempTestSuite1696304188794.run(TempTestSuite1696304188794.groovy:36)
)

2023-10-03 10:43:20 - [MESSAGE][FAILED] - Unable to verify text 'please enter valid phone number' is present  (Root cause: com.kms.katalon.core.exception.StepFailedException: Unable to verify text 'please enter valid phone number' is present 
	at com.kms.katalon.core.webui.keyword.internal.WebUIKeywordMain.stepFailed(WebUIKeywordMain.groovy:64)
	at com.kms.katalon.core.webui.keyword.internal.WebUIKeywordMain.runKeyword(WebUIKeywordMain.groovy:26)
	at com.kms.katalon.core.webui.keyword.builtin.VerifyTextPresentKeyword.verifyTextPresent(VerifyTextPresentKeyword.groovy:83)
	at com.kms.katalon.core.webui.keyword.builtin.VerifyTextPresentKeyword.execute(VerifyTextPresentKeyword.groovy:68)
	at com.kms.katalon.core.keyword.internal.KeywordExecutor.executeKeywordForPlatform(KeywordExecutor.groovy:74)
	at com.kms.katalon.core.webui.keyword.WebUiBuiltInKeywords.verifyTextPresent(WebUiBuiltInKeywords.groovy:1723)
	at com.kms.katalon.core.webui.keyword.WebUiBuiltInKeywords$verifyTextPresent$11.call(Unknown Source)
	at TC-PF-006.run(TC-PF-006:49)
	at com.kms.katalon.core.main.ScriptEngine.run(ScriptEngine.java:194)
	at com.kms.katalon.core.main.ScriptEngine.runScriptAsRawText(ScriptEngine.java:119)
	at com.kms.katalon.core.main.TestCaseExecutor.runScript(TestCaseExecutor.java:448)
	at com.kms.katalon.core.main.TestCaseExecutor.doExecute(TestCaseExecutor.java:439)
	at com.kms.katalon.core.main.TestCaseExecutor.processExecutionPhase(TestCaseExecutor.java:418)
	at com.kms.katalon.core.main.TestCaseExecutor.accessMainPhase(TestCaseExecutor.java:410)
	at com.kms.katalon.core.main.TestCaseExecutor.execute(TestCaseExecutor.java:285)
	at com.kms.katalon.core.common.CommonExecutor.accessTestCaseMainPhase(CommonExecutor.java:65)
	at com.kms.katalon.core.main.TestSuiteExecutor.accessTestSuiteMainPhase(TestSuiteExecutor.java:148)
	at com.kms.katalon.core.main.TestSuiteExecutor.execute(TestSuiteExecutor.java:106)
	at com.kms.katalon.core.main.TestCaseMain.startTestSuite(TestCaseMain.java:187)
	at com.kms.katalon.core.main.TestCaseMain$startTestSuite$0.call(Unknown Source)
	at TempTestSuite1696304188794.run(TempTestSuite1696304188794.groovy:36)
Caused by: com.kms.katalon.core.exception.StepFailedException: Text 'please enter valid phone number' is not present on page 
	at com.kms.katalon.core.webui.keyword.internal.WebUIKeywordMain.stepFailed(WebUIKeywordMain.groovy:64)
	at com.kms.katalon.core.webui.keyword.builtin.VerifyTextPresentKeyword$_verifyTextPresent_closure1.doCall(VerifyTextPresentKeyword.groovy:79)
	at com.kms.katalon.core.webui.keyword.builtin.VerifyTextPresentKeyword$_verifyTextPresent_closure1.call(VerifyTextPresentKeyword.groovy)
	at com.kms.katalon.core.webui.keyword.internal.WebUIKeywordMain.runKeyword(WebUIKeywordMain.groovy:20)
	... 19 more
)
[[ATTACHMENT|F:\\bootcamp\\Miniproject\\Tajalapak\\Reports\\20231003_103628\\T08-Pendaftaran\\20231003_103628\\1696304600343.png]]]]></system-out>
         <system-err><![CDATA[2023-10-03 10:42:53 - [TEST_CASE][FAILED] - Test Cases/T08 - Pendaftaran/TC-PF-006: Test Cases/T08 - Pendaftaran/TC-PF-006 FAILED.
Reason:
com.kms.katalon.core.exception.StepFailedException: Unable to verify text 'please enter valid phone number' is present 
	at com.kms.katalon.core.webui.keyword.internal.WebUIKeywordMain.stepFailed(WebUIKeywordMain.groovy:64)
	at com.kms.katalon.core.webui.keyword.internal.WebUIKeywordMain.runKeyword(WebUIKeywordMain.groovy:26)
	at com.kms.katalon.core.webui.keyword.builtin.VerifyTextPresentKeyword.verifyTextPresent(VerifyTextPresentKeyword.groovy:83)
	at com.kms.katalon.core.webui.keyword.builtin.VerifyTextPresentKeyword.execute(VerifyTextPresentKeyword.groovy:68)
	at com.kms.katalon.core.keyword.internal.KeywordExecutor.executeKeywordForPlatform(KeywordExecutor.groovy:74)
	at com.kms.katalon.core.webui.keyword.WebUiBuiltInKeywords.verifyTextPresent(WebUiBuiltInKeywords.groovy:1723)
	at com.kms.katalon.core.webui.keyword.WebUiBuiltInKeywords$verifyTextPresent$11.call(Unknown Source)
	at TC-PF-006.run(TC-PF-006:49)
	at com.kms.katalon.core.main.ScriptEngine.run(ScriptEngine.java:194)
	at com.kms.katalon.core.main.ScriptEngine.runScriptAsRawText(ScriptEngine.java:119)
	at com.kms.katalon.core.main.TestCaseExecutor.runScript(TestCaseExecutor.java:448)
	at com.kms.katalon.core.main.TestCaseExecutor.doExecute(TestCaseExecutor.java:439)
	at com.kms.katalon.core.main.TestCaseExecutor.processExecutionPhase(TestCaseExecutor.java:418)
	at com.kms.katalon.core.main.TestCaseExecutor.accessMainPhase(TestCaseExecutor.java:410)
	at com.kms.katalon.core.main.TestCaseExecutor.execute(TestCaseExecutor.java:285)
	at com.kms.katalon.core.common.CommonExecutor.accessTestCaseMainPhase(CommonExecutor.java:65)
	at com.kms.katalon.core.main.TestSuiteExecutor.accessTestSuiteMainPhase(TestSuiteExecutor.java:148)
	at com.kms.katalon.core.main.TestSuiteExecutor.execute(TestSuiteExecutor.java:106)
	at com.kms.katalon.core.main.TestCaseMain.startTestSuite(TestCaseMain.java:187)
	at com.kms.katalon.core.main.TestCaseMain$startTestSuite$0.call(Unknown Source)
	at TempTestSuite1696304188794.run(TempTestSuite1696304188794.groovy:36)
Caused by: com.kms.katalon.core.exception.StepFailedException: Text 'please enter valid phone number' is not present on page 
	at com.kms.katalon.core.webui.keyword.internal.WebUIKeywordMain.stepFailed(WebUIKeywordMain.groovy:64)
	at com.kms.katalon.core.webui.keyword.builtin.VerifyTextPresentKeyword$_verifyTextPresent_closure1.doCall(VerifyTextPresentKeyword.groovy:79)
	at com.kms.katalon.core.webui.keyword.builtin.VerifyTextPresentKeyword$_verifyTextPresent_closure1.call(VerifyTextPresentKeyword.groovy)
	at com.kms.katalon.core.webui.keyword.internal.WebUIKeywordMain.runKeyword(WebUIKeywordMain.groovy:20)
	... 19 more]]></system-err>
      </testcase>
      <testcase name="Test Cases/T08 - Pendaftaran/TC-PF-007" time="27.167" classname="Test Cases/T08 - Pendaftaran/TC-PF-007" status="FAILED">
         <failure type="FAILED" message="Test Cases/T08 - Pendaftaran/TC-PF-007 FAILED.
Reason:
com.kms.katalon.core.exception.StepFailedException: Unable to verify text 'password must include alpanumeric' is present 
	at com.kms.katalon.core.webui.keyword.internal.WebUIKeywordMain.stepFailed(WebUIKeywordMain.groovy:64)
	at com.kms.katalon.core.webui.keyword.internal.WebUIKeywordMain.runKeyword(WebUIKeywordMain.groovy:26)
	at com.kms.katalon.core.webui.keyword.builtin.VerifyTextPresentKeyword.verifyTextPresent(VerifyTextPresentKeyword.groovy:83)
	at com.kms.katalon.core.webui.keyword.builtin.VerifyTextPresentKeyword.execute(VerifyTextPresentKeyword.groovy:68)
	at com.kms.katalon.core.keyword.internal.KeywordExecutor.executeKeywordForPlatform(KeywordExecutor.groovy:74)
	at com.kms.katalon.core.webui.keyword.WebUiBuiltInKeywords.verifyTextPresent(WebUiBuiltInKeywords.groovy:1723)
	at com.kms.katalon.core.webui.keyword.WebUiBuiltInKeywords$verifyTextPresent$11.call(Unknown Source)
	at TC-PF-007.run(TC-PF-007:49)
	at com.kms.katalon.core.main.ScriptEngine.run(ScriptEngine.java:194)
	at com.kms.katalon.core.main.ScriptEngine.runScriptAsRawText(ScriptEngine.java:119)
	at com.kms.katalon.core.main.TestCaseExecutor.runScript(TestCaseExecutor.java:448)
	at com.kms.katalon.core.main.TestCaseExecutor.doExecute(TestCaseExecutor.java:439)
	at com.kms.katalon.core.main.TestCaseExecutor.processExecutionPhase(TestCaseExecutor.java:418)
	at com.kms.katalon.core.main.TestCaseExecutor.accessMainPhase(TestCaseExecutor.java:410)
	at com.kms.katalon.core.main.TestCaseExecutor.execute(TestCaseExecutor.java:285)
	at com.kms.katalon.core.common.CommonExecutor.accessTestCaseMainPhase(CommonExecutor.java:65)
	at com.kms.katalon.core.main.TestSuiteExecutor.accessTestSuiteMainPhase(TestSuiteExecutor.java:148)
	at com.kms.katalon.core.main.TestSuiteExecutor.execute(TestSuiteExecutor.java:106)
	at com.kms.katalon.core.main.TestCaseMain.startTestSuite(TestCaseMain.java:187)
	at com.kms.katalon.core.main.TestCaseMain$startTestSuite$0.call(Unknown Source)
	at TempTestSuite1696304188794.run(TempTestSuite1696304188794.groovy:36)
Caused by: com.kms.katalon.core.exception.StepFailedException: Text 'password must include alpanumeric' is not present on page 
	at com.kms.katalon.core.webui.keyword.internal.WebUIKeywordMain.stepFailed(WebUIKeywordMain.groovy:64)
	at com.kms.katalon.core.webui.keyword.builtin.VerifyTextPresentKeyword$_verifyTextPresent_closure1.doCall(VerifyTextPresentKeyword.groovy:79)
	at com.kms.katalon.core.webui.keyword.builtin.VerifyTextPresentKeyword$_verifyTextPresent_closure1.call(VerifyTextPresentKeyword.groovy)
	at com.kms.katalon.core.webui.keyword.internal.WebUIKeywordMain.runKeyword(WebUIKeywordMain.groovy:20)
	... 19 more
"/>
         <system-out><![CDATA[2023-10-03 10:43:20 - [TEST_CASE][FAILED] - Test Cases/T08 - Pendaftaran/TC-PF-007: Test Cases/T08 - Pendaftaran/TC-PF-007 FAILED.
Reason:
com.kms.katalon.core.exception.StepFailedException: Unable to verify text 'password must include alpanumeric' is present 
	at com.kms.katalon.core.webui.keyword.internal.WebUIKeywordMain.stepFailed(WebUIKeywordMain.groovy:64)
	at com.kms.katalon.core.webui.keyword.internal.WebUIKeywordMain.runKeyword(WebUIKeywordMain.groovy:26)
	at com.kms.katalon.core.webui.keyword.builtin.VerifyTextPresentKeyword.verifyTextPresent(VerifyTextPresentKeyword.groovy:83)
	at com.kms.katalon.core.webui.keyword.builtin.VerifyTextPresentKeyword.execute(VerifyTextPresentKeyword.groovy:68)
	at com.kms.katalon.core.keyword.internal.KeywordExecutor.executeKeywordForPlatform(KeywordExecutor.groovy:74)
	at com.kms.katalon.core.webui.keyword.WebUiBuiltInKeywords.verifyTextPresent(WebUiBuiltInKeywords.groovy:1723)
	at com.kms.katalon.core.webui.keyword.WebUiBuiltInKeywords$verifyTextPresent$11.call(Unknown Source)
	at TC-PF-007.run(TC-PF-007:49)
	at com.kms.katalon.core.main.ScriptEngine.run(ScriptEngine.java:194)
	at com.kms.katalon.core.main.ScriptEngine.runScriptAsRawText(ScriptEngine.java:119)
	at com.kms.katalon.core.main.TestCaseExecutor.runScript(TestCaseExecutor.java:448)
	at com.kms.katalon.core.main.TestCaseExecutor.doExecute(TestCaseExecutor.java:439)
	at com.kms.katalon.core.main.TestCaseExecutor.processExecutionPhase(TestCaseExecutor.java:418)
	at com.kms.katalon.core.main.TestCaseExecutor.accessMainPhase(TestCaseExecutor.java:410)
	at com.kms.katalon.core.main.TestCaseExecutor.execute(TestCaseExecutor.java:285)
	at com.kms.katalon.core.common.CommonExecutor.accessTestCaseMainPhase(CommonExecutor.java:65)
	at com.kms.katalon.core.main.TestSuiteExecutor.accessTestSuiteMainPhase(TestSuiteExecutor.java:148)
	at com.kms.katalon.core.main.TestSuiteExecutor.execute(TestSuiteExecutor.java:106)
	at com.kms.katalon.core.main.TestCaseMain.startTestSuite(TestCaseMain.java:187)
	at com.kms.katalon.core.main.TestCaseMain$startTestSuite$0.call(Unknown Source)
	at TempTestSuite1696304188794.run(TempTestSuite1696304188794.groovy:36)
Caused by: com.kms.katalon.core.exception.StepFailedException: Text 'password must include alpanumeric' is not present on page 
	at com.kms.katalon.core.webui.keyword.internal.WebUIKeywordMain.stepFailed(WebUIKeywordMain.groovy:64)
	at com.kms.katalon.core.webui.keyword.builtin.VerifyTextPresentKeyword$_verifyTextPresent_closure1.doCall(VerifyTextPresentKeyword.groovy:79)
	at com.kms.katalon.core.webui.keyword.builtin.VerifyTextPresentKeyword$_verifyTextPresent_closure1.call(VerifyTextPresentKeyword.groovy)
	at com.kms.katalon.core.webui.keyword.internal.WebUIKeywordMain.runKeyword(WebUIKeywordMain.groovy:20)
	... 19 more


2023-10-03 10:43:21 - [TEST_STEP][PASSED] - openBrowser(urlWeb): Browser is opened with url: 'https://10.9.2.63/ecommerce/'

2023-10-03 10:43:21 - [MESSAGE][WARNING] - A browser is already opened. Closing browser and opening a new one

2023-10-03 10:43:23 - [MESSAGE][INFO] - Starting 'Firefox' driver

2023-10-03 10:43:23 - [MESSAGE][INFO] - Action delay is set to 0 milliseconds

2023-10-03 10:43:32 - [MESSAGE][PASSED] - Browser is opened with url: 'https://10.9.2.63/ecommerce/'

2023-10-03 10:43:32 - [TEST_STEP][PASSED] - maximizeWindow(): Current window maximized

2023-10-03 10:43:32 - [MESSAGE][PASSED] - Current window maximized

2023-10-03 10:43:32 - [TEST_STEP][PASSED] - verifyElementPresent(findTestObject("verifikasi halaman tajalapak sebelum daftar"), 0): Object 'Object Repository/verifikasi halaman tajalapak sebelum daftar' is present

2023-10-03 10:43:33 - [MESSAGE][WARNING] - Timeout '0' is invalid. Using default page load timeout: '30'

2023-10-03 10:43:33 - [MESSAGE][PASSED] - Object 'Object Repository/verifikasi halaman tajalapak sebelum daftar' is present

2023-10-03 10:43:33 - [TEST_STEP][PASSED] - click(findTestObject("Pendaftaran/button Register")): Object: 'Object Repository/Pendaftaran/button Register' is clicked on

2023-10-03 10:43:34 - [MESSAGE][PASSED] - Object: 'Object Repository/Pendaftaran/button Register' is clicked on

2023-10-03 10:43:34 - [TEST_STEP][PASSED] - verifyElementPresent(findTestObject("Pendaftaran/verifikasi masuk helamaan daftar"), 0): Object 'Object Repository/Pendaftaran/verifikasi masuk helamaan daftar' is present

2023-10-03 10:43:35 - [MESSAGE][WARNING] - Timeout '0' is invalid. Using default page load timeout: '30'

2023-10-03 10:43:35 - [MESSAGE][PASSED] - Object 'Object Repository/Pendaftaran/verifikasi masuk helamaan daftar' is present

2023-10-03 10:43:35 - [TEST_STEP][PASSED] - setText(findTestObject("Pendaftaran/input username"), usn): Text 'anata73' is set on object 'Object Repository/Pendaftaran/input username'

2023-10-03 10:43:36 - [MESSAGE][PASSED] - Text 'anata73' is set on object 'Object Repository/Pendaftaran/input username'

2023-10-03 10:43:36 - [TEST_STEP][PASSED] - setText(findTestObject("Pendaftaran/input email"), email): Text 'anata73@gmail.com' is set on object 'Object Repository/Pendaftaran/input email'

2023-10-03 10:43:37 - [MESSAGE][PASSED] - Text 'anata73@gmail.com' is set on object 'Object Repository/Pendaftaran/input email'

2023-10-03 10:43:37 - [TEST_STEP][PASSED] - setText(findTestObject("Pendaftaran/input Nomor Telephon"), noHp): Text '085643218765' is set on object 'Object Repository/Pendaftaran/input Nomor Telephon'

2023-10-03 10:43:38 - [MESSAGE][PASSED] - Text '085643218765' is set on object 'Object Repository/Pendaftaran/input Nomor Telephon'

2023-10-03 10:43:38 - [TEST_STEP][PASSED] - if (toString().equalsIgnoreCase("Perempuan")): Object 'Object Repository/Pendaftaran/pilihan Wanita_jenis_kelamin' is checked

2023-10-03 10:43:38 - [TEST_STEP][PASSED] - check(findTestObject("Pendaftaran/pilihan Wanita_jenis_kelamin")): Object 'Object Repository/Pendaftaran/pilihan Wanita_jenis_kelamin' is checked

2023-10-03 10:43:39 - [MESSAGE][PASSED] - Object 'Object Repository/Pendaftaran/pilihan Wanita_jenis_kelamin' is checked

2023-10-03 10:43:39 - [TEST_STEP][PASSED] - setEncryptedText(findTestObject("Pendaftaran/input password"), "NqvfBr/61hkKg4Ngn0KWJw=="): Text ****** has been set on object 'Object Repository/Pendaftaran/input password'

2023-10-03 10:43:40 - [MESSAGE][PASSED] - Text ****** has been set on object 'Object Repository/Pendaftaran/input password'

2023-10-03 10:43:40 - [TEST_STEP][PASSED] - setEncryptedText(findTestObject("Pendaftaran/input konfirmasi password"), "NqvfBr/61hkKg4Ngn0KWJw=="): Text ****** has been set on object 'Object Repository/Pendaftaran/input konfirmasi password'

2023-10-03 10:43:41 - [MESSAGE][PASSED] - Text ****** has been set on object 'Object Repository/Pendaftaran/input konfirmasi password'

2023-10-03 10:43:41 - [TEST_STEP][PASSED] - click(findTestObject("Pendaftaran/button_Daftar")): Object: 'Object Repository/Pendaftaran/button_Daftar' is clicked on

2023-10-03 10:43:45 - [MESSAGE][PASSED] - Object: 'Object Repository/Pendaftaran/button_Daftar' is clicked on

2023-10-03 10:43:45 - [TEST_STEP][FAILED] - verifyTextPresent("password must include alpanumeric", false): Unable to verify text 'password must include alpanumeric' is present  (Root cause: com.kms.katalon.core.exception.StepFailedException: Unable to verify text 'password must include alpanumeric' is present 
	at com.kms.katalon.core.webui.keyword.internal.WebUIKeywordMain.stepFailed(WebUIKeywordMain.groovy:64)
	at com.kms.katalon.core.webui.keyword.internal.WebUIKeywordMain.runKeyword(WebUIKeywordMain.groovy:26)
	at com.kms.katalon.core.webui.keyword.builtin.VerifyTextPresentKeyword.verifyTextPresent(VerifyTextPresentKeyword.groovy:83)
	at com.kms.katalon.core.webui.keyword.builtin.VerifyTextPresentKeyword.execute(VerifyTextPresentKeyword.groovy:68)
	at com.kms.katalon.core.keyword.internal.KeywordExecutor.executeKeywordForPlatform(KeywordExecutor.groovy:74)
	at com.kms.katalon.core.webui.keyword.WebUiBuiltInKeywords.verifyTextPresent(WebUiBuiltInKeywords.groovy:1723)
	at com.kms.katalon.core.webui.keyword.WebUiBuiltInKeywords$verifyTextPresent$11.call(Unknown Source)
	at TC-PF-007.run(TC-PF-007:49)
	at com.kms.katalon.core.main.ScriptEngine.run(ScriptEngine.java:194)
	at com.kms.katalon.core.main.ScriptEngine.runScriptAsRawText(ScriptEngine.java:119)
	at com.kms.katalon.core.main.TestCaseExecutor.runScript(TestCaseExecutor.java:448)
	at com.kms.katalon.core.main.TestCaseExecutor.doExecute(TestCaseExecutor.java:439)
	at com.kms.katalon.core.main.TestCaseExecutor.processExecutionPhase(TestCaseExecutor.java:418)
	at com.kms.katalon.core.main.TestCaseExecutor.accessMainPhase(TestCaseExecutor.java:410)
	at com.kms.katalon.core.main.TestCaseExecutor.execute(TestCaseExecutor.java:285)
	at com.kms.katalon.core.common.CommonExecutor.accessTestCaseMainPhase(CommonExecutor.java:65)
	at com.kms.katalon.core.main.TestSuiteExecutor.accessTestSuiteMainPhase(TestSuiteExecutor.java:148)
	at com.kms.katalon.core.main.TestSuiteExecutor.execute(TestSuiteExecutor.java:106)
	at com.kms.katalon.core.main.TestCaseMain.startTestSuite(TestCaseMain.java:187)
	at com.kms.katalon.core.main.TestCaseMain$startTestSuite$0.call(Unknown Source)
	at TempTestSuite1696304188794.run(TempTestSuite1696304188794.groovy:36)
Caused by: com.kms.katalon.core.exception.StepFailedException: Text 'password must include alpanumeric' is not present on page 
	at com.kms.katalon.core.webui.keyword.internal.WebUIKeywordMain.stepFailed(WebUIKeywordMain.groovy:64)
	at com.kms.katalon.core.webui.keyword.builtin.VerifyTextPresentKeyword$_verifyTextPresent_closure1.doCall(VerifyTextPresentKeyword.groovy:79)
	at com.kms.katalon.core.webui.keyword.builtin.VerifyTextPresentKeyword$_verifyTextPresent_closure1.call(VerifyTextPresentKeyword.groovy)
	at com.kms.katalon.core.webui.keyword.internal.WebUIKeywordMain.runKeyword(WebUIKeywordMain.groovy:20)
	... 19 more
)

2023-10-03 10:43:47 - [MESSAGE][FAILED] - Text 'password must include alpanumeric' is not present on page  (Root cause: com.kms.katalon.core.exception.StepFailedException: Text 'password must include alpanumeric' is not present on page 
	at com.kms.katalon.core.webui.keyword.internal.WebUIKeywordMain.stepFailed(WebUIKeywordMain.groovy:64)
	at com.kms.katalon.core.webui.keyword.builtin.VerifyTextPresentKeyword$_verifyTextPresent_closure1.doCall(VerifyTextPresentKeyword.groovy:79)
	at com.kms.katalon.core.webui.keyword.builtin.VerifyTextPresentKeyword$_verifyTextPresent_closure1.call(VerifyTextPresentKeyword.groovy)
	at com.kms.katalon.core.webui.keyword.internal.WebUIKeywordMain.runKeyword(WebUIKeywordMain.groovy:20)
	at com.kms.katalon.core.webui.keyword.builtin.VerifyTextPresentKeyword.verifyTextPresent(VerifyTextPresentKeyword.groovy:83)
	at com.kms.katalon.core.webui.keyword.builtin.VerifyTextPresentKeyword.execute(VerifyTextPresentKeyword.groovy:68)
	at com.kms.katalon.core.keyword.internal.KeywordExecutor.executeKeywordForPlatform(KeywordExecutor.groovy:74)
	at com.kms.katalon.core.webui.keyword.WebUiBuiltInKeywords.verifyTextPresent(WebUiBuiltInKeywords.groovy:1723)
	at com.kms.katalon.core.webui.keyword.WebUiBuiltInKeywords$verifyTextPresent$11.call(Unknown Source)
	at TC-PF-007.run(TC-PF-007:49)
	at com.kms.katalon.core.main.ScriptEngine.run(ScriptEngine.java:194)
	at com.kms.katalon.core.main.ScriptEngine.runScriptAsRawText(ScriptEngine.java:119)
	at com.kms.katalon.core.main.TestCaseExecutor.runScript(TestCaseExecutor.java:448)
	at com.kms.katalon.core.main.TestCaseExecutor.doExecute(TestCaseExecutor.java:439)
	at com.kms.katalon.core.main.TestCaseExecutor.processExecutionPhase(TestCaseExecutor.java:418)
	at com.kms.katalon.core.main.TestCaseExecutor.accessMainPhase(TestCaseExecutor.java:410)
	at com.kms.katalon.core.main.TestCaseExecutor.execute(TestCaseExecutor.java:285)
	at com.kms.katalon.core.common.CommonExecutor.accessTestCaseMainPhase(CommonExecutor.java:65)
	at com.kms.katalon.core.main.TestSuiteExecutor.accessTestSuiteMainPhase(TestSuiteExecutor.java:148)
	at com.kms.katalon.core.main.TestSuiteExecutor.execute(TestSuiteExecutor.java:106)
	at com.kms.katalon.core.main.TestCaseMain.startTestSuite(TestCaseMain.java:187)
	at com.kms.katalon.core.main.TestCaseMain$startTestSuite$0.call(Unknown Source)
	at TempTestSuite1696304188794.run(TempTestSuite1696304188794.groovy:36)
)

2023-10-03 10:43:48 - [MESSAGE][FAILED] - Unable to verify text 'password must include alpanumeric' is present  (Root cause: com.kms.katalon.core.exception.StepFailedException: Unable to verify text 'password must include alpanumeric' is present 
	at com.kms.katalon.core.webui.keyword.internal.WebUIKeywordMain.stepFailed(WebUIKeywordMain.groovy:64)
	at com.kms.katalon.core.webui.keyword.internal.WebUIKeywordMain.runKeyword(WebUIKeywordMain.groovy:26)
	at com.kms.katalon.core.webui.keyword.builtin.VerifyTextPresentKeyword.verifyTextPresent(VerifyTextPresentKeyword.groovy:83)
	at com.kms.katalon.core.webui.keyword.builtin.VerifyTextPresentKeyword.execute(VerifyTextPresentKeyword.groovy:68)
	at com.kms.katalon.core.keyword.internal.KeywordExecutor.executeKeywordForPlatform(KeywordExecutor.groovy:74)
	at com.kms.katalon.core.webui.keyword.WebUiBuiltInKeywords.verifyTextPresent(WebUiBuiltInKeywords.groovy:1723)
	at com.kms.katalon.core.webui.keyword.WebUiBuiltInKeywords$verifyTextPresent$11.call(Unknown Source)
	at TC-PF-007.run(TC-PF-007:49)
	at com.kms.katalon.core.main.ScriptEngine.run(ScriptEngine.java:194)
	at com.kms.katalon.core.main.ScriptEngine.runScriptAsRawText(ScriptEngine.java:119)
	at com.kms.katalon.core.main.TestCaseExecutor.runScript(TestCaseExecutor.java:448)
	at com.kms.katalon.core.main.TestCaseExecutor.doExecute(TestCaseExecutor.java:439)
	at com.kms.katalon.core.main.TestCaseExecutor.processExecutionPhase(TestCaseExecutor.java:418)
	at com.kms.katalon.core.main.TestCaseExecutor.accessMainPhase(TestCaseExecutor.java:410)
	at com.kms.katalon.core.main.TestCaseExecutor.execute(TestCaseExecutor.java:285)
	at com.kms.katalon.core.common.CommonExecutor.accessTestCaseMainPhase(CommonExecutor.java:65)
	at com.kms.katalon.core.main.TestSuiteExecutor.accessTestSuiteMainPhase(TestSuiteExecutor.java:148)
	at com.kms.katalon.core.main.TestSuiteExecutor.execute(TestSuiteExecutor.java:106)
	at com.kms.katalon.core.main.TestCaseMain.startTestSuite(TestCaseMain.java:187)
	at com.kms.katalon.core.main.TestCaseMain$startTestSuite$0.call(Unknown Source)
	at TempTestSuite1696304188794.run(TempTestSuite1696304188794.groovy:36)
Caused by: com.kms.katalon.core.exception.StepFailedException: Text 'password must include alpanumeric' is not present on page 
	at com.kms.katalon.core.webui.keyword.internal.WebUIKeywordMain.stepFailed(WebUIKeywordMain.groovy:64)
	at com.kms.katalon.core.webui.keyword.builtin.VerifyTextPresentKeyword$_verifyTextPresent_closure1.doCall(VerifyTextPresentKeyword.groovy:79)
	at com.kms.katalon.core.webui.keyword.builtin.VerifyTextPresentKeyword$_verifyTextPresent_closure1.call(VerifyTextPresentKeyword.groovy)
	at com.kms.katalon.core.webui.keyword.internal.WebUIKeywordMain.runKeyword(WebUIKeywordMain.groovy:20)
	... 19 more
)
[[ATTACHMENT|F:\\bootcamp\\Miniproject\\Tajalapak\\Reports\\20231003_103628\\T08-Pendaftaran\\20231003_103628\\1696304627652.png]]]]></system-out>
         <system-err><![CDATA[2023-10-03 10:43:20 - [TEST_CASE][FAILED] - Test Cases/T08 - Pendaftaran/TC-PF-007: Test Cases/T08 - Pendaftaran/TC-PF-007 FAILED.
Reason:
com.kms.katalon.core.exception.StepFailedException: Unable to verify text 'password must include alpanumeric' is present 
	at com.kms.katalon.core.webui.keyword.internal.WebUIKeywordMain.stepFailed(WebUIKeywordMain.groovy:64)
	at com.kms.katalon.core.webui.keyword.internal.WebUIKeywordMain.runKeyword(WebUIKeywordMain.groovy:26)
	at com.kms.katalon.core.webui.keyword.builtin.VerifyTextPresentKeyword.verifyTextPresent(VerifyTextPresentKeyword.groovy:83)
	at com.kms.katalon.core.webui.keyword.builtin.VerifyTextPresentKeyword.execute(VerifyTextPresentKeyword.groovy:68)
	at com.kms.katalon.core.keyword.internal.KeywordExecutor.executeKeywordForPlatform(KeywordExecutor.groovy:74)
	at com.kms.katalon.core.webui.keyword.WebUiBuiltInKeywords.verifyTextPresent(WebUiBuiltInKeywords.groovy:1723)
	at com.kms.katalon.core.webui.keyword.WebUiBuiltInKeywords$verifyTextPresent$11.call(Unknown Source)
	at TC-PF-007.run(TC-PF-007:49)
	at com.kms.katalon.core.main.ScriptEngine.run(ScriptEngine.java:194)
	at com.kms.katalon.core.main.ScriptEngine.runScriptAsRawText(ScriptEngine.java:119)
	at com.kms.katalon.core.main.TestCaseExecutor.runScript(TestCaseExecutor.java:448)
	at com.kms.katalon.core.main.TestCaseExecutor.doExecute(TestCaseExecutor.java:439)
	at com.kms.katalon.core.main.TestCaseExecutor.processExecutionPhase(TestCaseExecutor.java:418)
	at com.kms.katalon.core.main.TestCaseExecutor.accessMainPhase(TestCaseExecutor.java:410)
	at com.kms.katalon.core.main.TestCaseExecutor.execute(TestCaseExecutor.java:285)
	at com.kms.katalon.core.common.CommonExecutor.accessTestCaseMainPhase(CommonExecutor.java:65)
	at com.kms.katalon.core.main.TestSuiteExecutor.accessTestSuiteMainPhase(TestSuiteExecutor.java:148)
	at com.kms.katalon.core.main.TestSuiteExecutor.execute(TestSuiteExecutor.java:106)
	at com.kms.katalon.core.main.TestCaseMain.startTestSuite(TestCaseMain.java:187)
	at com.kms.katalon.core.main.TestCaseMain$startTestSuite$0.call(Unknown Source)
	at TempTestSuite1696304188794.run(TempTestSuite1696304188794.groovy:36)
Caused by: com.kms.katalon.core.exception.StepFailedException: Text 'password must include alpanumeric' is not present on page 
	at com.kms.katalon.core.webui.keyword.internal.WebUIKeywordMain.stepFailed(WebUIKeywordMain.groovy:64)
	at com.kms.katalon.core.webui.keyword.builtin.VerifyTextPresentKeyword$_verifyTextPresent_closure1.doCall(VerifyTextPresentKeyword.groovy:79)
	at com.kms.katalon.core.webui.keyword.builtin.VerifyTextPresentKeyword$_verifyTextPresent_closure1.call(VerifyTextPresentKeyword.groovy)
	at com.kms.katalon.core.webui.keyword.internal.WebUIKeywordMain.runKeyword(WebUIKeywordMain.groovy:20)
	... 19 more]]></system-err>
      </testcase>
      <testcase name="Test Cases/T08 - Pendaftaran/TC-PF-008" time="23.069" classname="Test Cases/T08 - Pendaftaran/TC-PF-008" status="PASSED">
         <system-out><![CDATA[2023-10-03 10:43:48 - [TEST_CASE][PASSED] - Test Cases/T08 - Pendaftaran/TC-PF-008: Test Cases/T08 - Pendaftaran/TC-PF-008

2023-10-03 10:43:49 - [TEST_STEP][PASSED] - openBrowser(urlWeb): Browser is opened with url: 'https://10.9.2.63/ecommerce/'

2023-10-03 10:43:49 - [MESSAGE][WARNING] - A browser is already opened. Closing browser and opening a new one

2023-10-03 10:43:51 - [MESSAGE][INFO] - Starting 'Firefox' driver

2023-10-03 10:43:51 - [MESSAGE][INFO] - Action delay is set to 0 milliseconds

2023-10-03 10:43:59 - [MESSAGE][PASSED] - Browser is opened with url: 'https://10.9.2.63/ecommerce/'

2023-10-03 10:43:59 - [TEST_STEP][PASSED] - maximizeWindow(): Current window maximized

2023-10-03 10:43:59 - [MESSAGE][PASSED] - Current window maximized

2023-10-03 10:43:59 - [TEST_STEP][PASSED] - verifyElementPresent(findTestObject("verifikasi halaman tajalapak sebelum daftar"), 0): Object 'Object Repository/verifikasi halaman tajalapak sebelum daftar' is present

2023-10-03 10:44:00 - [MESSAGE][WARNING] - Timeout '0' is invalid. Using default page load timeout: '30'

2023-10-03 10:44:00 - [MESSAGE][PASSED] - Object 'Object Repository/verifikasi halaman tajalapak sebelum daftar' is present

2023-10-03 10:44:00 - [TEST_STEP][PASSED] - click(findTestObject("Pendaftaran/button Register")): Object: 'Object Repository/Pendaftaran/button Register' is clicked on

2023-10-03 10:44:02 - [MESSAGE][PASSED] - Object: 'Object Repository/Pendaftaran/button Register' is clicked on

2023-10-03 10:44:02 - [TEST_STEP][PASSED] - verifyElementPresent(findTestObject("Pendaftaran/verifikasi masuk helamaan daftar"), 0): Object 'Object Repository/Pendaftaran/verifikasi masuk helamaan daftar' is present

2023-10-03 10:44:02 - [MESSAGE][WARNING] - Timeout '0' is invalid. Using default page load timeout: '30'

2023-10-03 10:44:02 - [MESSAGE][PASSED] - Object 'Object Repository/Pendaftaran/verifikasi masuk helamaan daftar' is present

2023-10-03 10:44:02 - [TEST_STEP][PASSED] - setText(findTestObject("Pendaftaran/input username"), usn): Text 'ikanana' is set on object 'Object Repository/Pendaftaran/input username'

2023-10-03 10:44:03 - [MESSAGE][PASSED] - Text 'ikanana' is set on object 'Object Repository/Pendaftaran/input username'

2023-10-03 10:44:03 - [TEST_STEP][PASSED] - setText(findTestObject("Pendaftaran/input email"), email): Text 'ikana71@gmail.com' is set on object 'Object Repository/Pendaftaran/input email'

2023-10-03 10:44:04 - [MESSAGE][PASSED] - Text 'ikana71@gmail.com' is set on object 'Object Repository/Pendaftaran/input email'

2023-10-03 10:44:04 - [TEST_STEP][PASSED] - setText(findTestObject("Pendaftaran/input Nomor Telephon"), noHp): Text '085643218731' is set on object 'Object Repository/Pendaftaran/input Nomor Telephon'

2023-10-03 10:44:05 - [MESSAGE][PASSED] - Text '085643218731' is set on object 'Object Repository/Pendaftaran/input Nomor Telephon'

2023-10-03 10:44:05 - [TEST_STEP][PASSED] - if (toString().equalsIgnoreCase("Perempuan")): Object 'Object Repository/Pendaftaran/pilihan Wanita_jenis_kelamin' is checked

2023-10-03 10:44:05 - [TEST_STEP][PASSED] - check(findTestObject("Pendaftaran/pilihan Wanita_jenis_kelamin")): Object 'Object Repository/Pendaftaran/pilihan Wanita_jenis_kelamin' is checked

2023-10-03 10:44:06 - [MESSAGE][PASSED] - Object 'Object Repository/Pendaftaran/pilihan Wanita_jenis_kelamin' is checked

2023-10-03 10:44:06 - [TEST_STEP][PASSED] - setEncryptedText(findTestObject("Pendaftaran/input password"), "qbkrdMwyWE4="): Text ****** has been set on object 'Object Repository/Pendaftaran/input password'

2023-10-03 10:44:07 - [MESSAGE][PASSED] - Text ****** has been set on object 'Object Repository/Pendaftaran/input password'

2023-10-03 10:44:07 - [TEST_STEP][PASSED] - setEncryptedText(findTestObject("Pendaftaran/input konfirmasi password"), "qbkrdMwyWE4="): Text ****** has been set on object 'Object Repository/Pendaftaran/input konfirmasi password'

2023-10-03 10:44:08 - [MESSAGE][PASSED] - Text ****** has been set on object 'Object Repository/Pendaftaran/input konfirmasi password'

2023-10-03 10:44:08 - [TEST_STEP][PASSED] - click(findTestObject("Pendaftaran/button_Daftar")): Object: 'Object Repository/Pendaftaran/button_Daftar' is clicked on

2023-10-03 10:44:10 - [MESSAGE][PASSED] - Object: 'Object Repository/Pendaftaran/button_Daftar' is clicked on

2023-10-03 10:44:10 - [TEST_STEP][PASSED] - verifyElementText(findTestObject("Pendaftaran/daftar ulang dengan email username dan no hp yang sama"), "Username/Email/No Telpon Telah Digunakan!"): Actual text and expected text of test object 'Object Repository/Pendaftaran/daftar ulang dengan email username dan no hp yang sama' are matched.

2023-10-03 10:44:11 - [MESSAGE][PASSED] - Actual text and expected text of test object 'Object Repository/Pendaftaran/daftar ulang dengan email username dan no hp yang sama' are matched.]]></system-out>
         <system-err><![CDATA[]]></system-err>
      </testcase>
      <testcase name="Test Cases/T08 - Pendaftaran/TC-PF-009" time="25.638" classname="Test Cases/T08 - Pendaftaran/TC-PF-009" status="FAILED">
         <failure type="FAILED" message="Test Cases/T08 - Pendaftaran/TC-PF-009 FAILED.
Reason:
Assertion failed: 

assert validationMessage ==&quot;character length must not exceed 50 characters&quot;
       |                 |
       &quot;&quot;                false

	at TC-PF-009.run(TC-PF-009:60)
	at com.kms.katalon.core.main.ScriptEngine.run(ScriptEngine.java:194)
	at com.kms.katalon.core.main.ScriptEngine.runScriptAsRawText(ScriptEngine.java:119)
	at com.kms.katalon.core.main.TestCaseExecutor.runScript(TestCaseExecutor.java:448)
	at com.kms.katalon.core.main.TestCaseExecutor.doExecute(TestCaseExecutor.java:439)
	at com.kms.katalon.core.main.TestCaseExecutor.processExecutionPhase(TestCaseExecutor.java:418)
	at com.kms.katalon.core.main.TestCaseExecutor.accessMainPhase(TestCaseExecutor.java:410)
	at com.kms.katalon.core.main.TestCaseExecutor.execute(TestCaseExecutor.java:285)
	at com.kms.katalon.core.common.CommonExecutor.accessTestCaseMainPhase(CommonExecutor.java:65)
	at com.kms.katalon.core.main.TestSuiteExecutor.accessTestSuiteMainPhase(TestSuiteExecutor.java:148)
	at com.kms.katalon.core.main.TestSuiteExecutor.execute(TestSuiteExecutor.java:106)
	at com.kms.katalon.core.main.TestCaseMain.startTestSuite(TestCaseMain.java:187)
	at com.kms.katalon.core.main.TestCaseMain$startTestSuite$0.call(Unknown Source)
	at TempTestSuite1696304188794.run(TempTestSuite1696304188794.groovy:36)
"/>
         <system-out><![CDATA[2023-10-03 10:44:11 - [TEST_CASE][FAILED] - Test Cases/T08 - Pendaftaran/TC-PF-009: Test Cases/T08 - Pendaftaran/TC-PF-009 FAILED.
Reason:
Assertion failed: 

assert validationMessage =="character length must not exceed 50 characters"
       |                 |
       ""                false

	at TC-PF-009.run(TC-PF-009:60)
	at com.kms.katalon.core.main.ScriptEngine.run(ScriptEngine.java:194)
	at com.kms.katalon.core.main.ScriptEngine.runScriptAsRawText(ScriptEngine.java:119)
	at com.kms.katalon.core.main.TestCaseExecutor.runScript(TestCaseExecutor.java:448)
	at com.kms.katalon.core.main.TestCaseExecutor.doExecute(TestCaseExecutor.java:439)
	at com.kms.katalon.core.main.TestCaseExecutor.processExecutionPhase(TestCaseExecutor.java:418)
	at com.kms.katalon.core.main.TestCaseExecutor.accessMainPhase(TestCaseExecutor.java:410)
	at com.kms.katalon.core.main.TestCaseExecutor.execute(TestCaseExecutor.java:285)
	at com.kms.katalon.core.common.CommonExecutor.accessTestCaseMainPhase(CommonExecutor.java:65)
	at com.kms.katalon.core.main.TestSuiteExecutor.accessTestSuiteMainPhase(TestSuiteExecutor.java:148)
	at com.kms.katalon.core.main.TestSuiteExecutor.execute(TestSuiteExecutor.java:106)
	at com.kms.katalon.core.main.TestCaseMain.startTestSuite(TestCaseMain.java:187)
	at com.kms.katalon.core.main.TestCaseMain$startTestSuite$0.call(Unknown Source)
	at TempTestSuite1696304188794.run(TempTestSuite1696304188794.groovy:36)


2023-10-03 10:44:12 - [TEST_STEP][PASSED] - openBrowser(urlWeb): Browser is opened with url: 'https://10.9.2.63/ecommerce/'

2023-10-03 10:44:12 - [MESSAGE][WARNING] - A browser is already opened. Closing browser and opening a new one

2023-10-03 10:44:14 - [MESSAGE][INFO] - Starting 'Firefox' driver

2023-10-03 10:44:14 - [MESSAGE][INFO] - Action delay is set to 0 milliseconds

2023-10-03 10:44:23 - [MESSAGE][PASSED] - Browser is opened with url: 'https://10.9.2.63/ecommerce/'

2023-10-03 10:44:23 - [TEST_STEP][PASSED] - maximizeWindow(): Current window maximized

2023-10-03 10:44:24 - [MESSAGE][PASSED] - Current window maximized

2023-10-03 10:44:24 - [TEST_STEP][PASSED] - verifyElementPresent(findTestObject("verifikasi halaman tajalapak sebelum daftar"), 0): Object 'Object Repository/verifikasi halaman tajalapak sebelum daftar' is present

2023-10-03 10:44:24 - [MESSAGE][WARNING] - Timeout '0' is invalid. Using default page load timeout: '30'

2023-10-03 10:44:24 - [MESSAGE][PASSED] - Object 'Object Repository/verifikasi halaman tajalapak sebelum daftar' is present

2023-10-03 10:44:24 - [TEST_STEP][PASSED] - click(findTestObject("Pendaftaran/button Register")): Object: 'Object Repository/Pendaftaran/button Register' is clicked on

2023-10-03 10:44:25 - [MESSAGE][PASSED] - Object: 'Object Repository/Pendaftaran/button Register' is clicked on

2023-10-03 10:44:25 - [TEST_STEP][PASSED] - verifyElementPresent(findTestObject("Pendaftaran/verifikasi masuk helamaan daftar"), 0): Object 'Object Repository/Pendaftaran/verifikasi masuk helamaan daftar' is present

2023-10-03 10:44:25 - [MESSAGE][WARNING] - Timeout '0' is invalid. Using default page load timeout: '30'

2023-10-03 10:44:26 - [MESSAGE][PASSED] - Object 'Object Repository/Pendaftaran/verifikasi masuk helamaan daftar' is present

2023-10-03 10:44:26 - [TEST_STEP][PASSED] - setText(findTestObject("Pendaftaran/input username"), username): Text 'AkulahCintaDiLangitPrudenceLovelyPrincessOfAwanampwn' is set on object 'Object Repository/Pendaftaran/input username'

2023-10-03 10:44:27 - [MESSAGE][PASSED] - Text 'AkulahCintaDiLangitPrudenceLovelyPrincessOfAwanampwn' is set on object 'Object Repository/Pendaftaran/input username'

2023-10-03 10:44:27 - [TEST_STEP][PASSED] - setText(findTestObject("Pendaftaran/input email"), email): Text 'akulah@gmail.com' is set on object 'Object Repository/Pendaftaran/input email'

2023-10-03 10:44:28 - [MESSAGE][PASSED] - Text 'akulah@gmail.com' is set on object 'Object Repository/Pendaftaran/input email'

2023-10-03 10:44:28 - [TEST_STEP][PASSED] - setText(findTestObject("Pendaftaran/input Nomor Telephon"), noHP): Text '085643253214' is set on object 'Object Repository/Pendaftaran/input Nomor Telephon'

2023-10-03 10:44:29 - [MESSAGE][PASSED] - Text '085643253214' is set on object 'Object Repository/Pendaftaran/input Nomor Telephon'

2023-10-03 10:44:29 - [TEST_STEP][PASSED] - if (toString().equalsIgnoreCase("Perempuan")): Object 'Object Repository/Pendaftaran/pilihan Wanita_jenis_kelamin' is checked

2023-10-03 10:44:29 - [TEST_STEP][PASSED] - check(findTestObject("Pendaftaran/pilihan Wanita_jenis_kelamin")): Object 'Object Repository/Pendaftaran/pilihan Wanita_jenis_kelamin' is checked

2023-10-03 10:44:30 - [MESSAGE][PASSED] - Object 'Object Repository/Pendaftaran/pilihan Wanita_jenis_kelamin' is checked

2023-10-03 10:44:30 - [TEST_STEP][PASSED] - setEncryptedText(findTestObject("Pendaftaran/input password"), "8MbLm3cRDkc/jsWL6sX6LA=="): Text ****** has been set on object 'Object Repository/Pendaftaran/input password'

2023-10-03 10:44:31 - [MESSAGE][PASSED] - Text ****** has been set on object 'Object Repository/Pendaftaran/input password'

2023-10-03 10:44:31 - [TEST_STEP][PASSED] - setEncryptedText(findTestObject("Pendaftaran/input konfirmasi password"), "8MbLm3cRDkc/jsWL6sX6LA=="): Text ****** has been set on object 'Object Repository/Pendaftaran/input konfirmasi password'

2023-10-03 10:44:32 - [MESSAGE][PASSED] - Text ****** has been set on object 'Object Repository/Pendaftaran/input konfirmasi password'

2023-10-03 10:44:32 - [TEST_STEP][PASSED] - webDriver = getWebDriver(): null

2023-10-03 10:44:32 - [TEST_STEP][PASSED] - field_username = webDriver.findElement(By.xpath("//input[@name="username"]")): null

2023-10-03 10:44:32 - [TEST_STEP][PASSED] - validationMessage = executeJavaScript("return arguments[0].validationMessage", Arrays.asList(field_username)): Execute JavaScript 'return arguments[0].validationMessage' successfully

2023-10-03 10:44:32 - [MESSAGE][PASSED] - Execute JavaScript 'return arguments[0].validationMessage' successfully

2023-10-03 10:44:32 - [TEST_STEP][PASSED] - click(findTestObject("Pendaftaran/button_Daftar")): Object: 'Object Repository/Pendaftaran/button_Daftar' is clicked on

2023-10-03 10:44:36 - [MESSAGE][PASSED] - Object: 'Object Repository/Pendaftaran/button_Daftar' is clicked on

2023-10-03 10:44:36 - [TEST_STEP][FAILED] - assert validationMessage == "character length must not exceed 50 characters": Test Cases/T08 - Pendaftaran/TC-PF-009 FAILED.
Reason:
Assertion failed: 

assert validationMessage =="character length must not exceed 50 characters"
       |                 |
       ""                false

	at TC-PF-009.run(TC-PF-009:60)
	at com.kms.katalon.core.main.ScriptEngine.run(ScriptEngine.java:194)
	at com.kms.katalon.core.main.ScriptEngine.runScriptAsRawText(ScriptEngine.java:119)
	at com.kms.katalon.core.main.TestCaseExecutor.runScript(TestCaseExecutor.java:448)
	at com.kms.katalon.core.main.TestCaseExecutor.doExecute(TestCaseExecutor.java:439)
	at com.kms.katalon.core.main.TestCaseExecutor.processExecutionPhase(TestCaseExecutor.java:418)
	at com.kms.katalon.core.main.TestCaseExecutor.accessMainPhase(TestCaseExecutor.java:410)
	at com.kms.katalon.core.main.TestCaseExecutor.execute(TestCaseExecutor.java:285)
	at com.kms.katalon.core.common.CommonExecutor.accessTestCaseMainPhase(CommonExecutor.java:65)
	at com.kms.katalon.core.main.TestSuiteExecutor.accessTestSuiteMainPhase(TestSuiteExecutor.java:148)
	at com.kms.katalon.core.main.TestSuiteExecutor.execute(TestSuiteExecutor.java:106)
	at com.kms.katalon.core.main.TestCaseMain.startTestSuite(TestCaseMain.java:187)
	at com.kms.katalon.core.main.TestCaseMain$startTestSuite$0.call(Unknown Source)
	at TempTestSuite1696304188794.run(TempTestSuite1696304188794.groovy:36)


2023-10-03 10:44:36 - [MESSAGE][FAILED] - Test Cases/T08 - Pendaftaran/TC-PF-009 FAILED.
Reason:
Assertion failed: 

assert validationMessage =="character length must not exceed 50 characters"
       |                 |
       ""                false

	at TC-PF-009.run(TC-PF-009:60)
	at com.kms.katalon.core.main.ScriptEngine.run(ScriptEngine.java:194)
	at com.kms.katalon.core.main.ScriptEngine.runScriptAsRawText(ScriptEngine.java:119)
	at com.kms.katalon.core.main.TestCaseExecutor.runScript(TestCaseExecutor.java:448)
	at com.kms.katalon.core.main.TestCaseExecutor.doExecute(TestCaseExecutor.java:439)
	at com.kms.katalon.core.main.TestCaseExecutor.processExecutionPhase(TestCaseExecutor.java:418)
	at com.kms.katalon.core.main.TestCaseExecutor.accessMainPhase(TestCaseExecutor.java:410)
	at com.kms.katalon.core.main.TestCaseExecutor.execute(TestCaseExecutor.java:285)
	at com.kms.katalon.core.common.CommonExecutor.accessTestCaseMainPhase(CommonExecutor.java:65)
	at com.kms.katalon.core.main.TestSuiteExecutor.accessTestSuiteMainPhase(TestSuiteExecutor.java:148)
	at com.kms.katalon.core.main.TestSuiteExecutor.execute(TestSuiteExecutor.java:106)
	at com.kms.katalon.core.main.TestCaseMain.startTestSuite(TestCaseMain.java:187)
	at com.kms.katalon.core.main.TestCaseMain$startTestSuite$0.call(Unknown Source)
	at TempTestSuite1696304188794.run(TempTestSuite1696304188794.groovy:36)]]></system-out>
         <system-err><![CDATA[2023-10-03 10:44:11 - [TEST_CASE][FAILED] - Test Cases/T08 - Pendaftaran/TC-PF-009: Test Cases/T08 - Pendaftaran/TC-PF-009 FAILED.
Reason:
Assertion failed: 

assert validationMessage =="character length must not exceed 50 characters"
       |                 |
       ""                false

	at TC-PF-009.run(TC-PF-009:60)
	at com.kms.katalon.core.main.ScriptEngine.run(ScriptEngine.java:194)
	at com.kms.katalon.core.main.ScriptEngine.runScriptAsRawText(ScriptEngine.java:119)
	at com.kms.katalon.core.main.TestCaseExecutor.runScript(TestCaseExecutor.java:448)
	at com.kms.katalon.core.main.TestCaseExecutor.doExecute(TestCaseExecutor.java:439)
	at com.kms.katalon.core.main.TestCaseExecutor.processExecutionPhase(TestCaseExecutor.java:418)
	at com.kms.katalon.core.main.TestCaseExecutor.accessMainPhase(TestCaseExecutor.java:410)
	at com.kms.katalon.core.main.TestCaseExecutor.execute(TestCaseExecutor.java:285)
	at com.kms.katalon.core.common.CommonExecutor.accessTestCaseMainPhase(CommonExecutor.java:65)
	at com.kms.katalon.core.main.TestSuiteExecutor.accessTestSuiteMainPhase(TestSuiteExecutor.java:148)
	at com.kms.katalon.core.main.TestSuiteExecutor.execute(TestSuiteExecutor.java:106)
	at com.kms.katalon.core.main.TestCaseMain.startTestSuite(TestCaseMain.java:187)
	at com.kms.katalon.core.main.TestCaseMain$startTestSuite$0.call(Unknown Source)
	at TempTestSuite1696304188794.run(TempTestSuite1696304188794.groovy:36)]]></system-err>
      </testcase>
      <testcase name="Test Cases/T08 - Pendaftaran/TC-PF-010" time="24.972" classname="Test Cases/T08 - Pendaftaran/TC-PF-010" status="FAILED">
         <failure type="FAILED" message="Test Cases/T08 - Pendaftaran/TC-PF-010 FAILED.
Reason:
com.kms.katalon.core.exception.StepFailedException: Unable to verify text 'please input an valid usernme' is present 
	at com.kms.katalon.core.webui.keyword.internal.WebUIKeywordMain.stepFailed(WebUIKeywordMain.groovy:64)
	at com.kms.katalon.core.webui.keyword.internal.WebUIKeywordMain.runKeyword(WebUIKeywordMain.groovy:26)
	at com.kms.katalon.core.webui.keyword.builtin.VerifyTextPresentKeyword.verifyTextPresent(VerifyTextPresentKeyword.groovy:83)
	at com.kms.katalon.core.webui.keyword.builtin.VerifyTextPresentKeyword.execute(VerifyTextPresentKeyword.groovy:68)
	at com.kms.katalon.core.keyword.internal.KeywordExecutor.executeKeywordForPlatform(KeywordExecutor.groovy:74)
	at com.kms.katalon.core.webui.keyword.WebUiBuiltInKeywords.verifyTextPresent(WebUiBuiltInKeywords.groovy:1723)
	at com.kms.katalon.core.webui.keyword.WebUiBuiltInKeywords$verifyTextPresent$11.call(Unknown Source)
	at TC-PF-010.run(TC-PF-010:49)
	at com.kms.katalon.core.main.ScriptEngine.run(ScriptEngine.java:194)
	at com.kms.katalon.core.main.ScriptEngine.runScriptAsRawText(ScriptEngine.java:119)
	at com.kms.katalon.core.main.TestCaseExecutor.runScript(TestCaseExecutor.java:448)
	at com.kms.katalon.core.main.TestCaseExecutor.doExecute(TestCaseExecutor.java:439)
	at com.kms.katalon.core.main.TestCaseExecutor.processExecutionPhase(TestCaseExecutor.java:418)
	at com.kms.katalon.core.main.TestCaseExecutor.accessMainPhase(TestCaseExecutor.java:410)
	at com.kms.katalon.core.main.TestCaseExecutor.execute(TestCaseExecutor.java:285)
	at com.kms.katalon.core.common.CommonExecutor.accessTestCaseMainPhase(CommonExecutor.java:65)
	at com.kms.katalon.core.main.TestSuiteExecutor.accessTestSuiteMainPhase(TestSuiteExecutor.java:148)
	at com.kms.katalon.core.main.TestSuiteExecutor.execute(TestSuiteExecutor.java:106)
	at com.kms.katalon.core.main.TestCaseMain.startTestSuite(TestCaseMain.java:187)
	at com.kms.katalon.core.main.TestCaseMain$startTestSuite$0.call(Unknown Source)
	at TempTestSuite1696304188794.run(TempTestSuite1696304188794.groovy:36)
Caused by: com.kms.katalon.core.exception.StepFailedException: Text 'please input an valid usernme' is not present on page 
	at com.kms.katalon.core.webui.keyword.internal.WebUIKeywordMain.stepFailed(WebUIKeywordMain.groovy:64)
	at com.kms.katalon.core.webui.keyword.builtin.VerifyTextPresentKeyword$_verifyTextPresent_closure1.doCall(VerifyTextPresentKeyword.groovy:79)
	at com.kms.katalon.core.webui.keyword.builtin.VerifyTextPresentKeyword$_verifyTextPresent_closure1.call(VerifyTextPresentKeyword.groovy)
	at com.kms.katalon.core.webui.keyword.internal.WebUIKeywordMain.runKeyword(WebUIKeywordMain.groovy:20)
	... 19 more
"/>
         <system-out><![CDATA[2023-10-03 10:44:36 - [TEST_CASE][FAILED] - Test Cases/T08 - Pendaftaran/TC-PF-010: Test Cases/T08 - Pendaftaran/TC-PF-010 FAILED.
Reason:
com.kms.katalon.core.exception.StepFailedException: Unable to verify text 'please input an valid usernme' is present 
	at com.kms.katalon.core.webui.keyword.internal.WebUIKeywordMain.stepFailed(WebUIKeywordMain.groovy:64)
	at com.kms.katalon.core.webui.keyword.internal.WebUIKeywordMain.runKeyword(WebUIKeywordMain.groovy:26)
	at com.kms.katalon.core.webui.keyword.builtin.VerifyTextPresentKeyword.verifyTextPresent(VerifyTextPresentKeyword.groovy:83)
	at com.kms.katalon.core.webui.keyword.builtin.VerifyTextPresentKeyword.execute(VerifyTextPresentKeyword.groovy:68)
	at com.kms.katalon.core.keyword.internal.KeywordExecutor.executeKeywordForPlatform(KeywordExecutor.groovy:74)
	at com.kms.katalon.core.webui.keyword.WebUiBuiltInKeywords.verifyTextPresent(WebUiBuiltInKeywords.groovy:1723)
	at com.kms.katalon.core.webui.keyword.WebUiBuiltInKeywords$verifyTextPresent$11.call(Unknown Source)
	at TC-PF-010.run(TC-PF-010:49)
	at com.kms.katalon.core.main.ScriptEngine.run(ScriptEngine.java:194)
	at com.kms.katalon.core.main.ScriptEngine.runScriptAsRawText(ScriptEngine.java:119)
	at com.kms.katalon.core.main.TestCaseExecutor.runScript(TestCaseExecutor.java:448)
	at com.kms.katalon.core.main.TestCaseExecutor.doExecute(TestCaseExecutor.java:439)
	at com.kms.katalon.core.main.TestCaseExecutor.processExecutionPhase(TestCaseExecutor.java:418)
	at com.kms.katalon.core.main.TestCaseExecutor.accessMainPhase(TestCaseExecutor.java:410)
	at com.kms.katalon.core.main.TestCaseExecutor.execute(TestCaseExecutor.java:285)
	at com.kms.katalon.core.common.CommonExecutor.accessTestCaseMainPhase(CommonExecutor.java:65)
	at com.kms.katalon.core.main.TestSuiteExecutor.accessTestSuiteMainPhase(TestSuiteExecutor.java:148)
	at com.kms.katalon.core.main.TestSuiteExecutor.execute(TestSuiteExecutor.java:106)
	at com.kms.katalon.core.main.TestCaseMain.startTestSuite(TestCaseMain.java:187)
	at com.kms.katalon.core.main.TestCaseMain$startTestSuite$0.call(Unknown Source)
	at TempTestSuite1696304188794.run(TempTestSuite1696304188794.groovy:36)
Caused by: com.kms.katalon.core.exception.StepFailedException: Text 'please input an valid usernme' is not present on page 
	at com.kms.katalon.core.webui.keyword.internal.WebUIKeywordMain.stepFailed(WebUIKeywordMain.groovy:64)
	at com.kms.katalon.core.webui.keyword.builtin.VerifyTextPresentKeyword$_verifyTextPresent_closure1.doCall(VerifyTextPresentKeyword.groovy:79)
	at com.kms.katalon.core.webui.keyword.builtin.VerifyTextPresentKeyword$_verifyTextPresent_closure1.call(VerifyTextPresentKeyword.groovy)
	at com.kms.katalon.core.webui.keyword.internal.WebUIKeywordMain.runKeyword(WebUIKeywordMain.groovy:20)
	... 19 more


2023-10-03 10:44:37 - [TEST_STEP][PASSED] - openBrowser(urlWeb): Browser is opened with url: 'https://10.9.2.63/ecommerce/'

2023-10-03 10:44:37 - [MESSAGE][WARNING] - A browser is already opened. Closing browser and opening a new one

2023-10-03 10:44:39 - [MESSAGE][INFO] - Starting 'Firefox' driver

2023-10-03 10:44:39 - [MESSAGE][INFO] - Action delay is set to 0 milliseconds

2023-10-03 10:44:48 - [MESSAGE][PASSED] - Browser is opened with url: 'https://10.9.2.63/ecommerce/'

2023-10-03 10:44:48 - [TEST_STEP][PASSED] - maximizeWindow(): Current window maximized

2023-10-03 10:44:48 - [MESSAGE][PASSED] - Current window maximized

2023-10-03 10:44:48 - [TEST_STEP][PASSED] - verifyElementPresent(findTestObject("verifikasi halaman tajalapak sebelum daftar"), 0): Object 'Object Repository/verifikasi halaman tajalapak sebelum daftar' is present

2023-10-03 10:44:48 - [MESSAGE][WARNING] - Timeout '0' is invalid. Using default page load timeout: '30'

2023-10-03 10:44:48 - [MESSAGE][PASSED] - Object 'Object Repository/verifikasi halaman tajalapak sebelum daftar' is present

2023-10-03 10:44:48 - [TEST_STEP][PASSED] - click(findTestObject("Pendaftaran/button Register")): Object: 'Object Repository/Pendaftaran/button Register' is clicked on

2023-10-03 10:44:49 - [MESSAGE][PASSED] - Object: 'Object Repository/Pendaftaran/button Register' is clicked on

2023-10-03 10:44:50 - [TEST_STEP][PASSED] - verifyElementPresent(findTestObject("Pendaftaran/verifikasi masuk helamaan daftar"), 0): Object 'Object Repository/Pendaftaran/verifikasi masuk helamaan daftar' is present

2023-10-03 10:44:50 - [MESSAGE][WARNING] - Timeout '0' is invalid. Using default page load timeout: '30'

2023-10-03 10:44:50 - [MESSAGE][PASSED] - Object 'Object Repository/Pendaftaran/verifikasi masuk helamaan daftar' is present

2023-10-03 10:44:50 - [TEST_STEP][PASSED] - setText(findTestObject("Pendaftaran/input username"), username): Text '-' is set on object 'Object Repository/Pendaftaran/input username'

2023-10-03 10:44:51 - [MESSAGE][PASSED] - Text '-' is set on object 'Object Repository/Pendaftaran/input username'

2023-10-03 10:44:51 - [TEST_STEP][PASSED] - setText(findTestObject("Pendaftaran/input email"), email): Text 'jondu@gmail.com' is set on object 'Object Repository/Pendaftaran/input email'

2023-10-03 10:44:52 - [MESSAGE][PASSED] - Text 'jondu@gmail.com' is set on object 'Object Repository/Pendaftaran/input email'

2023-10-03 10:44:52 - [TEST_STEP][PASSED] - setText(findTestObject("Pendaftaran/input Nomor Telephon"), noHP): Text '085643565656' is set on object 'Object Repository/Pendaftaran/input Nomor Telephon'

2023-10-03 10:44:53 - [MESSAGE][PASSED] - Text '085643565656' is set on object 'Object Repository/Pendaftaran/input Nomor Telephon'

2023-10-03 10:44:53 - [TEST_STEP][PASSED] - if (toString().equalsIgnoreCase("Perempuan")): null

2023-10-03 10:44:53 - [TEST_STEP][PASSED] - else if (toString().equalsIgnoreCase("Laki-laki")): Object 'Object Repository/Pendaftaran/pilihan Pria' is checked

2023-10-03 10:44:53 - [TEST_STEP][PASSED] - check(findTestObject("Object Repository/Pendaftaran/pilihan Pria")): Object 'Object Repository/Pendaftaran/pilihan Pria' is checked

2023-10-03 10:44:54 - [MESSAGE][PASSED] - Object 'Object Repository/Pendaftaran/pilihan Pria' is checked

2023-10-03 10:44:54 - [TEST_STEP][PASSED] - setEncryptedText(findTestObject("Pendaftaran/input password"), "8MbLm3cRDkc/jsWL6sX6LA=="): Text ****** has been set on object 'Object Repository/Pendaftaran/input password'

2023-10-03 10:44:55 - [MESSAGE][PASSED] - Text ****** has been set on object 'Object Repository/Pendaftaran/input password'

2023-10-03 10:44:55 - [TEST_STEP][PASSED] - setEncryptedText(findTestObject("Pendaftaran/input konfirmasi password"), "8MbLm3cRDkc/jsWL6sX6LA=="): Text ****** has been set on object 'Object Repository/Pendaftaran/input konfirmasi password'

2023-10-03 10:44:56 - [MESSAGE][PASSED] - Text ****** has been set on object 'Object Repository/Pendaftaran/input konfirmasi password'

2023-10-03 10:44:56 - [TEST_STEP][PASSED] - click(findTestObject("Pendaftaran/button_Daftar")): Object: 'Object Repository/Pendaftaran/button_Daftar' is clicked on

2023-10-03 10:44:59 - [MESSAGE][PASSED] - Object: 'Object Repository/Pendaftaran/button_Daftar' is clicked on

2023-10-03 10:44:59 - [TEST_STEP][FAILED] - verifyTextPresent("please input an valid usernme", false): Unable to verify text 'please input an valid usernme' is present  (Root cause: com.kms.katalon.core.exception.StepFailedException: Unable to verify text 'please input an valid usernme' is present 
	at com.kms.katalon.core.webui.keyword.internal.WebUIKeywordMain.stepFailed(WebUIKeywordMain.groovy:64)
	at com.kms.katalon.core.webui.keyword.internal.WebUIKeywordMain.runKeyword(WebUIKeywordMain.groovy:26)
	at com.kms.katalon.core.webui.keyword.builtin.VerifyTextPresentKeyword.verifyTextPresent(VerifyTextPresentKeyword.groovy:83)
	at com.kms.katalon.core.webui.keyword.builtin.VerifyTextPresentKeyword.execute(VerifyTextPresentKeyword.groovy:68)
	at com.kms.katalon.core.keyword.internal.KeywordExecutor.executeKeywordForPlatform(KeywordExecutor.groovy:74)
	at com.kms.katalon.core.webui.keyword.WebUiBuiltInKeywords.verifyTextPresent(WebUiBuiltInKeywords.groovy:1723)
	at com.kms.katalon.core.webui.keyword.WebUiBuiltInKeywords$verifyTextPresent$11.call(Unknown Source)
	at TC-PF-010.run(TC-PF-010:49)
	at com.kms.katalon.core.main.ScriptEngine.run(ScriptEngine.java:194)
	at com.kms.katalon.core.main.ScriptEngine.runScriptAsRawText(ScriptEngine.java:119)
	at com.kms.katalon.core.main.TestCaseExecutor.runScript(TestCaseExecutor.java:448)
	at com.kms.katalon.core.main.TestCaseExecutor.doExecute(TestCaseExecutor.java:439)
	at com.kms.katalon.core.main.TestCaseExecutor.processExecutionPhase(TestCaseExecutor.java:418)
	at com.kms.katalon.core.main.TestCaseExecutor.accessMainPhase(TestCaseExecutor.java:410)
	at com.kms.katalon.core.main.TestCaseExecutor.execute(TestCaseExecutor.java:285)
	at com.kms.katalon.core.common.CommonExecutor.accessTestCaseMainPhase(CommonExecutor.java:65)
	at com.kms.katalon.core.main.TestSuiteExecutor.accessTestSuiteMainPhase(TestSuiteExecutor.java:148)
	at com.kms.katalon.core.main.TestSuiteExecutor.execute(TestSuiteExecutor.java:106)
	at com.kms.katalon.core.main.TestCaseMain.startTestSuite(TestCaseMain.java:187)
	at com.kms.katalon.core.main.TestCaseMain$startTestSuite$0.call(Unknown Source)
	at TempTestSuite1696304188794.run(TempTestSuite1696304188794.groovy:36)
Caused by: com.kms.katalon.core.exception.StepFailedException: Text 'please input an valid usernme' is not present on page 
	at com.kms.katalon.core.webui.keyword.internal.WebUIKeywordMain.stepFailed(WebUIKeywordMain.groovy:64)
	at com.kms.katalon.core.webui.keyword.builtin.VerifyTextPresentKeyword$_verifyTextPresent_closure1.doCall(VerifyTextPresentKeyword.groovy:79)
	at com.kms.katalon.core.webui.keyword.builtin.VerifyTextPresentKeyword$_verifyTextPresent_closure1.call(VerifyTextPresentKeyword.groovy)
	at com.kms.katalon.core.webui.keyword.internal.WebUIKeywordMain.runKeyword(WebUIKeywordMain.groovy:20)
	... 19 more
)

2023-10-03 10:45:01 - [MESSAGE][FAILED] - Text 'please input an valid usernme' is not present on page  (Root cause: com.kms.katalon.core.exception.StepFailedException: Text 'please input an valid usernme' is not present on page 
	at com.kms.katalon.core.webui.keyword.internal.WebUIKeywordMain.stepFailed(WebUIKeywordMain.groovy:64)
	at com.kms.katalon.core.webui.keyword.builtin.VerifyTextPresentKeyword$_verifyTextPresent_closure1.doCall(VerifyTextPresentKeyword.groovy:79)
	at com.kms.katalon.core.webui.keyword.builtin.VerifyTextPresentKeyword$_verifyTextPresent_closure1.call(VerifyTextPresentKeyword.groovy)
	at com.kms.katalon.core.webui.keyword.internal.WebUIKeywordMain.runKeyword(WebUIKeywordMain.groovy:20)
	at com.kms.katalon.core.webui.keyword.builtin.VerifyTextPresentKeyword.verifyTextPresent(VerifyTextPresentKeyword.groovy:83)
	at com.kms.katalon.core.webui.keyword.builtin.VerifyTextPresentKeyword.execute(VerifyTextPresentKeyword.groovy:68)
	at com.kms.katalon.core.keyword.internal.KeywordExecutor.executeKeywordForPlatform(KeywordExecutor.groovy:74)
	at com.kms.katalon.core.webui.keyword.WebUiBuiltInKeywords.verifyTextPresent(WebUiBuiltInKeywords.groovy:1723)
	at com.kms.katalon.core.webui.keyword.WebUiBuiltInKeywords$verifyTextPresent$11.call(Unknown Source)
	at TC-PF-010.run(TC-PF-010:49)
	at com.kms.katalon.core.main.ScriptEngine.run(ScriptEngine.java:194)
	at com.kms.katalon.core.main.ScriptEngine.runScriptAsRawText(ScriptEngine.java:119)
	at com.kms.katalon.core.main.TestCaseExecutor.runScript(TestCaseExecutor.java:448)
	at com.kms.katalon.core.main.TestCaseExecutor.doExecute(TestCaseExecutor.java:439)
	at com.kms.katalon.core.main.TestCaseExecutor.processExecutionPhase(TestCaseExecutor.java:418)
	at com.kms.katalon.core.main.TestCaseExecutor.accessMainPhase(TestCaseExecutor.java:410)
	at com.kms.katalon.core.main.TestCaseExecutor.execute(TestCaseExecutor.java:285)
	at com.kms.katalon.core.common.CommonExecutor.accessTestCaseMainPhase(CommonExecutor.java:65)
	at com.kms.katalon.core.main.TestSuiteExecutor.accessTestSuiteMainPhase(TestSuiteExecutor.java:148)
	at com.kms.katalon.core.main.TestSuiteExecutor.execute(TestSuiteExecutor.java:106)
	at com.kms.katalon.core.main.TestCaseMain.startTestSuite(TestCaseMain.java:187)
	at com.kms.katalon.core.main.TestCaseMain$startTestSuite$0.call(Unknown Source)
	at TempTestSuite1696304188794.run(TempTestSuite1696304188794.groovy:36)
)

2023-10-03 10:45:01 - [MESSAGE][FAILED] - Unable to verify text 'please input an valid usernme' is present  (Root cause: com.kms.katalon.core.exception.StepFailedException: Unable to verify text 'please input an valid usernme' is present 
	at com.kms.katalon.core.webui.keyword.internal.WebUIKeywordMain.stepFailed(WebUIKeywordMain.groovy:64)
	at com.kms.katalon.core.webui.keyword.internal.WebUIKeywordMain.runKeyword(WebUIKeywordMain.groovy:26)
	at com.kms.katalon.core.webui.keyword.builtin.VerifyTextPresentKeyword.verifyTextPresent(VerifyTextPresentKeyword.groovy:83)
	at com.kms.katalon.core.webui.keyword.builtin.VerifyTextPresentKeyword.execute(VerifyTextPresentKeyword.groovy:68)
	at com.kms.katalon.core.keyword.internal.KeywordExecutor.executeKeywordForPlatform(KeywordExecutor.groovy:74)
	at com.kms.katalon.core.webui.keyword.WebUiBuiltInKeywords.verifyTextPresent(WebUiBuiltInKeywords.groovy:1723)
	at com.kms.katalon.core.webui.keyword.WebUiBuiltInKeywords$verifyTextPresent$11.call(Unknown Source)
	at TC-PF-010.run(TC-PF-010:49)
	at com.kms.katalon.core.main.ScriptEngine.run(ScriptEngine.java:194)
	at com.kms.katalon.core.main.ScriptEngine.runScriptAsRawText(ScriptEngine.java:119)
	at com.kms.katalon.core.main.TestCaseExecutor.runScript(TestCaseExecutor.java:448)
	at com.kms.katalon.core.main.TestCaseExecutor.doExecute(TestCaseExecutor.java:439)
	at com.kms.katalon.core.main.TestCaseExecutor.processExecutionPhase(TestCaseExecutor.java:418)
	at com.kms.katalon.core.main.TestCaseExecutor.accessMainPhase(TestCaseExecutor.java:410)
	at com.kms.katalon.core.main.TestCaseExecutor.execute(TestCaseExecutor.java:285)
	at com.kms.katalon.core.common.CommonExecutor.accessTestCaseMainPhase(CommonExecutor.java:65)
	at com.kms.katalon.core.main.TestSuiteExecutor.accessTestSuiteMainPhase(TestSuiteExecutor.java:148)
	at com.kms.katalon.core.main.TestSuiteExecutor.execute(TestSuiteExecutor.java:106)
	at com.kms.katalon.core.main.TestCaseMain.startTestSuite(TestCaseMain.java:187)
	at com.kms.katalon.core.main.TestCaseMain$startTestSuite$0.call(Unknown Source)
	at TempTestSuite1696304188794.run(TempTestSuite1696304188794.groovy:36)
Caused by: com.kms.katalon.core.exception.StepFailedException: Text 'please input an valid usernme' is not present on page 
	at com.kms.katalon.core.webui.keyword.internal.WebUIKeywordMain.stepFailed(WebUIKeywordMain.groovy:64)
	at com.kms.katalon.core.webui.keyword.builtin.VerifyTextPresentKeyword$_verifyTextPresent_closure1.doCall(VerifyTextPresentKeyword.groovy:79)
	at com.kms.katalon.core.webui.keyword.builtin.VerifyTextPresentKeyword$_verifyTextPresent_closure1.call(VerifyTextPresentKeyword.groovy)
	at com.kms.katalon.core.webui.keyword.internal.WebUIKeywordMain.runKeyword(WebUIKeywordMain.groovy:20)
	... 19 more
)
[[ATTACHMENT|F:\\bootcamp\\Miniproject\\Tajalapak\\Reports\\20231003_103628\\T08-Pendaftaran\\20231003_103628\\1696304701578.png]]]]></system-out>
         <system-err><![CDATA[2023-10-03 10:44:36 - [TEST_CASE][FAILED] - Test Cases/T08 - Pendaftaran/TC-PF-010: Test Cases/T08 - Pendaftaran/TC-PF-010 FAILED.
Reason:
com.kms.katalon.core.exception.StepFailedException: Unable to verify text 'please input an valid usernme' is present 
	at com.kms.katalon.core.webui.keyword.internal.WebUIKeywordMain.stepFailed(WebUIKeywordMain.groovy:64)
	at com.kms.katalon.core.webui.keyword.internal.WebUIKeywordMain.runKeyword(WebUIKeywordMain.groovy:26)
	at com.kms.katalon.core.webui.keyword.builtin.VerifyTextPresentKeyword.verifyTextPresent(VerifyTextPresentKeyword.groovy:83)
	at com.kms.katalon.core.webui.keyword.builtin.VerifyTextPresentKeyword.execute(VerifyTextPresentKeyword.groovy:68)
	at com.kms.katalon.core.keyword.internal.KeywordExecutor.executeKeywordForPlatform(KeywordExecutor.groovy:74)
	at com.kms.katalon.core.webui.keyword.WebUiBuiltInKeywords.verifyTextPresent(WebUiBuiltInKeywords.groovy:1723)
	at com.kms.katalon.core.webui.keyword.WebUiBuiltInKeywords$verifyTextPresent$11.call(Unknown Source)
	at TC-PF-010.run(TC-PF-010:49)
	at com.kms.katalon.core.main.ScriptEngine.run(ScriptEngine.java:194)
	at com.kms.katalon.core.main.ScriptEngine.runScriptAsRawText(ScriptEngine.java:119)
	at com.kms.katalon.core.main.TestCaseExecutor.runScript(TestCaseExecutor.java:448)
	at com.kms.katalon.core.main.TestCaseExecutor.doExecute(TestCaseExecutor.java:439)
	at com.kms.katalon.core.main.TestCaseExecutor.processExecutionPhase(TestCaseExecutor.java:418)
	at com.kms.katalon.core.main.TestCaseExecutor.accessMainPhase(TestCaseExecutor.java:410)
	at com.kms.katalon.core.main.TestCaseExecutor.execute(TestCaseExecutor.java:285)
	at com.kms.katalon.core.common.CommonExecutor.accessTestCaseMainPhase(CommonExecutor.java:65)
	at com.kms.katalon.core.main.TestSuiteExecutor.accessTestSuiteMainPhase(TestSuiteExecutor.java:148)
	at com.kms.katalon.core.main.TestSuiteExecutor.execute(TestSuiteExecutor.java:106)
	at com.kms.katalon.core.main.TestCaseMain.startTestSuite(TestCaseMain.java:187)
	at com.kms.katalon.core.main.TestCaseMain$startTestSuite$0.call(Unknown Source)
	at TempTestSuite1696304188794.run(TempTestSuite1696304188794.groovy:36)
Caused by: com.kms.katalon.core.exception.StepFailedException: Text 'please input an valid usernme' is not present on page 
	at com.kms.katalon.core.webui.keyword.internal.WebUIKeywordMain.stepFailed(WebUIKeywordMain.groovy:64)
	at com.kms.katalon.core.webui.keyword.builtin.VerifyTextPresentKeyword$_verifyTextPresent_closure1.doCall(VerifyTextPresentKeyword.groovy:79)
	at com.kms.katalon.core.webui.keyword.builtin.VerifyTextPresentKeyword$_verifyTextPresent_closure1.call(VerifyTextPresentKeyword.groovy)
	at com.kms.katalon.core.webui.keyword.internal.WebUIKeywordMain.runKeyword(WebUIKeywordMain.groovy:20)
	... 19 more]]></system-err>
      </testcase>
      <testcase name="Test Cases/T08 - Pendaftaran/TC-PF-011" time="26.513" classname="Test Cases/T08 - Pendaftaran/TC-PF-011" status="FAILED">
         <failure type="FAILED" message="Test Cases/T08 - Pendaftaran/TC-PF-011 FAILED.
Reason:
com.kms.katalon.core.exception.StepFailedException: Unable to verify text 'Minimum length of this field must be equal or greater than 7 characters' is present 
	at com.kms.katalon.core.webui.keyword.internal.WebUIKeywordMain.stepFailed(WebUIKeywordMain.groovy:64)
	at com.kms.katalon.core.webui.keyword.internal.WebUIKeywordMain.runKeyword(WebUIKeywordMain.groovy:26)
	at com.kms.katalon.core.webui.keyword.builtin.VerifyTextPresentKeyword.verifyTextPresent(VerifyTextPresentKeyword.groovy:83)
	at com.kms.katalon.core.webui.keyword.builtin.VerifyTextPresentKeyword.execute(VerifyTextPresentKeyword.groovy:68)
	at com.kms.katalon.core.keyword.internal.KeywordExecutor.executeKeywordForPlatform(KeywordExecutor.groovy:74)
	at com.kms.katalon.core.webui.keyword.WebUiBuiltInKeywords.verifyTextPresent(WebUiBuiltInKeywords.groovy:1723)
	at com.kms.katalon.core.webui.keyword.WebUiBuiltInKeywords$verifyTextPresent$11.call(Unknown Source)
	at TC-PF-011.run(TC-PF-011:49)
	at com.kms.katalon.core.main.ScriptEngine.run(ScriptEngine.java:194)
	at com.kms.katalon.core.main.ScriptEngine.runScriptAsRawText(ScriptEngine.java:119)
	at com.kms.katalon.core.main.TestCaseExecutor.runScript(TestCaseExecutor.java:448)
	at com.kms.katalon.core.main.TestCaseExecutor.doExecute(TestCaseExecutor.java:439)
	at com.kms.katalon.core.main.TestCaseExecutor.processExecutionPhase(TestCaseExecutor.java:418)
	at com.kms.katalon.core.main.TestCaseExecutor.accessMainPhase(TestCaseExecutor.java:410)
	at com.kms.katalon.core.main.TestCaseExecutor.execute(TestCaseExecutor.java:285)
	at com.kms.katalon.core.common.CommonExecutor.accessTestCaseMainPhase(CommonExecutor.java:65)
	at com.kms.katalon.core.main.TestSuiteExecutor.accessTestSuiteMainPhase(TestSuiteExecutor.java:148)
	at com.kms.katalon.core.main.TestSuiteExecutor.execute(TestSuiteExecutor.java:106)
	at com.kms.katalon.core.main.TestCaseMain.startTestSuite(TestCaseMain.java:187)
	at com.kms.katalon.core.main.TestCaseMain$startTestSuite$0.call(Unknown Source)
	at TempTestSuite1696304188794.run(TempTestSuite1696304188794.groovy:36)
Caused by: com.kms.katalon.core.exception.StepFailedException: Text 'Minimum length of this field must be equal or greater than 7 characters' is not present on page 
	at com.kms.katalon.core.webui.keyword.internal.WebUIKeywordMain.stepFailed(WebUIKeywordMain.groovy:64)
	at com.kms.katalon.core.webui.keyword.builtin.VerifyTextPresentKeyword$_verifyTextPresent_closure1.doCall(VerifyTextPresentKeyword.groovy:79)
	at com.kms.katalon.core.webui.keyword.builtin.VerifyTextPresentKeyword$_verifyTextPresent_closure1.call(VerifyTextPresentKeyword.groovy)
	at com.kms.katalon.core.webui.keyword.internal.WebUIKeywordMain.runKeyword(WebUIKeywordMain.groovy:20)
	... 19 more
"/>
         <system-out><![CDATA[2023-10-03 10:45:01 - [TEST_CASE][FAILED] - Test Cases/T08 - Pendaftaran/TC-PF-011: Test Cases/T08 - Pendaftaran/TC-PF-011 FAILED.
Reason:
com.kms.katalon.core.exception.StepFailedException: Unable to verify text 'Minimum length of this field must be equal or greater than 7 characters' is present 
	at com.kms.katalon.core.webui.keyword.internal.WebUIKeywordMain.stepFailed(WebUIKeywordMain.groovy:64)
	at com.kms.katalon.core.webui.keyword.internal.WebUIKeywordMain.runKeyword(WebUIKeywordMain.groovy:26)
	at com.kms.katalon.core.webui.keyword.builtin.VerifyTextPresentKeyword.verifyTextPresent(VerifyTextPresentKeyword.groovy:83)
	at com.kms.katalon.core.webui.keyword.builtin.VerifyTextPresentKeyword.execute(VerifyTextPresentKeyword.groovy:68)
	at com.kms.katalon.core.keyword.internal.KeywordExecutor.executeKeywordForPlatform(KeywordExecutor.groovy:74)
	at com.kms.katalon.core.webui.keyword.WebUiBuiltInKeywords.verifyTextPresent(WebUiBuiltInKeywords.groovy:1723)
	at com.kms.katalon.core.webui.keyword.WebUiBuiltInKeywords$verifyTextPresent$11.call(Unknown Source)
	at TC-PF-011.run(TC-PF-011:49)
	at com.kms.katalon.core.main.ScriptEngine.run(ScriptEngine.java:194)
	at com.kms.katalon.core.main.ScriptEngine.runScriptAsRawText(ScriptEngine.java:119)
	at com.kms.katalon.core.main.TestCaseExecutor.runScript(TestCaseExecutor.java:448)
	at com.kms.katalon.core.main.TestCaseExecutor.doExecute(TestCaseExecutor.java:439)
	at com.kms.katalon.core.main.TestCaseExecutor.processExecutionPhase(TestCaseExecutor.java:418)
	at com.kms.katalon.core.main.TestCaseExecutor.accessMainPhase(TestCaseExecutor.java:410)
	at com.kms.katalon.core.main.TestCaseExecutor.execute(TestCaseExecutor.java:285)
	at com.kms.katalon.core.common.CommonExecutor.accessTestCaseMainPhase(CommonExecutor.java:65)
	at com.kms.katalon.core.main.TestSuiteExecutor.accessTestSuiteMainPhase(TestSuiteExecutor.java:148)
	at com.kms.katalon.core.main.TestSuiteExecutor.execute(TestSuiteExecutor.java:106)
	at com.kms.katalon.core.main.TestCaseMain.startTestSuite(TestCaseMain.java:187)
	at com.kms.katalon.core.main.TestCaseMain$startTestSuite$0.call(Unknown Source)
	at TempTestSuite1696304188794.run(TempTestSuite1696304188794.groovy:36)
Caused by: com.kms.katalon.core.exception.StepFailedException: Text 'Minimum length of this field must be equal or greater than 7 characters' is not present on page 
	at com.kms.katalon.core.webui.keyword.internal.WebUIKeywordMain.stepFailed(WebUIKeywordMain.groovy:64)
	at com.kms.katalon.core.webui.keyword.builtin.VerifyTextPresentKeyword$_verifyTextPresent_closure1.doCall(VerifyTextPresentKeyword.groovy:79)
	at com.kms.katalon.core.webui.keyword.builtin.VerifyTextPresentKeyword$_verifyTextPresent_closure1.call(VerifyTextPresentKeyword.groovy)
	at com.kms.katalon.core.webui.keyword.internal.WebUIKeywordMain.runKeyword(WebUIKeywordMain.groovy:20)
	... 19 more


2023-10-03 10:45:02 - [TEST_STEP][PASSED] - openBrowser(urlWeb): Browser is opened with url: 'https://10.9.2.63/ecommerce/'

2023-10-03 10:45:02 - [MESSAGE][WARNING] - A browser is already opened. Closing browser and opening a new one

2023-10-03 10:45:04 - [MESSAGE][INFO] - Starting 'Firefox' driver

2023-10-03 10:45:04 - [MESSAGE][INFO] - Action delay is set to 0 milliseconds

2023-10-03 10:45:13 - [MESSAGE][PASSED] - Browser is opened with url: 'https://10.9.2.63/ecommerce/'

2023-10-03 10:45:13 - [TEST_STEP][PASSED] - maximizeWindow(): Current window maximized

2023-10-03 10:45:13 - [MESSAGE][PASSED] - Current window maximized

2023-10-03 10:45:13 - [TEST_STEP][PASSED] - verifyElementPresent(findTestObject("verifikasi halaman tajalapak sebelum daftar"), 0): Object 'Object Repository/verifikasi halaman tajalapak sebelum daftar' is present

2023-10-03 10:45:14 - [MESSAGE][WARNING] - Timeout '0' is invalid. Using default page load timeout: '30'

2023-10-03 10:45:14 - [MESSAGE][PASSED] - Object 'Object Repository/verifikasi halaman tajalapak sebelum daftar' is present

2023-10-03 10:45:14 - [TEST_STEP][PASSED] - click(findTestObject("Pendaftaran/button Register")): Object: 'Object Repository/Pendaftaran/button Register' is clicked on

2023-10-03 10:45:16 - [MESSAGE][PASSED] - Object: 'Object Repository/Pendaftaran/button Register' is clicked on

2023-10-03 10:45:16 - [TEST_STEP][PASSED] - verifyElementPresent(findTestObject("Pendaftaran/verifikasi masuk helamaan daftar"), 0): Object 'Object Repository/Pendaftaran/verifikasi masuk helamaan daftar' is present

2023-10-03 10:45:16 - [MESSAGE][WARNING] - Timeout '0' is invalid. Using default page load timeout: '30'

2023-10-03 10:45:17 - [MESSAGE][PASSED] - Object 'Object Repository/Pendaftaran/verifikasi masuk helamaan daftar' is present

2023-10-03 10:45:17 - [TEST_STEP][PASSED] - setText(findTestObject("Pendaftaran/input username"), username): Text 'johndue' is set on object 'Object Repository/Pendaftaran/input username'

2023-10-03 10:45:18 - [MESSAGE][PASSED] - Text 'johndue' is set on object 'Object Repository/Pendaftaran/input username'

2023-10-03 10:45:18 - [TEST_STEP][PASSED] - setText(findTestObject("Pendaftaran/input email"), email): Text 'johndue@gmail.com' is set on object 'Object Repository/Pendaftaran/input email'

2023-10-03 10:45:18 - [MESSAGE][PASSED] - Text 'johndue@gmail.com' is set on object 'Object Repository/Pendaftaran/input email'

2023-10-03 10:45:18 - [TEST_STEP][PASSED] - setText(findTestObject("Pendaftaran/input Nomor Telephon"), noHP): Text '085621213131' is set on object 'Object Repository/Pendaftaran/input Nomor Telephon'

2023-10-03 10:45:19 - [MESSAGE][PASSED] - Text '085621213131' is set on object 'Object Repository/Pendaftaran/input Nomor Telephon'

2023-10-03 10:45:19 - [TEST_STEP][PASSED] - if (toString().equalsIgnoreCase("Perempuan")): null

2023-10-03 10:45:19 - [TEST_STEP][PASSED] - else if (toString().equalsIgnoreCase("Laki-laki")): Object 'Object Repository/Pendaftaran/pilihan Pria' is checked

2023-10-03 10:45:19 - [TEST_STEP][PASSED] - check(findTestObject("Object Repository/Pendaftaran/pilihan Pria")): Object 'Object Repository/Pendaftaran/pilihan Pria' is checked

2023-10-03 10:45:20 - [MESSAGE][PASSED] - Object 'Object Repository/Pendaftaran/pilihan Pria' is checked

2023-10-03 10:45:20 - [TEST_STEP][PASSED] - setEncryptedText(findTestObject("Pendaftaran/input password"), "3t/5BPxJM2g="): Text ****** has been set on object 'Object Repository/Pendaftaran/input password'

2023-10-03 10:45:21 - [MESSAGE][PASSED] - Text ****** has been set on object 'Object Repository/Pendaftaran/input password'

2023-10-03 10:45:21 - [TEST_STEP][PASSED] - setEncryptedText(findTestObject("Pendaftaran/input konfirmasi password"), "3t/5BPxJM2g="): Text ****** has been set on object 'Object Repository/Pendaftaran/input konfirmasi password'

2023-10-03 10:45:22 - [MESSAGE][PASSED] - Text ****** has been set on object 'Object Repository/Pendaftaran/input konfirmasi password'

2023-10-03 10:45:22 - [TEST_STEP][PASSED] - click(findTestObject("Pendaftaran/button_Daftar")): Object: 'Object Repository/Pendaftaran/button_Daftar' is clicked on

2023-10-03 10:45:26 - [MESSAGE][PASSED] - Object: 'Object Repository/Pendaftaran/button_Daftar' is clicked on

2023-10-03 10:45:26 - [TEST_STEP][FAILED] - verifyTextPresent("Minimum length of this field must be equal or greater than 7 characters", false): Unable to verify text 'Minimum length of this field must be equal or greater than 7 characters' is present  (Root cause: com.kms.katalon.core.exception.StepFailedException: Unable to verify text 'Minimum length of this field must be equal or greater than 7 characters' is present 
	at com.kms.katalon.core.webui.keyword.internal.WebUIKeywordMain.stepFailed(WebUIKeywordMain.groovy:64)
	at com.kms.katalon.core.webui.keyword.internal.WebUIKeywordMain.runKeyword(WebUIKeywordMain.groovy:26)
	at com.kms.katalon.core.webui.keyword.builtin.VerifyTextPresentKeyword.verifyTextPresent(VerifyTextPresentKeyword.groovy:83)
	at com.kms.katalon.core.webui.keyword.builtin.VerifyTextPresentKeyword.execute(VerifyTextPresentKeyword.groovy:68)
	at com.kms.katalon.core.keyword.internal.KeywordExecutor.executeKeywordForPlatform(KeywordExecutor.groovy:74)
	at com.kms.katalon.core.webui.keyword.WebUiBuiltInKeywords.verifyTextPresent(WebUiBuiltInKeywords.groovy:1723)
	at com.kms.katalon.core.webui.keyword.WebUiBuiltInKeywords$verifyTextPresent$11.call(Unknown Source)
	at TC-PF-011.run(TC-PF-011:49)
	at com.kms.katalon.core.main.ScriptEngine.run(ScriptEngine.java:194)
	at com.kms.katalon.core.main.ScriptEngine.runScriptAsRawText(ScriptEngine.java:119)
	at com.kms.katalon.core.main.TestCaseExecutor.runScript(TestCaseExecutor.java:448)
	at com.kms.katalon.core.main.TestCaseExecutor.doExecute(TestCaseExecutor.java:439)
	at com.kms.katalon.core.main.TestCaseExecutor.processExecutionPhase(TestCaseExecutor.java:418)
	at com.kms.katalon.core.main.TestCaseExecutor.accessMainPhase(TestCaseExecutor.java:410)
	at com.kms.katalon.core.main.TestCaseExecutor.execute(TestCaseExecutor.java:285)
	at com.kms.katalon.core.common.CommonExecutor.accessTestCaseMainPhase(CommonExecutor.java:65)
	at com.kms.katalon.core.main.TestSuiteExecutor.accessTestSuiteMainPhase(TestSuiteExecutor.java:148)
	at com.kms.katalon.core.main.TestSuiteExecutor.execute(TestSuiteExecutor.java:106)
	at com.kms.katalon.core.main.TestCaseMain.startTestSuite(TestCaseMain.java:187)
	at com.kms.katalon.core.main.TestCaseMain$startTestSuite$0.call(Unknown Source)
	at TempTestSuite1696304188794.run(TempTestSuite1696304188794.groovy:36)
Caused by: com.kms.katalon.core.exception.StepFailedException: Text 'Minimum length of this field must be equal or greater than 7 characters' is not present on page 
	at com.kms.katalon.core.webui.keyword.internal.WebUIKeywordMain.stepFailed(WebUIKeywordMain.groovy:64)
	at com.kms.katalon.core.webui.keyword.builtin.VerifyTextPresentKeyword$_verifyTextPresent_closure1.doCall(VerifyTextPresentKeyword.groovy:79)
	at com.kms.katalon.core.webui.keyword.builtin.VerifyTextPresentKeyword$_verifyTextPresent_closure1.call(VerifyTextPresentKeyword.groovy)
	at com.kms.katalon.core.webui.keyword.internal.WebUIKeywordMain.runKeyword(WebUIKeywordMain.groovy:20)
	... 19 more
)

2023-10-03 10:45:28 - [MESSAGE][FAILED] - Text 'Minimum length of this field must be equal or greater than 7 characters' is not present on page  (Root cause: com.kms.katalon.core.exception.StepFailedException: Text 'Minimum length of this field must be equal or greater than 7 characters' is not present on page 
	at com.kms.katalon.core.webui.keyword.internal.WebUIKeywordMain.stepFailed(WebUIKeywordMain.groovy:64)
	at com.kms.katalon.core.webui.keyword.builtin.VerifyTextPresentKeyword$_verifyTextPresent_closure1.doCall(VerifyTextPresentKeyword.groovy:79)
	at com.kms.katalon.core.webui.keyword.builtin.VerifyTextPresentKeyword$_verifyTextPresent_closure1.call(VerifyTextPresentKeyword.groovy)
	at com.kms.katalon.core.webui.keyword.internal.WebUIKeywordMain.runKeyword(WebUIKeywordMain.groovy:20)
	at com.kms.katalon.core.webui.keyword.builtin.VerifyTextPresentKeyword.verifyTextPresent(VerifyTextPresentKeyword.groovy:83)
	at com.kms.katalon.core.webui.keyword.builtin.VerifyTextPresentKeyword.execute(VerifyTextPresentKeyword.groovy:68)
	at com.kms.katalon.core.keyword.internal.KeywordExecutor.executeKeywordForPlatform(KeywordExecutor.groovy:74)
	at com.kms.katalon.core.webui.keyword.WebUiBuiltInKeywords.verifyTextPresent(WebUiBuiltInKeywords.groovy:1723)
	at com.kms.katalon.core.webui.keyword.WebUiBuiltInKeywords$verifyTextPresent$11.call(Unknown Source)
	at TC-PF-011.run(TC-PF-011:49)
	at com.kms.katalon.core.main.ScriptEngine.run(ScriptEngine.java:194)
	at com.kms.katalon.core.main.ScriptEngine.runScriptAsRawText(ScriptEngine.java:119)
	at com.kms.katalon.core.main.TestCaseExecutor.runScript(TestCaseExecutor.java:448)
	at com.kms.katalon.core.main.TestCaseExecutor.doExecute(TestCaseExecutor.java:439)
	at com.kms.katalon.core.main.TestCaseExecutor.processExecutionPhase(TestCaseExecutor.java:418)
	at com.kms.katalon.core.main.TestCaseExecutor.accessMainPhase(TestCaseExecutor.java:410)
	at com.kms.katalon.core.main.TestCaseExecutor.execute(TestCaseExecutor.java:285)
	at com.kms.katalon.core.common.CommonExecutor.accessTestCaseMainPhase(CommonExecutor.java:65)
	at com.kms.katalon.core.main.TestSuiteExecutor.accessTestSuiteMainPhase(TestSuiteExecutor.java:148)
	at com.kms.katalon.core.main.TestSuiteExecutor.execute(TestSuiteExecutor.java:106)
	at com.kms.katalon.core.main.TestCaseMain.startTestSuite(TestCaseMain.java:187)
	at com.kms.katalon.core.main.TestCaseMain$startTestSuite$0.call(Unknown Source)
	at TempTestSuite1696304188794.run(TempTestSuite1696304188794.groovy:36)
)

2023-10-03 10:45:28 - [MESSAGE][FAILED] - Unable to verify text 'Minimum length of this field must be equal or greater than 7 characters' is present  (Root cause: com.kms.katalon.core.exception.StepFailedException: Unable to verify text 'Minimum length of this field must be equal or greater than 7 characters' is present 
	at com.kms.katalon.core.webui.keyword.internal.WebUIKeywordMain.stepFailed(WebUIKeywordMain.groovy:64)
	at com.kms.katalon.core.webui.keyword.internal.WebUIKeywordMain.runKeyword(WebUIKeywordMain.groovy:26)
	at com.kms.katalon.core.webui.keyword.builtin.VerifyTextPresentKeyword.verifyTextPresent(VerifyTextPresentKeyword.groovy:83)
	at com.kms.katalon.core.webui.keyword.builtin.VerifyTextPresentKeyword.execute(VerifyTextPresentKeyword.groovy:68)
	at com.kms.katalon.core.keyword.internal.KeywordExecutor.executeKeywordForPlatform(KeywordExecutor.groovy:74)
	at com.kms.katalon.core.webui.keyword.WebUiBuiltInKeywords.verifyTextPresent(WebUiBuiltInKeywords.groovy:1723)
	at com.kms.katalon.core.webui.keyword.WebUiBuiltInKeywords$verifyTextPresent$11.call(Unknown Source)
	at TC-PF-011.run(TC-PF-011:49)
	at com.kms.katalon.core.main.ScriptEngine.run(ScriptEngine.java:194)
	at com.kms.katalon.core.main.ScriptEngine.runScriptAsRawText(ScriptEngine.java:119)
	at com.kms.katalon.core.main.TestCaseExecutor.runScript(TestCaseExecutor.java:448)
	at com.kms.katalon.core.main.TestCaseExecutor.doExecute(TestCaseExecutor.java:439)
	at com.kms.katalon.core.main.TestCaseExecutor.processExecutionPhase(TestCaseExecutor.java:418)
	at com.kms.katalon.core.main.TestCaseExecutor.accessMainPhase(TestCaseExecutor.java:410)
	at com.kms.katalon.core.main.TestCaseExecutor.execute(TestCaseExecutor.java:285)
	at com.kms.katalon.core.common.CommonExecutor.accessTestCaseMainPhase(CommonExecutor.java:65)
	at com.kms.katalon.core.main.TestSuiteExecutor.accessTestSuiteMainPhase(TestSuiteExecutor.java:148)
	at com.kms.katalon.core.main.TestSuiteExecutor.execute(TestSuiteExecutor.java:106)
	at com.kms.katalon.core.main.TestCaseMain.startTestSuite(TestCaseMain.java:187)
	at com.kms.katalon.core.main.TestCaseMain$startTestSuite$0.call(Unknown Source)
	at TempTestSuite1696304188794.run(TempTestSuite1696304188794.groovy:36)
Caused by: com.kms.katalon.core.exception.StepFailedException: Text 'Minimum length of this field must be equal or greater than 7 characters' is not present on page 
	at com.kms.katalon.core.webui.keyword.internal.WebUIKeywordMain.stepFailed(WebUIKeywordMain.groovy:64)
	at com.kms.katalon.core.webui.keyword.builtin.VerifyTextPresentKeyword$_verifyTextPresent_closure1.doCall(VerifyTextPresentKeyword.groovy:79)
	at com.kms.katalon.core.webui.keyword.builtin.VerifyTextPresentKeyword$_verifyTextPresent_closure1.call(VerifyTextPresentKeyword.groovy)
	at com.kms.katalon.core.webui.keyword.internal.WebUIKeywordMain.runKeyword(WebUIKeywordMain.groovy:20)
	... 19 more
)
[[ATTACHMENT|F:\\bootcamp\\Miniproject\\Tajalapak\\Reports\\20231003_103628\\T08-Pendaftaran\\20231003_103628\\1696304728075.png]]]]></system-out>
         <system-err><![CDATA[2023-10-03 10:45:01 - [TEST_CASE][FAILED] - Test Cases/T08 - Pendaftaran/TC-PF-011: Test Cases/T08 - Pendaftaran/TC-PF-011 FAILED.
Reason:
com.kms.katalon.core.exception.StepFailedException: Unable to verify text 'Minimum length of this field must be equal or greater than 7 characters' is present 
	at com.kms.katalon.core.webui.keyword.internal.WebUIKeywordMain.stepFailed(WebUIKeywordMain.groovy:64)
	at com.kms.katalon.core.webui.keyword.internal.WebUIKeywordMain.runKeyword(WebUIKeywordMain.groovy:26)
	at com.kms.katalon.core.webui.keyword.builtin.VerifyTextPresentKeyword.verifyTextPresent(VerifyTextPresentKeyword.groovy:83)
	at com.kms.katalon.core.webui.keyword.builtin.VerifyTextPresentKeyword.execute(VerifyTextPresentKeyword.groovy:68)
	at com.kms.katalon.core.keyword.internal.KeywordExecutor.executeKeywordForPlatform(KeywordExecutor.groovy:74)
	at com.kms.katalon.core.webui.keyword.WebUiBuiltInKeywords.verifyTextPresent(WebUiBuiltInKeywords.groovy:1723)
	at com.kms.katalon.core.webui.keyword.WebUiBuiltInKeywords$verifyTextPresent$11.call(Unknown Source)
	at TC-PF-011.run(TC-PF-011:49)
	at com.kms.katalon.core.main.ScriptEngine.run(ScriptEngine.java:194)
	at com.kms.katalon.core.main.ScriptEngine.runScriptAsRawText(ScriptEngine.java:119)
	at com.kms.katalon.core.main.TestCaseExecutor.runScript(TestCaseExecutor.java:448)
	at com.kms.katalon.core.main.TestCaseExecutor.doExecute(TestCaseExecutor.java:439)
	at com.kms.katalon.core.main.TestCaseExecutor.processExecutionPhase(TestCaseExecutor.java:418)
	at com.kms.katalon.core.main.TestCaseExecutor.accessMainPhase(TestCaseExecutor.java:410)
	at com.kms.katalon.core.main.TestCaseExecutor.execute(TestCaseExecutor.java:285)
	at com.kms.katalon.core.common.CommonExecutor.accessTestCaseMainPhase(CommonExecutor.java:65)
	at com.kms.katalon.core.main.TestSuiteExecutor.accessTestSuiteMainPhase(TestSuiteExecutor.java:148)
	at com.kms.katalon.core.main.TestSuiteExecutor.execute(TestSuiteExecutor.java:106)
	at com.kms.katalon.core.main.TestCaseMain.startTestSuite(TestCaseMain.java:187)
	at com.kms.katalon.core.main.TestCaseMain$startTestSuite$0.call(Unknown Source)
	at TempTestSuite1696304188794.run(TempTestSuite1696304188794.groovy:36)
Caused by: com.kms.katalon.core.exception.StepFailedException: Text 'Minimum length of this field must be equal or greater than 7 characters' is not present on page 
	at com.kms.katalon.core.webui.keyword.internal.WebUIKeywordMain.stepFailed(WebUIKeywordMain.groovy:64)
	at com.kms.katalon.core.webui.keyword.builtin.VerifyTextPresentKeyword$_verifyTextPresent_closure1.doCall(VerifyTextPresentKeyword.groovy:79)
	at com.kms.katalon.core.webui.keyword.builtin.VerifyTextPresentKeyword$_verifyTextPresent_closure1.call(VerifyTextPresentKeyword.groovy)
	at com.kms.katalon.core.webui.keyword.internal.WebUIKeywordMain.runKeyword(WebUIKeywordMain.groovy:20)
	... 19 more]]></system-err>
      </testcase>
      <testcase name="Test Cases/T08 - Pendaftaran/TC-PF-012" time="21.606" classname="Test Cases/T08 - Pendaftaran/TC-PF-012" status="PASSED">
         <system-out><![CDATA[2023-10-03 10:45:28 - [TEST_CASE][PASSED] - Test Cases/T08 - Pendaftaran/TC-PF-012: Test Cases/T08 - Pendaftaran/TC-PF-012

2023-10-03 10:45:30 - [TEST_STEP][PASSED] - openBrowser(urlWeb): Browser is opened with url: 'https://10.9.2.63/ecommerce/'

2023-10-03 10:45:30 - [MESSAGE][WARNING] - A browser is already opened. Closing browser and opening a new one

2023-10-03 10:45:32 - [MESSAGE][INFO] - Starting 'Firefox' driver

2023-10-03 10:45:32 - [MESSAGE][INFO] - Action delay is set to 0 milliseconds

2023-10-03 10:45:41 - [MESSAGE][PASSED] - Browser is opened with url: 'https://10.9.2.63/ecommerce/'

2023-10-03 10:45:41 - [TEST_STEP][PASSED] - maximizeWindow(): Current window maximized

2023-10-03 10:45:41 - [MESSAGE][PASSED] - Current window maximized

2023-10-03 10:45:41 - [TEST_STEP][PASSED] - verifyElementPresent(findTestObject("verifikasi halaman tajalapak sebelum daftar"), 0): Object 'Object Repository/verifikasi halaman tajalapak sebelum daftar' is present

2023-10-03 10:45:41 - [MESSAGE][WARNING] - Timeout '0' is invalid. Using default page load timeout: '30'

2023-10-03 10:45:41 - [MESSAGE][PASSED] - Object 'Object Repository/verifikasi halaman tajalapak sebelum daftar' is present

2023-10-03 10:45:41 - [TEST_STEP][PASSED] - click(findTestObject("Pendaftaran/button Register")): Object: 'Object Repository/Pendaftaran/button Register' is clicked on

2023-10-03 10:45:43 - [MESSAGE][PASSED] - Object: 'Object Repository/Pendaftaran/button Register' is clicked on

2023-10-03 10:45:43 - [TEST_STEP][PASSED] - verifyElementPresent(findTestObject("Pendaftaran/verifikasi masuk helamaan daftar"), 0): Object 'Object Repository/Pendaftaran/verifikasi masuk helamaan daftar' is present

2023-10-03 10:45:43 - [MESSAGE][WARNING] - Timeout '0' is invalid. Using default page load timeout: '30'

2023-10-03 10:45:44 - [MESSAGE][PASSED] - Object 'Object Repository/Pendaftaran/verifikasi masuk helamaan daftar' is present

2023-10-03 10:45:44 - [TEST_STEP][PASSED] - setText(findTestObject("Pendaftaran/input username"), username): Text 'johandangdue' is set on object 'Object Repository/Pendaftaran/input username'

2023-10-03 10:45:44 - [MESSAGE][PASSED] - Text 'johandangdue' is set on object 'Object Repository/Pendaftaran/input username'

2023-10-03 10:45:44 - [TEST_STEP][PASSED] - setText(findTestObject("Pendaftaran/input email"), email): Text 'johanduer@gmail.com' is set on object 'Object Repository/Pendaftaran/input email'

2023-10-03 10:45:45 - [MESSAGE][PASSED] - Text 'johanduer@gmail.com' is set on object 'Object Repository/Pendaftaran/input email'

2023-10-03 10:45:45 - [TEST_STEP][PASSED] - setText(findTestObject("Pendaftaran/input Nomor Telephon"), noHP): Text '085e4E9ss432' is set on object 'Object Repository/Pendaftaran/input Nomor Telephon'

2023-10-03 10:45:46 - [MESSAGE][PASSED] - Text '085e4E9ss432' is set on object 'Object Repository/Pendaftaran/input Nomor Telephon'

2023-10-03 10:45:46 - [TEST_STEP][PASSED] - if (toString().equalsIgnoreCase("Perempuan")): null

2023-10-03 10:45:46 - [TEST_STEP][PASSED] - else if (toString().equalsIgnoreCase("Laki-laki")): Object 'Object Repository/Pendaftaran/pilihan Pria' is checked

2023-10-03 10:45:46 - [TEST_STEP][PASSED] - check(findTestObject("Object Repository/Pendaftaran/pilihan Pria")): Object 'Object Repository/Pendaftaran/pilihan Pria' is checked

2023-10-03 10:45:47 - [MESSAGE][PASSED] - Object 'Object Repository/Pendaftaran/pilihan Pria' is checked

2023-10-03 10:45:47 - [TEST_STEP][PASSED] - setEncryptedText(findTestObject("Pendaftaran/input password"), "qbkrdMwyWE4="): Text ****** has been set on object 'Object Repository/Pendaftaran/input password'

2023-10-03 10:45:48 - [MESSAGE][PASSED] - Text ****** has been set on object 'Object Repository/Pendaftaran/input password'

2023-10-03 10:45:48 - [TEST_STEP][PASSED] - setEncryptedText(findTestObject("Pendaftaran/input konfirmasi password"), "qbkrdMwyWE4="): Text ****** has been set on object 'Object Repository/Pendaftaran/input konfirmasi password'

2023-10-03 10:45:48 - [MESSAGE][PASSED] - Text ****** has been set on object 'Object Repository/Pendaftaran/input konfirmasi password'

2023-10-03 10:45:48 - [TEST_STEP][PASSED] - click(findTestObject("Pendaftaran/button_Daftar")): Object: 'Object Repository/Pendaftaran/button_Daftar' is clicked on

2023-10-03 10:45:49 - [MESSAGE][PASSED] - Object: 'Object Repository/Pendaftaran/button_Daftar' is clicked on

2023-10-03 10:45:49 - [TEST_STEP][PASSED] - webDriver = getWebDriver(): null

2023-10-03 10:45:49 - [TEST_STEP][PASSED] - field_no = webDriver.findElement(By.xpath("(//input[@name="b"])[4]")): null

2023-10-03 10:45:49 - [TEST_STEP][PASSED] - error_message = webDriver.executeScript("return arguments[0].validationMessage", field_no): null

2023-10-03 10:45:49 - [TEST_STEP][PASSED] - println(error_message): null

2023-10-03 10:45:49 - [TEST_STEP][PASSED] - assert error_message == "Please enter a number.": null]]></system-out>
         <system-err><![CDATA[]]></system-err>
      </testcase>
      <testcase name="Test Cases/T08 - Pendaftaran/TC-PF-013" time="20.733" classname="Test Cases/T08 - Pendaftaran/TC-PF-013" status="PASSED">
         <system-out><![CDATA[2023-10-03 10:45:49 - [TEST_CASE][PASSED] - Test Cases/T08 - Pendaftaran/TC-PF-013: Test Cases/T08 - Pendaftaran/TC-PF-013

2023-10-03 10:45:51 - [TEST_STEP][PASSED] - openBrowser(urlWeb): Browser is opened with url: 'https://10.9.2.63/ecommerce/'

2023-10-03 10:45:51 - [MESSAGE][WARNING] - A browser is already opened. Closing browser and opening a new one

2023-10-03 10:45:52 - [MESSAGE][INFO] - Starting 'Firefox' driver

2023-10-03 10:45:52 - [MESSAGE][INFO] - Action delay is set to 0 milliseconds

2023-10-03 10:46:01 - [MESSAGE][PASSED] - Browser is opened with url: 'https://10.9.2.63/ecommerce/'

2023-10-03 10:46:01 - [TEST_STEP][PASSED] - maximizeWindow(): Current window maximized

2023-10-03 10:46:01 - [MESSAGE][PASSED] - Current window maximized

2023-10-03 10:46:01 - [TEST_STEP][PASSED] - verifyElementPresent(findTestObject("verifikasi halaman tajalapak sebelum daftar"), 0): Object 'Object Repository/verifikasi halaman tajalapak sebelum daftar' is present

2023-10-03 10:46:01 - [MESSAGE][WARNING] - Timeout '0' is invalid. Using default page load timeout: '30'

2023-10-03 10:46:01 - [MESSAGE][PASSED] - Object 'Object Repository/verifikasi halaman tajalapak sebelum daftar' is present

2023-10-03 10:46:01 - [TEST_STEP][PASSED] - click(findTestObject("Pendaftaran/button Register")): Object: 'Object Repository/Pendaftaran/button Register' is clicked on

2023-10-03 10:46:03 - [MESSAGE][PASSED] - Object: 'Object Repository/Pendaftaran/button Register' is clicked on

2023-10-03 10:46:03 - [TEST_STEP][PASSED] - verifyElementPresent(findTestObject("Pendaftaran/verifikasi masuk helamaan daftar"), 0): Object 'Object Repository/Pendaftaran/verifikasi masuk helamaan daftar' is present

2023-10-03 10:46:03 - [MESSAGE][WARNING] - Timeout '0' is invalid. Using default page load timeout: '30'

2023-10-03 10:46:04 - [MESSAGE][PASSED] - Object 'Object Repository/Pendaftaran/verifikasi masuk helamaan daftar' is present

2023-10-03 10:46:04 - [TEST_STEP][PASSED] - setText(findTestObject("Pendaftaran/input username"), username): Text 'johnduet' is set on object 'Object Repository/Pendaftaran/input username'

2023-10-03 10:46:05 - [MESSAGE][PASSED] - Text 'johnduet' is set on object 'Object Repository/Pendaftaran/input username'

2023-10-03 10:46:05 - [TEST_STEP][PASSED] - setText(findTestObject("Pendaftaran/input email"), email): Text 'johnduet@gmail.com' is set on object 'Object Repository/Pendaftaran/input email'

2023-10-03 10:46:06 - [MESSAGE][PASSED] - Text 'johnduet@gmail.com' is set on object 'Object Repository/Pendaftaran/input email'

2023-10-03 10:46:06 - [TEST_STEP][PASSED] - setText(findTestObject("Pendaftaran/input Nomor Telephon"), noHP): Text 'obsgziqwqwrt' is set on object 'Object Repository/Pendaftaran/input Nomor Telephon'

2023-10-03 10:46:07 - [MESSAGE][PASSED] - Text 'obsgziqwqwrt' is set on object 'Object Repository/Pendaftaran/input Nomor Telephon'

2023-10-03 10:46:07 - [TEST_STEP][PASSED] - if (toString().equalsIgnoreCase("Perempuan")): null

2023-10-03 10:46:07 - [TEST_STEP][PASSED] - else if (toString().equalsIgnoreCase("Laki-laki")): Object 'Object Repository/Pendaftaran/pilihan Pria' is checked

2023-10-03 10:46:07 - [TEST_STEP][PASSED] - check(findTestObject("Object Repository/Pendaftaran/pilihan Pria")): Object 'Object Repository/Pendaftaran/pilihan Pria' is checked

2023-10-03 10:46:08 - [MESSAGE][PASSED] - Object 'Object Repository/Pendaftaran/pilihan Pria' is checked

2023-10-03 10:46:08 - [TEST_STEP][PASSED] - setEncryptedText(findTestObject("Pendaftaran/input password"), "qbkrdMwyWE4="): Text ****** has been set on object 'Object Repository/Pendaftaran/input password'

2023-10-03 10:46:08 - [MESSAGE][PASSED] - Text ****** has been set on object 'Object Repository/Pendaftaran/input password'

2023-10-03 10:46:08 - [TEST_STEP][PASSED] - setEncryptedText(findTestObject("Pendaftaran/input konfirmasi password"), "qbkrdMwyWE4="): Text ****** has been set on object 'Object Repository/Pendaftaran/input konfirmasi password'

2023-10-03 10:46:09 - [MESSAGE][PASSED] - Text ****** has been set on object 'Object Repository/Pendaftaran/input konfirmasi password'

2023-10-03 10:46:09 - [TEST_STEP][PASSED] - click(findTestObject("Pendaftaran/button_Daftar")): Object: 'Object Repository/Pendaftaran/button_Daftar' is clicked on

2023-10-03 10:46:10 - [MESSAGE][PASSED] - Object: 'Object Repository/Pendaftaran/button_Daftar' is clicked on

2023-10-03 10:46:10 - [TEST_STEP][PASSED] - webDriver = getWebDriver(): null

2023-10-03 10:46:10 - [TEST_STEP][PASSED] - field_no = webDriver.findElement(By.xpath("(//input[@name="b"])[4]")): null

2023-10-03 10:46:10 - [TEST_STEP][PASSED] - error_message = webDriver.executeScript("return arguments[0].validationMessage", field_no): null

2023-10-03 10:46:10 - [TEST_STEP][PASSED] - println(error_message): null

2023-10-03 10:46:10 - [TEST_STEP][PASSED] - assert error_message == "Please enter a number.": null]]></system-out>
         <system-err><![CDATA[]]></system-err>
      </testcase>
      <testcase name="Test Cases/T08 - Pendaftaran/TC-PF-014" time="19.275" classname="Test Cases/T08 - Pendaftaran/TC-PF-014" status="PASSED">
         <system-out><![CDATA[2023-10-03 10:46:10 - [TEST_CASE][PASSED] - Test Cases/T08 - Pendaftaran/TC-PF-014: Test Cases/T08 - Pendaftaran/TC-PF-014

2023-10-03 10:46:11 - [TEST_STEP][PASSED] - openBrowser(urlWeb): Browser is opened with url: 'https://10.9.2.63/ecommerce/'

2023-10-03 10:46:11 - [MESSAGE][WARNING] - A browser is already opened. Closing browser and opening a new one

2023-10-03 10:46:13 - [MESSAGE][INFO] - Starting 'Firefox' driver

2023-10-03 10:46:13 - [MESSAGE][INFO] - Action delay is set to 0 milliseconds

2023-10-03 10:46:20 - [MESSAGE][PASSED] - Browser is opened with url: 'https://10.9.2.63/ecommerce/'

2023-10-03 10:46:20 - [TEST_STEP][PASSED] - maximizeWindow(): Current window maximized

2023-10-03 10:46:20 - [MESSAGE][PASSED] - Current window maximized

2023-10-03 10:46:20 - [TEST_STEP][PASSED] - verifyElementPresent(findTestObject("verifikasi halaman tajalapak sebelum daftar"), 0): Object 'Object Repository/verifikasi halaman tajalapak sebelum daftar' is present

2023-10-03 10:46:21 - [MESSAGE][WARNING] - Timeout '0' is invalid. Using default page load timeout: '30'

2023-10-03 10:46:21 - [MESSAGE][PASSED] - Object 'Object Repository/verifikasi halaman tajalapak sebelum daftar' is present

2023-10-03 10:46:21 - [TEST_STEP][PASSED] - click(findTestObject("Pendaftaran/button Register")): Object: 'Object Repository/Pendaftaran/button Register' is clicked on

2023-10-03 10:46:22 - [MESSAGE][PASSED] - Object: 'Object Repository/Pendaftaran/button Register' is clicked on

2023-10-03 10:46:22 - [TEST_STEP][PASSED] - verifyElementPresent(findTestObject("Pendaftaran/verifikasi masuk helamaan daftar"), 0): Object 'Object Repository/Pendaftaran/verifikasi masuk helamaan daftar' is present

2023-10-03 10:46:22 - [MESSAGE][WARNING] - Timeout '0' is invalid. Using default page load timeout: '30'

2023-10-03 10:46:23 - [MESSAGE][PASSED] - Object 'Object Repository/Pendaftaran/verifikasi masuk helamaan daftar' is present

2023-10-03 10:46:23 - [TEST_STEP][PASSED] - setText(findTestObject("Pendaftaran/input username"), username): Text 'johanduar' is set on object 'Object Repository/Pendaftaran/input username'

2023-10-03 10:46:24 - [MESSAGE][PASSED] - Text 'johanduar' is set on object 'Object Repository/Pendaftaran/input username'

2023-10-03 10:46:24 - [TEST_STEP][PASSED] - setText(findTestObject("Pendaftaran/input email"), email): Text 'johanduar@gmail.com' is set on object 'Object Repository/Pendaftaran/input email'

2023-10-03 10:46:25 - [MESSAGE][PASSED] - Text 'johanduar@gmail.com' is set on object 'Object Repository/Pendaftaran/input email'

2023-10-03 10:46:25 - [TEST_STEP][PASSED] - setText(findTestObject("Pendaftaran/input Nomor Telephon"), noHP): Text '085g2i@1%131' is set on object 'Object Repository/Pendaftaran/input Nomor Telephon'

2023-10-03 10:46:26 - [MESSAGE][PASSED] - Text '085g2i@1%131' is set on object 'Object Repository/Pendaftaran/input Nomor Telephon'

2023-10-03 10:46:26 - [TEST_STEP][PASSED] - if (toString().equalsIgnoreCase("Perempuan")): null

2023-10-03 10:46:26 - [TEST_STEP][PASSED] - else if (toString().equalsIgnoreCase("Laki-laki")): Object 'Object Repository/Pendaftaran/pilihan Pria' is checked

2023-10-03 10:46:26 - [TEST_STEP][PASSED] - check(findTestObject("Object Repository/Pendaftaran/pilihan Pria")): Object 'Object Repository/Pendaftaran/pilihan Pria' is checked

2023-10-03 10:46:27 - [MESSAGE][PASSED] - Object 'Object Repository/Pendaftaran/pilihan Pria' is checked

2023-10-03 10:46:27 - [TEST_STEP][PASSED] - setEncryptedText(findTestObject("Pendaftaran/input password"), "qbkrdMwyWE4="): Text ****** has been set on object 'Object Repository/Pendaftaran/input password'

2023-10-03 10:46:28 - [MESSAGE][PASSED] - Text ****** has been set on object 'Object Repository/Pendaftaran/input password'

2023-10-03 10:46:28 - [TEST_STEP][PASSED] - setEncryptedText(findTestObject("Pendaftaran/input konfirmasi password"), "qbkrdMwyWE4="): Text ****** has been set on object 'Object Repository/Pendaftaran/input konfirmasi password'

2023-10-03 10:46:28 - [MESSAGE][PASSED] - Text ****** has been set on object 'Object Repository/Pendaftaran/input konfirmasi password'

2023-10-03 10:46:28 - [TEST_STEP][PASSED] - click(findTestObject("Pendaftaran/button_Daftar")): Object: 'Object Repository/Pendaftaran/button_Daftar' is clicked on

2023-10-03 10:46:29 - [MESSAGE][PASSED] - Object: 'Object Repository/Pendaftaran/button_Daftar' is clicked on

2023-10-03 10:46:29 - [TEST_STEP][PASSED] - webDriver = getWebDriver(): null

2023-10-03 10:46:29 - [TEST_STEP][PASSED] - field_no = webDriver.findElement(By.xpath("(//input[@name="b"])[4]")): null

2023-10-03 10:46:29 - [TEST_STEP][PASSED] - error_message = webDriver.executeScript("return arguments[0].validationMessage", field_no): null

2023-10-03 10:46:29 - [TEST_STEP][PASSED] - println(error_message): null

2023-10-03 10:46:29 - [TEST_STEP][PASSED] - assert error_message == "Please enter a number.": null]]></system-out>
         <system-err><![CDATA[]]></system-err>
      </testcase>
      <testcase name="Test Cases/T08 - Pendaftaran/TC-PF-015" time="19.673" classname="Test Cases/T08 - Pendaftaran/TC-PF-015" status="PASSED">
         <system-out><![CDATA[2023-10-03 10:46:29 - [TEST_CASE][PASSED] - Test Cases/T08 - Pendaftaran/TC-PF-015: Test Cases/T08 - Pendaftaran/TC-PF-015

2023-10-03 10:46:31 - [TEST_STEP][PASSED] - openBrowser(urlWeb): Browser is opened with url: 'https://10.9.2.63/ecommerce/'

2023-10-03 10:46:31 - [MESSAGE][WARNING] - A browser is already opened. Closing browser and opening a new one

2023-10-03 10:46:33 - [MESSAGE][INFO] - Starting 'Firefox' driver

2023-10-03 10:46:33 - [MESSAGE][INFO] - Action delay is set to 0 milliseconds

2023-10-03 10:46:40 - [MESSAGE][PASSED] - Browser is opened with url: 'https://10.9.2.63/ecommerce/'

2023-10-03 10:46:41 - [TEST_STEP][PASSED] - maximizeWindow(): Current window maximized

2023-10-03 10:46:41 - [MESSAGE][PASSED] - Current window maximized

2023-10-03 10:46:41 - [TEST_STEP][PASSED] - verifyElementPresent(findTestObject("verifikasi halaman tajalapak sebelum daftar"), 0): Object 'Object Repository/verifikasi halaman tajalapak sebelum daftar' is present

2023-10-03 10:46:41 - [MESSAGE][WARNING] - Timeout '0' is invalid. Using default page load timeout: '30'

2023-10-03 10:46:41 - [MESSAGE][PASSED] - Object 'Object Repository/verifikasi halaman tajalapak sebelum daftar' is present

2023-10-03 10:46:41 - [TEST_STEP][PASSED] - click(findTestObject("Pendaftaran/button Register")): Object: 'Object Repository/Pendaftaran/button Register' is clicked on

2023-10-03 10:46:42 - [MESSAGE][PASSED] - Object: 'Object Repository/Pendaftaran/button Register' is clicked on

2023-10-03 10:46:42 - [TEST_STEP][PASSED] - verifyElementPresent(findTestObject("Pendaftaran/verifikasi masuk helamaan daftar"), 0): Object 'Object Repository/Pendaftaran/verifikasi masuk helamaan daftar' is present

2023-10-03 10:46:42 - [MESSAGE][WARNING] - Timeout '0' is invalid. Using default page load timeout: '30'

2023-10-03 10:46:43 - [MESSAGE][PASSED] - Object 'Object Repository/Pendaftaran/verifikasi masuk helamaan daftar' is present

2023-10-03 10:46:43 - [TEST_STEP][PASSED] - setText(findTestObject("Pendaftaran/input username"), username): Text 'johndoez' is set on object 'Object Repository/Pendaftaran/input username'

2023-10-03 10:46:44 - [MESSAGE][PASSED] - Text 'johndoez' is set on object 'Object Repository/Pendaftaran/input username'

2023-10-03 10:46:44 - [TEST_STEP][PASSED] - setText(findTestObject("Pendaftaran/input email"), email): Text 'johndoez@gmail.com' is set on object 'Object Repository/Pendaftaran/input email'

2023-10-03 10:46:45 - [MESSAGE][PASSED] - Text 'johndoez@gmail.com' is set on object 'Object Repository/Pendaftaran/input email'

2023-10-03 10:46:45 - [TEST_STEP][PASSED] - setText(findTestObject("Pendaftaran/input Nomor Telephon"), noHP): Text '%$#@!)(*&^+=' is set on object 'Object Repository/Pendaftaran/input Nomor Telephon'

2023-10-03 10:46:46 - [MESSAGE][PASSED] - Text '%$#@!)(*&^+=' is set on object 'Object Repository/Pendaftaran/input Nomor Telephon'

2023-10-03 10:46:46 - [TEST_STEP][PASSED] - if (toString().equalsIgnoreCase("Perempuan")): null

2023-10-03 10:46:46 - [TEST_STEP][PASSED] - else if (toString().equalsIgnoreCase("Laki-laki")): Object 'Object Repository/Pendaftaran/pilihan Pria' is checked

2023-10-03 10:46:46 - [TEST_STEP][PASSED] - check(findTestObject("Object Repository/Pendaftaran/pilihan Pria")): Object 'Object Repository/Pendaftaran/pilihan Pria' is checked

2023-10-03 10:46:47 - [MESSAGE][PASSED] - Object 'Object Repository/Pendaftaran/pilihan Pria' is checked

2023-10-03 10:46:47 - [TEST_STEP][PASSED] - setEncryptedText(findTestObject("Pendaftaran/input password"), "qbkrdMwyWE4="): Text ****** has been set on object 'Object Repository/Pendaftaran/input password'

2023-10-03 10:46:47 - [MESSAGE][PASSED] - Text ****** has been set on object 'Object Repository/Pendaftaran/input password'

2023-10-03 10:46:47 - [TEST_STEP][PASSED] - setEncryptedText(findTestObject("Pendaftaran/input konfirmasi password"), "qbkrdMwyWE4="): Text ****** has been set on object 'Object Repository/Pendaftaran/input konfirmasi password'

2023-10-03 10:46:48 - [MESSAGE][PASSED] - Text ****** has been set on object 'Object Repository/Pendaftaran/input konfirmasi password'

2023-10-03 10:46:48 - [TEST_STEP][PASSED] - click(findTestObject("Pendaftaran/button_Daftar")): Object: 'Object Repository/Pendaftaran/button_Daftar' is clicked on

2023-10-03 10:46:49 - [MESSAGE][PASSED] - Object: 'Object Repository/Pendaftaran/button_Daftar' is clicked on

2023-10-03 10:46:49 - [TEST_STEP][PASSED] - webDriver = getWebDriver(): null

2023-10-03 10:46:49 - [TEST_STEP][PASSED] - field_no = webDriver.findElement(By.xpath("(//input[@name="b"])[4]")): null

2023-10-03 10:46:49 - [TEST_STEP][PASSED] - error_message = webDriver.executeScript("return arguments[0].validationMessage", field_no): null

2023-10-03 10:46:49 - [TEST_STEP][PASSED] - println(error_message): null

2023-10-03 10:46:49 - [TEST_STEP][PASSED] - assert error_message == "Please enter a number.": null]]></system-out>
         <system-err><![CDATA[]]></system-err>
      </testcase>
      <testcase name="Test Cases/T08 - Pendaftaran/TC-PDS-001" time="46.922" classname="Test Cases/T08 - Pendaftaran/TC-PDS-001" status="FAILED">
         <failure type="FAILED" message="Test Cases/T08 - Pendaftaran/TC-PDS-001 FAILED.
Reason:
com.kms.katalon.core.exception.StepFailedException: Unable to accept alert
	at com.kms.katalon.core.webui.keyword.internal.WebUIKeywordMain.stepFailed(WebUIKeywordMain.groovy:64)
	at com.kms.katalon.core.webui.keyword.internal.WebUIKeywordMain.runKeyword(WebUIKeywordMain.groovy:26)
	at com.kms.katalon.core.webui.keyword.builtin.AcceptAlertKeyword.acceptAlert(AcceptAlertKeyword.groovy:71)
	at com.kms.katalon.core.webui.keyword.builtin.AcceptAlertKeyword.execute(AcceptAlertKeyword.groovy:66)
	at com.kms.katalon.core.keyword.internal.KeywordExecutor.executeKeywordForPlatform(KeywordExecutor.groovy:74)
	at com.kms.katalon.core.webui.keyword.WebUiBuiltInKeywords.acceptAlert(WebUiBuiltInKeywords.groovy:1522)
	at com.kms.katalon.core.webui.keyword.WebUiBuiltInKeywords$acceptAlert$15.call(Unknown Source)
	at TC-PDS-001.run(TC-PDS-001:40)
	at com.kms.katalon.core.main.ScriptEngine.run(ScriptEngine.java:194)
	at com.kms.katalon.core.main.ScriptEngine.runScriptAsRawText(ScriptEngine.java:119)
	at com.kms.katalon.core.main.TestCaseExecutor.runScript(TestCaseExecutor.java:448)
	at com.kms.katalon.core.main.TestCaseExecutor.doExecute(TestCaseExecutor.java:439)
	at com.kms.katalon.core.main.TestCaseExecutor.processExecutionPhase(TestCaseExecutor.java:418)
	at com.kms.katalon.core.main.TestCaseExecutor.accessMainPhase(TestCaseExecutor.java:410)
	at com.kms.katalon.core.main.TestCaseExecutor.execute(TestCaseExecutor.java:285)
	at com.kms.katalon.core.common.CommonExecutor.accessTestCaseMainPhase(CommonExecutor.java:65)
	at com.kms.katalon.core.main.TestSuiteExecutor.accessTestSuiteMainPhase(TestSuiteExecutor.java:148)
	at com.kms.katalon.core.main.TestSuiteExecutor.execute(TestSuiteExecutor.java:106)
	at com.kms.katalon.core.main.TestCaseMain.startTestSuite(TestCaseMain.java:187)
	at com.kms.katalon.core.main.TestCaseMain$startTestSuite$0.call(Unknown Source)
	at TempTestSuite1696304188794.run(TempTestSuite1696304188794.groovy:36)
Caused by: com.kms.katalon.core.exception.StepFailedException: No alert found
	at com.kms.katalon.core.webui.keyword.internal.WebUIKeywordMain.stepFailed(WebUIKeywordMain.groovy:64)
	at com.kms.katalon.core.webui.keyword.builtin.AcceptAlertKeyword$_acceptAlert_closure1.doCall(AcceptAlertKeyword.groovy:78)
	at com.kms.katalon.core.webui.keyword.builtin.AcceptAlertKeyword$_acceptAlert_closure1.call(AcceptAlertKeyword.groovy)
	at com.kms.katalon.core.webui.keyword.internal.WebUIKeywordMain.runKeyword(WebUIKeywordMain.groovy:20)
	... 19 more
"/>
         <system-out><![CDATA[2023-10-03 10:46:49 - [TEST_CASE][FAILED] - Test Cases/T08 - Pendaftaran/TC-PDS-001: Test Cases/T08 - Pendaftaran/TC-PDS-001 FAILED.
Reason:
com.kms.katalon.core.exception.StepFailedException: Unable to accept alert
	at com.kms.katalon.core.webui.keyword.internal.WebUIKeywordMain.stepFailed(WebUIKeywordMain.groovy:64)
	at com.kms.katalon.core.webui.keyword.internal.WebUIKeywordMain.runKeyword(WebUIKeywordMain.groovy:26)
	at com.kms.katalon.core.webui.keyword.builtin.AcceptAlertKeyword.acceptAlert(AcceptAlertKeyword.groovy:71)
	at com.kms.katalon.core.webui.keyword.builtin.AcceptAlertKeyword.execute(AcceptAlertKeyword.groovy:66)
	at com.kms.katalon.core.keyword.internal.KeywordExecutor.executeKeywordForPlatform(KeywordExecutor.groovy:74)
	at com.kms.katalon.core.webui.keyword.WebUiBuiltInKeywords.acceptAlert(WebUiBuiltInKeywords.groovy:1522)
	at com.kms.katalon.core.webui.keyword.WebUiBuiltInKeywords$acceptAlert$15.call(Unknown Source)
	at TC-PDS-001.run(TC-PDS-001:40)
	at com.kms.katalon.core.main.ScriptEngine.run(ScriptEngine.java:194)
	at com.kms.katalon.core.main.ScriptEngine.runScriptAsRawText(ScriptEngine.java:119)
	at com.kms.katalon.core.main.TestCaseExecutor.runScript(TestCaseExecutor.java:448)
	at com.kms.katalon.core.main.TestCaseExecutor.doExecute(TestCaseExecutor.java:439)
	at com.kms.katalon.core.main.TestCaseExecutor.processExecutionPhase(TestCaseExecutor.java:418)
	at com.kms.katalon.core.main.TestCaseExecutor.accessMainPhase(TestCaseExecutor.java:410)
	at com.kms.katalon.core.main.TestCaseExecutor.execute(TestCaseExecutor.java:285)
	at com.kms.katalon.core.common.CommonExecutor.accessTestCaseMainPhase(CommonExecutor.java:65)
	at com.kms.katalon.core.main.TestSuiteExecutor.accessTestSuiteMainPhase(TestSuiteExecutor.java:148)
	at com.kms.katalon.core.main.TestSuiteExecutor.execute(TestSuiteExecutor.java:106)
	at com.kms.katalon.core.main.TestCaseMain.startTestSuite(TestCaseMain.java:187)
	at com.kms.katalon.core.main.TestCaseMain$startTestSuite$0.call(Unknown Source)
	at TempTestSuite1696304188794.run(TempTestSuite1696304188794.groovy:36)
Caused by: com.kms.katalon.core.exception.StepFailedException: No alert found
	at com.kms.katalon.core.webui.keyword.internal.WebUIKeywordMain.stepFailed(WebUIKeywordMain.groovy:64)
	at com.kms.katalon.core.webui.keyword.builtin.AcceptAlertKeyword$_acceptAlert_closure1.doCall(AcceptAlertKeyword.groovy:78)
	at com.kms.katalon.core.webui.keyword.builtin.AcceptAlertKeyword$_acceptAlert_closure1.call(AcceptAlertKeyword.groovy)
	at com.kms.katalon.core.webui.keyword.internal.WebUIKeywordMain.runKeyword(WebUIKeywordMain.groovy:20)
	... 19 more


2023-10-03 10:46:50 - [TEST_STEP][PASSED] - openBrowser("https://10.9.2.63/ecommerce/administrator/"): Browser is opened with url: 'https://10.9.2.63/ecommerce/administrator/'

2023-10-03 10:46:50 - [MESSAGE][WARNING] - A browser is already opened. Closing browser and opening a new one

2023-10-03 10:46:52 - [MESSAGE][INFO] - Starting 'Firefox' driver

2023-10-03 10:46:52 - [MESSAGE][INFO] - Action delay is set to 0 milliseconds

2023-10-03 10:46:59 - [MESSAGE][PASSED] - Browser is opened with url: 'https://10.9.2.63/ecommerce/administrator/'

2023-10-03 10:46:59 - [TEST_STEP][PASSED] - maximizeWindow(): Current window maximized

2023-10-03 10:46:59 - [MESSAGE][PASSED] - Current window maximized

2023-10-03 10:46:59 - [TEST_STEP][PASSED] - setText(findTestObject("delete akun/input usn admin"), "admin"): Text 'admin' is set on object 'Object Repository/delete akun/input usn admin'

2023-10-03 10:47:00 - [MESSAGE][PASSED] - Text 'admin' is set on object 'Object Repository/delete akun/input usn admin'

2023-10-03 10:47:00 - [TEST_STEP][PASSED] - setEncryptedText(findTestObject("delete akun/input password admin"), "374mkdZ/lqyNS21oH+MJZQ=="): Text ****** has been set on object 'Object Repository/delete akun/input password admin'

2023-10-03 10:47:00 - [MESSAGE][PASSED] - Text ****** has been set on object 'Object Repository/delete akun/input password admin'

2023-10-03 10:47:00 - [TEST_STEP][PASSED] - delay(10): Delayed 10 second(s)

2023-10-03 10:47:10 - [MESSAGE][PASSED] - Delayed 10 second(s)

2023-10-03 10:47:10 - [TEST_STEP][PASSED] - click(findTestObject("delete akun/button signin di web admin")): Object: 'Object Repository/delete akun/button signin di web admin' is clicked on

2023-10-03 10:47:13 - [MESSAGE][PASSED] - Object: 'Object Repository/delete akun/button signin di web admin' is clicked on

2023-10-03 10:47:13 - [TEST_STEP][PASSED] - click(findTestObject("delete akun/a_Konsumen")): Object: 'Object Repository/delete akun/a_Konsumen' is clicked on

2023-10-03 10:47:20 - [MESSAGE][PASSED] - Object: 'Object Repository/delete akun/a_Konsumen' is clicked on

2023-10-03 10:47:20 - [TEST_STEP][PASSED] - setText(findTestObject("delete akun/input search nama konsumen"), noHp): Text '085643955432' is set on object 'Object Repository/delete akun/input search nama konsumen'

2023-10-03 10:47:29 - [MESSAGE][PASSED] - Text '085643955432' is set on object 'Object Repository/delete akun/input search nama konsumen'

2023-10-03 10:47:29 - [TEST_STEP][PASSED] - click(findTestObject("delete akun/untuk delete akun"), OPTIONAL): Object: 'Object Repository/delete akun/untuk delete akun' is clicked on

2023-10-03 10:47:30 - [MESSAGE][PASSED] - Object: 'Object Repository/delete akun/untuk delete akun' is clicked on

2023-10-03 10:47:30 - [TEST_STEP][PASSED] - waitForAlert(5): No alert found after 5 second(s).

2023-10-03 10:47:35 - [MESSAGE][WARNING] - No alert found after 5 second(s).

2023-10-03 10:47:35 - [TEST_STEP][FAILED] - acceptAlert(): Unable to accept alert (Root cause: com.kms.katalon.core.exception.StepFailedException: Unable to accept alert
	at com.kms.katalon.core.webui.keyword.internal.WebUIKeywordMain.stepFailed(WebUIKeywordMain.groovy:64)
	at com.kms.katalon.core.webui.keyword.internal.WebUIKeywordMain.runKeyword(WebUIKeywordMain.groovy:26)
	at com.kms.katalon.core.webui.keyword.builtin.AcceptAlertKeyword.acceptAlert(AcceptAlertKeyword.groovy:71)
	at com.kms.katalon.core.webui.keyword.builtin.AcceptAlertKeyword.execute(AcceptAlertKeyword.groovy:66)
	at com.kms.katalon.core.keyword.internal.KeywordExecutor.executeKeywordForPlatform(KeywordExecutor.groovy:74)
	at com.kms.katalon.core.webui.keyword.WebUiBuiltInKeywords.acceptAlert(WebUiBuiltInKeywords.groovy:1522)
	at com.kms.katalon.core.webui.keyword.WebUiBuiltInKeywords$acceptAlert$15.call(Unknown Source)
	at TC-PDS-001.run(TC-PDS-001:40)
	at com.kms.katalon.core.main.ScriptEngine.run(ScriptEngine.java:194)
	at com.kms.katalon.core.main.ScriptEngine.runScriptAsRawText(ScriptEngine.java:119)
	at com.kms.katalon.core.main.TestCaseExecutor.runScript(TestCaseExecutor.java:448)
	at com.kms.katalon.core.main.TestCaseExecutor.doExecute(TestCaseExecutor.java:439)
	at com.kms.katalon.core.main.TestCaseExecutor.processExecutionPhase(TestCaseExecutor.java:418)
	at com.kms.katalon.core.main.TestCaseExecutor.accessMainPhase(TestCaseExecutor.java:410)
	at com.kms.katalon.core.main.TestCaseExecutor.execute(TestCaseExecutor.java:285)
	at com.kms.katalon.core.common.CommonExecutor.accessTestCaseMainPhase(CommonExecutor.java:65)
	at com.kms.katalon.core.main.TestSuiteExecutor.accessTestSuiteMainPhase(TestSuiteExecutor.java:148)
	at com.kms.katalon.core.main.TestSuiteExecutor.execute(TestSuiteExecutor.java:106)
	at com.kms.katalon.core.main.TestCaseMain.startTestSuite(TestCaseMain.java:187)
	at com.kms.katalon.core.main.TestCaseMain$startTestSuite$0.call(Unknown Source)
	at TempTestSuite1696304188794.run(TempTestSuite1696304188794.groovy:36)
Caused by: com.kms.katalon.core.exception.StepFailedException: No alert found
	at com.kms.katalon.core.webui.keyword.internal.WebUIKeywordMain.stepFailed(WebUIKeywordMain.groovy:64)
	at com.kms.katalon.core.webui.keyword.builtin.AcceptAlertKeyword$_acceptAlert_closure1.doCall(AcceptAlertKeyword.groovy:78)
	at com.kms.katalon.core.webui.keyword.builtin.AcceptAlertKeyword$_acceptAlert_closure1.call(AcceptAlertKeyword.groovy)
	at com.kms.katalon.core.webui.keyword.internal.WebUIKeywordMain.runKeyword(WebUIKeywordMain.groovy:20)
	... 19 more
)

2023-10-03 10:47:36 - [MESSAGE][FAILED] - No alert found (Root cause: com.kms.katalon.core.exception.StepFailedException: No alert found
	at com.kms.katalon.core.webui.keyword.internal.WebUIKeywordMain.stepFailed(WebUIKeywordMain.groovy:64)
	at com.kms.katalon.core.webui.keyword.builtin.AcceptAlertKeyword$_acceptAlert_closure1.doCall(AcceptAlertKeyword.groovy:78)
	at com.kms.katalon.core.webui.keyword.builtin.AcceptAlertKeyword$_acceptAlert_closure1.call(AcceptAlertKeyword.groovy)
	at com.kms.katalon.core.webui.keyword.internal.WebUIKeywordMain.runKeyword(WebUIKeywordMain.groovy:20)
	at com.kms.katalon.core.webui.keyword.builtin.AcceptAlertKeyword.acceptAlert(AcceptAlertKeyword.groovy:71)
	at com.kms.katalon.core.webui.keyword.builtin.AcceptAlertKeyword.execute(AcceptAlertKeyword.groovy:66)
	at com.kms.katalon.core.keyword.internal.KeywordExecutor.executeKeywordForPlatform(KeywordExecutor.groovy:74)
	at com.kms.katalon.core.webui.keyword.WebUiBuiltInKeywords.acceptAlert(WebUiBuiltInKeywords.groovy:1522)
	at com.kms.katalon.core.webui.keyword.WebUiBuiltInKeywords$acceptAlert$15.call(Unknown Source)
	at TC-PDS-001.run(TC-PDS-001:40)
	at com.kms.katalon.core.main.ScriptEngine.run(ScriptEngine.java:194)
	at com.kms.katalon.core.main.ScriptEngine.runScriptAsRawText(ScriptEngine.java:119)
	at com.kms.katalon.core.main.TestCaseExecutor.runScript(TestCaseExecutor.java:448)
	at com.kms.katalon.core.main.TestCaseExecutor.doExecute(TestCaseExecutor.java:439)
	at com.kms.katalon.core.main.TestCaseExecutor.processExecutionPhase(TestCaseExecutor.java:418)
	at com.kms.katalon.core.main.TestCaseExecutor.accessMainPhase(TestCaseExecutor.java:410)
	at com.kms.katalon.core.main.TestCaseExecutor.execute(TestCaseExecutor.java:285)
	at com.kms.katalon.core.common.CommonExecutor.accessTestCaseMainPhase(CommonExecutor.java:65)
	at com.kms.katalon.core.main.TestSuiteExecutor.accessTestSuiteMainPhase(TestSuiteExecutor.java:148)
	at com.kms.katalon.core.main.TestSuiteExecutor.execute(TestSuiteExecutor.java:106)
	at com.kms.katalon.core.main.TestCaseMain.startTestSuite(TestCaseMain.java:187)
	at com.kms.katalon.core.main.TestCaseMain$startTestSuite$0.call(Unknown Source)
	at TempTestSuite1696304188794.run(TempTestSuite1696304188794.groovy:36)
)
[[ATTACHMENT|F:\\bootcamp\\Miniproject\\Tajalapak\\Reports\\20231003_103628\\T08-Pendaftaran\\20231003_103628\\1696304855796.png]]

2023-10-03 10:47:36 - [MESSAGE][FAILED] - Unable to accept alert (Root cause: com.kms.katalon.core.exception.StepFailedException: Unable to accept alert
	at com.kms.katalon.core.webui.keyword.internal.WebUIKeywordMain.stepFailed(WebUIKeywordMain.groovy:64)
	at com.kms.katalon.core.webui.keyword.internal.WebUIKeywordMain.runKeyword(WebUIKeywordMain.groovy:26)
	at com.kms.katalon.core.webui.keyword.builtin.AcceptAlertKeyword.acceptAlert(AcceptAlertKeyword.groovy:71)
	at com.kms.katalon.core.webui.keyword.builtin.AcceptAlertKeyword.execute(AcceptAlertKeyword.groovy:66)
	at com.kms.katalon.core.keyword.internal.KeywordExecutor.executeKeywordForPlatform(KeywordExecutor.groovy:74)
	at com.kms.katalon.core.webui.keyword.WebUiBuiltInKeywords.acceptAlert(WebUiBuiltInKeywords.groovy:1522)
	at com.kms.katalon.core.webui.keyword.WebUiBuiltInKeywords$acceptAlert$15.call(Unknown Source)
	at TC-PDS-001.run(TC-PDS-001:40)
	at com.kms.katalon.core.main.ScriptEngine.run(ScriptEngine.java:194)
	at com.kms.katalon.core.main.ScriptEngine.runScriptAsRawText(ScriptEngine.java:119)
	at com.kms.katalon.core.main.TestCaseExecutor.runScript(TestCaseExecutor.java:448)
	at com.kms.katalon.core.main.TestCaseExecutor.doExecute(TestCaseExecutor.java:439)
	at com.kms.katalon.core.main.TestCaseExecutor.processExecutionPhase(TestCaseExecutor.java:418)
	at com.kms.katalon.core.main.TestCaseExecutor.accessMainPhase(TestCaseExecutor.java:410)
	at com.kms.katalon.core.main.TestCaseExecutor.execute(TestCaseExecutor.java:285)
	at com.kms.katalon.core.common.CommonExecutor.accessTestCaseMainPhase(CommonExecutor.java:65)
	at com.kms.katalon.core.main.TestSuiteExecutor.accessTestSuiteMainPhase(TestSuiteExecutor.java:148)
	at com.kms.katalon.core.main.TestSuiteExecutor.execute(TestSuiteExecutor.java:106)
	at com.kms.katalon.core.main.TestCaseMain.startTestSuite(TestCaseMain.java:187)
	at com.kms.katalon.core.main.TestCaseMain$startTestSuite$0.call(Unknown Source)
	at TempTestSuite1696304188794.run(TempTestSuite1696304188794.groovy:36)
Caused by: com.kms.katalon.core.exception.StepFailedException: No alert found
	at com.kms.katalon.core.webui.keyword.internal.WebUIKeywordMain.stepFailed(WebUIKeywordMain.groovy:64)
	at com.kms.katalon.core.webui.keyword.builtin.AcceptAlertKeyword$_acceptAlert_closure1.doCall(AcceptAlertKeyword.groovy:78)
	at com.kms.katalon.core.webui.keyword.builtin.AcceptAlertKeyword$_acceptAlert_closure1.call(AcceptAlertKeyword.groovy)
	at com.kms.katalon.core.webui.keyword.internal.WebUIKeywordMain.runKeyword(WebUIKeywordMain.groovy:20)
	... 19 more
)
[[ATTACHMENT|F:\\bootcamp\\Miniproject\\Tajalapak\\Reports\\20231003_103628\\T08-Pendaftaran\\20231003_103628\\1696304856307.png]]]]></system-out>
         <system-err><![CDATA[2023-10-03 10:46:49 - [TEST_CASE][FAILED] - Test Cases/T08 - Pendaftaran/TC-PDS-001: Test Cases/T08 - Pendaftaran/TC-PDS-001 FAILED.
Reason:
com.kms.katalon.core.exception.StepFailedException: Unable to accept alert
	at com.kms.katalon.core.webui.keyword.internal.WebUIKeywordMain.stepFailed(WebUIKeywordMain.groovy:64)
	at com.kms.katalon.core.webui.keyword.internal.WebUIKeywordMain.runKeyword(WebUIKeywordMain.groovy:26)
	at com.kms.katalon.core.webui.keyword.builtin.AcceptAlertKeyword.acceptAlert(AcceptAlertKeyword.groovy:71)
	at com.kms.katalon.core.webui.keyword.builtin.AcceptAlertKeyword.execute(AcceptAlertKeyword.groovy:66)
	at com.kms.katalon.core.keyword.internal.KeywordExecutor.executeKeywordForPlatform(KeywordExecutor.groovy:74)
	at com.kms.katalon.core.webui.keyword.WebUiBuiltInKeywords.acceptAlert(WebUiBuiltInKeywords.groovy:1522)
	at com.kms.katalon.core.webui.keyword.WebUiBuiltInKeywords$acceptAlert$15.call(Unknown Source)
	at TC-PDS-001.run(TC-PDS-001:40)
	at com.kms.katalon.core.main.ScriptEngine.run(ScriptEngine.java:194)
	at com.kms.katalon.core.main.ScriptEngine.runScriptAsRawText(ScriptEngine.java:119)
	at com.kms.katalon.core.main.TestCaseExecutor.runScript(TestCaseExecutor.java:448)
	at com.kms.katalon.core.main.TestCaseExecutor.doExecute(TestCaseExecutor.java:439)
	at com.kms.katalon.core.main.TestCaseExecutor.processExecutionPhase(TestCaseExecutor.java:418)
	at com.kms.katalon.core.main.TestCaseExecutor.accessMainPhase(TestCaseExecutor.java:410)
	at com.kms.katalon.core.main.TestCaseExecutor.execute(TestCaseExecutor.java:285)
	at com.kms.katalon.core.common.CommonExecutor.accessTestCaseMainPhase(CommonExecutor.java:65)
	at com.kms.katalon.core.main.TestSuiteExecutor.accessTestSuiteMainPhase(TestSuiteExecutor.java:148)
	at com.kms.katalon.core.main.TestSuiteExecutor.execute(TestSuiteExecutor.java:106)
	at com.kms.katalon.core.main.TestCaseMain.startTestSuite(TestCaseMain.java:187)
	at com.kms.katalon.core.main.TestCaseMain$startTestSuite$0.call(Unknown Source)
	at TempTestSuite1696304188794.run(TempTestSuite1696304188794.groovy:36)
Caused by: com.kms.katalon.core.exception.StepFailedException: No alert found
	at com.kms.katalon.core.webui.keyword.internal.WebUIKeywordMain.stepFailed(WebUIKeywordMain.groovy:64)
	at com.kms.katalon.core.webui.keyword.builtin.AcceptAlertKeyword$_acceptAlert_closure1.doCall(AcceptAlertKeyword.groovy:78)
	at com.kms.katalon.core.webui.keyword.builtin.AcceptAlertKeyword$_acceptAlert_closure1.call(AcceptAlertKeyword.groovy)
	at com.kms.katalon.core.webui.keyword.internal.WebUIKeywordMain.runKeyword(WebUIKeywordMain.groovy:20)
	... 19 more]]></system-err>
      </testcase>
      <system-out><![CDATA[2023-10-03 10:37:52 - [TEST_SUITE][FAILED] - T08-Pendaftaran: Test Cases/T08 - Pendaftaran/TC-PF-005 FAILED.
Reason:
com.kms.katalon.core.exception.StepFailedException: Unable to verify text 'please enter valid phone number' is present 
	at com.kms.katalon.core.webui.keyword.internal.WebUIKeywordMain.stepFailed(WebUIKeywordMain.groovy:64)
	at com.kms.katalon.core.webui.keyword.internal.WebUIKeywordMain.runKeyword(WebUIKeywordMain.groovy:26)
	at com.kms.katalon.core.webui.keyword.builtin.VerifyTextPresentKeyword.verifyTextPresent(VerifyTextPresentKeyword.groovy:83)
	at com.kms.katalon.core.webui.keyword.builtin.VerifyTextPresentKeyword.execute(VerifyTextPresentKeyword.groovy:68)
	at com.kms.katalon.core.keyword.internal.KeywordExecutor.executeKeywordForPlatform(KeywordExecutor.groovy:74)
	at com.kms.katalon.core.webui.keyword.WebUiBuiltInKeywords.verifyTextPresent(WebUiBuiltInKeywords.groovy:1723)
	at com.kms.katalon.core.webui.keyword.WebUiBuiltInKeywords$verifyTextPresent$11.call(Unknown Source)
	at TC-PF-005.run(TC-PF-005:49)
	at com.kms.katalon.core.main.ScriptEngine.run(ScriptEngine.java:194)
	at com.kms.katalon.core.main.ScriptEngine.runScriptAsRawText(ScriptEngine.java:119)
	at com.kms.katalon.core.main.TestCaseExecutor.runScript(TestCaseExecutor.java:448)
	at com.kms.katalon.core.main.TestCaseExecutor.doExecute(TestCaseExecutor.java:439)
	at com.kms.katalon.core.main.TestCaseExecutor.processExecutionPhase(TestCaseExecutor.java:418)
	at com.kms.katalon.core.main.TestCaseExecutor.accessMainPhase(TestCaseExecutor.java:410)
	at com.kms.katalon.core.main.TestCaseExecutor.execute(TestCaseExecutor.java:285)
	at com.kms.katalon.core.common.CommonExecutor.accessTestCaseMainPhase(CommonExecutor.java:65)
	at com.kms.katalon.core.main.TestSuiteExecutor.accessTestSuiteMainPhase(TestSuiteExecutor.java:148)
	at com.kms.katalon.core.main.TestSuiteExecutor.execute(TestSuiteExecutor.java:106)
	at com.kms.katalon.core.main.TestCaseMain.startTestSuite(TestCaseMain.java:187)
	at com.kms.katalon.core.main.TestCaseMain$startTestSuite$0.call(Unknown Source)
	at TempTestSuite1696304188794.run(TempTestSuite1696304188794.groovy:36)
Caused by: com.kms.katalon.core.exception.StepFailedException: Text 'please enter valid phone number' is not present on page 
	at com.kms.katalon.core.webui.keyword.internal.WebUIKeywordMain.stepFailed(WebUIKeywordMain.groovy:64)
	at com.kms.katalon.core.webui.keyword.builtin.VerifyTextPresentKeyword$_verifyTextPresent_closure1.doCall(VerifyTextPresentKeyword.groovy:79)
	at com.kms.katalon.core.webui.keyword.builtin.VerifyTextPresentKeyword$_verifyTextPresent_closure1.call(VerifyTextPresentKeyword.groovy)
	at com.kms.katalon.core.webui.keyword.internal.WebUIKeywordMain.runKeyword(WebUIKeywordMain.groovy:20)
	... 19 more]]></system-out>
      <system-err><![CDATA[2023-10-03 10:37:52 - [TEST_SUITE][FAILED] - T08-Pendaftaran: Test Cases/T08 - Pendaftaran/TC-PF-005 FAILED.
Reason:
com.kms.katalon.core.exception.StepFailedException: Unable to verify text 'please enter valid phone number' is present 
	at com.kms.katalon.core.webui.keyword.internal.WebUIKeywordMain.stepFailed(WebUIKeywordMain.groovy:64)
	at com.kms.katalon.core.webui.keyword.internal.WebUIKeywordMain.runKeyword(WebUIKeywordMain.groovy:26)
	at com.kms.katalon.core.webui.keyword.builtin.VerifyTextPresentKeyword.verifyTextPresent(VerifyTextPresentKeyword.groovy:83)
	at com.kms.katalon.core.webui.keyword.builtin.VerifyTextPresentKeyword.execute(VerifyTextPresentKeyword.groovy:68)
	at com.kms.katalon.core.keyword.internal.KeywordExecutor.executeKeywordForPlatform(KeywordExecutor.groovy:74)
	at com.kms.katalon.core.webui.keyword.WebUiBuiltInKeywords.verifyTextPresent(WebUiBuiltInKeywords.groovy:1723)
	at com.kms.katalon.core.webui.keyword.WebUiBuiltInKeywords$verifyTextPresent$11.call(Unknown Source)
	at TC-PF-005.run(TC-PF-005:49)
	at com.kms.katalon.core.main.ScriptEngine.run(ScriptEngine.java:194)
	at com.kms.katalon.core.main.ScriptEngine.runScriptAsRawText(ScriptEngine.java:119)
	at com.kms.katalon.core.main.TestCaseExecutor.runScript(TestCaseExecutor.java:448)
	at com.kms.katalon.core.main.TestCaseExecutor.doExecute(TestCaseExecutor.java:439)
	at com.kms.katalon.core.main.TestCaseExecutor.processExecutionPhase(TestCaseExecutor.java:418)
	at com.kms.katalon.core.main.TestCaseExecutor.accessMainPhase(TestCaseExecutor.java:410)
	at com.kms.katalon.core.main.TestCaseExecutor.execute(TestCaseExecutor.java:285)
	at com.kms.katalon.core.common.CommonExecutor.accessTestCaseMainPhase(CommonExecutor.java:65)
	at com.kms.katalon.core.main.TestSuiteExecutor.accessTestSuiteMainPhase(TestSuiteExecutor.java:148)
	at com.kms.katalon.core.main.TestSuiteExecutor.execute(TestSuiteExecutor.java:106)
	at com.kms.katalon.core.main.TestCaseMain.startTestSuite(TestCaseMain.java:187)
	at com.kms.katalon.core.main.TestCaseMain$startTestSuite$0.call(Unknown Source)
	at TempTestSuite1696304188794.run(TempTestSuite1696304188794.groovy:36)
Caused by: com.kms.katalon.core.exception.StepFailedException: Text 'please enter valid phone number' is not present on page 
	at com.kms.katalon.core.webui.keyword.internal.WebUIKeywordMain.stepFailed(WebUIKeywordMain.groovy:64)
	at com.kms.katalon.core.webui.keyword.builtin.VerifyTextPresentKeyword$_verifyTextPresent_closure1.doCall(VerifyTextPresentKeyword.groovy:79)
	at com.kms.katalon.core.webui.keyword.builtin.VerifyTextPresentKeyword$_verifyTextPresent_closure1.call(VerifyTextPresentKeyword.groovy)
	at com.kms.katalon.core.webui.keyword.internal.WebUIKeywordMain.runKeyword(WebUIKeywordMain.groovy:20)
	... 19 more]]></system-err>
   </testsuite>
</testsuites>
